#
# There is insufficient memory for the Java Runtime Environment to continue.
# Native memory allocation (malloc) failed to allocate 5450384 bytes. Error detail: Chunk::new
# Possible reasons:
#   The system is out of physical RAM or swap space
#   This process is running with CompressedOops enabled, and the Java Heap may be blocking the growth of the native heap
# Possible solutions:
#   Reduce memory load on the system
#   Increase physical memory or swap space
#   Check if swap backing store is full
#   Decrease Java heap size (-Xmx/-Xms)
#   Decrease number of Java threads
#   Decrease Java thread stack sizes (-Xss)
#   Set larger code cache with -XX:ReservedCodeCacheSize=
#   JVM is running with Zero Based Compressed Oops mode in which the Java heap is
#     placed in the first 32GB address space. The Java Heap base address is the
#     maximum limit for the native heap growth. Please use -XX:HeapBaseMinAddress
#     to set the Java Heap base and to place the Java Heap above 32GB virtual address.
# This output file may be truncated or incomplete.
#
#  Out of Memory Error (arena.cpp:150), pid=29152, tid=29924
#
# JRE version: Java(TM) SE Runtime Environment (22.0.2+9) (build 22.0.2+9-70)
# Java VM: Java HotSpot(TM) 64-Bit Server VM (22.0.2+9-70, mixed mode, sharing, tiered, compressed oops, compressed class ptrs, g1 gc, windows-amd64)
# No core dump will be written. Minidumps are not enabled by default on client versions of Windows
#

---------------  S U M M A R Y ------------

Command Line: --enable-native-access=ALL-UNNAMED -Dclassworlds.conf=C:\Users\bbatc\.m2\wrapper\dists\apache-maven-3.9.11\03d7e36a140982eea48e22c1dcac01d8862b2550b2939e09a0809bbc5182a5bc\bin\m2.conf -Dmaven.home=C:\Users\bbatc\.m2\wrapper\dists\apache-maven-3.9.11\03d7e36a140982eea48e22c1dcac01d8862b2550b2939e09a0809bbc5182a5bc -Dlibrary.jansi.path=C:\Users\bbatc\.m2\wrapper\dists\apache-maven-3.9.11\03d7e36a140982eea48e22c1dcac01d8862b2550b2939e09a0809bbc5182a5bc\lib\jansi-native -Dmaven.multiModuleProjectDirectory=D:\CODEsemestre2\R廥eaux\NewBackendFleet\FleetMan-DES-Backend org.codehaus.plexus.classworlds.launcher.Launcher spring-boot:run

Host: 12th Gen Intel(R) Core(TM) i7-1255U, 12 cores, 15G,  Windows 11 , 64 bit Build 26100 (10.0.26100.8521)
Time: Wed Jul  8 22:17:38 2026 Afr. centrale Ouest elapsed time: 28.101942 seconds (0d 0h 0m 28s)

---------------  T H R E A D  ---------------

Current thread (0x0000017ce200b030):  JavaThread "C2 CompilerThread2" daemon [_thread_in_native, id=29924, stack(0x0000003fdbc00000,0x0000003fdbd00000) (1024K)]


Current CompileTask:
C2:28102 14279   !   4       java.lang.ClassLoader::loadClass (121 bytes)

Stack: [0x0000003fdbc00000,0x0000003fdbd00000]
Native frames: (J=compiled Java code, j=interpreted, Vv=VM code, C=native code)
V  [jvm.dll+0x6e26e9]  (no source info available)
V  [jvm.dll+0x875753]  (no source info available)
V  [jvm.dll+0x877b7e]  (no source info available)
V  [jvm.dll+0x878253]  (no source info available)
V  [jvm.dll+0x27fc86]  (no source info available)
V  [jvm.dll+0xc3d0f]  (no source info available)
V  [jvm.dll+0xc3f6b]  (no source info available)
V  [jvm.dll+0x3bb47c]  (no source info available)
V  [jvm.dll+0x387d4b]  (no source info available)
V  [jvm.dll+0x3871ba]  (no source info available)
V  [jvm.dll+0x2477f8]  (no source info available)
V  [jvm.dll+0x246e9f]  (no source info available)
V  [jvm.dll+0x1c4e80]  (no source info available)
V  [jvm.dll+0x2568f3]  (no source info available)
V  [jvm.dll+0x254baa]  (no source info available)
V  [jvm.dll+0x3f57a6]  (no source info available)
V  [jvm.dll+0x81dc0b]  (no source info available)
V  [jvm.dll+0x6e0d85]  (no source info available)
C  [ucrtbase.dll+0x2cd30]  (no source info available)
C  [KERNEL32.DLL+0x2e957]  (no source info available)
C  [ntdll.dll+0x87c1c]  (no source info available)


---------------  P R O C E S S  ---------------

Threads class SMR info:
_java_thread_list=0x0000017c9b384a30, length=14, elements={
0x0000017cf9086770, 0x0000017cfeec64b0, 0x0000017cfeec7f20, 0x0000017c9b2b0080,
0x0000017c9b2b1300, 0x0000017c9b2b4180, 0x0000017c9b2bedc0, 0x0000017c9b2e92a0,
0x0000017c9b2ea560, 0x0000017c9b2bda10, 0x0000017c9b2c0800, 0x0000017c9b2be0a0,
0x0000017c9b9ec000, 0x0000017ce200b030
}

Java Threads: ( => current thread )
  0x0000017cf9086770 JavaThread "main"                              [_thread_in_native, id=28764, stack(0x0000003fd9d00000,0x0000003fd9e00000) (1024K)]
  0x0000017cfeec64b0 JavaThread "Reference Handler"          daemon [_thread_blocked, id=28620, stack(0x0000003fda500000,0x0000003fda600000) (1024K)]
  0x0000017cfeec7f20 JavaThread "Finalizer"                  daemon [_thread_blocked, id=24188, stack(0x0000003fda600000,0x0000003fda700000) (1024K)]
  0x0000017c9b2b0080 JavaThread "Signal Dispatcher"          daemon [_thread_blocked, id=28420, stack(0x0000003fda700000,0x0000003fda800000) (1024K)]
  0x0000017c9b2b1300 JavaThread "Attach Listener"            daemon [_thread_blocked, id=15216, stack(0x0000003fda800000,0x0000003fda900000) (1024K)]
  0x0000017c9b2b4180 JavaThread "Service Thread"             daemon [_thread_blocked, id=26348, stack(0x0000003fda900000,0x0000003fdaa00000) (1024K)]
  0x0000017c9b2bedc0 JavaThread "Monitor Deflation Thread"   daemon [_thread_blocked, id=29968, stack(0x0000003fdaa00000,0x0000003fdab00000) (1024K)]
  0x0000017c9b2e92a0 JavaThread "C2 CompilerThread0"         daemon [_thread_blocked, id=29440, stack(0x0000003fdab00000,0x0000003fdac00000) (1024K)]
  0x0000017c9b2ea560 JavaThread "C1 CompilerThread0"         daemon [_thread_blocked, id=30532, stack(0x0000003fdac00000,0x0000003fdad00000) (1024K)]
  0x0000017c9b2bda10 JavaThread "Notification Thread"        daemon [_thread_blocked, id=25496, stack(0x0000003fdad00000,0x0000003fdae00000) (1024K)]
  0x0000017c9b2c0800 JavaThread "Common-Cleaner"             daemon [_thread_blocked, id=28108, stack(0x0000003fdae00000,0x0000003fdaf00000) (1024K)]
  0x0000017c9b2be0a0 JavaThread "Thread-1"                   daemon [_thread_blocked, id=18592, stack(0x0000003fdb900000,0x0000003fdba00000) (1024K)]
  0x0000017c9b9ec000 JavaThread "C2 CompilerThread1"         daemon [_thread_blocked, id=21848, stack(0x0000003fdaf00000,0x0000003fdb000000) (1024K)]
=>0x0000017ce200b030 JavaThread "C2 CompilerThread2"         daemon [_thread_in_native, id=29924, stack(0x0000003fdbc00000,0x0000003fdbd00000) (1024K)]
Total: 14

Other Threads:
  0x0000017cfeea6380 VMThread "VM Thread"                           [id=22104, stack(0x0000003fda400000,0x0000003fda500000) (1024K)]
  0x0000017cfee90e00 WatcherThread "VM Periodic Task Thread"        [id=29120, stack(0x0000003fda300000,0x0000003fda400000) (1024K)]
  0x0000017cfb319d30 WorkerThread "GC Thread#0"                     [id=29736, stack(0x0000003fd9e00000,0x0000003fd9f00000) (1024K)]
  0x0000017ce161f740 WorkerThread "GC Thread#1"                     [id=6948, stack(0x0000003fdb100000,0x0000003fdb200000) (1024K)]
  0x0000017ce161faf0 WorkerThread "GC Thread#2"                     [id=5096, stack(0x0000003fdb200000,0x0000003fdb300000) (1024K)]
  0x0000017ce161fea0 WorkerThread "GC Thread#3"                     [id=29408, stack(0x0000003fdb300000,0x0000003fdb400000) (1024K)]
  0x0000017c9be81c60 WorkerThread "GC Thread#4"                     [id=30300, stack(0x0000003fdb400000,0x0000003fdb500000) (1024K)]
  0x0000017c9be82010 WorkerThread "GC Thread#5"                     [id=22012, stack(0x0000003fdb500000,0x0000003fdb600000) (1024K)]
  0x0000017ce18882f0 WorkerThread "GC Thread#6"                     [id=23956, stack(0x0000003fdb600000,0x0000003fdb700000) (1024K)]
  0x0000017c9bd27ef0 WorkerThread "GC Thread#7"                     [id=21832, stack(0x0000003fdb700000,0x0000003fdb800000) (1024K)]
  0x0000017ce1f97c70 WorkerThread "GC Thread#8"                     [id=15020, stack(0x0000003fdb000000,0x0000003fdb100000) (1024K)]
  0x0000017ce1577760 WorkerThread "GC Thread#9"                     [id=16024, stack(0x0000003fdb800000,0x0000003fdb900000) (1024K)]
  0x0000017cfb32a830 ConcurrentGCThread "G1 Main Marker"            [id=9692, stack(0x0000003fd9f00000,0x0000003fda000000) (1024K)]
  0x0000017cfb32b340 WorkerThread "G1 Conc#0"                       [id=22920, stack(0x0000003fda000000,0x0000003fda100000) (1024K)]
  0x0000017ce117a9e0 WorkerThread "G1 Conc#1"                       [id=29960, stack(0x0000003fdba00000,0x0000003fdbb00000) (1024K)]
  0x0000017ce117ad90 WorkerThread "G1 Conc#2"                       [id=9484, stack(0x0000003fdbb00000,0x0000003fdbc00000) (1024K)]
  0x0000017cfb36e9e0 ConcurrentGCThread "G1 Refine#0"               [id=23276, stack(0x0000003fda100000,0x0000003fda200000) (1024K)]
  0x0000017cfed5f520 ConcurrentGCThread "G1 Service"                [id=12488, stack(0x0000003fda200000,0x0000003fda300000) (1024K)]
Total: 18

Threads with active compile tasks:
C2 CompilerThread2  28342 14279   !   4       java.lang.ClassLoader::loadClass (121 bytes)
Total: 1

VM state: not at safepoint (normal execution)

VM Mutex/Monitor currently owned by a thread: None

Heap address: 0x0000000704e00000, size: 4018 MB, Compressed Oops mode: Zero based, Oop shift amount: 3

CDS archive(s) mapped at: [0x0000017c9c000000-0x0000017c9cc60000-0x0000017c9cc60000), size 12976128, SharedBaseAddress: 0x0000017c9c000000, ArchiveRelocationMode: 1.
Compressed class space mapped at: 0x0000017c9d000000-0x0000017cdd000000, reserved size: 1073741824
Narrow klass base: 0x0000017c9c000000, Narrow klass shift: 0, Narrow klass range: 0x41000000

GC Precious Log:
 CardTable entry size: 512
 Card Set container configuration: InlinePtr #cards 4 size 8 Array Of Cards #cards 16 size 48 Howl #buckets 8 coarsen threshold 3686 Howl Bitmap #cards 512 size 80 coarsen threshold 460 Card regions per heap region 1 cards per card region 4096
 CPUs: 12 total, 12 available
 Memory: 16068M
 Large Page Support: Disabled
 NUMA Support: Disabled
 Compressed Oops: Enabled (Zero based)
 Heap Region Size: 2M
 Heap Min Capacity: 8M
 Heap Initial Capacity: 252M
 Heap Max Capacity: 4018M
 Pre-touch: Disabled
 Parallel Workers: 10
 Concurrent Workers: 3
 Concurrent Refinement Workers: 10
 Periodic GC: Disabled

Heap:
 garbage-first heap   total reserved 4114432K, committed 366592K, used 274473K [0x0000000704e00000, 0x0000000800000000)
  region size 2048K, 93 young (190464K), 9 survivors (18432K)
 Metaspace       used 40873K, committed 41536K, reserved 1114112K
  class space    used 4625K, committed 4928K, reserved 1048576K

Heap Regions: E=young(eden), S=young(survivor), O=old, HS=humongous(starts), HC=humongous(continues), CS=collection set, F=free, TAMS=top-at-mark-start, PB=parsable bottom
|   0|0x0000000704e00000, 0x0000000705000000, 0x0000000705000000|100%| O|  |TAMS 0x0000000704e00000| PB 0x0000000704e00000| Untracked |  0
|   1|0x0000000705000000, 0x0000000705200000, 0x0000000705200000|100%| O|  |TAMS 0x0000000705000000| PB 0x0000000705000000| Untracked |  0
|   2|0x0000000705200000, 0x0000000705400000, 0x0000000705400000|100%| O|  |TAMS 0x0000000705200000| PB 0x0000000705200000| Untracked |  0
|   3|0x0000000705400000, 0x0000000705600000, 0x0000000705600000|100%| O|  |TAMS 0x0000000705400000| PB 0x0000000705400000| Untracked |  0
|   4|0x0000000705600000, 0x0000000705800000, 0x0000000705800000|100%| O|  |TAMS 0x0000000705600000| PB 0x0000000705600000| Untracked |  0
|   5|0x0000000705800000, 0x0000000705a00000, 0x0000000705a00000|100%| O|  |TAMS 0x0000000705800000| PB 0x0000000705800000| Untracked |  0
|   6|0x0000000705a00000, 0x0000000705c00000, 0x0000000705c00000|100%| O|  |TAMS 0x0000000705a00000| PB 0x0000000705a00000| Untracked |  0
|   7|0x0000000705c00000, 0x0000000705e00000, 0x0000000705e00000|100%| O|  |TAMS 0x0000000705c00000| PB 0x0000000705c00000| Untracked |  0
|   8|0x0000000705e00000, 0x0000000706000000, 0x0000000706000000|100%| O|  |TAMS 0x0000000705e00000| PB 0x0000000705e00000| Untracked |  0
|   9|0x0000000706000000, 0x0000000706200000, 0x0000000706200000|100%| O|  |TAMS 0x0000000706000000| PB 0x0000000706000000| Untracked |  0
|  10|0x0000000706200000, 0x0000000706400000, 0x0000000706400000|100%| O|  |TAMS 0x0000000706200000| PB 0x0000000706200000| Untracked |  0
|  11|0x0000000706400000, 0x0000000706600000, 0x0000000706600000|100%| O|  |TAMS 0x0000000706400000| PB 0x0000000706400000| Untracked |  0
|  12|0x0000000706600000, 0x0000000706800000, 0x0000000706800000|100%| O|  |TAMS 0x0000000706600000| PB 0x0000000706600000| Untracked |  0
|  13|0x0000000706800000, 0x0000000706a00000, 0x0000000706a00000|100%| O|  |TAMS 0x0000000706800000| PB 0x0000000706800000| Untracked |  0
|  14|0x0000000706a00000, 0x0000000706c00000, 0x0000000706c00000|100%| O|  |TAMS 0x0000000706a00000| PB 0x0000000706a00000| Untracked |  0
|  15|0x0000000706c00000, 0x0000000706e00000, 0x0000000706e00000|100%|HS|  |TAMS 0x0000000706c00000| PB 0x0000000706c00000| Complete |  0
|  16|0x0000000706e00000, 0x0000000707000000, 0x0000000707000000|100%| O|  |TAMS 0x0000000706e00000| PB 0x0000000706e00000| Untracked |  0
|  17|0x0000000707000000, 0x0000000707200000, 0x0000000707200000|100%| O|  |TAMS 0x0000000707000000| PB 0x0000000707000000| Untracked |  0
|  18|0x0000000707200000, 0x0000000707400000, 0x0000000707400000|100%| O|  |TAMS 0x0000000707200000| PB 0x0000000707200000| Untracked |  0
|  19|0x0000000707400000, 0x0000000707600000, 0x0000000707600000|100%| O|  |TAMS 0x0000000707400000| PB 0x0000000707400000| Untracked |  0
|  20|0x0000000707600000, 0x0000000707800000, 0x0000000707800000|100%| O|  |TAMS 0x0000000707600000| PB 0x0000000707600000| Untracked |  0
|  21|0x0000000707800000, 0x0000000707a00000, 0x0000000707a00000|100%| O|  |TAMS 0x0000000707800000| PB 0x0000000707800000| Untracked |  0
|  22|0x0000000707a00000, 0x0000000707c00000, 0x0000000707c00000|100%| O|  |TAMS 0x0000000707a00000| PB 0x0000000707a00000| Untracked |  0
|  23|0x0000000707c00000, 0x0000000707e00000, 0x0000000707e00000|100%| O|  |TAMS 0x0000000707c00000| PB 0x0000000707c00000| Untracked |  0
|  24|0x0000000707e00000, 0x0000000708000000, 0x0000000708000000|100%| O|  |TAMS 0x0000000707e00000| PB 0x0000000707e00000| Untracked |  0
|  25|0x0000000708000000, 0x0000000708200000, 0x0000000708200000|100%| O|  |TAMS 0x0000000708000000| PB 0x0000000708000000| Untracked |  0
|  26|0x0000000708200000, 0x0000000708400000, 0x0000000708400000|100%| O|  |TAMS 0x0000000708200000| PB 0x0000000708200000| Untracked |  0
|  27|0x0000000708400000, 0x0000000708600000, 0x0000000708600000|100%| O|  |TAMS 0x0000000708400000| PB 0x0000000708400000| Untracked |  0
|  28|0x0000000708600000, 0x0000000708800000, 0x0000000708800000|100%| O|  |TAMS 0x0000000708600000| PB 0x0000000708600000| Untracked |  0
|  29|0x0000000708800000, 0x0000000708a00000, 0x0000000708a00000|100%| O|  |TAMS 0x0000000708800000| PB 0x0000000708800000| Untracked |  0
|  30|0x0000000708a00000, 0x0000000708c00000, 0x0000000708c00000|100%| O|  |TAMS 0x0000000708a00000| PB 0x0000000708a00000| Untracked |  0
|  31|0x0000000708c00000, 0x0000000708ca2ce0, 0x0000000708e00000| 31%| O|  |TAMS 0x0000000708c00000| PB 0x0000000708c00000| Untracked |  0
|  32|0x0000000708e00000, 0x0000000709000000, 0x0000000709000000|100%|HS|  |TAMS 0x0000000708e00000| PB 0x0000000708e00000| Complete |  0
|  33|0x0000000709000000, 0x0000000709000000, 0x0000000709200000|  0%| F|  |TAMS 0x0000000709000000| PB 0x0000000709000000| Untracked |  0
|  34|0x0000000709200000, 0x0000000709200000, 0x0000000709400000|  0%| F|  |TAMS 0x0000000709200000| PB 0x0000000709200000| Untracked |  0
|  35|0x0000000709400000, 0x0000000709400000, 0x0000000709600000|  0%| F|  |TAMS 0x0000000709400000| PB 0x0000000709400000| Untracked |  0
|  36|0x0000000709600000, 0x0000000709600000, 0x0000000709800000|  0%| F|  |TAMS 0x0000000709600000| PB 0x0000000709600000| Untracked |  0
|  37|0x0000000709800000, 0x0000000709800000, 0x0000000709a00000|  0%| F|  |TAMS 0x0000000709800000| PB 0x0000000709800000| Untracked |  0
|  38|0x0000000709a00000, 0x0000000709a00000, 0x0000000709c00000|  0%| F|  |TAMS 0x0000000709a00000| PB 0x0000000709a00000| Untracked |  0
|  39|0x0000000709c00000, 0x0000000709c00000, 0x0000000709e00000|  0%| F|  |TAMS 0x0000000709c00000| PB 0x0000000709c00000| Untracked |  0
|  40|0x0000000709e00000, 0x0000000709e00000, 0x000000070a000000|  0%| F|  |TAMS 0x0000000709e00000| PB 0x0000000709e00000| Untracked |  0
|  41|0x000000070a000000, 0x000000070a000000, 0x000000070a200000|  0%| F|  |TAMS 0x000000070a000000| PB 0x000000070a000000| Untracked |  0
|  42|0x000000070a200000, 0x000000070a200000, 0x000000070a400000|  0%| F|  |TAMS 0x000000070a200000| PB 0x000000070a200000| Untracked |  0
|  43|0x000000070a400000, 0x000000070a400000, 0x000000070a600000|  0%| F|  |TAMS 0x000000070a400000| PB 0x000000070a400000| Untracked |  0
|  44|0x000000070a600000, 0x000000070a600000, 0x000000070a800000|  0%| F|  |TAMS 0x000000070a600000| PB 0x000000070a600000| Untracked |  0
|  45|0x000000070a800000, 0x000000070a800000, 0x000000070aa00000|  0%| F|  |TAMS 0x000000070a800000| PB 0x000000070a800000| Untracked |  0
|  46|0x000000070aa00000, 0x000000070aa00000, 0x000000070ac00000|  0%| F|  |TAMS 0x000000070aa00000| PB 0x000000070aa00000| Untracked |  0
|  47|0x000000070ac00000, 0x000000070ac00000, 0x000000070ae00000|  0%| F|  |TAMS 0x000000070ac00000| PB 0x000000070ac00000| Untracked |  0
|  48|0x000000070ae00000, 0x000000070ae00000, 0x000000070b000000|  0%| F|  |TAMS 0x000000070ae00000| PB 0x000000070ae00000| Untracked |  0
|  49|0x000000070b000000, 0x000000070b000000, 0x000000070b200000|  0%| F|  |TAMS 0x000000070b000000| PB 0x000000070b000000| Untracked |  0
|  50|0x000000070b200000, 0x000000070b200000, 0x000000070b400000|  0%| F|  |TAMS 0x000000070b200000| PB 0x000000070b200000| Untracked |  0
|  51|0x000000070b400000, 0x000000070b400000, 0x000000070b600000|  0%| F|  |TAMS 0x000000070b400000| PB 0x000000070b400000| Untracked |  0
|  52|0x000000070b600000, 0x000000070b767790, 0x000000070b800000| 70%| S|CS|TAMS 0x000000070b600000| PB 0x000000070b600000| Complete |  0
|  53|0x000000070b800000, 0x000000070ba00000, 0x000000070ba00000|100%| S|CS|TAMS 0x000000070b800000| PB 0x000000070b800000| Complete |  0
|  54|0x000000070ba00000, 0x000000070bc00000, 0x000000070bc00000|100%| S|CS|TAMS 0x000000070ba00000| PB 0x000000070ba00000| Complete |  0
|  55|0x000000070bc00000, 0x000000070bc00000, 0x000000070be00000|  0%| F|  |TAMS 0x000000070bc00000| PB 0x000000070bc00000| Untracked |  0
|  56|0x000000070be00000, 0x000000070be00000, 0x000000070c000000|  0%| F|  |TAMS 0x000000070be00000| PB 0x000000070be00000| Untracked |  0
|  57|0x000000070c000000, 0x000000070c200000, 0x000000070c200000|100%| S|CS|TAMS 0x000000070c000000| PB 0x000000070c000000| Complete |  0
|  58|0x000000070c200000, 0x000000070c400000, 0x000000070c400000|100%| S|CS|TAMS 0x000000070c200000| PB 0x000000070c200000| Complete |  0
|  59|0x000000070c400000, 0x000000070c600000, 0x000000070c600000|100%| S|CS|TAMS 0x000000070c400000| PB 0x000000070c400000| Complete |  0
|  60|0x000000070c600000, 0x000000070c600000, 0x000000070c800000|  0%| F|  |TAMS 0x000000070c600000| PB 0x000000070c600000| Untracked |  0
|  61|0x000000070c800000, 0x000000070ca00000, 0x000000070ca00000|100%| O|  |TAMS 0x000000070c800000| PB 0x000000070c800000| Untracked |  0
|  62|0x000000070ca00000, 0x000000070cc00000, 0x000000070cc00000|100%| O|  |TAMS 0x000000070ca00000| PB 0x000000070ca00000| Untracked |  0
|  63|0x000000070cc00000, 0x000000070ce00000, 0x000000070ce00000|100%| O|  |TAMS 0x000000070cc00000| PB 0x000000070cc00000| Untracked |  0
|  64|0x000000070ce00000, 0x000000070d000000, 0x000000070d000000|100%| O|  |TAMS 0x000000070ce00000| PB 0x000000070ce00000| Untracked |  0
|  65|0x000000070d000000, 0x000000070d200000, 0x000000070d200000|100%| O|  |TAMS 0x000000070d000000| PB 0x000000070d000000| Untracked |  0
|  66|0x000000070d200000, 0x000000070d200000, 0x000000070d400000|  0%| F|  |TAMS 0x000000070d200000| PB 0x000000070d200000| Untracked |  0
|  67|0x000000070d400000, 0x000000070d400000, 0x000000070d600000|  0%| F|  |TAMS 0x000000070d400000| PB 0x000000070d400000| Untracked |  0
|  68|0x000000070d600000, 0x000000070d600000, 0x000000070d800000|  0%| F|  |TAMS 0x000000070d600000| PB 0x000000070d600000| Untracked |  0
|  69|0x000000070d800000, 0x000000070da00000, 0x000000070da00000|100%| S|CS|TAMS 0x000000070d800000| PB 0x000000070d800000| Complete |  0
|  70|0x000000070da00000, 0x000000070dc00000, 0x000000070dc00000|100%| S|CS|TAMS 0x000000070da00000| PB 0x000000070da00000| Complete |  0
|  71|0x000000070dc00000, 0x000000070de00000, 0x000000070de00000|100%| S|CS|TAMS 0x000000070dc00000| PB 0x000000070dc00000| Complete |  0
|  72|0x000000070de00000, 0x000000070de00000, 0x000000070e000000|  0%| F|  |TAMS 0x000000070de00000| PB 0x000000070de00000| Untracked |  0
|  73|0x000000070e000000, 0x000000070e000000, 0x000000070e200000|  0%| F|  |TAMS 0x000000070e000000| PB 0x000000070e000000| Untracked |  0
|  74|0x000000070e200000, 0x000000070e200000, 0x000000070e400000|  0%| F|  |TAMS 0x000000070e200000| PB 0x000000070e200000| Untracked |  0
|  75|0x000000070e400000, 0x000000070e400000, 0x000000070e600000|  0%| F|  |TAMS 0x000000070e400000| PB 0x000000070e400000| Untracked |  0
|  76|0x000000070e600000, 0x000000070e600000, 0x000000070e800000|  0%| F|  |TAMS 0x000000070e600000| PB 0x000000070e600000| Untracked |  0
|  77|0x000000070e800000, 0x000000070e800000, 0x000000070ea00000|  0%| F|  |TAMS 0x000000070e800000| PB 0x000000070e800000| Untracked |  0
|  78|0x000000070ea00000, 0x000000070ea00000, 0x000000070ec00000|  0%| F|  |TAMS 0x000000070ea00000| PB 0x000000070ea00000| Untracked |  0
|  79|0x000000070ec00000, 0x000000070ec00000, 0x000000070ee00000|  0%| F|  |TAMS 0x000000070ec00000| PB 0x000000070ec00000| Untracked |  0
|  80|0x000000070ee00000, 0x000000070ee00000, 0x000000070f000000|  0%| F|  |TAMS 0x000000070ee00000| PB 0x000000070ee00000| Untracked |  0
|  81|0x000000070f000000, 0x000000070f000000, 0x000000070f200000|  0%| F|  |TAMS 0x000000070f000000| PB 0x000000070f000000| Untracked |  0
|  82|0x000000070f200000, 0x000000070f200000, 0x000000070f400000|  0%| F|  |TAMS 0x000000070f200000| PB 0x000000070f200000| Untracked |  0
|  83|0x000000070f400000, 0x000000070f400000, 0x000000070f600000|  0%| F|  |TAMS 0x000000070f400000| PB 0x000000070f400000| Untracked |  0
|  84|0x000000070f600000, 0x000000070f600000, 0x000000070f800000|  0%| F|  |TAMS 0x000000070f600000| PB 0x000000070f600000| Untracked |  0
|  85|0x000000070f800000, 0x000000070f800000, 0x000000070fa00000|  0%| F|  |TAMS 0x000000070f800000| PB 0x000000070f800000| Untracked |  0
|  86|0x000000070fa00000, 0x000000070fa00000, 0x000000070fc00000|  0%| F|  |TAMS 0x000000070fa00000| PB 0x000000070fa00000| Untracked |  0
|  87|0x000000070fc00000, 0x000000070fc00000, 0x000000070fe00000|  0%| F|  |TAMS 0x000000070fc00000| PB 0x000000070fc00000| Untracked |  0
|  88|0x000000070fe00000, 0x000000070fe00000, 0x0000000710000000|  0%| F|  |TAMS 0x000000070fe00000| PB 0x000000070fe00000| Untracked |  0
|  89|0x0000000710000000, 0x0000000710200000, 0x0000000710200000|100%| E|  |TAMS 0x0000000710000000| PB 0x0000000710000000| Complete |  0
|  90|0x0000000710200000, 0x0000000710400000, 0x0000000710400000|100%| E|CS|TAMS 0x0000000710200000| PB 0x0000000710200000| Complete |  0
|  91|0x0000000710400000, 0x0000000710600000, 0x0000000710600000|100%| E|CS|TAMS 0x0000000710400000| PB 0x0000000710400000| Complete |  0
|  92|0x0000000710600000, 0x0000000710800000, 0x0000000710800000|100%| E|CS|TAMS 0x0000000710600000| PB 0x0000000710600000| Complete |  0
|  93|0x0000000710800000, 0x0000000710a00000, 0x0000000710a00000|100%| E|CS|TAMS 0x0000000710800000| PB 0x0000000710800000| Complete |  0
|  94|0x0000000710a00000, 0x0000000710c00000, 0x0000000710c00000|100%| E|CS|TAMS 0x0000000710a00000| PB 0x0000000710a00000| Complete |  0
|  95|0x0000000710c00000, 0x0000000710e00000, 0x0000000710e00000|100%| E|CS|TAMS 0x0000000710c00000| PB 0x0000000710c00000| Complete |  0
|  96|0x0000000710e00000, 0x0000000711000000, 0x0000000711000000|100%| E|CS|TAMS 0x0000000710e00000| PB 0x0000000710e00000| Complete |  0
|  97|0x0000000711000000, 0x0000000711200000, 0x0000000711200000|100%| E|CS|TAMS 0x0000000711000000| PB 0x0000000711000000| Complete |  0
|  98|0x0000000711200000, 0x0000000711400000, 0x0000000711400000|100%| E|CS|TAMS 0x0000000711200000| PB 0x0000000711200000| Complete |  0
|  99|0x0000000711400000, 0x0000000711600000, 0x0000000711600000|100%| E|CS|TAMS 0x0000000711400000| PB 0x0000000711400000| Complete |  0
| 100|0x0000000711600000, 0x0000000711800000, 0x0000000711800000|100%| E|CS|TAMS 0x0000000711600000| PB 0x0000000711600000| Complete |  0
| 101|0x0000000711800000, 0x0000000711a00000, 0x0000000711a00000|100%| E|CS|TAMS 0x0000000711800000| PB 0x0000000711800000| Complete |  0
| 102|0x0000000711a00000, 0x0000000711c00000, 0x0000000711c00000|100%| E|CS|TAMS 0x0000000711a00000| PB 0x0000000711a00000| Complete |  0
| 103|0x0000000711c00000, 0x0000000711e00000, 0x0000000711e00000|100%| E|CS|TAMS 0x0000000711c00000| PB 0x0000000711c00000| Complete |  0
| 104|0x0000000711e00000, 0x0000000712000000, 0x0000000712000000|100%| E|CS|TAMS 0x0000000711e00000| PB 0x0000000711e00000| Complete |  0
| 105|0x0000000712000000, 0x0000000712200000, 0x0000000712200000|100%| E|CS|TAMS 0x0000000712000000| PB 0x0000000712000000| Complete |  0
| 106|0x0000000712200000, 0x0000000712400000, 0x0000000712400000|100%| E|CS|TAMS 0x0000000712200000| PB 0x0000000712200000| Complete |  0
| 107|0x0000000712400000, 0x0000000712600000, 0x0000000712600000|100%| E|CS|TAMS 0x0000000712400000| PB 0x0000000712400000| Complete |  0
| 108|0x0000000712600000, 0x0000000712800000, 0x0000000712800000|100%| E|CS|TAMS 0x0000000712600000| PB 0x0000000712600000| Complete |  0
| 109|0x0000000712800000, 0x0000000712a00000, 0x0000000712a00000|100%| E|CS|TAMS 0x0000000712800000| PB 0x0000000712800000| Complete |  0
| 110|0x0000000712a00000, 0x0000000712c00000, 0x0000000712c00000|100%| E|CS|TAMS 0x0000000712a00000| PB 0x0000000712a00000| Complete |  0
| 111|0x0000000712c00000, 0x0000000712e00000, 0x0000000712e00000|100%| E|CS|TAMS 0x0000000712c00000| PB 0x0000000712c00000| Complete |  0
| 112|0x0000000712e00000, 0x0000000713000000, 0x0000000713000000|100%| E|CS|TAMS 0x0000000712e00000| PB 0x0000000712e00000| Complete |  0
| 113|0x0000000713000000, 0x0000000713200000, 0x0000000713200000|100%| E|CS|TAMS 0x0000000713000000| PB 0x0000000713000000| Complete |  0
| 114|0x0000000713200000, 0x0000000713400000, 0x0000000713400000|100%| E|CS|TAMS 0x0000000713200000| PB 0x0000000713200000| Complete |  0
| 115|0x0000000713400000, 0x0000000713600000, 0x0000000713600000|100%| E|CS|TAMS 0x0000000713400000| PB 0x0000000713400000| Complete |  0
| 116|0x0000000713600000, 0x0000000713800000, 0x0000000713800000|100%| E|CS|TAMS 0x0000000713600000| PB 0x0000000713600000| Complete |  0
| 117|0x0000000713800000, 0x0000000713a00000, 0x0000000713a00000|100%| E|CS|TAMS 0x0000000713800000| PB 0x0000000713800000| Complete |  0
| 118|0x0000000713a00000, 0x0000000713c00000, 0x0000000713c00000|100%| E|CS|TAMS 0x0000000713a00000| PB 0x0000000713a00000| Complete |  0
| 119|0x0000000713c00000, 0x0000000713e00000, 0x0000000713e00000|100%| E|CS|TAMS 0x0000000713c00000| PB 0x0000000713c00000| Complete |  0
| 120|0x0000000713e00000, 0x0000000714000000, 0x0000000714000000|100%| E|CS|TAMS 0x0000000713e00000| PB 0x0000000713e00000| Complete |  0
| 121|0x0000000714000000, 0x0000000714200000, 0x0000000714200000|100%| E|CS|TAMS 0x0000000714000000| PB 0x0000000714000000| Complete |  0
| 122|0x0000000714200000, 0x0000000714400000, 0x0000000714400000|100%| E|CS|TAMS 0x0000000714200000| PB 0x0000000714200000| Complete |  0
| 123|0x0000000714400000, 0x0000000714600000, 0x0000000714600000|100%| E|CS|TAMS 0x0000000714400000| PB 0x0000000714400000| Complete |  0
| 124|0x0000000714600000, 0x0000000714800000, 0x0000000714800000|100%| E|CS|TAMS 0x0000000714600000| PB 0x0000000714600000| Complete |  0
| 125|0x0000000714800000, 0x0000000714a00000, 0x0000000714a00000|100%| E|CS|TAMS 0x0000000714800000| PB 0x0000000714800000| Complete |  0
| 126|0x0000000714a00000, 0x0000000714c00000, 0x0000000714c00000|100%| E|CS|TAMS 0x0000000714a00000| PB 0x0000000714a00000| Complete |  0
| 127|0x0000000714c00000, 0x0000000714e00000, 0x0000000714e00000|100%| E|CS|TAMS 0x0000000714c00000| PB 0x0000000714c00000| Complete |  0
| 128|0x0000000714e00000, 0x0000000715000000, 0x0000000715000000|100%| E|CS|TAMS 0x0000000714e00000| PB 0x0000000714e00000| Complete |  0
| 129|0x0000000715000000, 0x0000000715200000, 0x0000000715200000|100%| E|CS|TAMS 0x0000000715000000| PB 0x0000000715000000| Complete |  0
| 130|0x0000000715200000, 0x0000000715400000, 0x0000000715400000|100%| E|CS|TAMS 0x0000000715200000| PB 0x0000000715200000| Complete |  0
| 131|0x0000000715400000, 0x0000000715600000, 0x0000000715600000|100%| E|CS|TAMS 0x0000000715400000| PB 0x0000000715400000| Complete |  0
| 132|0x0000000715600000, 0x0000000715800000, 0x0000000715800000|100%| E|CS|TAMS 0x0000000715600000| PB 0x0000000715600000| Complete |  0
| 133|0x0000000715800000, 0x0000000715a00000, 0x0000000715a00000|100%| E|CS|TAMS 0x0000000715800000| PB 0x0000000715800000| Complete |  0
| 134|0x0000000715a00000, 0x0000000715c00000, 0x0000000715c00000|100%| E|CS|TAMS 0x0000000715a00000| PB 0x0000000715a00000| Complete |  0
| 135|0x0000000715c00000, 0x0000000715e00000, 0x0000000715e00000|100%| E|CS|TAMS 0x0000000715c00000| PB 0x0000000715c00000| Complete |  0
| 136|0x0000000715e00000, 0x0000000716000000, 0x0000000716000000|100%| E|  |TAMS 0x0000000715e00000| PB 0x0000000715e00000| Complete |  0
| 137|0x0000000716000000, 0x0000000716200000, 0x0000000716200000|100%| E|CS|TAMS 0x0000000716000000| PB 0x0000000716000000| Complete |  0
| 138|0x0000000716200000, 0x0000000716400000, 0x0000000716400000|100%| E|CS|TAMS 0x0000000716200000| PB 0x0000000716200000| Complete |  0
| 139|0x0000000716400000, 0x0000000716600000, 0x0000000716600000|100%| E|CS|TAMS 0x0000000716400000| PB 0x0000000716400000| Complete |  0
| 140|0x0000000716600000, 0x0000000716800000, 0x0000000716800000|100%| E|CS|TAMS 0x0000000716600000| PB 0x0000000716600000| Complete |  0
| 141|0x0000000716800000, 0x0000000716a00000, 0x0000000716a00000|100%| E|CS|TAMS 0x0000000716800000| PB 0x0000000716800000| Complete |  0
| 142|0x0000000716a00000, 0x0000000716c00000, 0x0000000716c00000|100%| E|CS|TAMS 0x0000000716a00000| PB 0x0000000716a00000| Complete |  0
| 143|0x0000000716c00000, 0x0000000716e00000, 0x0000000716e00000|100%| E|CS|TAMS 0x0000000716c00000| PB 0x0000000716c00000| Complete |  0
| 144|0x0000000716e00000, 0x0000000717000000, 0x0000000717000000|100%| E|CS|TAMS 0x0000000716e00000| PB 0x0000000716e00000| Complete |  0
| 145|0x0000000717000000, 0x0000000717200000, 0x0000000717200000|100%| E|CS|TAMS 0x0000000717000000| PB 0x0000000717000000| Complete |  0
| 146|0x0000000717200000, 0x0000000717400000, 0x0000000717400000|100%| E|CS|TAMS 0x0000000717200000| PB 0x0000000717200000| Complete |  0
| 147|0x0000000717400000, 0x0000000717600000, 0x0000000717600000|100%| E|CS|TAMS 0x0000000717400000| PB 0x0000000717400000| Complete |  0
| 148|0x0000000717600000, 0x0000000717800000, 0x0000000717800000|100%| E|CS|TAMS 0x0000000717600000| PB 0x0000000717600000| Complete |  0
| 149|0x0000000717800000, 0x0000000717a00000, 0x0000000717a00000|100%| E|CS|TAMS 0x0000000717800000| PB 0x0000000717800000| Complete |  0
| 150|0x0000000717a00000, 0x0000000717c00000, 0x0000000717c00000|100%| E|CS|TAMS 0x0000000717a00000| PB 0x0000000717a00000| Complete |  0
| 151|0x0000000717c00000, 0x0000000717e00000, 0x0000000717e00000|100%| E|CS|TAMS 0x0000000717c00000| PB 0x0000000717c00000| Complete |  0
| 152|0x0000000717e00000, 0x0000000718000000, 0x0000000718000000|100%| E|CS|TAMS 0x0000000717e00000| PB 0x0000000717e00000| Complete |  0
| 153|0x0000000718000000, 0x0000000718200000, 0x0000000718200000|100%| E|CS|TAMS 0x0000000718000000| PB 0x0000000718000000| Complete |  0
| 154|0x0000000718200000, 0x0000000718400000, 0x0000000718400000|100%| E|CS|TAMS 0x0000000718200000| PB 0x0000000718200000| Complete |  0
| 155|0x0000000718400000, 0x0000000718600000, 0x0000000718600000|100%| E|CS|TAMS 0x0000000718400000| PB 0x0000000718400000| Complete |  0
| 156|0x0000000718600000, 0x0000000718800000, 0x0000000718800000|100%| E|CS|TAMS 0x0000000718600000| PB 0x0000000718600000| Complete |  0
| 157|0x0000000718800000, 0x0000000718a00000, 0x0000000718a00000|100%| E|CS|TAMS 0x0000000718800000| PB 0x0000000718800000| Complete |  0
| 158|0x0000000718a00000, 0x0000000718c00000, 0x0000000718c00000|100%| E|CS|TAMS 0x0000000718a00000| PB 0x0000000718a00000| Complete |  0
| 159|0x0000000718c00000, 0x0000000718e00000, 0x0000000718e00000|100%| E|CS|TAMS 0x0000000718c00000| PB 0x0000000718c00000| Complete |  0
| 160|0x0000000718e00000, 0x0000000719000000, 0x0000000719000000|100%| E|CS|TAMS 0x0000000718e00000| PB 0x0000000718e00000| Complete |  0
| 161|0x0000000719000000, 0x0000000719200000, 0x0000000719200000|100%| E|CS|TAMS 0x0000000719000000| PB 0x0000000719000000| Complete |  0
| 162|0x0000000719200000, 0x0000000719400000, 0x0000000719400000|100%| E|CS|TAMS 0x0000000719200000| PB 0x0000000719200000| Complete |  0
| 163|0x0000000719400000, 0x0000000719600000, 0x0000000719600000|100%| E|CS|TAMS 0x0000000719400000| PB 0x0000000719400000| Complete |  0
| 164|0x0000000719600000, 0x0000000719800000, 0x0000000719800000|100%| E|CS|TAMS 0x0000000719600000| PB 0x0000000719600000| Complete |  0
| 165|0x0000000719800000, 0x0000000719a00000, 0x0000000719a00000|100%| E|CS|TAMS 0x0000000719800000| PB 0x0000000719800000| Complete |  0
| 166|0x0000000719a00000, 0x0000000719c00000, 0x0000000719c00000|100%| E|CS|TAMS 0x0000000719a00000| PB 0x0000000719a00000| Complete |  0
| 167|0x0000000719c00000, 0x0000000719e00000, 0x0000000719e00000|100%| E|CS|TAMS 0x0000000719c00000| PB 0x0000000719c00000| Complete |  0
| 168|0x0000000719e00000, 0x000000071a000000, 0x000000071a000000|100%| E|CS|TAMS 0x0000000719e00000| PB 0x0000000719e00000| Complete |  0
| 169|0x000000071a000000, 0x000000071a200000, 0x000000071a200000|100%| E|CS|TAMS 0x000000071a000000| PB 0x000000071a000000| Complete |  0
| 170|0x000000071a200000, 0x000000071a400000, 0x000000071a400000|100%| E|CS|TAMS 0x000000071a200000| PB 0x000000071a200000| Complete |  0
| 171|0x000000071a400000, 0x000000071a600000, 0x000000071a600000|100%| E|CS|TAMS 0x000000071a400000| PB 0x000000071a400000| Complete |  0
|2002|0x00000007ff200000, 0x00000007ff400000, 0x00000007ff400000|100%| O|  |TAMS 0x00000007ff200000| PB 0x00000007ff200000| Untracked |  0
|2003|0x00000007ff400000, 0x00000007ff600000, 0x00000007ff600000|100%| E|CS|TAMS 0x00000007ff400000| PB 0x00000007ff400000| Complete |  0
|2004|0x00000007ff600000, 0x00000007ff800000, 0x00000007ff800000|100%| O|  |TAMS 0x00000007ff600000| PB 0x00000007ff600000| Untracked |  0
|2005|0x00000007ff800000, 0x00000007ffa00000, 0x00000007ffa00000|100%| O|  |TAMS 0x00000007ff800000| PB 0x00000007ff800000| Untracked |  0
|2006|0x00000007ffa00000, 0x00000007ffc00000, 0x00000007ffc00000|100%| O|  |TAMS 0x00000007ffa00000| PB 0x00000007ffa00000| Untracked |  0
|2007|0x00000007ffc00000, 0x00000007ffe00000, 0x00000007ffe00000|100%| O|  |TAMS 0x00000007ffc00000| PB 0x00000007ffc00000| Untracked |  0
|2008|0x00000007ffe00000, 0x0000000800000000, 0x0000000800000000|100%| O|  |TAMS 0x00000007ffe00000| PB 0x00000007ffe00000| Untracked |  0

Card table byte_map: [0x0000017cfc0a0000,0x0000017cfc880000] _byte_map_base: 0x0000017cf8879000

Marking Bits: (CMBitMap*) 0x0000017cfb31a440
 Bits: [0x0000017c97290000, 0x0000017c9b158000)

Polling page: 0x0000017cf9420000

Metaspace:

Usage:
  Non-class:     35.40 MB used.
      Class:      4.52 MB used.
       Both:     39.92 MB used.

Virtual space:
  Non-class space:       64.00 MB reserved,      35.75 MB ( 56%) committed,  1 nodes.
      Class space:        1.00 GB reserved,       4.81 MB ( <1%) committed,  1 nodes.
             Both:        1.06 GB reserved,      40.56 MB (  4%) committed. 

Chunk freelists:
   Non-Class:  11.45 MB
       Class:  11.04 MB
        Both:  22.49 MB

MaxMetaspaceSize: unlimited
CompressedClassSpaceSize: 1.00 GB
Initial GC threshold: 21.00 MB
Current GC threshold: 44.50 MB
CDS: on
 - commit_granule_bytes: 65536.
 - commit_granule_words: 8192.
 - virtual_space_node_default_size: 8388608.
 - enlarge_chunks_in_place: 1.
 - use_allocation_guard: 0.


Internal statistics:

num_allocs_failed_limit: 3.
num_arena_births: 710.
num_arena_deaths: 0.
num_vsnodes_births: 2.
num_vsnodes_deaths: 0.
num_space_committed: 648.
num_space_uncommitted: 0.
num_chunks_returned_to_freelist: 3.
num_chunks_taken_from_freelist: 2281.
num_chunk_merges: 3.
num_chunk_splits: 1596.
num_chunks_enlarged: 1167.
num_inconsistent_stats: 0.

CodeHeap 'non-profiled nmethods': size=120000Kb used=12600Kb max_used=12600Kb free=107399Kb
 bounds [0x0000017c8fd60000, 0x0000017c909b0000, 0x0000017c97290000]
CodeHeap 'profiled nmethods': size=120000Kb used=33635Kb max_used=33635Kb free=86364Kb
 bounds [0x0000017c88290000, 0x0000017c8a370000, 0x0000017c8f7c0000]
CodeHeap 'non-nmethods': size=5760Kb used=1530Kb max_used=1599Kb free=4229Kb
 bounds [0x0000017c8f7c0000, 0x0000017c8fa30000, 0x0000017c8fd60000]
 total_blobs=14140 nmethods=13542 adapters=501
 compilation: enabled
              stopped_count=0, restarted_count=0
 full_count=0

Compilation events (20 events):
Event: 27.892 Thread 0x0000017c9b2ea560 14336       3       java.nio.charset.CharsetDecoder::reset (11 bytes)
Event: 27.892 Thread 0x0000017c9b2ea560 nmethod 14336 0x0000017c8a35ee90 code [0x0000017c8a35f020, 0x0000017c8a35f210]
Event: 27.892 Thread 0x0000017c9b2ea560 14337       3       java.nio.charset.CharsetDecoder::implReset (1 bytes)
Event: 27.892 Thread 0x0000017c9b2ea560 nmethod 14337 0x0000017c8a35f310 code [0x0000017c8a35f4a0, 0x0000017c8a35f5a8]
Event: 27.892 Thread 0x0000017c9b2ea560 14344       3       com.sun.tools.javac.comp.Modules$$Lambda/0x0000017c9d315000::test (8 bytes)
Event: 27.893 Thread 0x0000017c9b2ea560 nmethod 14344 0x0000017c8a35f610 code [0x0000017c8a35f7c0, 0x0000017c8a35fae0]
Event: 27.893 Thread 0x0000017c9b2ea560 14345       3       com.sun.tools.javac.comp.Modules::lambda$setupAllModules$14 (13 bytes)
Event: 27.893 Thread 0x0000017c9b2ea560 nmethod 14345 0x0000017c8a35fc10 code [0x0000017c8a35fdc0, 0x0000017c8a35ff90]
Event: 27.893 Thread 0x0000017c9b2e92a0 14346       4       java.util.LinkedHashMap::afterNodeAccess (266 bytes)
Event: 27.895 Thread 0x0000017c9b9ec000 14347       4       com.sun.tools.javac.code.Symtab$$Lambda/0x0000017c9d2f5b00::apply (8 bytes)
Event: 27.895 Thread 0x0000017c9b2e92a0 nmethod 14346 0x0000017c909a9990 code [0x0000017c909a9b20, 0x0000017c909a9c40]
Event: 27.895 Thread 0x0000017c9b2e92a0 14348       4       java.util.regex.Pattern$SliceNode::study (37 bytes)
Event: 27.897 Thread 0x0000017c9b9ec000 nmethod 14347 0x0000017c909a9d10 code [0x0000017c909a9ea0, 0x0000017c909a9fd8]
Event: 27.897 Thread 0x0000017c9b2e92a0 nmethod 14348 0x0000017c909aa110 code [0x0000017c909aa2a0, 0x0000017c909aa398]
Event: 27.897 Thread 0x0000017c9b9ec000 14349       4       com.sun.tools.javac.comp.TransTypes::addBridgeIfNeeded (251 bytes)
Event: 27.961 Thread 0x0000017c9b2e92a0 14350   !   4       java.io.WinNTFileSystem::resolve (385 bytes)
Event: 27.963 Thread 0x0000017c9b2e92a0 nmethod 14350 0x0000017c909aa490 code [0x0000017c909aa620, 0x0000017c909aa718]
Event: 27.994 Thread 0x0000017c9b2ea560 14351       3       lombok.launch.PackageShader::apply (252 bytes)
Event: 27.996 Thread 0x0000017c9b2ea560 nmethod 14351 0x0000017c8a360090 code [0x0000017c8a3602c0, 0x0000017c8a360d80]
Event: 28.019 Thread 0x0000017c9b9ec000 nmethod 14349 0x0000017c909aa810 code [0x0000017c909aac40, 0x0000017c909ac828]

GC Heap History (20 events):
Event: 12.674 GC heap before
{Heap before GC invocations=15 (full 0):
 garbage-first heap   total reserved 4114432K, committed 184320K, used 163689K [0x0000000704e00000, 0x0000000800000000)
  region size 2048K, 46 young (94208K), 5 survivors (10240K)
 Metaspace       used 30143K, committed 30720K, reserved 1114112K
  class space    used 3399K, committed 3648K, reserved 1048576K
}
Event: 12.699 GC heap after
{Heap after GC invocations=16 (full 0):
 garbage-first heap   total reserved 4114432K, committed 231424K, used 83641K [0x0000000704e00000, 0x0000000800000000)
  region size 2048K, 5 young (10240K), 5 survivors (10240K)
 Metaspace       used 30143K, committed 30720K, reserved 1114112K
  class space    used 3399K, committed 3648K, reserved 1048576K
}
Event: 14.564 GC heap before
{Heap before GC invocations=16 (full 0):
 garbage-first heap   total reserved 4114432K, committed 231424K, used 206521K [0x0000000704e00000, 0x0000000800000000)
  region size 2048K, 65 young (133120K), 5 survivors (10240K)
 Metaspace       used 35648K, committed 36160K, reserved 1114112K
  class space    used 4099K, committed 4352K, reserved 1048576K
}
Event: 14.579 GC heap after
{Heap after GC invocations=17 (full 0):
 garbage-first heap   total reserved 4114432K, committed 231424K, used 88065K [0x0000000704e00000, 0x0000000800000000)
  region size 2048K, 8 young (16384K), 8 survivors (16384K)
 Metaspace       used 35648K, committed 36160K, reserved 1114112K
  class space    used 4099K, committed 4352K, reserved 1048576K
}
Event: 14.930 GC heap before
{Heap before GC invocations=17 (full 0):
 garbage-first heap   total reserved 4114432K, committed 231424K, used 198657K [0x0000000704e00000, 0x0000000800000000)
  region size 2048K, 62 young (126976K), 8 survivors (16384K)
 Metaspace       used 35874K, committed 36480K, reserved 1114112K
  class space    used 4124K, committed 4416K, reserved 1048576K
}
Event: 14.948 GC heap after
{Heap after GC invocations=18 (full 0):
 garbage-first heap   total reserved 4114432K, committed 231424K, used 94276K [0x0000000704e00000, 0x0000000800000000)
  region size 2048K, 8 young (16384K), 8 survivors (16384K)
 Metaspace       used 35874K, committed 36480K, reserved 1114112K
  class space    used 4124K, committed 4416K, reserved 1048576K
}
Event: 15.138 GC heap before
{Heap before GC invocations=18 (full 0):
 garbage-first heap   total reserved 4114432K, committed 231424K, used 198724K [0x0000000704e00000, 0x0000000800000000)
  region size 2048K, 59 young (120832K), 8 survivors (16384K)
 Metaspace       used 35887K, committed 36480K, reserved 1114112K
  class space    used 4124K, committed 4416K, reserved 1048576K
}
Event: 15.152 GC heap after
{Heap after GC invocations=19 (full 0):
 garbage-first heap   total reserved 4114432K, committed 231424K, used 93840K [0x0000000704e00000, 0x0000000800000000)
  region size 2048K, 4 young (8192K), 4 survivors (8192K)
 Metaspace       used 35887K, committed 36480K, reserved 1114112K
  class space    used 4124K, committed 4416K, reserved 1048576K
}
Event: 15.480 GC heap before
{Heap before GC invocations=19 (full 0):
 garbage-first heap   total reserved 4114432K, committed 231424K, used 206480K [0x0000000704e00000, 0x0000000800000000)
  region size 2048K, 59 young (120832K), 4 survivors (8192K)
 Metaspace       used 35911K, committed 36480K, reserved 1114112K
  class space    used 4124K, committed 4416K, reserved 1048576K
}
Event: 15.495 GC heap after
{Heap after GC invocations=20 (full 0):
 garbage-first heap   total reserved 4114432K, committed 231424K, used 93417K [0x0000000704e00000, 0x0000000800000000)
  region size 2048K, 4 young (8192K), 4 survivors (8192K)
 Metaspace       used 35911K, committed 36480K, reserved 1114112K
  class space    used 4124K, committed 4416K, reserved 1048576K
}
Event: 16.012 GC heap before
{Heap before GC invocations=20 (full 0):
 garbage-first heap   total reserved 4114432K, committed 231424K, used 206057K [0x0000000704e00000, 0x0000000800000000)
  region size 2048K, 59 young (120832K), 4 survivors (8192K)
 Metaspace       used 35923K, committed 36480K, reserved 1114112K
  class space    used 4124K, committed 4416K, reserved 1048576K
}
Event: 16.037 GC heap after
{Heap after GC invocations=21 (full 0):
 garbage-first heap   total reserved 4114432K, committed 366592K, used 92315K [0x0000000704e00000, 0x0000000800000000)
  region size 2048K, 3 young (6144K), 3 survivors (6144K)
 Metaspace       used 35923K, committed 36480K, reserved 1114112K
  class space    used 4124K, committed 4416K, reserved 1048576K
}
Event: 16.877 GC heap before
{Heap before GC invocations=21 (full 0):
 garbage-first heap   total reserved 4114432K, committed 366592K, used 305307K [0x0000000704e00000, 0x0000000800000000)
  region size 2048K, 107 young (219136K), 3 survivors (6144K)
 Metaspace       used 35949K, committed 36544K, reserved 1114112K
  class space    used 4124K, committed 4416K, reserved 1048576K
}
Event: 16.884 GC heap after
{Heap after GC invocations=22 (full 0):
 garbage-first heap   total reserved 4114432K, committed 366592K, used 94035K [0x0000000704e00000, 0x0000000800000000)
  region size 2048K, 4 young (8192K), 4 survivors (8192K)
 Metaspace       used 35949K, committed 36544K, reserved 1114112K
  class space    used 4124K, committed 4416K, reserved 1048576K
}
Event: 17.223 GC heap before
{Heap before GC invocations=22 (full 0):
 garbage-first heap   total reserved 4114432K, committed 366592K, used 304979K [0x0000000704e00000, 0x0000000800000000)
  region size 2048K, 107 young (219136K), 4 survivors (8192K)
 Metaspace       used 35957K, committed 36544K, reserved 1114112K
  class space    used 4124K, committed 4416K, reserved 1048576K
}
Event: 17.250 GC heap after
{Heap after GC invocations=23 (full 0):
 garbage-first heap   total reserved 4114432K, committed 366592K, used 94742K [0x0000000704e00000, 0x0000000800000000)
  region size 2048K, 4 young (8192K), 4 survivors (8192K)
 Metaspace       used 35957K, committed 36544K, reserved 1114112K
  class space    used 4124K, committed 4416K, reserved 1048576K
}
Event: 21.691 GC heap before
{Heap before GC invocations=23 (full 0):
 garbage-first heap   total reserved 4114432K, committed 366592K, used 305686K [0x0000000704e00000, 0x0000000800000000)
  region size 2048K, 107 young (219136K), 4 survivors (8192K)
 Metaspace       used 38903K, committed 39552K, reserved 1114112K
  class space    used 4419K, committed 4736K, reserved 1048576K
}
Event: 21.701 GC heap after
{Heap after GC invocations=24 (full 0):
 garbage-first heap   total reserved 4114432K, committed 366592K, used 98458K [0x0000000704e00000, 0x0000000800000000)
  region size 2048K, 6 young (12288K), 6 survivors (12288K)
 Metaspace       used 38903K, committed 39552K, reserved 1114112K
  class space    used 4419K, committed 4736K, reserved 1048576K
}
Event: 24.300 GC heap before
{Heap before GC invocations=24 (full 0):
 garbage-first heap   total reserved 4114432K, committed 366592K, used 305306K [0x0000000704e00000, 0x0000000800000000)
  region size 2048K, 107 young (219136K), 6 survivors (12288K)
 Metaspace       used 39308K, committed 39936K, reserved 1114112K
  class space    used 4442K, committed 4736K, reserved 1048576K
}
Event: 24.322 GC heap after
{Heap after GC invocations=25 (full 0):
 garbage-first heap   total reserved 4114432K, committed 366592K, used 104489K [0x0000000704e00000, 0x0000000800000000)
  region size 2048K, 9 young (18432K), 9 survivors (18432K)
 Metaspace       used 39308K, committed 39936K, reserved 1114112K
  class space    used 4442K, committed 4736K, reserved 1048576K
}

Dll operation events (8 events):
Event: 0.011 Loaded shared library C:\Program Files\Java\jdk-22\bin\java.dll
Event: 0.040 Loaded shared library C:\Program Files\Java\jdk-22\bin\jsvml.dll
Event: 0.054 Loaded shared library C:\Program Files\Java\jdk-22\bin\net.dll
Event: 0.056 Loaded shared library C:\Program Files\Java\jdk-22\bin\nio.dll
Event: 0.060 Loaded shared library C:\Program Files\Java\jdk-22\bin\zip.dll
Event: 0.189 Loaded shared library C:\Program Files\Java\jdk-22\bin\jimage.dll
Event: 0.191 Loaded shared library C:\Users\bbatc\.m2\wrapper\dists\apache-maven-3.9.11\03d7e36a140982eea48e22c1dcac01d8862b2550b2939e09a0809bbc5182a5bc\lib\jansi-native\Windows\x86_64\jansi.dll
Event: 0.203 Loaded shared library C:\Program Files\Java\jdk-22\bin\verify.dll

Deoptimization events (20 events):
Event: 27.392 Thread 0x0000017cf9086770 DEOPT PACKING pc=0x0000017c8a3391fd sp=0x0000003fd9dfb5b0
Event: 27.392 Thread 0x0000017cf9086770 DEOPT UNPACKING pc=0x0000017c8f814e42 sp=0x0000003fd9dfaa60 mode 0
Event: 27.404 Thread 0x0000017cf9086770 DEOPT PACKING pc=0x0000017c8a3391fd sp=0x0000003fd9dfb5b0
Event: 27.404 Thread 0x0000017cf9086770 DEOPT UNPACKING pc=0x0000017c8f814e42 sp=0x0000003fd9dfaa60 mode 0
Event: 27.894 Thread 0x0000017cf9086770 Uncommon trap: trap_request=0xffffff45 fr.pc=0x0000017c9079a350 relative=0x00000000000007d0
Event: 27.894 Thread 0x0000017cf9086770 Uncommon trap: reason=unstable_if action=reinterpret pc=0x0000017c9079a350 method=com.sun.tools.javac.code.Lint$AugmentVisitor.initSyms()V @ 4 c2
Event: 27.894 Thread 0x0000017cf9086770 DEOPT PACKING pc=0x0000017c9079a350 sp=0x0000003fd9dfd3a0
Event: 27.894 Thread 0x0000017cf9086770 DEOPT UNPACKING pc=0x0000017c8f8146a2 sp=0x0000003fd9dfd2c8 mode 2
Event: 27.895 Thread 0x0000017cf9086770 Uncommon trap: trap_request=0xffffff45 fr.pc=0x0000017c9088bfc4 relative=0x00000000000016a4
Event: 27.895 Thread 0x0000017cf9086770 Uncommon trap: reason=unstable_if action=reinterpret pc=0x0000017c9088bfc4 method=com.sun.tools.javac.code.Types.rank(Lcom/sun/tools/javac/code/Type;)I @ 80 c2
Event: 27.895 Thread 0x0000017cf9086770 DEOPT PACKING pc=0x0000017c9088bfc4 sp=0x0000003fd9dfd000
Event: 27.895 Thread 0x0000017cf9086770 DEOPT UNPACKING pc=0x0000017c8f8146a2 sp=0x0000003fd9dfcf38 mode 2
Event: 27.994 Thread 0x0000017cf9086770 Uncommon trap: trap_request=0xffffff45 fr.pc=0x0000017c90998eb0 relative=0x0000000000001b30
Event: 27.994 Thread 0x0000017cf9086770 Uncommon trap: reason=unstable_if action=reinterpret pc=0x0000017c90998eb0 method=lombok.launch.PackageShader.apply([B)Z @ 190 c2
Event: 27.994 Thread 0x0000017cf9086770 DEOPT PACKING pc=0x0000017c90998eb0 sp=0x0000003fd9dfc6f0
Event: 27.994 Thread 0x0000017cf9086770 DEOPT UNPACKING pc=0x0000017c8f8146a2 sp=0x0000003fd9dfc680 mode 2
Event: 27.994 Thread 0x0000017cf9086770 Uncommon trap: trap_request=0xffffff45 fr.pc=0x0000017c90996114 relative=0x0000000000000934
Event: 27.994 Thread 0x0000017cf9086770 Uncommon trap: reason=unstable_if action=reinterpret pc=0x0000017c90996114 method=lombok.launch.PackageShader.apply([B)Z @ 190 c2
Event: 27.994 Thread 0x0000017cf9086770 DEOPT PACKING pc=0x0000017c90996114 sp=0x0000003fd9dfc6f0
Event: 27.994 Thread 0x0000017cf9086770 DEOPT UNPACKING pc=0x0000017c8f8146a2 sp=0x0000003fd9dfc680 mode 2

Classes loaded (20 events):
Event: 18.882 Loading class java/util/stream/ReferencePipeline$4
Event: 18.882 Loading class java/util/stream/ReferencePipeline$4 done
Event: 18.883 Loading class java/util/stream/Nodes$IntFixedNodeBuilder
Event: 18.883 Loading class java/util/stream/Node$Builder$OfInt
Event: 18.883 Loading class java/util/stream/Node$Builder$OfInt done
Event: 18.883 Loading class java/util/stream/Nodes$IntArrayNode
Event: 18.883 Loading class java/util/stream/Nodes$IntArrayNode done
Event: 18.883 Loading class java/util/stream/Nodes$IntFixedNodeBuilder done
Event: 18.883 Loading class java/util/stream/ReferencePipeline$4$1
Event: 18.883 Loading class java/util/stream/ReferencePipeline$4$1 done
Event: 19.404 Loading class java/lang/invoke/MethodHandleImpl$CountingWrapper$1
Event: 19.405 Loading class java/lang/invoke/MethodHandleImpl$CountingWrapper$1 done
Event: 24.846 Loading class java/util/EnumMap$Values
Event: 24.846 Loading class java/util/EnumMap$Values done
Event: 24.846 Loading class java/util/EnumMap$ValueIterator
Event: 24.846 Loading class java/util/EnumMap$ValueIterator done
Event: 24.849 Loading class java/util/WeakHashMap$KeyIterator
Event: 24.849 Loading class java/util/WeakHashMap$KeyIterator done
Event: 26.715 Loading class jdk/internal/module/IllegalAccessLogger
Event: 26.715 Loading class jdk/internal/module/IllegalAccessLogger done

Classes unloaded (0 events):
No events

Classes redefined (0 events):
No events

Internal exceptions (20 events):
Event: 26.620 Thread 0x0000017cf9086770 Exception <a 'sun/nio/fs/WindowsException'{0x0000000711e8d758}> (0x0000000711e8d758) 
thrown [s\open\src\hotspot\share\prims\jni.cpp, line 520]
Event: 26.620 Thread 0x0000017cf9086770 Exception <a 'sun/nio/fs/WindowsException'{0x0000000711e8e410}> (0x0000000711e8e410) 
thrown [s\open\src\hotspot\share\prims\jni.cpp, line 520]
Event: 26.622 Thread 0x0000017cf9086770 Exception <a 'sun/nio/fs/WindowsException'{0x0000000711e9cb30}> (0x0000000711e9cb30) 
thrown [s\open\src\hotspot\share\prims\jni.cpp, line 520]
Event: 26.624 Thread 0x0000017cf9086770 Exception <a 'sun/nio/fs/WindowsException'{0x0000000711ec3fa0}> (0x0000000711ec3fa0) 
thrown [s\open\src\hotspot\share\prims\jni.cpp, line 520]
Event: 26.624 Thread 0x0000017cf9086770 Exception <a 'sun/nio/fs/WindowsException'{0x0000000711ec4d18}> (0x0000000711ec4d18) 
thrown [s\open\src\hotspot\share\prims\jni.cpp, line 520]
Event: 27.885 Thread 0x0000017cf9086770 Exception <a 'sun/nio/fs/WindowsException'{0x00000007102a31f8}> (0x00000007102a31f8) 
thrown [s\open\src\hotspot\share\prims\jni.cpp, line 520]
Event: 27.885 Thread 0x0000017cf9086770 Exception <a 'sun/nio/fs/WindowsException'{0x00000007102a3c10}> (0x00000007102a3c10) 
thrown [s\open\src\hotspot\share\prims\jni.cpp, line 520]
Event: 27.885 Thread 0x0000017cf9086770 Exception <a 'sun/nio/fs/WindowsException'{0x00000007102a4690}> (0x00000007102a4690) 
thrown [s\open\src\hotspot\share\prims\jni.cpp, line 520]
Event: 27.887 Thread 0x0000017cf9086770 Exception <a 'sun/nio/fs/WindowsException'{0x00000007102ca0b0}> (0x00000007102ca0b0) 
thrown [s\open\src\hotspot\share\prims\jni.cpp, line 520]
Event: 27.887 Thread 0x0000017cf9086770 Exception <a 'sun/nio/fs/WindowsException'{0x00000007102caac8}> (0x00000007102caac8) 
thrown [s\open\src\hotspot\share\prims\jni.cpp, line 520]
Event: 27.887 Thread 0x0000017cf9086770 Exception <a 'sun/nio/fs/WindowsException'{0x00000007102cb548}> (0x00000007102cb548) 
thrown [s\open\src\hotspot\share\prims\jni.cpp, line 520]
Event: 27.891 Thread 0x0000017cf9086770 Exception <a 'sun/nio/fs/WindowsException'{0x00000007102fc318}> (0x00000007102fc318) 
thrown [s\open\src\hotspot\share\prims\jni.cpp, line 520]
Event: 27.891 Thread 0x0000017cf9086770 Exception <a 'sun/nio/fs/WindowsException'{0x00000007102fcd30}> (0x00000007102fcd30) 
thrown [s\open\src\hotspot\share\prims\jni.cpp, line 520]
Event: 27.892 Thread 0x0000017cf9086770 Exception <a 'sun/nio/fs/WindowsException'{0x00000007102fd7b0}> (0x00000007102fd7b0) 
thrown [s\open\src\hotspot\share\prims\jni.cpp, line 520]
Event: 27.893 Thread 0x0000017cf9086770 Exception <a 'sun/nio/fs/WindowsException'{0x000000071031c7c0}> (0x000000071031c7c0) 
thrown [s\open\src\hotspot\share\prims\jni.cpp, line 520]
Event: 27.893 Thread 0x0000017cf9086770 Exception <a 'sun/nio/fs/WindowsException'{0x000000071031d1d8}> (0x000000071031d1d8) 
thrown [s\open\src\hotspot\share\prims\jni.cpp, line 520]
Event: 27.893 Thread 0x0000017cf9086770 Exception <a 'sun/nio/fs/WindowsException'{0x000000071031dc58}> (0x000000071031dc58) 
thrown [s\open\src\hotspot\share\prims\jni.cpp, line 520]
Event: 27.896 Thread 0x0000017cf9086770 Exception <a 'sun/nio/fs/WindowsException'{0x000000071039c280}> (0x000000071039c280) 
thrown [s\open\src\hotspot\share\prims\jni.cpp, line 520]
Event: 27.903 Thread 0x0000017cf9086770 Exception <a 'sun/nio/fs/WindowsException'{0x00000007103b3570}> (0x00000007103b3570) 
thrown [s\open\src\hotspot\share\prims\jni.cpp, line 520]
Event: 27.922 Thread 0x0000017cf9086770 Exception <a 'sun/nio/fs/WindowsException'{0x00000007103ca8c0}> (0x00000007103ca8c0) 
thrown [s\open\src\hotspot\share\prims\jni.cpp, line 520]

ZGC Phase Switch (0 events):
No events

VM Operations (20 events):
Event: 23.042 Executing VM operation: ICBufferFull
Event: 23.043 Executing VM operation: ICBufferFull done
Event: 23.337 Executing VM operation: HandshakeAllThreads (Deoptimize)
Event: 23.337 Executing VM operation: HandshakeAllThreads (Deoptimize) done
Event: 23.339 Executing VM operation: ICBufferFull
Event: 23.340 Executing VM operation: ICBufferFull done
Event: 23.933 Executing VM operation: ICBufferFull
Event: 23.933 Executing VM operation: ICBufferFull done
Event: 24.300 Executing VM operation: G1CollectForAllocation (G1 Evacuation Pause)
Event: 24.322 Executing VM operation: G1CollectForAllocation (G1 Evacuation Pause) done
Event: 24.609 Executing VM operation: ICBufferFull
Event: 24.609 Executing VM operation: ICBufferFull done
Event: 24.848 Executing VM operation: HandshakeAllThreads (Deoptimize)
Event: 24.848 Executing VM operation: HandshakeAllThreads (Deoptimize) done
Event: 25.165 Executing VM operation: ICBufferFull
Event: 25.165 Executing VM operation: ICBufferFull done
Event: 26.173 Executing VM operation: Cleanup
Event: 26.173 Executing VM operation: Cleanup done
Event: 27.177 Executing VM operation: Cleanup
Event: 27.177 Executing VM operation: Cleanup done

Memory protections (0 events):
No events

Nmethod flushes (20 events):
Event: 9.244 Thread 0x0000017cfeea6380 flushing  nmethod 0x0000017c888f6690
Event: 9.244 Thread 0x0000017cfeea6380 flushing  nmethod 0x0000017c8893de90
Event: 9.244 Thread 0x0000017cfeea6380 flushing  nmethod 0x0000017c8893e310
Event: 9.244 Thread 0x0000017cfeea6380 flushing  nmethod 0x0000017c8893ee10
Event: 9.244 Thread 0x0000017cfeea6380 flushing  nmethod 0x0000017c88940490
Event: 9.244 Thread 0x0000017cfeea6380 flushing  nmethod 0x0000017c88940910
Event: 9.244 Thread 0x0000017cfeea6380 flushing  nmethod 0x0000017c8898b610
Event: 9.244 Thread 0x0000017cfeea6380 flushing  nmethod 0x0000017c889ab690
Event: 9.244 Thread 0x0000017cfeea6380 flushing  nmethod 0x0000017c889c7890
Event: 9.244 Thread 0x0000017cfeea6380 flushing  nmethod 0x0000017c889c7d90
Event: 9.244 Thread 0x0000017cfeea6380 flushing  nmethod 0x0000017c889cb910
Event: 9.244 Thread 0x0000017cfeea6380 flushing  nmethod 0x0000017c889f9190
Event: 9.244 Thread 0x0000017cfeea6380 flushing  nmethod 0x0000017c889fbb90
Event: 9.244 Thread 0x0000017cfeea6380 flushing  nmethod 0x0000017c889fcb10
Event: 9.244 Thread 0x0000017cfeea6380 flushing  nmethod 0x0000017c88a12c10
Event: 9.244 Thread 0x0000017cfeea6380 flushing  nmethod 0x0000017c88a67490
Event: 9.244 Thread 0x0000017cfeea6380 flushing  nmethod 0x0000017c88ad7990
Event: 9.244 Thread 0x0000017cfeea6380 flushing  nmethod 0x0000017c88ccf510
Event: 9.244 Thread 0x0000017cfeea6380 flushing  nmethod 0x0000017c88ccfe90
Event: 9.244 Thread 0x0000017cfeea6380 flushing  nmethod 0x0000017c88cd1410

Events (20 events):
Event: 0.037 Thread 0x0000017cf9086770 Thread added: 0x0000017c9b2bedc0
Event: 0.037 Thread 0x0000017cf9086770 Thread added: 0x0000017c9b2e92a0
Event: 0.037 Thread 0x0000017cf9086770 Thread added: 0x0000017c9b2ea560
Event: 0.050 Thread 0x0000017cf9086770 Thread added: 0x0000017c9b2bda10
Event: 0.052 Thread 0x0000017cf9086770 Thread added: 0x0000017c9b2c0800
Event: 0.187 Thread 0x0000017cf9086770 Thread added: 0x0000017c9b2bf450
Event: 0.196 Thread 0x0000017c9b2bf450 Thread exited: 0x0000017c9b2bf450
Event: 0.314 Thread 0x0000017c9b2ea560 Thread added: 0x0000017c9b9041d0
Event: 0.561 Thread 0x0000017c9b2ea560 Thread added: 0x0000017ce1132450
Event: 1.315 Thread 0x0000017ce1132450 Thread exited: 0x0000017ce1132450
Event: 1.679 Thread 0x0000017cf9086770 Thread added: 0x0000017c9b2be0a0
Event: 1.892 Thread 0x0000017c9b2ea560 Thread added: 0x0000017ce1dc7bd0
Event: 4.973 Thread 0x0000017ce1dc7bd0 Thread exited: 0x0000017ce1dc7bd0
Event: 5.049 Thread 0x0000017c9b9041d0 Thread exited: 0x0000017c9b9041d0
Event: 6.836 Thread 0x0000017c9b2e92a0 Thread added: 0x0000017ce2f9e4e0
Event: 7.050 Thread 0x0000017ce2f9e4e0 Thread added: 0x0000017c9bbc2890
Event: 7.228 Thread 0x0000017c9bbc2890 Thread exited: 0x0000017c9bbc2890
Event: 7.430 Thread 0x0000017ce2f9e4e0 Thread exited: 0x0000017ce2f9e4e0
Event: 7.505 Thread 0x0000017c9b2ea560 Thread added: 0x0000017c9b9ec000
Event: 7.505 Thread 0x0000017c9b2ea560 Thread added: 0x0000017ce200b030


Dynamic libraries:
0x00007ff617930000 - 0x00007ff617940000 	C:\Program Files\Java\jdk-22\bin\java.exe
0x00007fffe80a0000 - 0x00007fffe8306000 	C:\WINDOWS\SYSTEM32\ntdll.dll
0x00007fffe61a0000 - 0x00007fffe6269000 	C:\WINDOWS\System32\KERNEL32.DLL
0x00007fffe5330000 - 0x00007fffe572a000 	C:\WINDOWS\System32\KERNELBASE.dll
0x00007fffe5c10000 - 0x00007fffe5d5c000 	C:\WINDOWS\System32\ucrtbase.dll
0x00007fff99ab0000 - 0x00007fff99acb000 	C:\Program Files\Java\jdk-22\bin\VCRUNTIME140.dll
0x00007fff99ad0000 - 0x00007fff99ae7000 	C:\Program Files\Java\jdk-22\bin\jli.dll
0x00007fffe7460000 - 0x00007fffe7627000 	C:\WINDOWS\System32\USER32.dll
0x00007fffe5be0000 - 0x00007fffe5c07000 	C:\WINDOWS\System32\win32u.dll
0x00007fffe7fa0000 - 0x00007fffe7fcb000 	C:\WINDOWS\System32\GDI32.dll
0x00007fffc59b0000 - 0x00007fffc5c42000 	C:\WINDOWS\WinSxS\amd64_microsoft.windows.common-controls_6595b64144ccf1df_6.0.26100.8521_none_3e08b75ce33403b3\COMCTL32.dll
0x00007fffe5730000 - 0x00007fffe585b000 	C:\WINDOWS\System32\gdi32full.dll
0x00007fffe5d60000 - 0x00007fffe5e03000 	C:\WINDOWS\System32\msvcp_win.dll
0x00007fffe6790000 - 0x00007fffe6839000 	C:\WINDOWS\System32\msvcrt.dll
0x00007fffe6270000 - 0x00007fffe62a2000 	C:\WINDOWS\System32\IMM32.DLL
0x00007fffd4f00000 - 0x00007fffd4f0c000 	C:\Program Files\Java\jdk-22\bin\vcruntime140_1.dll
0x00007fff927f0000 - 0x00007fff9287e000 	C:\Program Files\Java\jdk-22\bin\msvcp140.dll
0x00007fff1e2f0000 - 0x00007fff1f039000 	C:\Program Files\Java\jdk-22\bin\server\jvm.dll
0x00007fffe6620000 - 0x00007fffe66d6000 	C:\WINDOWS\System32\ADVAPI32.dll
0x00007fffe66e0000 - 0x00007fffe678a000 	C:\WINDOWS\System32\sechost.dll
0x00007fffe78a0000 - 0x00007fffe79b8000 	C:\WINDOWS\System32\RPCRT4.dll
0x00007fffe7c40000 - 0x00007fffe7cc0000 	C:\WINDOWS\System32\WS2_32.dll
0x00007fffdd450000 - 0x00007fffdd486000 	C:\WINDOWS\SYSTEM32\WINMM.dll
0x00007fffc5310000 - 0x00007fffc531b000 	C:\WINDOWS\SYSTEM32\VERSION.dll
0x00007fffe5190000 - 0x00007fffe51ee000 	C:\WINDOWS\SYSTEM32\POWRPROF.dll
0x00007fffe5170000 - 0x00007fffe5184000 	C:\WINDOWS\SYSTEM32\UMPDC.dll
0x00007fffe40c0000 - 0x00007fffe40db000 	C:\WINDOWS\SYSTEM32\kernel.appcore.dll
0x00007fffbfe30000 - 0x00007fffbfe3a000 	C:\Program Files\Java\jdk-22\bin\jimage.dll
0x00007fffe2a20000 - 0x00007fffe2c62000 	C:\WINDOWS\SYSTEM32\DBGHELP.DLL
0x00007fffe5e10000 - 0x00007fffe6193000 	C:\WINDOWS\System32\combase.dll
0x00007fffe7ac0000 - 0x00007fffe7b99000 	C:\WINDOWS\System32\OLEAUT32.dll
0x00007fffdd410000 - 0x00007fffdd44b000 	C:\WINDOWS\SYSTEM32\dbgcore.DLL
0x00007fffe5a70000 - 0x00007fffe5b18000 	C:\WINDOWS\System32\bcryptPrimitives.dll
0x00007fff97560000 - 0x00007fff9757e000 	C:\Program Files\Java\jdk-22\bin\java.dll
0x00007fffe6cd0000 - 0x00007fffe7454000 	C:\WINDOWS\System32\SHELL32.dll
0x00007fffe6340000 - 0x00007fffe64d8000 	C:\WINDOWS\System32\ole32.dll
0x00007fffe2ef0000 - 0x00007fffe3770000 	C:\WINDOWS\SYSTEM32\windows.storage.dll
0x00007fffe79c0000 - 0x00007fffe7ab6000 	C:\WINDOWS\System32\SHCORE.dll
0x00007fffe7fe0000 - 0x00007fffe8047000 	C:\WINDOWS\System32\shlwapi.dll
0x00007fffe5250000 - 0x00007fffe5279000 	C:\WINDOWS\SYSTEM32\profapi.dll
0x00007fff873f0000 - 0x00007fff874c7000 	C:\Program Files\Java\jdk-22\bin\jsvml.dll
0x00007fffba180000 - 0x00007fffba190000 	C:\Program Files\Java\jdk-22\bin\net.dll
0x00007fffe4630000 - 0x00007fffe469c000 	C:\WINDOWS\system32\mswsock.dll
0x00007fff96ac0000 - 0x00007fff96ad6000 	C:\Program Files\Java\jdk-22\bin\nio.dll
0x00007fff95ff0000 - 0x00007fff96007000 	C:\Program Files\Java\jdk-22\bin\zip.dll
0x00007fff95c20000 - 0x00007fff95c44000 	C:\Users\bbatc\.m2\wrapper\dists\apache-maven-3.9.11\03d7e36a140982eea48e22c1dcac01d8862b2550b2939e09a0809bbc5182a5bc\lib\jansi-native\Windows\x86_64\jansi.dll
0x00007fffb83b0000 - 0x00007fffb83c0000 	C:\Program Files\Java\jdk-22\bin\verify.dll

dbghelp: loaded successfully - version: 4.0.5 - missing functions: none
symbol engine: initialized successfully - sym options: 0x614 - pdb path: .;C:\Program Files\Java\jdk-22\bin;C:\WINDOWS\SYSTEM32;C:\WINDOWS\WinSxS\amd64_microsoft.windows.common-controls_6595b64144ccf1df_6.0.26100.8521_none_3e08b75ce33403b3;C:\Program Files\Java\jdk-22\bin\server;C:\Users\bbatc\.m2\wrapper\dists\apache-maven-3.9.11\03d7e36a140982eea48e22c1dcac01d8862b2550b2939e09a0809bbc5182a5bc\lib\jansi-native\Windows\x86_64

VM Arguments:
jvm_args: --enable-native-access=ALL-UNNAMED -Dclassworlds.conf=C:\Users\bbatc\.m2\wrapper\dists\apache-maven-3.9.11\03d7e36a140982eea48e22c1dcac01d8862b2550b2939e09a0809bbc5182a5bc\bin\m2.conf -Dmaven.home=C:\Users\bbatc\.m2\wrapper\dists\apache-maven-3.9.11\03d7e36a140982eea48e22c1dcac01d8862b2550b2939e09a0809bbc5182a5bc -Dlibrary.jansi.path=C:\Users\bbatc\.m2\wrapper\dists\apache-maven-3.9.11\03d7e36a140982eea48e22c1dcac01d8862b2550b2939e09a0809bbc5182a5bc\lib\jansi-native -Dmaven.multiModuleProjectDirectory=D:\CODEsemestre2\R廥eaux\NewBackendFleet\FleetMan-DES-Backend 
java_command: org.codehaus.plexus.classworlds.launcher.Launcher spring-boot:run
java_class_path (initial): C:\Users\bbatc\.m2\wrapper\dists\apache-maven-3.9.11\03d7e36a140982eea48e22c1dcac01d8862b2550b2939e09a0809bbc5182a5bc\boot\plexus-classworlds-2.9.0.jar
Launcher Type: SUN_STANDARD

[Global flags]
     intx CICompilerCount                          = 4                                         {product} {ergonomic}
     uint ConcGCThreads                            = 3                                         {product} {ergonomic}
     uint G1ConcRefinementThreads                  = 10                                        {product} {ergonomic}
   size_t G1HeapRegionSize                         = 2097152                                   {product} {ergonomic}
   size_t InitialHeapSize                          = 264241152                                 {product} {ergonomic}
   size_t MarkStackSize                            = 4194304                                   {product} {ergonomic}
   size_t MaxHeapSize                              = 4213178368                                {product} {ergonomic}
   size_t MaxNewSize                               = 2527068160                                {product} {ergonomic}
   size_t MinHeapDeltaBytes                        = 2097152                                   {product} {ergonomic}
   size_t MinHeapSize                              = 8388608                                   {product} {ergonomic}
    uintx NonNMethodCodeHeapSize                   = 5839372                                {pd product} {ergonomic}
    uintx NonProfiledCodeHeapSize                  = 122909434                              {pd product} {ergonomic}
    uintx ProfiledCodeHeapSize                     = 122909434                              {pd product} {ergonomic}
    uintx ReservedCodeCacheSize                    = 251658240                              {pd product} {ergonomic}
     bool SegmentedCodeCache                       = true                                      {product} {ergonomic}
   size_t SoftMaxHeapSize                          = 4213178368                             {manageable} {ergonomic}
     bool UseCompressedOops                        = true                           {product lp64_product} {ergonomic}
     bool UseG1GC                                  = true                                      {product} {ergonomic}
     bool UseLargePagesIndividualAllocation        = false                                  {pd product} {ergonomic}

Logging:
Log output configuration:
 #0: stdout all=warning uptime,level,tags foldmultilines=false
 #1: stderr all=off uptime,level,tags foldmultilines=false

Environment Variables:
JAVA_HOME=C:\Program Files\Java\jdk-22
PATH=C:\Program Files (x86)\NVIDIA Corporation\PhysX\Common;C:\Program Files\Common Files\Oracle\Java\javapath;C:\WINDOWS\system32;C:\WINDOWS;C:\WINDOWS\System32\Wbem;C:\WINDOWS\System32\WindowsPowerShell\v1.0\;C:\WINDOWS\System32\OpenSSH\;C:\Program Files\dotnet\;C:\xampp\php;C:\composer;C:\Program Files\Git\cmd;C:\Program Files\nodejs\;C:\Program Files\MiKTeX\miktex\bin\x64\;C:\Strawberry\c\bin;C:\Strawberry\perl\site\bin;C:\Strawberry\perl\bin;C:\Program Files\WinDirStat\;C:\Program Files\cursor\resources\app\bin;C:\Users\bbatc\AppData\Local\Programs\Python\Launcher\;C:\Users\bbatc\AppData\Local\Microsoft\WindowsApps;C:\Users\bbatc\AppData\Local\Programs\Microsoft VS Code\bin;C:\Users\bbatc\AppData\Roaming\Composer\vendor\bin;C:\Users\bbatc\AppData\Roaming\npm;D:\maven\bin;C:\Users\bbatc\AppData\Local\Python\bin;C:\Program Files\PostgreSQL\18\bin;C:\Users\bbatc\AppData\Roaming\Microsoft\Windows\Start Menu\Programs\Python\Python 3.14;C:\Users\bbatc\AppData\Local\Python\pythoncore-3.14-64;C:\Users\bbatc\AppData\Local\Python\pythoncore-3.14-64\Scripts;C:\Users\bbatc\AppData\Local\Programs\Antigravity\bin;C:\Users\bbatc\AppData\Local\Programs\Kiro\bin;c:\Users\bbatc\.antigravity\extensions\vscjava.vscode-java-debug-0.59.0-universal\bundled\scripts\noConfigScripts
USERNAME=bbatc
LANG=en_US.UTF-8
OS=Windows_NT
PROCESSOR_IDENTIFIER=Intel64 Family 6 Model 154 Stepping 4, GenuineIntel
TMP=C:\Users\bbatc\AppData\Local\Temp
TEMP=C:\Users\bbatc\AppData\Local\Temp




Periodic native trim disabled

---------------  S Y S T E M  ---------------

OS:
 Windows 11 , 64 bit Build 26100 (10.0.26100.8521)
OS uptime: 0 days 10:50 hours
Hyper-V role detected

CPU: total 12 (initial active 12) (6 cores per cpu, 2 threads per core) family 6 model 154 stepping 4 microcode 0x437, cx8, cmov, fxsr, ht, mmx, 3dnowpref, sse, sse2, sse3, ssse3, sse4.1, sse4.2, popcnt, lzcnt, tsc, tscinvbit, avx, avx2, aes, erms, clmul, bmi1, bmi2, adx, sha, fma, vzeroupper, clflush, clflushopt, clwb, hv, serialize, rdtscp, rdpid, fsrm, f16c, cet_ibt, cet_ss
Processor Information for processor 0
  Max Mhz: 1700, Current Mhz: 1700, Mhz Limit: 1700
Processor Information for processor 1
  Max Mhz: 1700, Current Mhz: 1700, Mhz Limit: 1700
Processor Information for processor 2
  Max Mhz: 1700, Current Mhz: 1700, Mhz Limit: 1700
Processor Information for processor 3
  Max Mhz: 1700, Current Mhz: 1700, Mhz Limit: 1700
Processor Information for processor 4
  Max Mhz: 1700, Current Mhz: 1700, Mhz Limit: 1700
Processor Information for processor 5
  Max Mhz: 1700, Current Mhz: 1700, Mhz Limit: 1700
Processor Information for processor 6
  Max Mhz: 1700, Current Mhz: 1700, Mhz Limit: 1700
Processor Information for processor 7
  Max Mhz: 1700, Current Mhz: 1558, Mhz Limit: 1700
Processor Information for processor 8
  Max Mhz: 1700, Current Mhz: 1700, Mhz Limit: 1700
Processor Information for processor 9
  Max Mhz: 1700, Current Mhz: 1558, Mhz Limit: 1700
Processor Information for processor 10
  Max Mhz: 1700, Current Mhz: 1700, Mhz Limit: 1700
Processor Information for processor 11
  Max Mhz: 1700, Current Mhz: 1558, Mhz Limit: 1700

Memory: 4k page, system-wide physical 16068M (1532M free)
TotalPageFile size 26763M (AvailPageFile size 173M)
current process WorkingSet (physical memory assigned to process): 586M, peak: 590M
current process commit charge ("private bytes"): 632M, peak: 635M

vm_info: Java HotSpot(TM) 64-Bit Server VM (22.0.2+9-70) for windows-amd64 JRE (22.0.2+9-70), built on 2024-06-04T16:52:23Z by "mach5one" with MS VC++ 17.6 (VS2022)

END.
