#
# There is insufficient memory for the Java Runtime Environment to continue.
# Native memory allocation (malloc) failed to allocate 161456 bytes. Error detail: Chunk::new
# Possible reasons:
#   The system is out of physical RAM or swap space
#   This process is running with CompressedOops enabled, and the Java Heap may be blocking the growth of the native heap
# Possible solutions:
#   Reduce memory load on the system
#   Increase physical memory or swap space
#   Check if swap backing store is full
#   Decrease Java heap size (-Xmx/-Xms)
#   Decrease number of Java threads
#   Decrease Java thread stack sizes (-Xss)
#   Set larger code cache with -XX:ReservedCodeCacheSize=
#   JVM is running with Zero Based Compressed Oops mode in which the Java heap is
#     placed in the first 32GB address space. The Java Heap base address is the
#     maximum limit for the native heap growth. Please use -XX:HeapBaseMinAddress
#     to set the Java Heap base and to place the Java Heap above 32GB virtual address.
# This output file may be truncated or incomplete.
#
#  Out of Memory Error (arena.cpp:168), pid=28488, tid=11128
#
# JRE version: OpenJDK Runtime Environment Microsoft-12574459 (21.0.9+10) (build 21.0.9+10-LTS)
# Java VM: OpenJDK 64-Bit Server VM Microsoft-12574459 (21.0.9+10-LTS, mixed mode, sharing, tiered, compressed oops, compressed class ptrs, g1 gc, windows-amd64)
# No core dump will be written. Minidumps are not enabled by default on client versions of Windows
#

---------------  S U M M A R Y ------------

Command Line: -javaagent:C:\Program Files\JetBrains\IntelliJ IDEA Community Edition 2024.3.4.1\lib\idea_rt.jar=49753 -Dfile.encoding=UTF-8 -Dsun.stdout.encoding=UTF-8 -Dsun.stderr.encoding=UTF-8 com.yowyob.fleet.FleetManagementApplication

Host: 12th Gen Intel(R) Core(TM) i7-1255U, 12 cores, 15G,  Windows 11 , 64 bit Build 26100 (10.0.26100.8521)
Time: Wed Jul  8 22:18:06 2026 Afr. centrale Ouest elapsed time: 0.779951 seconds (0d 0h 0m 0s)

---------------  T H R E A D  ---------------

Current thread (0x00000239299f7170):  JavaThread "C2 CompilerThread0" daemon [_thread_in_native, id=11128, stack(0x0000007d87a00000,0x0000007d87b00000) (1024K)]


Current CompileTask:
C2:780  652       4       java.util.jar.JarFile::getEntry (35 bytes)

Stack: [0x0000007d87a00000,0x0000007d87b00000]
Native frames: (J=compiled Java code, j=interpreted, Vv=VM code, C=native code)
V  [jvm.dll+0x6df259]  (no source info available)
V  [jvm.dll+0x8bfe4b]  (no source info available)
V  [jvm.dll+0x8c23da]  (no source info available)
V  [jvm.dll+0x8c2ab3]  (no source info available)
V  [jvm.dll+0x28a416]  (no source info available)
V  [jvm.dll+0xc903d]  (no source info available)
V  [jvm.dll+0xc958c]  (no source info available)
V  [jvm.dll+0x30149e]  (no source info available)
V  [jvm.dll+0x608da7]  (no source info available)
V  [jvm.dll+0x25b3d7]  (no source info available)
V  [jvm.dll+0x25376b]  (no source info available)
V  [jvm.dll+0x2515b1]  (no source info available)
V  [jvm.dll+0x1d18cf]  (no source info available)
V  [jvm.dll+0x26138a]  (no source info available)
V  [jvm.dll+0x25f6f5]  (no source info available)
V  [jvm.dll+0x401aad]  (no source info available)
V  [jvm.dll+0x869f7d]  (no source info available)
V  [jvm.dll+0x6e080d]  (no source info available)
C  [ucrtbase.dll+0x2cd30]  (no source info available)
C  [KERNEL32.DLL+0x2e957]  (no source info available)
C  [ntdll.dll+0x87c1c]  (no source info available)


---------------  P R O C E S S  ---------------

Threads class SMR info:
_java_thread_list=0x000002396f79e870, length=13, elements={
0x0000023908108e30, 0x00000239299dac00, 0x00000239299dd660, 0x00000239299e3f90,
0x00000239299e4c40, 0x00000239299e5970, 0x00000239299efad0, 0x00000239299f7170,
0x000002396f010090, 0x000002396f1c4430, 0x000002396f3afe40, 0x000002396f79edb0,
0x000002396f2135e0
}

Java Threads: ( => current thread )
  0x0000023908108e30 JavaThread "main"                              [_thread_in_Java, id=28532, stack(0x0000007d86c00000,0x0000007d86d00000) (1024K)]
  0x00000239299dac00 JavaThread "Reference Handler"          daemon [_thread_blocked, id=27052, stack(0x0000007d87400000,0x0000007d87500000) (1024K)]
  0x00000239299dd660 JavaThread "Finalizer"                  daemon [_thread_blocked, id=21716, stack(0x0000007d87500000,0x0000007d87600000) (1024K)]
  0x00000239299e3f90 JavaThread "Signal Dispatcher"          daemon [_thread_blocked, id=26388, stack(0x0000007d87600000,0x0000007d87700000) (1024K)]
  0x00000239299e4c40 JavaThread "Attach Listener"            daemon [_thread_blocked, id=12716, stack(0x0000007d87700000,0x0000007d87800000) (1024K)]
  0x00000239299e5970 JavaThread "Service Thread"             daemon [_thread_blocked, id=11420, stack(0x0000007d87800000,0x0000007d87900000) (1024K)]
  0x00000239299efad0 JavaThread "Monitor Deflation Thread"   daemon [_thread_blocked, id=12232, stack(0x0000007d87900000,0x0000007d87a00000) (1024K)]
=>0x00000239299f7170 JavaThread "C2 CompilerThread0"         daemon [_thread_in_native, id=11128, stack(0x0000007d87a00000,0x0000007d87b00000) (1024K)]
  0x000002396f010090 JavaThread "C1 CompilerThread0"         daemon [_thread_in_native, id=12016, stack(0x0000007d87b00000,0x0000007d87c00000) (1024K)]
  0x000002396f1c4430 JavaThread "Common-Cleaner"             daemon [_thread_blocked, id=25368, stack(0x0000007d87c00000,0x0000007d87d00000) (1024K)]
  0x000002396f3afe40 JavaThread "C2 CompilerThread1"         daemon [_thread_blocked, id=23144, stack(0x0000007d87d00000,0x0000007d87e00000) (1024K)]
  0x000002396f79edb0 JavaThread "Monitor Ctrl-Break"         daemon [_thread_in_native, id=30384, stack(0x0000007d87e00000,0x0000007d87f00000) (1024K)]
  0x000002396f2135e0 JavaThread "Notification Thread"        daemon [_thread_blocked, id=12548, stack(0x0000007d87f00000,0x0000007d88000000) (1024K)]
Total: 13

Other Threads:
  0x00000239299bdc00 VMThread "VM Thread"                           [id=5964, stack(0x0000007d87300000,0x0000007d87400000) (1024K)]
  0x00000239299abd00 WatcherThread "VM Periodic Task Thread"        [id=5236, stack(0x0000007d87200000,0x0000007d87300000) (1024K)]
  0x000002390a509850 WorkerThread "GC Thread#0"                     [id=27680, stack(0x0000007d86d00000,0x0000007d86e00000) (1024K)]
  0x000002390a51b1c0 ConcurrentGCThread "G1 Main Marker"            [id=24644, stack(0x0000007d86e00000,0x0000007d86f00000) (1024K)]
  0x000002390a51dff0 WorkerThread "G1 Conc#0"                       [id=28712, stack(0x0000007d86f00000,0x0000007d87000000) (1024K)]
  0x000002392987c3d0 ConcurrentGCThread "G1 Refine#0"               [id=27764, stack(0x0000007d87000000,0x0000007d87100000) (1024K)]
  0x000002392987ed10 ConcurrentGCThread "G1 Service"                [id=29784, stack(0x0000007d87100000,0x0000007d87200000) (1024K)]
Total: 7

Threads with active compile tasks:
C2 CompilerThread0  805  652       4       java.util.jar.JarFile::getEntry (35 bytes)
C1 CompilerThread0  805  746       3       java.lang.invoke.MemberName::getName (25 bytes)
Total: 2

VM state: not at safepoint (normal execution)

VM Mutex/Monitor currently owned by a thread: None

Heap address: 0x0000000704e00000, size: 4018 MB, Compressed Oops mode: Zero based, Oop shift amount: 3

CDS archive(s) mapped at: [0x000002392a000000-0x000002392ac80000-0x000002392ac80000), size 13107200, SharedBaseAddress: 0x000002392a000000, ArchiveRelocationMode: 1.
Compressed class space mapped at: 0x000002392b000000-0x000002396b000000, reserved size: 1073741824
Narrow klass base: 0x000002392a000000, Narrow klass shift: 0, Narrow klass range: 0x100000000

GC Precious Log:
 CardTable entry size: 512
 Card Set container configuration: InlinePtr #cards 4 size 8 Array Of Cards #cards 16 size 48 Howl #buckets 8 coarsen threshold 3686 Howl Bitmap #cards 512 size 80 coarsen threshold 460 Card regions per heap region 1 cards per card region 4096
 CPUs: 12 total, 12 available
 Memory: 16068M
 Large Page Support: Disabled
 NUMA Support: Disabled
 Compressed Oops: Enabled (Zero based)
 Heap Region Size: 2M
 Heap Min Capacity: 8M
 Heap Initial Capacity: 252M
 Heap Max Capacity: 4018M
 Pre-touch: Disabled
 Parallel Workers: 10
 Concurrent Workers: 3
 Concurrent Refinement Workers: 10
 Periodic GC: Disabled

Heap:
 garbage-first heap   total 258048K, used 12288K [0x0000000704e00000, 0x0000000800000000)
  region size 2048K, 8 young (16384K), 0 survivors (0K)
 Metaspace       used 2490K, committed 2624K, reserved 1114112K
  class space    used 212K, committed 256K, reserved 1048576K

Heap Regions: E=young(eden), S=young(survivor), O=old, HS=humongous(starts), HC=humongous(continues), CS=collection set, F=free, TAMS=top-at-mark-start, PB=parsable bottom
|   0|0x0000000704e00000, 0x0000000704e00000, 0x0000000705000000|  0%| F|  |TAMS 0x0000000704e00000| PB 0x0000000704e00000| Untracked 
|   1|0x0000000705000000, 0x0000000705000000, 0x0000000705200000|  0%| F|  |TAMS 0x0000000705000000| PB 0x0000000705000000| Untracked 
|   2|0x0000000705200000, 0x0000000705200000, 0x0000000705400000|  0%| F|  |TAMS 0x0000000705200000| PB 0x0000000705200000| Untracked 
|   3|0x0000000705400000, 0x0000000705400000, 0x0000000705600000|  0%| F|  |TAMS 0x0000000705400000| PB 0x0000000705400000| Untracked 
|   4|0x0000000705600000, 0x0000000705600000, 0x0000000705800000|  0%| F|  |TAMS 0x0000000705600000| PB 0x0000000705600000| Untracked 
|   5|0x0000000705800000, 0x0000000705800000, 0x0000000705a00000|  0%| F|  |TAMS 0x0000000705800000| PB 0x0000000705800000| Untracked 
|   6|0x0000000705a00000, 0x0000000705a00000, 0x0000000705c00000|  0%| F|  |TAMS 0x0000000705a00000| PB 0x0000000705a00000| Untracked 
|   7|0x0000000705c00000, 0x0000000705c00000, 0x0000000705e00000|  0%| F|  |TAMS 0x0000000705c00000| PB 0x0000000705c00000| Untracked 
|   8|0x0000000705e00000, 0x0000000705e00000, 0x0000000706000000|  0%| F|  |TAMS 0x0000000705e00000| PB 0x0000000705e00000| Untracked 
|   9|0x0000000706000000, 0x0000000706000000, 0x0000000706200000|  0%| F|  |TAMS 0x0000000706000000| PB 0x0000000706000000| Untracked 
|  10|0x0000000706200000, 0x0000000706200000, 0x0000000706400000|  0%| F|  |TAMS 0x0000000706200000| PB 0x0000000706200000| Untracked 
|  11|0x0000000706400000, 0x0000000706400000, 0x0000000706600000|  0%| F|  |TAMS 0x0000000706400000| PB 0x0000000706400000| Untracked 
|  12|0x0000000706600000, 0x0000000706600000, 0x0000000706800000|  0%| F|  |TAMS 0x0000000706600000| PB 0x0000000706600000| Untracked 
|  13|0x0000000706800000, 0x0000000706800000, 0x0000000706a00000|  0%| F|  |TAMS 0x0000000706800000| PB 0x0000000706800000| Untracked 
|  14|0x0000000706a00000, 0x0000000706a00000, 0x0000000706c00000|  0%| F|  |TAMS 0x0000000706a00000| PB 0x0000000706a00000| Untracked 
|  15|0x0000000706c00000, 0x0000000706c00000, 0x0000000706e00000|  0%| F|  |TAMS 0x0000000706c00000| PB 0x0000000706c00000| Untracked 
|  16|0x0000000706e00000, 0x0000000706e00000, 0x0000000707000000|  0%| F|  |TAMS 0x0000000706e00000| PB 0x0000000706e00000| Untracked 
|  17|0x0000000707000000, 0x0000000707000000, 0x0000000707200000|  0%| F|  |TAMS 0x0000000707000000| PB 0x0000000707000000| Untracked 
|  18|0x0000000707200000, 0x0000000707200000, 0x0000000707400000|  0%| F|  |TAMS 0x0000000707200000| PB 0x0000000707200000| Untracked 
|  19|0x0000000707400000, 0x0000000707400000, 0x0000000707600000|  0%| F|  |TAMS 0x0000000707400000| PB 0x0000000707400000| Untracked 
|  20|0x0000000707600000, 0x0000000707600000, 0x0000000707800000|  0%| F|  |TAMS 0x0000000707600000| PB 0x0000000707600000| Untracked 
|  21|0x0000000707800000, 0x0000000707800000, 0x0000000707a00000|  0%| F|  |TAMS 0x0000000707800000| PB 0x0000000707800000| Untracked 
|  22|0x0000000707a00000, 0x0000000707a00000, 0x0000000707c00000|  0%| F|  |TAMS 0x0000000707a00000| PB 0x0000000707a00000| Untracked 
|  23|0x0000000707c00000, 0x0000000707c00000, 0x0000000707e00000|  0%| F|  |TAMS 0x0000000707c00000| PB 0x0000000707c00000| Untracked 
|  24|0x0000000707e00000, 0x0000000707e00000, 0x0000000708000000|  0%| F|  |TAMS 0x0000000707e00000| PB 0x0000000707e00000| Untracked 
|  25|0x0000000708000000, 0x0000000708000000, 0x0000000708200000|  0%| F|  |TAMS 0x0000000708000000| PB 0x0000000708000000| Untracked 
|  26|0x0000000708200000, 0x0000000708200000, 0x0000000708400000|  0%| F|  |TAMS 0x0000000708200000| PB 0x0000000708200000| Untracked 
|  27|0x0000000708400000, 0x0000000708400000, 0x0000000708600000|  0%| F|  |TAMS 0x0000000708400000| PB 0x0000000708400000| Untracked 
|  28|0x0000000708600000, 0x0000000708600000, 0x0000000708800000|  0%| F|  |TAMS 0x0000000708600000| PB 0x0000000708600000| Untracked 
|  29|0x0000000708800000, 0x0000000708800000, 0x0000000708a00000|  0%| F|  |TAMS 0x0000000708800000| PB 0x0000000708800000| Untracked 
|  30|0x0000000708a00000, 0x0000000708a00000, 0x0000000708c00000|  0%| F|  |TAMS 0x0000000708a00000| PB 0x0000000708a00000| Untracked 
|  31|0x0000000708c00000, 0x0000000708c00000, 0x0000000708e00000|  0%| F|  |TAMS 0x0000000708c00000| PB 0x0000000708c00000| Untracked 
|  32|0x0000000708e00000, 0x0000000708e00000, 0x0000000709000000|  0%| F|  |TAMS 0x0000000708e00000| PB 0x0000000708e00000| Untracked 
|  33|0x0000000709000000, 0x0000000709000000, 0x0000000709200000|  0%| F|  |TAMS 0x0000000709000000| PB 0x0000000709000000| Untracked 
|  34|0x0000000709200000, 0x0000000709200000, 0x0000000709400000|  0%| F|  |TAMS 0x0000000709200000| PB 0x0000000709200000| Untracked 
|  35|0x0000000709400000, 0x0000000709400000, 0x0000000709600000|  0%| F|  |TAMS 0x0000000709400000| PB 0x0000000709400000| Untracked 
|  36|0x0000000709600000, 0x0000000709600000, 0x0000000709800000|  0%| F|  |TAMS 0x0000000709600000| PB 0x0000000709600000| Untracked 
|  37|0x0000000709800000, 0x0000000709800000, 0x0000000709a00000|  0%| F|  |TAMS 0x0000000709800000| PB 0x0000000709800000| Untracked 
|  38|0x0000000709a00000, 0x0000000709a00000, 0x0000000709c00000|  0%| F|  |TAMS 0x0000000709a00000| PB 0x0000000709a00000| Untracked 
|  39|0x0000000709c00000, 0x0000000709c00000, 0x0000000709e00000|  0%| F|  |TAMS 0x0000000709c00000| PB 0x0000000709c00000| Untracked 
|  40|0x0000000709e00000, 0x0000000709e00000, 0x000000070a000000|  0%| F|  |TAMS 0x0000000709e00000| PB 0x0000000709e00000| Untracked 
|  41|0x000000070a000000, 0x000000070a000000, 0x000000070a200000|  0%| F|  |TAMS 0x000000070a000000| PB 0x000000070a000000| Untracked 
|  42|0x000000070a200000, 0x000000070a200000, 0x000000070a400000|  0%| F|  |TAMS 0x000000070a200000| PB 0x000000070a200000| Untracked 
|  43|0x000000070a400000, 0x000000070a400000, 0x000000070a600000|  0%| F|  |TAMS 0x000000070a400000| PB 0x000000070a400000| Untracked 
|  44|0x000000070a600000, 0x000000070a600000, 0x000000070a800000|  0%| F|  |TAMS 0x000000070a600000| PB 0x000000070a600000| Untracked 
|  45|0x000000070a800000, 0x000000070a800000, 0x000000070aa00000|  0%| F|  |TAMS 0x000000070a800000| PB 0x000000070a800000| Untracked 
|  46|0x000000070aa00000, 0x000000070aa00000, 0x000000070ac00000|  0%| F|  |TAMS 0x000000070aa00000| PB 0x000000070aa00000| Untracked 
|  47|0x000000070ac00000, 0x000000070ac00000, 0x000000070ae00000|  0%| F|  |TAMS 0x000000070ac00000| PB 0x000000070ac00000| Untracked 
|  48|0x000000070ae00000, 0x000000070ae00000, 0x000000070b000000|  0%| F|  |TAMS 0x000000070ae00000| PB 0x000000070ae00000| Untracked 
|  49|0x000000070b000000, 0x000000070b000000, 0x000000070b200000|  0%| F|  |TAMS 0x000000070b000000| PB 0x000000070b000000| Untracked 
|  50|0x000000070b200000, 0x000000070b200000, 0x000000070b400000|  0%| F|  |TAMS 0x000000070b200000| PB 0x000000070b200000| Untracked 
|  51|0x000000070b400000, 0x000000070b400000, 0x000000070b600000|  0%| F|  |TAMS 0x000000070b400000| PB 0x000000070b400000| Untracked 
|  52|0x000000070b600000, 0x000000070b600000, 0x000000070b800000|  0%| F|  |TAMS 0x000000070b600000| PB 0x000000070b600000| Untracked 
|  53|0x000000070b800000, 0x000000070b800000, 0x000000070ba00000|  0%| F|  |TAMS 0x000000070b800000| PB 0x000000070b800000| Untracked 
|  54|0x000000070ba00000, 0x000000070ba00000, 0x000000070bc00000|  0%| F|  |TAMS 0x000000070ba00000| PB 0x000000070ba00000| Untracked 
|  55|0x000000070bc00000, 0x000000070bc00000, 0x000000070be00000|  0%| F|  |TAMS 0x000000070bc00000| PB 0x000000070bc00000| Untracked 
|  56|0x000000070be00000, 0x000000070be00000, 0x000000070c000000|  0%| F|  |TAMS 0x000000070be00000| PB 0x000000070be00000| Untracked 
|  57|0x000000070c000000, 0x000000070c000000, 0x000000070c200000|  0%| F|  |TAMS 0x000000070c000000| PB 0x000000070c000000| Untracked 
|  58|0x000000070c200000, 0x000000070c200000, 0x000000070c400000|  0%| F|  |TAMS 0x000000070c200000| PB 0x000000070c200000| Untracked 
|  59|0x000000070c400000, 0x000000070c400000, 0x000000070c600000|  0%| F|  |TAMS 0x000000070c400000| PB 0x000000070c400000| Untracked 
|  60|0x000000070c600000, 0x000000070c600000, 0x000000070c800000|  0%| F|  |TAMS 0x000000070c600000| PB 0x000000070c600000| Untracked 
|  61|0x000000070c800000, 0x000000070c800000, 0x000000070ca00000|  0%| F|  |TAMS 0x000000070c800000| PB 0x000000070c800000| Untracked 
|  62|0x000000070ca00000, 0x000000070ca00000, 0x000000070cc00000|  0%| F|  |TAMS 0x000000070ca00000| PB 0x000000070ca00000| Untracked 
|  63|0x000000070cc00000, 0x000000070cc00000, 0x000000070ce00000|  0%| F|  |TAMS 0x000000070cc00000| PB 0x000000070cc00000| Untracked 
|  64|0x000000070ce00000, 0x000000070ce00000, 0x000000070d000000|  0%| F|  |TAMS 0x000000070ce00000| PB 0x000000070ce00000| Untracked 
|  65|0x000000070d000000, 0x000000070d000000, 0x000000070d200000|  0%| F|  |TAMS 0x000000070d000000| PB 0x000000070d000000| Untracked 
|  66|0x000000070d200000, 0x000000070d200000, 0x000000070d400000|  0%| F|  |TAMS 0x000000070d200000| PB 0x000000070d200000| Untracked 
|  67|0x000000070d400000, 0x000000070d400000, 0x000000070d600000|  0%| F|  |TAMS 0x000000070d400000| PB 0x000000070d400000| Untracked 
|  68|0x000000070d600000, 0x000000070d600000, 0x000000070d800000|  0%| F|  |TAMS 0x000000070d600000| PB 0x000000070d600000| Untracked 
|  69|0x000000070d800000, 0x000000070d800000, 0x000000070da00000|  0%| F|  |TAMS 0x000000070d800000| PB 0x000000070d800000| Untracked 
|  70|0x000000070da00000, 0x000000070da00000, 0x000000070dc00000|  0%| F|  |TAMS 0x000000070da00000| PB 0x000000070da00000| Untracked 
|  71|0x000000070dc00000, 0x000000070dc00000, 0x000000070de00000|  0%| F|  |TAMS 0x000000070dc00000| PB 0x000000070dc00000| Untracked 
|  72|0x000000070de00000, 0x000000070de00000, 0x000000070e000000|  0%| F|  |TAMS 0x000000070de00000| PB 0x000000070de00000| Untracked 
|  73|0x000000070e000000, 0x000000070e000000, 0x000000070e200000|  0%| F|  |TAMS 0x000000070e000000| PB 0x000000070e000000| Untracked 
|  74|0x000000070e200000, 0x000000070e200000, 0x000000070e400000|  0%| F|  |TAMS 0x000000070e200000| PB 0x000000070e200000| Untracked 
|  75|0x000000070e400000, 0x000000070e400000, 0x000000070e600000|  0%| F|  |TAMS 0x000000070e400000| PB 0x000000070e400000| Untracked 
|  76|0x000000070e600000, 0x000000070e600000, 0x000000070e800000|  0%| F|  |TAMS 0x000000070e600000| PB 0x000000070e600000| Untracked 
|  77|0x000000070e800000, 0x000000070e800000, 0x000000070ea00000|  0%| F|  |TAMS 0x000000070e800000| PB 0x000000070e800000| Untracked 
|  78|0x000000070ea00000, 0x000000070ea00000, 0x000000070ec00000|  0%| F|  |TAMS 0x000000070ea00000| PB 0x000000070ea00000| Untracked 
|  79|0x000000070ec00000, 0x000000070ec00000, 0x000000070ee00000|  0%| F|  |TAMS 0x000000070ec00000| PB 0x000000070ec00000| Untracked 
|  80|0x000000070ee00000, 0x000000070ee00000, 0x000000070f000000|  0%| F|  |TAMS 0x000000070ee00000| PB 0x000000070ee00000| Untracked 
|  81|0x000000070f000000, 0x000000070f000000, 0x000000070f200000|  0%| F|  |TAMS 0x000000070f000000| PB 0x000000070f000000| Untracked 
|  82|0x000000070f200000, 0x000000070f200000, 0x000000070f400000|  0%| F|  |TAMS 0x000000070f200000| PB 0x000000070f200000| Untracked 
|  83|0x000000070f400000, 0x000000070f400000, 0x000000070f600000|  0%| F|  |TAMS 0x000000070f400000| PB 0x000000070f400000| Untracked 
|  84|0x000000070f600000, 0x000000070f600000, 0x000000070f800000|  0%| F|  |TAMS 0x000000070f600000| PB 0x000000070f600000| Untracked 
|  85|0x000000070f800000, 0x000000070f800000, 0x000000070fa00000|  0%| F|  |TAMS 0x000000070f800000| PB 0x000000070f800000| Untracked 
|  86|0x000000070fa00000, 0x000000070fa00000, 0x000000070fc00000|  0%| F|  |TAMS 0x000000070fa00000| PB 0x000000070fa00000| Untracked 
|  87|0x000000070fc00000, 0x000000070fc00000, 0x000000070fe00000|  0%| F|  |TAMS 0x000000070fc00000| PB 0x000000070fc00000| Untracked 
|  88|0x000000070fe00000, 0x000000070fe00000, 0x0000000710000000|  0%| F|  |TAMS 0x000000070fe00000| PB 0x000000070fe00000| Untracked 
|  89|0x0000000710000000, 0x0000000710000000, 0x0000000710200000|  0%| F|  |TAMS 0x0000000710000000| PB 0x0000000710000000| Untracked 
|  90|0x0000000710200000, 0x0000000710200000, 0x0000000710400000|  0%| F|  |TAMS 0x0000000710200000| PB 0x0000000710200000| Untracked 
|  91|0x0000000710400000, 0x0000000710400000, 0x0000000710600000|  0%| F|  |TAMS 0x0000000710400000| PB 0x0000000710400000| Untracked 
|  92|0x0000000710600000, 0x0000000710600000, 0x0000000710800000|  0%| F|  |TAMS 0x0000000710600000| PB 0x0000000710600000| Untracked 
|  93|0x0000000710800000, 0x0000000710800000, 0x0000000710a00000|  0%| F|  |TAMS 0x0000000710800000| PB 0x0000000710800000| Untracked 
|  94|0x0000000710a00000, 0x0000000710a00000, 0x0000000710c00000|  0%| F|  |TAMS 0x0000000710a00000| PB 0x0000000710a00000| Untracked 
|  95|0x0000000710c00000, 0x0000000710c00000, 0x0000000710e00000|  0%| F|  |TAMS 0x0000000710c00000| PB 0x0000000710c00000| Untracked 
|  96|0x0000000710e00000, 0x0000000710e00000, 0x0000000711000000|  0%| F|  |TAMS 0x0000000710e00000| PB 0x0000000710e00000| Untracked 
|  97|0x0000000711000000, 0x0000000711000000, 0x0000000711200000|  0%| F|  |TAMS 0x0000000711000000| PB 0x0000000711000000| Untracked 
|  98|0x0000000711200000, 0x0000000711200000, 0x0000000711400000|  0%| F|  |TAMS 0x0000000711200000| PB 0x0000000711200000| Untracked 
|  99|0x0000000711400000, 0x0000000711400000, 0x0000000711600000|  0%| F|  |TAMS 0x0000000711400000| PB 0x0000000711400000| Untracked 
| 100|0x0000000711600000, 0x0000000711600000, 0x0000000711800000|  0%| F|  |TAMS 0x0000000711600000| PB 0x0000000711600000| Untracked 
| 101|0x0000000711800000, 0x0000000711800000, 0x0000000711a00000|  0%| F|  |TAMS 0x0000000711800000| PB 0x0000000711800000| Untracked 
| 102|0x0000000711a00000, 0x0000000711a00000, 0x0000000711c00000|  0%| F|  |TAMS 0x0000000711a00000| PB 0x0000000711a00000| Untracked 
| 103|0x0000000711c00000, 0x0000000711c00000, 0x0000000711e00000|  0%| F|  |TAMS 0x0000000711c00000| PB 0x0000000711c00000| Untracked 
| 104|0x0000000711e00000, 0x0000000711e00000, 0x0000000712000000|  0%| F|  |TAMS 0x0000000711e00000| PB 0x0000000711e00000| Untracked 
| 105|0x0000000712000000, 0x0000000712000000, 0x0000000712200000|  0%| F|  |TAMS 0x0000000712000000| PB 0x0000000712000000| Untracked 
| 106|0x0000000712200000, 0x0000000712200000, 0x0000000712400000|  0%| F|  |TAMS 0x0000000712200000| PB 0x0000000712200000| Untracked 
| 107|0x0000000712400000, 0x0000000712400000, 0x0000000712600000|  0%| F|  |TAMS 0x0000000712400000| PB 0x0000000712400000| Untracked 
| 108|0x0000000712600000, 0x0000000712600000, 0x0000000712800000|  0%| F|  |TAMS 0x0000000712600000| PB 0x0000000712600000| Untracked 
| 109|0x0000000712800000, 0x0000000712800000, 0x0000000712a00000|  0%| F|  |TAMS 0x0000000712800000| PB 0x0000000712800000| Untracked 
| 110|0x0000000712a00000, 0x0000000712a00000, 0x0000000712c00000|  0%| F|  |TAMS 0x0000000712a00000| PB 0x0000000712a00000| Untracked 
| 111|0x0000000712c00000, 0x0000000712c00000, 0x0000000712e00000|  0%| F|  |TAMS 0x0000000712c00000| PB 0x0000000712c00000| Untracked 
| 112|0x0000000712e00000, 0x0000000712e00000, 0x0000000713000000|  0%| F|  |TAMS 0x0000000712e00000| PB 0x0000000712e00000| Untracked 
| 113|0x0000000713000000, 0x0000000713000000, 0x0000000713200000|  0%| F|  |TAMS 0x0000000713000000| PB 0x0000000713000000| Untracked 
| 114|0x0000000713200000, 0x0000000713200000, 0x0000000713400000|  0%| F|  |TAMS 0x0000000713200000| PB 0x0000000713200000| Untracked 
| 115|0x0000000713400000, 0x0000000713400000, 0x0000000713600000|  0%| F|  |TAMS 0x0000000713400000| PB 0x0000000713400000| Untracked 
| 116|0x0000000713600000, 0x0000000713600000, 0x0000000713800000|  0%| F|  |TAMS 0x0000000713600000| PB 0x0000000713600000| Untracked 
| 117|0x0000000713800000, 0x0000000713800000, 0x0000000713a00000|  0%| F|  |TAMS 0x0000000713800000| PB 0x0000000713800000| Untracked 
| 118|0x0000000713a00000, 0x0000000713b52b08, 0x0000000713c00000| 66%| E|  |TAMS 0x0000000713a00000| PB 0x0000000713a00000| Complete 
| 119|0x0000000713c00000, 0x0000000713e00000, 0x0000000713e00000|100%| E|CS|TAMS 0x0000000713c00000| PB 0x0000000713c00000| Complete 
| 120|0x0000000713e00000, 0x0000000714000000, 0x0000000714000000|100%| E|CS|TAMS 0x0000000713e00000| PB 0x0000000713e00000| Complete 
| 121|0x0000000714000000, 0x0000000714200000, 0x0000000714200000|100%| E|  |TAMS 0x0000000714000000| PB 0x0000000714000000| Complete 
| 122|0x0000000714200000, 0x0000000714400000, 0x0000000714400000|100%| E|CS|TAMS 0x0000000714200000| PB 0x0000000714200000| Complete 
| 123|0x0000000714400000, 0x0000000714600000, 0x0000000714600000|100%| E|CS|TAMS 0x0000000714400000| PB 0x0000000714400000| Complete 
| 124|0x0000000714600000, 0x0000000714800000, 0x0000000714800000|100%| E|CS|TAMS 0x0000000714600000| PB 0x0000000714600000| Complete 
| 125|0x0000000714800000, 0x0000000714a00000, 0x0000000714a00000|100%| E|CS|TAMS 0x0000000714800000| PB 0x0000000714800000| Complete 

Card table byte_map: [0x00000239228d0000,0x00000239230b0000] _byte_map_base: 0x000002391f0a9000

Marking Bits: (CMBitMap*) 0x000002390a509f50
 Bits: [0x00000239230b0000, 0x0000023926f78000)

Polling page: 0x0000023908290000

Metaspace:

Usage:
  Non-class:      2.25 MB used.
      Class:    215.11 KB used.
       Both:      2.46 MB used.

Virtual space:
  Non-class space:       64.00 MB reserved,       2.38 MB (  4%) committed,  1 nodes.
      Class space:        1.00 GB reserved,     256.00 KB ( <1%) committed,  1 nodes.
             Both:        1.06 GB reserved,       2.62 MB ( <1%) committed. 

Chunk freelists:
   Non-Class:  11.35 MB
       Class:  15.64 MB
        Both:  26.99 MB

MaxMetaspaceSize: unlimited
CompressedClassSpaceSize: 1.00 GB
Initial GC threshold: 21.00 MB
Current GC threshold: 21.00 MB
CDS: on
 - commit_granule_bytes: 65536.
 - commit_granule_words: 8192.
 - virtual_space_node_default_size: 8388608.
 - enlarge_chunks_in_place: 1.
 - use_allocation_guard: 0.


Internal statistics:

num_allocs_failed_limit: 0.
num_arena_births: 88.
num_arena_deaths: 0.
num_vsnodes_births: 2.
num_vsnodes_deaths: 0.
num_space_committed: 42.
num_space_uncommitted: 0.
num_chunks_returned_to_freelist: 0.
num_chunks_taken_from_freelist: 151.
num_chunk_merges: 0.
num_chunk_splits: 87.
num_chunks_enlarged: 29.
num_inconsistent_stats: 0.

CodeHeap 'non-profiled nmethods': size=120000Kb used=310Kb max_used=310Kb free=119689Kb
 bounds [0x000002391a670000, 0x000002391a8e0000, 0x0000023921ba0000]
CodeHeap 'profiled nmethods': size=120000Kb used=1174Kb max_used=1174Kb free=118825Kb
 bounds [0x0000023912ba0000, 0x0000023912e10000, 0x000002391a0d0000]
CodeHeap 'non-nmethods': size=5760Kb used=1289Kb max_used=1291Kb free=4470Kb
 bounds [0x000002391a0d0000, 0x000002391a340000, 0x000002391a670000]
CodeCache: size=245760Kb, used=2773Kb, max_used=2775Kb, free=242984Kb
 total_blobs=1203, nmethods=759, adapters=347, full_count=0
Compilation: enabled, stopped_count=0, restarted_count=0

Compilation events (20 events):
Event: 0.773 Thread 0x000002396f010090 nmethod 661 0x000002391a6b2b10 code [0x000002391a6b2ca0, 0x000002391a6b2d70]
Event: 0.773 Thread 0x000002396f010090  665       3       java.lang.Number::<init> (5 bytes)
Event: 0.774 Thread 0x000002396f010090 nmethod 665 0x0000023912c9d690 code [0x0000023912c9d840, 0x0000023912c9d9a8]
Event: 0.774 Thread 0x000002396f010090  664   !   3       java.lang.invoke.MemberName::clone (14 bytes)
Event: 0.774 Thread 0x000002396f010090 nmethod 664 0x0000023912c9da90 code [0x0000023912c9dc60, 0x0000023912c9dfb8]
Event: 0.774 Thread 0x000002396f3afe40 nmethod 639 0x000002391a6b2e10 code [0x000002391a6b2fe0, 0x000002391a6b3738]
Event: 0.774 Thread 0x000002396f010090  667       3       java.lang.invoke.LambdaForm$BasicType::basicType (187 bytes)
Event: 0.774 Thread 0x000002396f3afe40  651       4       java.lang.StringLatin1::replace (198 bytes)
Event: 0.775 Thread 0x000002396f010090 nmethod 667 0x0000023912c9e110 code [0x0000023912c9e3c0, 0x0000023912c9ee08]
Event: 0.775 Thread 0x000002396f010090  666       3       java.lang.Long::<init> (10 bytes)
Event: 0.775 Thread 0x000002396f010090 nmethod 666 0x0000023912c9f090 code [0x0000023912c9f240, 0x0000023912c9f408]
Event: 0.775 Thread 0x000002396f010090  669       3       java.lang.invoke.LambdaForm$BasicType::basicType (8 bytes)
Event: 0.776 Thread 0x000002396f010090 nmethod 669 0x0000023912c9f510 code [0x0000023912c9f6e0, 0x0000023912c9f920]
Event: 0.776 Thread 0x000002396f010090  670       3       sun.invoke.util.Wrapper::basicTypeChar (18 bytes)
Event: 0.776 Thread 0x000002396f010090 nmethod 670 0x0000023912c9fa90 code [0x0000023912c9fc40, 0x0000023912c9fe10]
Event: 0.776 Thread 0x000002396f010090  674       3       java.lang.invoke.LambdaForm::argument (27 bytes)
Event: 0.776 Thread 0x000002396f010090 nmethod 674 0x0000023912c9ff10 code [0x0000023912ca00e0, 0x0000023912ca0350]
Event: 0.776 Thread 0x000002396f010090  672       3       java.lang.reflect.Modifier::isStatic (13 bytes)
Event: 0.777 Thread 0x000002396f010090 nmethod 672 0x0000023912ca0490 code [0x0000023912ca0620, 0x0000023912ca0760]
Event: 0.777 Thread 0x000002396f010090  675       3       jdk.internal.org.objectweb.asm.ByteVector::put12 (64 bytes)

GC Heap History (0 events):
No events

Dll operation events (9 events):
Event: 0.021 Loaded shared library C:\Users\bbatc\.jdks\ms-21.0.9\bin\java.dll
Event: 0.065 Loaded shared library C:\Users\bbatc\.jdks\ms-21.0.9\bin\jsvml.dll
Event: 0.321 Loaded shared library C:\Users\bbatc\.jdks\ms-21.0.9\bin\zip.dll
Event: 0.329 Loaded shared library C:\Users\bbatc\.jdks\ms-21.0.9\bin\instrument.dll
Event: 0.343 Loaded shared library C:\Users\bbatc\.jdks\ms-21.0.9\bin\net.dll
Event: 0.349 Loaded shared library C:\Users\bbatc\.jdks\ms-21.0.9\bin\nio.dll
Event: 0.356 Loaded shared library C:\Users\bbatc\.jdks\ms-21.0.9\bin\zip.dll
Event: 0.573 Loaded shared library C:\Users\bbatc\.jdks\ms-21.0.9\bin\extnet.dll
Event: 0.656 Loaded shared library C:\Users\bbatc\.jdks\ms-21.0.9\bin\jimage.dll

Deoptimization events (20 events):
Event: 0.551 Thread 0x0000023908108e30 DEOPT PACKING pc=0x000002391a68a3bc sp=0x0000007d86cfe000
Event: 0.551 Thread 0x0000023908108e30 DEOPT UNPACKING pc=0x000002391a124422 sp=0x0000007d86cfdf90 mode 2
Event: 0.562 Thread 0x0000023908108e30 Uncommon trap: trap_request=0xffffff45 fr.pc=0x000002391a672064 relative=0x00000000000000c4
Event: 0.562 Thread 0x0000023908108e30 Uncommon trap: reason=unstable_if action=reinterpret pc=0x000002391a672064 method=java.lang.String.isLatin1()Z @ 10 c2
Event: 0.562 Thread 0x0000023908108e30 DEOPT PACKING pc=0x000002391a672064 sp=0x0000007d86cfed00
Event: 0.562 Thread 0x0000023908108e30 DEOPT UNPACKING pc=0x000002391a124422 sp=0x0000007d86cfec40 mode 2
Event: 0.658 Thread 0x0000023908108e30 Uncommon trap: trap_request=0xffffff45 fr.pc=0x000002391a6a1388 relative=0x00000000000002c8
Event: 0.658 Thread 0x0000023908108e30 Uncommon trap: reason=unstable_if action=reinterpret pc=0x000002391a6a1388 method=jdk.internal.loader.URLClassPath.getLoader(I)Ljdk/internal/loader/URLClassPath$Loader; @ 19 c2
Event: 0.658 Thread 0x0000023908108e30 DEOPT PACKING pc=0x000002391a6a1388 sp=0x0000007d86cfdfc0
Event: 0.659 Thread 0x0000023908108e30 DEOPT UNPACKING pc=0x000002391a124422 sp=0x0000007d86cfdf58 mode 2
Event: 0.661 Thread 0x0000023908108e30 Uncommon trap: trap_request=0xffffff45 fr.pc=0x000002391a6a3b88 relative=0x0000000000000068
Event: 0.661 Thread 0x0000023908108e30 Uncommon trap: reason=unstable_if action=reinterpret pc=0x000002391a6a3b88 method=java.util.jar.JarFile.checkForSpecialAttributes()V @ 4 c2
Event: 0.661 Thread 0x0000023908108e30 DEOPT PACKING pc=0x000002391a6a3b88 sp=0x0000007d86cfdf60
Event: 0.661 Thread 0x0000023908108e30 DEOPT UNPACKING pc=0x000002391a124422 sp=0x0000007d86cfdec8 mode 2
Event: 0.746 Thread 0x0000023908108e30 Uncommon trap: trap_request=0xffffff6e fr.pc=0x000002391a6a1c84 relative=0x0000000000000164
Event: 0.746 Thread 0x0000023908108e30 Uncommon trap: reason=loop_limit_check action=maybe_recompile pc=0x000002391a6a1c84 method=java.lang.StringLatin1.lastIndexOf([BII)I @ 19 c2
Event: 0.746 Thread 0x0000023908108e30 DEOPT PACKING pc=0x000002391a6a1c84 sp=0x0000007d86cfcd60
Event: 0.746 Thread 0x0000023908108e30 DEOPT UNPACKING pc=0x000002391a124422 sp=0x0000007d86cfcce0 mode 2
Event: 0.768 Thread 0x0000023908108e30 DEOPT PACKING pc=0x0000023912bb0dc3 sp=0x0000007d86cfdac0
Event: 0.768 Thread 0x0000023908108e30 DEOPT UNPACKING pc=0x000002391a124bc2 sp=0x0000007d86cfcf60 mode 0

Classes loaded (20 events):
Event: 0.757 Loading class sun/security/provider/PolicyParser$ParsingException
Event: 0.757 Loading class java/security/GeneralSecurityException
Event: 0.757 Loading class java/security/GeneralSecurityException done
Event: 0.757 Loading class sun/security/provider/PolicyParser$ParsingException done
Event: 0.757 Loading class sun/security/provider/PolicyFile$6
Event: 0.757 Loading class sun/security/provider/PolicyFile$6 done
Event: 0.758 Loading class sun/security/provider/PolicyFile$8
Event: 0.758 Loading class sun/security/provider/PolicyFile$8 done
Event: 0.758 Loading class sun/security/provider/PolicyFile$SelfPermission
Event: 0.759 Loading class sun/security/provider/PolicyFile$SelfPermission done
Event: 0.759 Loading class java/net/SocketPermissionCollection
Event: 0.759 Loading class java/net/SocketPermissionCollection done
Event: 0.759 Loading class java/util/PropertyPermissionCollection
Event: 0.760 Loading class java/util/PropertyPermissionCollection done
Event: 0.761 Loading class java/io/FilePermissionCollection
Event: 0.761 Loading class java/io/FilePermissionCollection done
Event: 0.762 Loading class java/security/PermissionsEnumerator
Event: 0.762 Loading class java/security/PermissionsEnumerator done
Event: 0.762 Loading class java/security/AccessControlException
Event: 0.762 Loading class java/security/AccessControlException done

Classes unloaded (0 events):
No events

Classes redefined (0 events):
No events

Internal exceptions (5 events):
Event: 0.553 Thread 0x0000023908108e30 Exception <a 'java/lang/NoSuchMethodError'{0x0000000713fa7018}: 'void java.lang.invoke.DirectMethodHandle$Holder.invokeStatic(java.lang.Object, java.lang.Object, java.lang.Object)'> (0x0000000713fa7018) 
thrown [s\src\hotspot\share\interpreter\linkResolver.cpp, line 773]
Event: 0.559 Thread 0x0000023908108e30 Exception <a 'java/lang/NoSuchMethodError'{0x0000000713fbeb30}: 'java.lang.Object java.lang.invoke.Invokers$Holder.invokeExact_MT(java.lang.Object, java.lang.Object, java.lang.Object, java.lang.Object, java.lang.Object)'> (0x0000000713fbeb30) 
thrown [s\src\hotspot\share\interpreter\linkResolver.cpp, line 773]
Event: 0.575 Thread 0x000002396f79edb0 Exception <a 'java/lang/NoSuchMethodError'{0x0000000713c08b98}: 'void java.lang.invoke.DirectMethodHandle$Holder.invokeStatic(java.lang.Object, java.lang.Object)'> (0x0000000713c08b98) 
thrown [s\src\hotspot\share\interpreter\linkResolver.cpp, line 773]
Event: 0.752 Thread 0x0000023908108e30 Exception <a 'java/lang/ClassNotFoundException'{0x0000000713a2c228}: javax/smartcardio/CardPermission> (0x0000000713a2c228) 
thrown [s\src\hotspot\share\classfile\systemDictionary.cpp, line 312]
Event: 0.757 Thread 0x0000023908108e30 Exception <a 'java/io/FileNotFoundException'{0x0000000713a3a6c8}> (0x0000000713a3a6c8) 
thrown [s\src\hotspot\share\prims\jni.cpp, line 520]

ZGC Phase Switch (0 events):
No events

VM Operations (14 events):
Event: 0.296 Executing VM operation: HandshakeAllThreads (Deoptimize)
Event: 0.296 Executing VM operation: HandshakeAllThreads (Deoptimize) done
Event: 0.566 Executing VM operation: HandshakeAllThreads (Deoptimize)
Event: 0.566 Executing VM operation: HandshakeAllThreads (Deoptimize) done
Event: 0.617 Executing VM operation: HandshakeAllThreads (Deoptimize)
Event: 0.618 Executing VM operation: HandshakeAllThreads (Deoptimize) done
Event: 0.650 Executing VM operation: HandshakeAllThreads (Deoptimize)
Event: 0.650 Executing VM operation: HandshakeAllThreads (Deoptimize) done
Event: 0.660 Executing VM operation: HandshakeAllThreads (Deoptimize)
Event: 0.660 Executing VM operation: HandshakeAllThreads (Deoptimize) done
Event: 0.737 Executing VM operation: HandshakeAllThreads (Deoptimize)
Event: 0.738 Executing VM operation: HandshakeAllThreads (Deoptimize) done
Event: 0.757 Executing VM operation: HandshakeAllThreads (Deoptimize)
Event: 0.757 Executing VM operation: HandshakeAllThreads (Deoptimize) done

Memory protections (0 events):
No events

Nmethod flushes (0 events):
No events

Events (13 events):
Event: 0.040 Thread 0x0000023908108e30 Thread added: 0x0000023908108e30
Event: 0.060 Thread 0x0000023908108e30 Thread added: 0x00000239299dac00
Event: 0.060 Thread 0x0000023908108e30 Thread added: 0x00000239299dd660
Event: 0.060 Thread 0x0000023908108e30 Thread added: 0x00000239299e3f90
Event: 0.060 Thread 0x0000023908108e30 Thread added: 0x00000239299e4c40
Event: 0.060 Thread 0x0000023908108e30 Thread added: 0x00000239299e5970
Event: 0.061 Thread 0x0000023908108e30 Thread added: 0x00000239299efad0
Event: 0.061 Thread 0x0000023908108e30 Thread added: 0x00000239299f7170
Event: 0.061 Thread 0x0000023908108e30 Thread added: 0x000002396f010090
Event: 0.336 Thread 0x0000023908108e30 Thread added: 0x000002396f1c4430
Event: 0.405 Thread 0x000002396f010090 Thread added: 0x000002396f3afe40
Event: 0.562 Thread 0x0000023908108e30 Thread added: 0x000002396f79edb0
Event: 0.562 Thread 0x0000023908108e30 Thread added: 0x000002396f2135e0


Dynamic libraries:
0x00007ff70dd40000 - 0x00007ff70dd4e000 	C:\Users\bbatc\.jdks\ms-21.0.9\bin\java.exe
0x00007fffe80a0000 - 0x00007fffe8306000 	C:\WINDOWS\SYSTEM32\ntdll.dll
0x00007fffe61a0000 - 0x00007fffe6269000 	C:\WINDOWS\System32\KERNEL32.DLL
0x00007fffe5330000 - 0x00007fffe572a000 	C:\WINDOWS\System32\KERNELBASE.dll
0x00007fffe5c10000 - 0x00007fffe5d5c000 	C:\WINDOWS\System32\ucrtbase.dll
0x00007fffdd320000 - 0x00007fffdd338000 	C:\Users\bbatc\.jdks\ms-21.0.9\bin\jli.dll
0x00007fffd5090000 - 0x00007fffd50ae000 	C:\Users\bbatc\.jdks\ms-21.0.9\bin\VCRUNTIME140.dll
0x00007fffe7460000 - 0x00007fffe7627000 	C:\WINDOWS\System32\USER32.dll
0x00007fffe5be0000 - 0x00007fffe5c07000 	C:\WINDOWS\System32\win32u.dll
0x00007fffe7fa0000 - 0x00007fffe7fcb000 	C:\WINDOWS\System32\GDI32.dll
0x00007fffe5730000 - 0x00007fffe585b000 	C:\WINDOWS\System32\gdi32full.dll
0x00007fffc59b0000 - 0x00007fffc5c42000 	C:\WINDOWS\WinSxS\amd64_microsoft.windows.common-controls_6595b64144ccf1df_6.0.26100.8521_none_3e08b75ce33403b3\COMCTL32.dll
0x00007fffe5d60000 - 0x00007fffe5e03000 	C:\WINDOWS\System32\msvcp_win.dll
0x00007fffe6790000 - 0x00007fffe6839000 	C:\WINDOWS\System32\msvcrt.dll
0x00007fffe6270000 - 0x00007fffe62a2000 	C:\WINDOWS\System32\IMM32.DLL
0x00007fffdd240000 - 0x00007fffdd24c000 	C:\Users\bbatc\.jdks\ms-21.0.9\bin\vcruntime140_1.dll
0x00007fffac1b0000 - 0x00007fffac239000 	C:\Users\bbatc\.jdks\ms-21.0.9\bin\msvcp140.dll
0x00007fff24c90000 - 0x00007fff25a3d000 	C:\Users\bbatc\.jdks\ms-21.0.9\bin\server\jvm.dll
0x00007fffe6620000 - 0x00007fffe66d6000 	C:\WINDOWS\System32\ADVAPI32.dll
0x00007fffe66e0000 - 0x00007fffe678a000 	C:\WINDOWS\System32\sechost.dll
0x00007fffe78a0000 - 0x00007fffe79b8000 	C:\WINDOWS\System32\RPCRT4.dll
0x00007fffe7c40000 - 0x00007fffe7cc0000 	C:\WINDOWS\System32\WS2_32.dll
0x00007fffe5190000 - 0x00007fffe51ee000 	C:\WINDOWS\SYSTEM32\POWRPROF.dll
0x00007fffdd450000 - 0x00007fffdd486000 	C:\WINDOWS\SYSTEM32\WINMM.dll
0x00007fffc5310000 - 0x00007fffc531b000 	C:\WINDOWS\SYSTEM32\VERSION.dll
0x00007fffe5170000 - 0x00007fffe5184000 	C:\WINDOWS\SYSTEM32\UMPDC.dll
0x00007fffe40c0000 - 0x00007fffe40db000 	C:\WINDOWS\SYSTEM32\kernel.appcore.dll
0x00007fffd5060000 - 0x00007fffd506a000 	C:\Users\bbatc\.jdks\ms-21.0.9\bin\jimage.dll
0x00007fffe2a20000 - 0x00007fffe2c62000 	C:\WINDOWS\SYSTEM32\DBGHELP.DLL
0x00007fffe5e10000 - 0x00007fffe6193000 	C:\WINDOWS\System32\combase.dll
0x00007fffe7ac0000 - 0x00007fffe7b99000 	C:\WINDOWS\System32\OLEAUT32.dll
0x00007fffdd410000 - 0x00007fffdd44b000 	C:\WINDOWS\SYSTEM32\dbgcore.DLL
0x00007fffe5a70000 - 0x00007fffe5b18000 	C:\WINDOWS\System32\bcryptPrimitives.dll
0x00007fffd5050000 - 0x00007fffd5060000 	C:\Users\bbatc\.jdks\ms-21.0.9\bin\instrument.dll
0x00007fffa7340000 - 0x00007fffa7361000 	C:\Users\bbatc\.jdks\ms-21.0.9\bin\java.dll
0x00007fffe6cd0000 - 0x00007fffe7454000 	C:\WINDOWS\System32\SHELL32.dll
0x00007fffe2ef0000 - 0x00007fffe3770000 	C:\WINDOWS\SYSTEM32\windows.storage.dll
0x00007fffe79c0000 - 0x00007fffe7ab6000 	C:\WINDOWS\System32\SHCORE.dll
0x00007fffe7fe0000 - 0x00007fffe8047000 	C:\WINDOWS\System32\shlwapi.dll
0x00007fffe5250000 - 0x00007fffe5279000 	C:\WINDOWS\SYSTEM32\profapi.dll
0x00007fff873f0000 - 0x00007fff874c6000 	C:\Users\bbatc\.jdks\ms-21.0.9\bin\jsvml.dll
0x00007fff99ab0000 - 0x00007fff99ac8000 	C:\Users\bbatc\.jdks\ms-21.0.9\bin\zip.dll
0x00007fffac120000 - 0x00007fffac131000 	C:\Users\bbatc\.jdks\ms-21.0.9\bin\net.dll
0x00007fffcba20000 - 0x00007fffcbb49000 	C:\WINDOWS\SYSTEM32\WINHTTP.dll
0x00007fffe4630000 - 0x00007fffe469c000 	C:\WINDOWS\system32\mswsock.dll
0x00007fff99ad0000 - 0x00007fff99ae6000 	C:\Users\bbatc\.jdks\ms-21.0.9\bin\nio.dll
0x00007fffbfe30000 - 0x00007fffbfe39000 	C:\Users\bbatc\.jdks\ms-21.0.9\bin\extnet.dll

JVMTI agents:
C:\Program Files\JetBrains\IntelliJ IDEA Community Edition 2024.3.4.1\lib\idea_rt.jar path:C:\Users\bbatc\.jdks\ms-21.0.9\bin\instrument.dll, loaded, initialized, instrumentlib options:49753

dbghelp: loaded successfully - version: 4.0.5 - missing functions: none
symbol engine: initialized successfully - sym options: 0x614 - pdb path: .;C:\Users\bbatc\.jdks\ms-21.0.9\bin;C:\WINDOWS\SYSTEM32;C:\WINDOWS\WinSxS\amd64_microsoft.windows.common-controls_6595b64144ccf1df_6.0.26100.8521_none_3e08b75ce33403b3;C:\Users\bbatc\.jdks\ms-21.0.9\bin\server

VM Arguments:
jvm_args: -javaagent:C:\Program Files\JetBrains\IntelliJ IDEA Community Edition 2024.3.4.1\lib\idea_rt.jar=49753 -Dfile.encoding=UTF-8 -Dsun.stdout.encoding=UTF-8 -Dsun.stderr.encoding=UTF-8 
java_command: com.yowyob.fleet.FleetManagementApplication
java_class_path (initial): D:\CODEsemestre2\R廥eaux\NewBackendFleet\FleetMan-DES-Backend\target\classes;C:\Users\bbatc\.m2\repository\org\springframework\boot\spring-boot-starter-webflux\3.2.6\spring-boot-starter-webflux-3.2.6.jar;C:\Users\bbatc\.m2\repository\org\springframework\boot\spring-boot-starter\3.2.6\spring-boot-starter-3.2.6.jar;C:\Users\bbatc\.m2\repository\org\springframework\boot\spring-boot-autoconfigure\3.2.6\spring-boot-autoconfigure-3.2.6.jar;C:\Users\bbatc\.m2\repository\org\springframework\boot\spring-boot-starter-logging\3.2.6\spring-boot-starter-logging-3.2.6.jar;C:\Users\bbatc\.m2\repository\ch\qos\logback\logback-classic\1.4.14\logback-classic-1.4.14.jar;C:\Users\bbatc\.m2\repository\ch\qos\logback\logback-core\1.4.14\logback-core-1.4.14.jar;C:\Users\bbatc\.m2\repository\org\apache\logging\log4j\log4j-to-slf4j\2.21.1\log4j-to-slf4j-2.21.1.jar;C:\Users\bbatc\.m2\repository\org\apache\logging\log4j\log4j-api\2.21.1\log4j-api-2.21.1.jar;C:\Users\bbatc\.m2\repository\org\slf4j\jul-to-slf4j\2.0.13\jul-to-slf4j-2.0.13.jar;C:\Users\bbatc\.m2\repository\jakarta\annotation\jakarta.annotation-api\2.1.1\jakarta.annotation-api-2.1.1.jar;C:\Users\bbatc\.m2\repository\org\springframework\boot\spring-boot-starter-json\3.2.6\spring-boot-starter-json-3.2.6.jar;C:\Users\bbatc\.m2\repository\com\fasterxml\jackson\datatype\jackson-datatype-jdk8\2.15.4\jackson-datatype-jdk8-2.15.4.jar;C:\Users\bbatc\.m2\repository\com\fasterxml\jackson\datatype\jackson-datatype-jsr310\2.15.4\jackson-datatype-jsr310-2.15.4.jar;C:\Users\bbatc\.m2\repository\org\springframework\boot\spring-boot-starter-reactor-netty\3.2.6\spring-boot-starter-reactor-netty-3.2.6.jar;C:\Users\bbatc\.m2\repository\io\projectreactor\netty\reactor-netty-http\1.1.19\reactor-netty-http-1.1.19.jar;C:\Users\bbatc\.m2\repository\io\netty\netty-codec-http\4.1.110.Final\netty-codec-http-4.1.110.Final.jar;C:\Users\bbatc\.m2\repository\io\netty\netty-codec-http2\4.1.110.Final\netty-codec-http2-4.1.110.Final.jar;C:\Users\bbatc\.m2\repository\org\springframework\spring-web\6.1.8\spring-web-6.1.8.jar;C:\Users\bbatc\.m2\repository\org\springframework\spring-beans\6.1.8\spring-beans-6.1.8.jar;C:\Users\bbatc\.m2\repository\org\springframework\spring-webflux\6.1.8\spring-webflux-6.1.8.jar;C:\Users\bbatc\.m2\repository\org\springframework\boot\spring-boot-starter-validation\3.2.6\spring-boot-starter-validation-3.2.6.jar;C:\Users\bbatc\.m2\repository\org\apache\tomcat\embed\tomcat-embed-el\10.1.24\tomcat-embed-el-10.1.24.jar;C:\Users\bbatc\.m2\repository\org\hibernate\validator\hibernate-validator\8.0.1.Final\hibernate-validator-8.0.1.Final.jar;C:\Users\bbatc\.m2\repository\jakarta\validation\jakarta.validation-api\3.0.2\jakarta.validation-api-3.0.2.jar;C:\Users\bbatc\.m2\repository\org\jboss\logging\jboss-logging\3.5.3.Final\jboss-logging-3.5.3.Final.jar;C:\Users\bbatc\.m2\repository\com\fasterxml\classmate\1.6.0\classmate-1.6.0.jar;C:\Users\bbatc\.m2\repository\org\springframework\boot\spring-boot-starter-actuator\3.2.6\spring-boot-starter-actuator-3.2.6.jar;C:\Users\bbatc\.m2\repository\org\springframework\boot\spring-boot-actuator-autoconfigure\3.2.6\spring-boot-actuator-autoconfigure-3.2.6.jar;C:\Users\bbatc\.m2\repository\org\springframework\boot\spring-boot-actuator\3.2.6\spring-boot-actuator-3.2.6.jar;C:\Users\bbatc\.m2\repository\io\micrometer\micrometer-observation\1.12.6\micrometer-observation-1.12.6.jar;C:\Users\bbatc\.m2\repository\io\micrometer\micrometer-commons\1.12.6\micrometer-commons-1.12.6.jar;C:\Users\bbatc\.m2\repository\io\micrometer\micrometer-jakarta9\1.12.6\micrometer-jakarta9-1.12.6.jar;C:\Users\bbatc\.m2\repository\org\springframework\boot\spring-boot-starter-security\3.2.6\spring-boot-starter-security-3.2.6.jar;C:\Users\bbatc\.m2\repository\org\springframework\spring-aop\6.1.8\spring-aop-6.1.8.jar;C:\Users\bbatc\.m2\repository\org\springframework\security\spring-security-config\6.2.4\spring-security-config-6.2.4.jar;C:\Users\bbatc\.m2\repository\org\springframework\security\spring-security-web\6.2.4\spring-security-web-6.2.4.jar;C:\Users\bbatc\.m2\repository\org\springframework\spring-expression\6.1.8\spring-expression-6.1.8.jar;C:\Users\bbatc\.m2\repository\io\micrometer\micrometer-registry-prometheus\1.12.6\micrometer-registry-prometheus-1.12.6.jar;C:\Users\bbatc\.m2\repository\io\micrometer\micrometer-core\1.12.6\micrometer-core-1.12.6.jar;C:\Users\bbatc\.m2\repository\org\hdrhistogram\HdrHistogram\2.1.12\HdrHistogram-2.1.12.jar;C:\Users\bbatc\.m2\repository\org\latencyutils\LatencyUtils\2.0.3\LatencyUtils-2.0.3.jar;C:\Users\bbatc\.m2\repository\io\prometheus\simpleclient_common\0.16.0\simpleclient_common-0.16.0.jar;C:\Users\bbatc\.m2\repository\io\prometheus\simpleclient\0.16.0\simpleclient-0.16.0.jar;C:\Users\bbatc\.m2\repository\io\prometheus\simpleclient_tracer_otel\0.16.0\simpleclient_tracer_otel-0.16.0.jar;C:\Users\bbatc\.m2\repository\io\prometheus\simpleclient_tracer_common\0.16.0\simpleclient_tracer_common-0.16.0.jar;C:\Users\bbatc\.m2\repository\io\prometheus\simpleclient_tracer_otel_agent\0.16.0\simpleclient_tracer_otel_agent-0.16.0.jar;C:\Users\bbatc\.m2\repository\org\springframework\boot\spring-boot-starter-data-r2dbc\3.2.6\spring-boot-starter-data-r2dbc-3.2.6.jar;C:\Users\bbatc\.m2\repository\org\springframework\data\spring-data-r2dbc\3.2.6\spring-data-r2dbc-3.2.6.jar;C:\Users\bbatc\.m2\repository\org\springframework\data\spring-data-relational\3.2.6\spring-data-relational-3.2.6.jar;C:\Users\bbatc\.m2\repository\com\github\jsqlparser\jsqlparser\4.6\jsqlparser-4.6.jar;C:\Users\bbatc\.m2\repository\org\springframework\data\spring-data-commons\3.2.6\spring-data-commons-3.2.6.jar;C:\Users\bbatc\.m2\repository\org\springframework\spring-r2dbc\6.1.8\spring-r2dbc-6.1.8.jar;C:\Users\bbatc\.m2\repository\org\slf4j\slf4j-api\2.0.13\slf4j-api-2.0.13.jar;C:\Users\bbatc\.m2\repository\io\r2dbc\r2dbc-spi\1.0.0.RELEASE\r2dbc-spi-1.0.0.RELEASE.jar;C:\Users\bbatc\.m2\repository\org\reactivestreams\reactive-streams\1.0.4\reactive-streams-1.0.4.jar;C:\Users\bbatc\.m2\repository\io\r2dbc\r2dbc-pool\1.0.1.RELEASE\r2dbc-pool-1.0.1.RELEASE.jar;C:\Users\bbatc\.m2\repository\io\projectreactor\addons\reactor-pool\1.0.5\reactor-pool-1.0.5.jar;C:\Users\bbatc\.m2\repository\org\postgresql\r2dbc-postgresql\1.0.5.RELEASE\r2dbc-postgresql-1.0.5.RELEASE.jar;C:\Users\bbatc\.m2\repository\com\ongres\scram\client\2.1\client-2.1.jar;C:\Users\bbatc\.m2\repository\com\ongres\scram\common\2.1\common-2.1.jar;C:\Users\bbatc\.m2\repository\com\ongres\stringprep\saslprep\1.1\saslprep-1.1.jar;C:\Users\bbatc\.m2\repository\com\ongres\stringprep\stringprep\1.1\stringprep-1.1.jar;C:\Users\bbatc\.m2\repository\io\projectreactor\reactor-core\3.6.6\reactor-core-3.6.6.jar;C:\Users\bbatc\.m2\repository\io\projectreactor\netty\reactor-netty-core\1.1.19\reactor-netty-core-1.1.19.jar;C:\Users\bbatc\.m2\repository\io\netty\netty-handler\4.1.110.Final\netty-handler-4.1.110.Final.jar;C:\Users\bbatc\.m2\repository\io\netty\netty-resolver\4.1.110.Final\netty-resolver-4.1.110.Final.jar;C:\Users\bbatc\.m2\repository\io\netty\netty-buffer\4.1.110.Final\netty-buffer-4.1.110.Final.jar;C:\Users\bbatc\.m2\repository\io\netty\netty-transport-native-unix-common\4.1.110.Final\netty-transport-native-unix-common-4.1.110.Final.jar;C:\Users\bbatc\.m2\repository\io\netty\netty-codec\4.1.110.Final\netty-codec-4.1.110.Final.jar;C:\Users\bbatc\.m2\repository\io\netty\netty-handler-proxy\4.1.110.Final\netty-handler-proxy-4.1.110.Final.jar;C:\Users\bbatc\.m2\repository\io\netty\netty-codec-socks\4.1.110.Final\netty-codec-socks-4.1.110.Final.jar;C:\Users\bbatc\.m2\repository\io\netty\netty-resolver-dns\4.1.110.Final\netty-resolver-dns-4.1.110.Final.jar;C:\Users\bbatc\.m2\repository\io\netty\netty-codec-dns\4.1.110.Final\netty-codec-dns-4.1.110.Final.jar;C:\Users\bbatc\.m2\repository\io\netty\netty-resolver-dns-native-macos\4.1.110.Final\netty-resolver-dns-native-macos-4.1.110.Final-osx-x86_64.jar;C:\Users\bbatc\.m2\repository\io\netty\netty-resolver-dns-classes-macos\4.1.110.Final\netty-resolver-dns-classes-macos-4.1.110.Final.jar;C:\Users\bbatc\.m2\repository\io\netty\netty-transport-native-epoll\4.1.110.Final\netty-transport-native-epoll-4.1.110.Final-linux-x86_64.jar;C:\Users\bbatc\.m2\repository\io\netty\netty-transport-classes-epoll\4.1.110.Final\netty-transport-classes-epoll-4.1.110.Final.jar;C:\Users\bbatc\.m2\repository\org\springframework\boot\spring-boot-starter-data-redis-reactive\3.2.6\spring-boot-starter-data-redis-reactive-3.2.6.jar;C:\Users\bbatc\.m2\repository\io\lettuce\lettuce-core\6.3.2.RELEASE\lettuce-core-6.3.2.RELEASE.jar;C:\Users\bbatc\.m2\repository\io\netty\netty-common\4.1.110.Final\netty-common-4.1.110.Final.jar;C:\Users\bbatc\.m2\repository\io\netty\netty-transport\4.1.110.Final\netty-transport-4.1.110.Final.jar;C:\Users\bbatc\.m2\repository\org\springframework\data\spring-data-redis\3.2.6\spring-data-redis-3.2.6.jar;C:\Users\bbatc\.m2\repository\org\springframework\data\spring-data-keyvalue\3.2.6\spring-data-keyvalue-3.2.6.jar;C:\Users\bbatc\.m2\repository\org\springframework\spring-oxm\6.1.8\spring-oxm-6.1.8.jar;C:\Users\bbatc\.m2\repository\org\springframework\spring-context-support\6.1.8\spring-context-support-6.1.8.jar;C:\Users\bbatc\.m2\repository\org\liquibase\liquibase-core\4.24.0\liquibase-core-4.24.0.jar;C:\Users\bbatc\.m2\repository\com\opencsv\opencsv\5.8\opencsv-5.8.jar;C:\Users\bbatc\.m2\repository\org\apache\commons\commons-lang3\3.13.0\commons-lang3-3.13.0.jar;C:\Users\bbatc\.m2\repository\org\apache\commons\commons-text\1.10.0\commons-text-1.10.0.jar;C:\Users\bbatc\.m2\repository\org\apache\commons\commons-collections4\4.4\commons-collections4-4.4.jar;C:\Users\bbatc\.m2\repository\org\yaml\snakeyaml\2.2\snakeyaml-2.2.jar;C:\Users\bbatc\.m2\repository\javax\xml\bind\jaxb-api\2.3.1\jaxb-api-2.3.1.jar;C:\Users\bbatc\.m2\repository\org\springframework\boot\spring-boot-starter-jdbc\3.2.6\spring-boot-starter-jdbc-3.2.6.jar;C:\Users\bbatc\.m2\repository\com\zaxxer\HikariCP\5.0.1\HikariCP-5.0.1.jar;C:\Users\bbatc\.m2\repository\org\springframework\spring-jdbc\6.1.8\spring-jdbc-6.1.8.jar;C:\Users\bbatc\.m2\repository\org\postgresql\postgresql\42.6.2\postgresql-42.6.2.jar;C:\Users\bbatc\.m2\repository\org\checkerframework\checker-qual\3.31.0\checker-qual-3.31.0.jar;C:\Users\bbatc\.m2\repository\org\springframework\kafka\spring-kafka\3.1.5\spring-kafka-3.1.5.jar;C:\Users\bbatc\.m2\repository\org\springframework\spring-context\6.1.8\spring-context-6.1.8.jar;C:\Users\bbatc\.m2\repository\org\springframework\spring-messaging\6.1.8\spring-messaging-6.1.8.jar;C:\Users\bbatc\.m2\repository\org\springframework\spring-tx\6.1.8\spring-tx-6.1.8.jar;C:\Users\bbatc\.m2\repository\org\springframework\retry\spring-retry\2.0.6\spring-retry-2.0.6.jar;C:\Users\bbatc\.m2\repository\org\apache\kafka\kafka-clients\3.6.2\kafka-clients-3.6.2.jar;C:\Users\bbatc\.m2\repository\com\github\luben\zstd-jni\1.5.5-1\zstd-jni-1.5.5-1.jar;C:\Users\bbatc\.m2\repository\org\lz4\lz4-java\1.8.0\lz4-java-1.8.0.jar;C:\Users\bbatc\.m2\repository\org\xerial\snappy\snappy-java\1.1.10.5\snappy-java-1.1.10.5.jar;C:\Users\bbatc\.m2\repository\com\google\code\findbugs\jsr305\3.0.2\jsr305-3.0.2.jar;C:\Users\bbatc\.m2\repository\io\projectreactor\kafka\reactor-kafka\1.3.22\reactor-kafka-1.3.22.jar;C:\Users\bbatc\.m2\repository\org\springframework\cloud\spring-cloud-starter-circuitbreaker-reactor-resilience4j\3.1.0\spring-cloud-starter-circuitbreaker-reactor-resilience4j-3.1.0.jar;C:\Users\bbatc\.m2\repository\org\springframework\cloud\spring-cloud-starter\4.1.0\spring-cloud-starter-4.1.0.jar;C:\Users\bbatc\.m2\repository\org\springframework\cloud\spring-cloud-context\4.1.0\spring-cloud-context-4.1.0.jar;C:\Users\bbatc\.m2\repository\org\springframework\cloud\spring-cloud-commons\4.1.0\spring-cloud-commons-4.1.0.jar;C:\Users\bbatc\.m2\repository\org\springframework\security\spring-security-rsa\1.1.1\spring-security-rsa-1.1.1.jar;C:\Users\bbatc\.m2\repository\org\bouncycastle\bcprov-jdk18on\1.74\bcprov-jdk18on-1.74.jar;C:\Users\bbatc\.m2\repository\org\springframework\cloud\spring-cloud-circuitbreaker-resilience4j\3.1.0\spring-cloud-circuitbreaker-resilience4j-3.1.0.jar;C:\Users\bbatc\.m2\repository\io\github\resilience4j\resilience4j-spring-boot3\2.1.0\resilience4j-spring-boot3-2.1.0.jar;C:\Users\bbatc\.m2\repository\io\github\resilience4j\resilience4j-spring6\2.1.0\resilience4j-spring6-2.1.0.jar;C:\Users\bbatc\.m2\repository\io\github\resilience4j\resilience4j-annotations\2.1.0\resilience4j-annotations-2.1.0.jar;C:\Users\bbatc\.m2\repository\io\github\resilience4j\resilience4j-consumer\2.1.0\resilience4j-consumer-2.1.0.jar;C:\Users\bbatc\.m2\repository\io\github\resilience4j\resilience4j-circularbuffer\2.1.0\resilience4j-circularbuffer-2.1.0.jar;C:\Users\bbatc\.m2\repository\io\github\resilience4j\resilience4j-framework-common\2.1.0\resilience4j-framework-common-2.1.0.jar;C:\Users\bbatc\.m2\repository\io\github\resilience4j\resilience4j-micrometer\2.1.0\resilience4j-micrometer-2.1.0.jar;C:\Users\bbatc\.m2\repository\io\github\resilience4j\resilience4j-circuitbreaker\2.1.0\resilience4j-circuitbreaker-2.1.0.jar;C:\Users\bbatc\.m2\repository\io\github\resilience4j\resilience4j-core\2.1.0\resilience4j-core-2.1.0.jar;C:\Users\bbatc\.m2\repository\io\github\resilience4j\resilience4j-timelimiter\2.1.0\resilience4j-timelimiter-2.1.0.jar;C:\Users\bbatc\.m2\repository\io\github\resilience4j\resilience4j-reactor\2.1.0\resilience4j-reactor-2.1.0.jar;C:\Users\bbatc\.m2\repository\io\github\resilience4j\resilience4j-ratelimiter\2.1.0\resilience4j-ratelimiter-2.1.0.jar;C:\Users\bbatc\.m2\repository\io\github\resilience4j\resilience4j-bulkhead\2.1.0\resilience4j-bulkhead-2.1.0.jar;C:\Users\bbatc\.m2\repository\io\github\resilience4j\resilience4j-retry\2.1.0\resilience4j-retry-2.1.0.jar;C:\Users\bbatc\.m2\repository\org\projectlombok\lombok\1.18.34\lombok-1.18.34.jar;C:\Users\bbatc\.m2\repository\org\mapstruct\mapstruct\1.5.5.Final\mapstruct-1.5.5.Final.jar;C:\Users\bbatc\.m2\repository\org\springframework\boot\spring-boot-docker-compose\3.2.6\spring-boot-docker-compose-3.2.6.jar;C:\Users\bbatc\.m2\repository\org\springframework\boot\spring-boot\3.2.6\spring-boot-3.2.6.jar;C:\Users\bbatc\.m2\repository\com\fasterxml\jackson\core\jackson-databind\2.15.4\jackson-databind-2.15.4.jar;C:\Users\bbatc\.m2\repository\com\fasterxml\jackson\core\jackson-annotations\2.15.4\jackson-annotations-2.15.4.jar;C:\Users\bbatc\.m2\repository\com\fasterxml\jackson\core\jackson-core\2.15.4\jackson-core-2.15.4.jar;C:\Users\bbatc\.m2\repository\com\fasterxml\jackson\module\jackson-module-parameter-names\2.15.4\jackson-module-parameter-names-2.15.4.jar;C:\Users\bbatc\.m2\repository\jakarta\xml\bind\jakarta.xml.bind-api\4.0.2\jakarta.xml.bind-api-4.0.2.jar;C:\Users\bbatc\.m2\repository\jakarta\activation\jakarta.activation-api\2.1.3\jakarta.activation-api-2.1.3.jar;C:\Users\bbatc\.m2\repository\org\springframework\spring-core\6.1.8\spring-core-6.1.8.jar;C:\Users\bbatc\.m2\repository\org\springframework\spring-jcl\6.1.8\spring-jcl-6.1.8.jar;C:\Users\bbatc\.m2\repository\org\springframework\security\spring-security-core\6.2.4\spring-security-core-6.2.4.jar;C:\Users\bbatc\.m2\repository\org\springframework\security\spring-security-crypto\6.2.4\spring-security-crypto-6.2.4.jar;C:\Users\bbatc\.m2\repository\org\springdoc\springdoc-openapi-starter-webflux-ui\2.5.0\springdoc-openapi-starter-webflux-ui-2.5.0.jar;C:\Users\bbatc\.m2\repository\org\springdoc\springdoc-openapi-starter-webflux-api\2.5.0\springdoc-openapi-starter-webflux-api-2.5.0.jar;C:\Users\bbatc\.m2\repository\org\springdoc\springdoc-openapi-starter-common\2.5.0\springdoc-openapi-starter-common-2.5.0.jar;C:\Users\bbatc\.m2\repository\io\swagger\core\v3\swagger-core-jakarta\2.2.21\swagger-core-jakarta-2.2.21.jar;C:\Users\bbatc\.m2\repository\io\swagger\core\v3\swagger-annotations-jakarta\2.2.21\swagger-annotations-jakarta-2.2.21.jar;C:\Users\bbatc\.m2\repository\io\swagger\core\v3\swagger-models-jakarta\2.2.21\swagger-models-jakarta-2.2.21.jar;C:\Users\bbatc\.m2\repository\com\fasterxml\jackson\dataformat\jackson-dataformat-yaml\2.15.4\jackson-dataformat-yaml-2.15.4.jar;C:\Users\bbatc\.m2\repository\org\webjars\swagger-ui\5.13.0\swagger-ui-5.13.0.jar
Launcher Type: SUN_STANDARD

[Global flags]
     intx CICompilerCount                          = 4                                         {product} {ergonomic}
     uint ConcGCThreads                            = 3                                         {product} {ergonomic}
     uint G1ConcRefinementThreads                  = 10                                        {product} {ergonomic}
   size_t G1HeapRegionSize                         = 2097152                                   {product} {ergonomic}
    uintx GCDrainStackTargetSize                   = 64                                        {product} {ergonomic}
   size_t InitialHeapSize                          = 264241152                                 {product} {ergonomic}
   size_t MarkStackSize                            = 4194304                                   {product} {ergonomic}
   size_t MaxHeapSize                              = 4213178368                                {product} {ergonomic}
   size_t MaxNewSize                               = 2527068160                                {product} {ergonomic}
   size_t MinHeapDeltaBytes                        = 2097152                                   {product} {ergonomic}
   size_t MinHeapSize                              = 8388608                                   {product} {ergonomic}
    uintx NonNMethodCodeHeapSize                   = 5839372                                {pd product} {ergonomic}
    uintx NonProfiledCodeHeapSize                  = 122909434                              {pd product} {ergonomic}
    uintx ProfiledCodeHeapSize                     = 122909434                              {pd product} {ergonomic}
    uintx ReservedCodeCacheSize                    = 251658240                              {pd product} {ergonomic}
     bool SegmentedCodeCache                       = true                                      {product} {ergonomic}
   size_t SoftMaxHeapSize                          = 4213178368                             {manageable} {ergonomic}
     bool UseCompressedOops                        = true                           {product lp64_product} {ergonomic}
     bool UseG1GC                                  = true                                      {product} {ergonomic}
     bool UseLargePagesIndividualAllocation        = false                                  {pd product} {ergonomic}

Logging:
Log output configuration:
 #0: stdout all=warning uptime,level,tags foldmultilines=false
 #1: stderr all=off uptime,level,tags foldmultilines=false

Release file:
IMPLEMENTOR="Microsoft" 
IMPLEMENTOR_VERSION="Microsoft-12574459" 
JAVA_RUNTIME_VERSION="21.0.9+10-LTS" 
JAVA_VERSION="21.0.9" 
JAVA_VERSION_DATE="2025-10-21" 
LIBC="default" 
MODULES="java.base java.compiler java.datatransfer java.xml java.prefs java.desktop java.instrument java.logging java.management java.security.sasl java.naming java.rmi java.management.rmi java.net.http java.scripting java.security.jgss java.transaction.xa java.sql java.sql.rowset java.xml.crypto java.se java.smartcardio jdk.accessibility jdk.internal.jvmstat jdk.attach jdk.charsets jdk.internal.opt jdk.zipfs jdk.compiler jdk.crypto.ec jdk.crypto.cryptoki jdk.crypto.mscapi jdk.dynalink jdk.internal.ed jdk.editpad jdk.hotspot.agent jdk.httpserver jdk.incubator.vector jdk.internal.le jdk.internal.vm.ci jdk.internal.vm.compiler jdk.internal.vm.compiler.management jdk.jartool jdk.javadoc jdk.jcmd jdk.management jdk.management.agent jdk.jconsole jdk.jdeps jdk.jdwp.agent jdk.jdi jdk.jfr jdk.jlink jdk.jpackage jdk.jshell jdk.jsobject jdk.jstatd jdk.localedata jdk.management.jfr jdk.naming.dns jdk.naming.rmi jdk.net jdk.nio.mapmode jdk.random jdk.sctp jdk.security.auth jdk.security.jgss jdk.unsupported jdk.unsupported.desktop jdk.xml.dom" 
OS_ARCH="x86_64" 
OS_NAME="Windows" 
SOURCE=".:git:e0bc49609000" 

Environment Variables:
JAVA_HOME=C:\Program Files\Java\jdk-22
PATH=C:\Program Files (x86)\NVIDIA Corporation\PhysX\Common;C:\Program Files\Common Files\Oracle\Java\javapath;C:\WINDOWS\system32;C:\WINDOWS;C:\WINDOWS\System32\Wbem;C:\WINDOWS\System32\WindowsPowerShell\v1.0\;C:\WINDOWS\System32\OpenSSH\;C:\Program Files\dotnet\;C:\xampp\php;C:\composer;C:\Program Files\Git\cmd;C:\Program Files\nodejs\;C:\Program Files\MiKTeX\miktex\bin\x64\;C:\Strawberry\c\bin;C:\Strawberry\perl\site\bin;C:\Strawberry\perl\bin;C:\Program Files\WinDirStat\;C:\Program Files\cursor\resources\app\bin;C:\Users\bbatc\AppData\Local\Programs\Python\Launcher\;C:\Users\bbatc\AppData\Local\Microsoft\WindowsApps;C:\Users\bbatc\AppData\Local\Programs\Microsoft VS Code\bin;C:\Users\bbatc\AppData\Roaming\Composer\vendor\bin;C:\Users\bbatc\AppData\Roaming\npm;D:\maven\bin;C:\Users\bbatc\AppData\Local\Python\bin;C:\Program Files\PostgreSQL\18\bin;C:\Users\bbatc\AppData\Roaming\Microsoft\Windows\Start Menu\Programs\Python\Python 3.14;C:\Users\bbatc\AppData\Local\Python\pythoncore-3.14-64;C:\Users\bbatc\AppData\Local\Python\pythoncore-3.14-64\Scripts;C:\Users\bbatc\AppData\Local\Programs\Antigravity\bin;C:\Users\bbatc\AppData\Local\Programs\Kiro\bin
USERNAME=bbatc
OS=Windows_NT
PROCESSOR_IDENTIFIER=Intel64 Family 6 Model 154 Stepping 4, GenuineIntel
TMP=C:\Users\bbatc\AppData\Local\Temp
TEMP=C:\Users\bbatc\AppData\Local\Temp




Periodic native trim disabled

---------------  S Y S T E M  ---------------

OS:
 Windows 11 , 64 bit Build 26100 (10.0.26100.8521)
OS uptime: 0 days 10:50 hours
Hyper-V role detected

CPU: total 12 (initial active 12) (6 cores per cpu, 2 threads per core) family 6 model 154 stepping 4 microcode 0x437, cx8, cmov, fxsr, ht, mmx, 3dnowpref, sse, sse2, sse3, ssse3, sse4.1, sse4.2, popcnt, lzcnt, tsc, tscinvbit, avx, avx2, aes, erms, clmul, bmi1, bmi2, adx, sha, fma, vzeroupper, clflush, clflushopt, clwb, hv, serialize, rdtscp, rdpid, fsrm, f16c, cet_ibt, cet_ss
Processor Information for processor 0
  Max Mhz: 1700, Current Mhz: 1700, Mhz Limit: 1700
Processor Information for processor 1
  Max Mhz: 1700, Current Mhz: 1457, Mhz Limit: 1700
Processor Information for processor 2
  Max Mhz: 1700, Current Mhz: 1700, Mhz Limit: 1700
Processor Information for processor 3
  Max Mhz: 1700, Current Mhz: 1700, Mhz Limit: 1700
Processor Information for processor 4
  Max Mhz: 1700, Current Mhz: 1700, Mhz Limit: 1700
Processor Information for processor 5
  Max Mhz: 1700, Current Mhz: 1700, Mhz Limit: 1700
Processor Information for processor 6
  Max Mhz: 1700, Current Mhz: 1558, Mhz Limit: 1700
Processor Information for processor 7
  Max Mhz: 1700, Current Mhz: 1700, Mhz Limit: 1700
Processor Information for processor 8
  Max Mhz: 1700, Current Mhz: 1700, Mhz Limit: 1700
Processor Information for processor 9
  Max Mhz: 1700, Current Mhz: 1558, Mhz Limit: 1700
Processor Information for processor 10
  Max Mhz: 1700, Current Mhz: 1700, Mhz Limit: 1700
Processor Information for processor 11
  Max Mhz: 1700, Current Mhz: 1558, Mhz Limit: 1700

Memory: 4k page, system-wide physical 16068M (1880M free)
TotalPageFile size 26763M (AvailPageFile size 358M)
current process WorkingSet (physical memory assigned to process): 66M, peak: 66M
current process commit charge ("private bytes"): 354M, peak: 354M

vm_info: OpenJDK 64-Bit Server VM (21.0.9+10-LTS) for windows-amd64 JRE (21.0.9+10-LTS), built on 2025-10-13T22:04:36Z by "MicrosoftCorporation" with unknown MS VC++:1944

END.
