#
# There is insufficient memory for the Java Runtime Environment to continue.
# Native memory allocation (malloc) failed to allocate 32744 bytes. Error detail: Chunk::new
# Possible reasons:
#   The system is out of physical RAM or swap space
#   This process is running with CompressedOops enabled, and the Java Heap may be blocking the growth of the native heap
# Possible solutions:
#   Reduce memory load on the system
#   Increase physical memory or swap space
#   Check if swap backing store is full
#   Decrease Java heap size (-Xmx/-Xms)
#   Decrease number of Java threads
#   Decrease Java thread stack sizes (-Xss)
#   Set larger code cache with -XX:ReservedCodeCacheSize=
#   JVM is running with Zero Based Compressed Oops mode in which the Java heap is
#     placed in the first 32GB address space. The Java Heap base address is the
#     maximum limit for the native heap growth. Please use -XX:HeapBaseMinAddress
#     to set the Java Heap base and to place the Java Heap above 32GB virtual address.
# This output file may be truncated or incomplete.
#
#  Out of Memory Error (arena.cpp:150), pid=30940, tid=16188
#
# JRE version: Java(TM) SE Runtime Environment (22.0.2+9) (build 22.0.2+9-70)
# Java VM: Java HotSpot(TM) 64-Bit Server VM (22.0.2+9-70, mixed mode, sharing, tiered, compressed oops, compressed class ptrs, g1 gc, windows-amd64)
# No core dump will be written. Minidumps are not enabled by default on client versions of Windows
#

---------------  S U M M A R Y ------------

Command Line: -Dclassworlds.conf=C:\Users\bbatc\.m2\wrapper\dists\apache-maven-3.6.3\e15e02955a36a11599a524c22e91cd5a464ab741f0893a52a2a53493cb10f280\bin\..\bin\m2.conf -Dmaven.home=C:\Users\bbatc\.m2\wrapper\dists\apache-maven-3.6.3\e15e02955a36a11599a524c22e91cd5a464ab741f0893a52a2a53493cb10f280\bin\.. -Dlibrary.jansi.path=C:\Users\bbatc\.m2\wrapper\dists\apache-maven-3.6.3\e15e02955a36a11599a524c22e91cd5a464ab741f0893a52a2a53493cb10f280\bin\..\lib\jansi-native -Dmaven.multiModuleProjectDirectory=D:\CODEsemestre2\Réseaux\NewBackendFleet\FleetMan-DES-Backend org.codehaus.plexus.classworlds.launcher.Launcher spring-boot:run

Host: 12th Gen Intel(R) Core(TM) i7-1255U, 12 cores, 15G,  Windows 11 , 64 bit Build 26100 (10.0.26100.8521)
Time: Mon Jul 13 01:58:58 2026 Afr. centrale Ouest elapsed time: 30.962297 seconds (0d 0h 0m 30s)

---------------  T H R E A D  ---------------

Current thread (0x000002c5fcb9e8d0):  JavaThread "C2 CompilerThread0" daemon [_thread_in_native, id=16188, stack(0x000000ff65500000,0x000000ff65600000) (1024K)]


Current CompileTask:
C2:30962 14131   !   4       java.lang.ClassLoader::loadClass (121 bytes)

Stack: [0x000000ff65500000,0x000000ff65600000]
Native frames: (J=compiled Java code, j=interpreted, Vv=VM code, C=native code)
V  [jvm.dll+0x6e26e9]  (no source info available)
V  [jvm.dll+0x875753]  (no source info available)
V  [jvm.dll+0x877b7e]  (no source info available)
V  [jvm.dll+0x878253]  (no source info available)
V  [jvm.dll+0x27fc86]  (no source info available)
V  [jvm.dll+0xc3d0f]  (no source info available)
V  [jvm.dll+0xc3f6b]  (no source info available)
V  [jvm.dll+0x3c0cfd]  (no source info available)
V  [jvm.dll+0x3c0521]  (no source info available)
V  [jvm.dll+0x3c0564]  (no source info available)
V  [jvm.dll+0x3ba857]  (no source info available)
V  [jvm.dll+0x1df6e3]  (no source info available)
V  [jvm.dll+0x24793c]  (no source info available)
V  [jvm.dll+0x246e9f]  (no source info available)
V  [jvm.dll+0x1c4e80]  (no source info available)
V  [jvm.dll+0x2568f3]  (no source info available)
V  [jvm.dll+0x254baa]  (no source info available)
V  [jvm.dll+0x3f57a6]  (no source info available)
V  [jvm.dll+0x81dc0b]  (no source info available)
V  [jvm.dll+0x6e0d85]  (no source info available)
C  [ucrtbase.dll+0x2cd30]  (no source info available)
C  [KERNEL32.DLL+0x2e957]  (no source info available)
C  [ntdll.dll+0x87c1c]  (no source info available)


---------------  P R O C E S S  ---------------

Threads class SMR info:
_java_thread_list=0x000002c5db8eca50, length=11, elements={
0x000002c5ea405e10, 0x000002c5fcb8b130, 0x000002c5fcb8fba0, 0x000002c5fcb974b0,
0x000002c5fcb987e0, 0x000002c5fcb99940, 0x000002c5fcb9b770, 0x000002c5fcb9e8d0,
0x000002c5fcba1b20, 0x000002c5d43328a0, 0x000002c5d43495e0
}

Java Threads: ( => current thread )
  0x000002c5ea405e10 JavaThread "main"                              [_thread_in_native, id=14504, stack(0x000000ff64700000,0x000000ff64800000) (1024K)]
  0x000002c5fcb8b130 JavaThread "Reference Handler"          daemon [_thread_blocked, id=29712, stack(0x000000ff64f00000,0x000000ff65000000) (1024K)]
  0x000002c5fcb8fba0 JavaThread "Finalizer"                  daemon [_thread_blocked, id=22252, stack(0x000000ff65000000,0x000000ff65100000) (1024K)]
  0x000002c5fcb974b0 JavaThread "Signal Dispatcher"          daemon [_thread_blocked, id=6448, stack(0x000000ff65100000,0x000000ff65200000) (1024K)]
  0x000002c5fcb987e0 JavaThread "Attach Listener"            daemon [_thread_blocked, id=16484, stack(0x000000ff65200000,0x000000ff65300000) (1024K)]
  0x000002c5fcb99940 JavaThread "Service Thread"             daemon [_thread_blocked, id=10400, stack(0x000000ff65300000,0x000000ff65400000) (1024K)]
  0x000002c5fcb9b770 JavaThread "Monitor Deflation Thread"   daemon [_thread_blocked, id=7704, stack(0x000000ff65400000,0x000000ff65500000) (1024K)]
=>0x000002c5fcb9e8d0 JavaThread "C2 CompilerThread0"         daemon [_thread_in_native, id=16188, stack(0x000000ff65500000,0x000000ff65600000) (1024K)]
  0x000002c5fcba1b20 JavaThread "C1 CompilerThread0"         daemon [_thread_blocked, id=12676, stack(0x000000ff65600000,0x000000ff65700000) (1024K)]
  0x000002c5d43328a0 JavaThread "Notification Thread"        daemon [_thread_blocked, id=20244, stack(0x000000ff65700000,0x000000ff65800000) (1024K)]
  0x000002c5d43495e0 JavaThread "Common-Cleaner"             daemon [_thread_blocked, id=31900, stack(0x000000ff65800000,0x000000ff65900000) (1024K)]
Total: 11

Other Threads:
  0x000002c5fcb721b0 VMThread "VM Thread"                           [id=24872, stack(0x000000ff64e00000,0x000000ff64f00000) (1024K)]
  0x000002c5fcb56fb0 WatcherThread "VM Periodic Task Thread"        [id=22216, stack(0x000000ff64d00000,0x000000ff64e00000) (1024K)]
  0x000002c5ec83ac80 WorkerThread "GC Thread#0"                     [id=24060, stack(0x000000ff64800000,0x000000ff64900000) (1024K)]
  0x000002c5d57b6ce0 WorkerThread "GC Thread#1"                     [id=28708, stack(0x000000ff65b00000,0x000000ff65c00000) (1024K)]
  0x000002c5d56a6480 WorkerThread "GC Thread#2"                     [id=28612, stack(0x000000ff65c00000,0x000000ff65d00000) (1024K)]
  0x000002c5d56a6830 WorkerThread "GC Thread#3"                     [id=21936, stack(0x000000ff65d00000,0x000000ff65e00000) (1024K)]
  0x000002c5d553e4a0 WorkerThread "GC Thread#4"                     [id=20264, stack(0x000000ff65e00000,0x000000ff65f00000) (1024K)]
  0x000002c5d553ec60 WorkerThread "GC Thread#5"                     [id=33608, stack(0x000000ff65f00000,0x000000ff66000000) (1024K)]
  0x000002c5d59f3270 WorkerThread "GC Thread#6"                     [id=32608, stack(0x000000ff66000000,0x000000ff66100000) (1024K)]
  0x000002c5d59f3620 WorkerThread "GC Thread#7"                     [id=29244, stack(0x000000ff66100000,0x000000ff66200000) (1024K)]
  0x000002c5d5afbd10 WorkerThread "GC Thread#8"                     [id=30196, stack(0x000000ff66200000,0x000000ff66300000) (1024K)]
  0x000002c5d54f9830 WorkerThread "GC Thread#9"                     [id=33616, stack(0x000000ff66300000,0x000000ff66400000) (1024K)]
  0x000002c5ec84b780 ConcurrentGCThread "G1 Main Marker"            [id=28444, stack(0x000000ff64900000,0x000000ff64a00000) (1024K)]
  0x000002c5ec84d110 WorkerThread "G1 Conc#0"                       [id=400, stack(0x000000ff64a00000,0x000000ff64b00000) (1024K)]
  0x000002c5d541d720 WorkerThread "G1 Conc#1"                       [id=32844, stack(0x000000ff66400000,0x000000ff66500000) (1024K)]
  0x000002c5d4b5e4b0 WorkerThread "G1 Conc#2"                       [id=31876, stack(0x000000ff66500000,0x000000ff66600000) (1024K)]
  0x000002c5fca239f0 ConcurrentGCThread "G1 Refine#0"               [id=18696, stack(0x000000ff64b00000,0x000000ff64c00000) (1024K)]
  0x000002c5fca25230 ConcurrentGCThread "G1 Service"                [id=11964, stack(0x000000ff64c00000,0x000000ff64d00000) (1024K)]
Total: 18

Threads with active compile tasks:
C2 CompilerThread0  31086 14131   !   4       java.lang.ClassLoader::loadClass (121 bytes)
Total: 1

VM state: not at safepoint (normal execution)

VM Mutex/Monitor currently owned by a thread: None

Heap address: 0x0000000704e00000, size: 4018 MB, Compressed Oops mode: Zero based, Oop shift amount: 3

CDS archive(s) mapped at: [0x000002c58f000000-0x000002c58fc60000-0x000002c58fc60000), size 12976128, SharedBaseAddress: 0x000002c58f000000, ArchiveRelocationMode: 1.
Compressed class space mapped at: 0x000002c590000000-0x000002c5d0000000, reserved size: 1073741824
Narrow klass base: 0x000002c58f000000, Narrow klass shift: 0, Narrow klass range: 0x41000000

GC Precious Log:
 CardTable entry size: 512
 Card Set container configuration: InlinePtr #cards 4 size 8 Array Of Cards #cards 16 size 48 Howl #buckets 8 coarsen threshold 3686 Howl Bitmap #cards 512 size 80 coarsen threshold 460 Card regions per heap region 1 cards per card region 4096
 CPUs: 12 total, 12 available
 Memory: 16068M
 Large Page Support: Disabled
 NUMA Support: Disabled
 Compressed Oops: Enabled (Zero based)
 Heap Region Size: 2M
 Heap Min Capacity: 8M
 Heap Initial Capacity: 252M
 Heap Max Capacity: 4018M
 Pre-touch: Disabled
 Parallel Workers: 10
 Concurrent Workers: 3
 Concurrent Refinement Workers: 10
 Periodic GC: Disabled

Heap:
 garbage-first heap   total reserved 4114432K, committed 438272K, used 171241K [0x0000000704e00000, 0x0000000800000000)
  region size 2048K, 36 young (73728K), 14 survivors (28672K)
 Metaspace       used 39617K, committed 40320K, reserved 1114112K
  class space    used 4375K, committed 4672K, reserved 1048576K

Heap Regions: E=young(eden), S=young(survivor), O=old, HS=humongous(starts), HC=humongous(continues), CS=collection set, F=free, TAMS=top-at-mark-start, PB=parsable bottom
|   0|0x0000000704e00000, 0x0000000705000000, 0x0000000705000000|100%| O|  |TAMS 0x0000000704e00000| PB 0x0000000704e00000| Untracked |  0
|   1|0x0000000705000000, 0x0000000705200000, 0x0000000705200000|100%| O|  |TAMS 0x0000000705000000| PB 0x0000000705000000| Untracked |  0
|   2|0x0000000705200000, 0x0000000705400000, 0x0000000705400000|100%| O|  |TAMS 0x0000000705200000| PB 0x0000000705200000| Untracked |  0
|   3|0x0000000705400000, 0x0000000705600000, 0x0000000705600000|100%| O|  |TAMS 0x0000000705400000| PB 0x0000000705400000| Untracked |  0
|   4|0x0000000705600000, 0x0000000705800000, 0x0000000705800000|100%| O|  |TAMS 0x0000000705600000| PB 0x0000000705600000| Untracked |  0
|   5|0x0000000705800000, 0x0000000705a00000, 0x0000000705a00000|100%| O|  |TAMS 0x0000000705800000| PB 0x0000000705800000| Untracked |  0
|   6|0x0000000705a00000, 0x0000000705c00000, 0x0000000705c00000|100%| O|  |TAMS 0x0000000705a00000| PB 0x0000000705a00000| Untracked |  0
|   7|0x0000000705c00000, 0x0000000705e00000, 0x0000000705e00000|100%| O|  |TAMS 0x0000000705c00000| PB 0x0000000705c00000| Untracked |  0
|   8|0x0000000705e00000, 0x0000000706000000, 0x0000000706000000|100%| O|  |TAMS 0x0000000705e00000| PB 0x0000000705e00000| Untracked |  0
|   9|0x0000000706000000, 0x0000000706200000, 0x0000000706200000|100%| O|  |TAMS 0x0000000706000000| PB 0x0000000706000000| Untracked |  0
|  10|0x0000000706200000, 0x0000000706400000, 0x0000000706400000|100%| O|  |TAMS 0x0000000706200000| PB 0x0000000706200000| Untracked |  0
|  11|0x0000000706400000, 0x0000000706600000, 0x0000000706600000|100%| O|  |TAMS 0x0000000706400000| PB 0x0000000706400000| Untracked |  0
|  12|0x0000000706600000, 0x0000000706800000, 0x0000000706800000|100%| O|  |TAMS 0x0000000706600000| PB 0x0000000706600000| Untracked |  0
|  13|0x0000000706800000, 0x0000000706a00000, 0x0000000706a00000|100%| O|  |TAMS 0x0000000706800000| PB 0x0000000706800000| Untracked |  0
|  14|0x0000000706a00000, 0x0000000706c00000, 0x0000000706c00000|100%| O|  |TAMS 0x0000000706a00000| PB 0x0000000706a00000| Untracked |  0
|  15|0x0000000706c00000, 0x0000000706e00000, 0x0000000706e00000|100%|HS|  |TAMS 0x0000000706c00000| PB 0x0000000706c00000| Complete |  0
|  16|0x0000000706e00000, 0x0000000707000000, 0x0000000707000000|100%| O|  |TAMS 0x0000000706e00000| PB 0x0000000706e00000| Untracked |  0
|  17|0x0000000707000000, 0x0000000707200000, 0x0000000707200000|100%| O|  |TAMS 0x0000000707000000| PB 0x0000000707000000| Untracked |  0
|  18|0x0000000707200000, 0x0000000707400000, 0x0000000707400000|100%| O|  |TAMS 0x0000000707200000| PB 0x0000000707200000| Untracked |  0
|  19|0x0000000707400000, 0x0000000707600000, 0x0000000707600000|100%| O|  |TAMS 0x0000000707400000| PB 0x0000000707400000| Untracked |  0
|  20|0x0000000707600000, 0x0000000707800000, 0x0000000707800000|100%| O|  |TAMS 0x0000000707600000| PB 0x0000000707600000| Untracked |  0
|  21|0x0000000707800000, 0x0000000707a00000, 0x0000000707a00000|100%| O|  |TAMS 0x0000000707800000| PB 0x0000000707800000| Untracked |  0
|  22|0x0000000707a00000, 0x0000000707c00000, 0x0000000707c00000|100%| O|  |TAMS 0x0000000707a00000| PB 0x0000000707a00000| Untracked |  0
|  23|0x0000000707c00000, 0x0000000707e00000, 0x0000000707e00000|100%| O|  |TAMS 0x0000000707c00000| PB 0x0000000707c00000| Untracked |  0
|  24|0x0000000707e00000, 0x0000000708000000, 0x0000000708000000|100%| O|  |TAMS 0x0000000707e00000| PB 0x0000000707e00000| Untracked |  0
|  25|0x0000000708000000, 0x0000000708200000, 0x0000000708200000|100%| O|  |TAMS 0x0000000708000000| PB 0x0000000708000000| Untracked |  0
|  26|0x0000000708200000, 0x0000000708400000, 0x0000000708400000|100%| O|  |TAMS 0x0000000708200000| PB 0x0000000708200000| Untracked |  0
|  27|0x0000000708400000, 0x0000000708600000, 0x0000000708600000|100%| O|  |TAMS 0x0000000708400000| PB 0x0000000708400000| Untracked |  0
|  28|0x0000000708600000, 0x0000000708800000, 0x0000000708800000|100%| O|  |TAMS 0x0000000708600000| PB 0x0000000708600000| Untracked |  0
|  29|0x0000000708800000, 0x0000000708a00000, 0x0000000708a00000|100%| O|  |TAMS 0x0000000708800000| PB 0x0000000708800000| Untracked |  0
|  30|0x0000000708a00000, 0x0000000708c00000, 0x0000000708c00000|100%|HS|  |TAMS 0x0000000708a00000| PB 0x0000000708a00000| Complete |  0
|  31|0x0000000708c00000, 0x0000000708d3a700, 0x0000000708e00000| 61%| O|  |TAMS 0x0000000708c00000| PB 0x0000000708c00000| Untracked |  0
|  32|0x0000000708e00000, 0x0000000708e00000, 0x0000000709000000|  0%| F|  |TAMS 0x0000000708e00000| PB 0x0000000708e00000| Untracked |  0
|  33|0x0000000709000000, 0x0000000709000000, 0x0000000709200000|  0%| F|  |TAMS 0x0000000709000000| PB 0x0000000709000000| Untracked |  0
|  34|0x0000000709200000, 0x0000000709400000, 0x0000000709400000|100%| O|  |TAMS 0x0000000709200000| PB 0x0000000709200000| Untracked |  0
|  35|0x0000000709400000, 0x0000000709600000, 0x0000000709600000|100%| O|  |TAMS 0x0000000709400000| PB 0x0000000709400000| Untracked |  0
|  36|0x0000000709600000, 0x0000000709800000, 0x0000000709800000|100%| O|  |TAMS 0x0000000709600000| PB 0x0000000709600000| Untracked |  0
|  37|0x0000000709800000, 0x0000000709800000, 0x0000000709a00000|  0%| F|  |TAMS 0x0000000709800000| PB 0x0000000709800000| Untracked |  0
|  38|0x0000000709a00000, 0x0000000709a00000, 0x0000000709c00000|  0%| F|  |TAMS 0x0000000709a00000| PB 0x0000000709a00000| Untracked |  0
|  39|0x0000000709c00000, 0x0000000709c00000, 0x0000000709e00000|  0%| F|  |TAMS 0x0000000709c00000| PB 0x0000000709c00000| Untracked |  0
|  40|0x0000000709e00000, 0x0000000709e00000, 0x000000070a000000|  0%| F|  |TAMS 0x0000000709e00000| PB 0x0000000709e00000| Untracked |  0
|  41|0x000000070a000000, 0x000000070a000000, 0x000000070a200000|  0%| F|  |TAMS 0x000000070a000000| PB 0x000000070a000000| Untracked |  0
|  42|0x000000070a200000, 0x000000070a200000, 0x000000070a400000|  0%| F|  |TAMS 0x000000070a200000| PB 0x000000070a200000| Untracked |  0
|  43|0x000000070a400000, 0x000000070a400000, 0x000000070a600000|  0%| F|  |TAMS 0x000000070a400000| PB 0x000000070a400000| Untracked |  0
|  44|0x000000070a600000, 0x000000070a600000, 0x000000070a800000|  0%| F|  |TAMS 0x000000070a600000| PB 0x000000070a600000| Untracked |  0
|  45|0x000000070a800000, 0x000000070a800000, 0x000000070aa00000|  0%| F|  |TAMS 0x000000070a800000| PB 0x000000070a800000| Untracked |  0
|  46|0x000000070aa00000, 0x000000070aa00000, 0x000000070ac00000|  0%| F|  |TAMS 0x000000070aa00000| PB 0x000000070aa00000| Untracked |  0
|  47|0x000000070ac00000, 0x000000070ac00000, 0x000000070ae00000|  0%| F|  |TAMS 0x000000070ac00000| PB 0x000000070ac00000| Untracked |  0
|  48|0x000000070ae00000, 0x000000070ae00000, 0x000000070b000000|  0%| F|  |TAMS 0x000000070ae00000| PB 0x000000070ae00000| Untracked |  0
|  49|0x000000070b000000, 0x000000070b000000, 0x000000070b200000|  0%| F|  |TAMS 0x000000070b000000| PB 0x000000070b000000| Untracked |  0
|  50|0x000000070b200000, 0x000000070b200000, 0x000000070b400000|  0%| F|  |TAMS 0x000000070b200000| PB 0x000000070b200000| Untracked |  0
|  51|0x000000070b400000, 0x000000070b400000, 0x000000070b600000|  0%| F|  |TAMS 0x000000070b400000| PB 0x000000070b400000| Untracked |  0
|  52|0x000000070b600000, 0x000000070b600000, 0x000000070b800000|  0%| F|  |TAMS 0x000000070b600000| PB 0x000000070b600000| Untracked |  0
|  53|0x000000070b800000, 0x000000070b800000, 0x000000070ba00000|  0%| F|  |TAMS 0x000000070b800000| PB 0x000000070b800000| Untracked |  0
|  54|0x000000070ba00000, 0x000000070ba00000, 0x000000070bc00000|  0%| F|  |TAMS 0x000000070ba00000| PB 0x000000070ba00000| Untracked |  0
|  55|0x000000070bc00000, 0x000000070bc00000, 0x000000070be00000|  0%| F|  |TAMS 0x000000070bc00000| PB 0x000000070bc00000| Untracked |  0
|  56|0x000000070be00000, 0x000000070be00000, 0x000000070c000000|  0%| F|  |TAMS 0x000000070be00000| PB 0x000000070be00000| Untracked |  0
|  57|0x000000070c000000, 0x000000070c000000, 0x000000070c200000|  0%| F|  |TAMS 0x000000070c000000| PB 0x000000070c000000| Untracked |  0
|  58|0x000000070c200000, 0x000000070c400000, 0x000000070c400000|100%| S|CS|TAMS 0x000000070c200000| PB 0x000000070c200000| Complete |  0
|  59|0x000000070c400000, 0x000000070c600000, 0x000000070c600000|100%| S|CS|TAMS 0x000000070c400000| PB 0x000000070c400000| Complete |  0
|  60|0x000000070c600000, 0x000000070c800000, 0x000000070c800000|100%| S|CS|TAMS 0x000000070c600000| PB 0x000000070c600000| Complete |  0
|  61|0x000000070c800000, 0x000000070ca00000, 0x000000070ca00000|100%| S|CS|TAMS 0x000000070c800000| PB 0x000000070c800000| Complete |  0
|  62|0x000000070ca00000, 0x000000070ca00000, 0x000000070cc00000|  0%| F|  |TAMS 0x000000070ca00000| PB 0x000000070ca00000| Untracked |  0
|  63|0x000000070cc00000, 0x000000070ce00000, 0x000000070ce00000|100%| O|  |TAMS 0x000000070cc00000| PB 0x000000070cc00000| Untracked |  0
|  64|0x000000070ce00000, 0x000000070d000000, 0x000000070d000000|100%| O|  |TAMS 0x000000070ce00000| PB 0x000000070ce00000| Untracked |  0
|  65|0x000000070d000000, 0x000000070d200000, 0x000000070d200000|100%| O|  |TAMS 0x000000070d000000| PB 0x000000070d000000| Untracked |  0
|  66|0x000000070d200000, 0x000000070d400000, 0x000000070d400000|100%| O|  |TAMS 0x000000070d200000| PB 0x000000070d200000| Untracked |  0
|  67|0x000000070d400000, 0x000000070d600000, 0x000000070d600000|100%| O|  |TAMS 0x000000070d400000| PB 0x000000070d400000| Untracked |  0
|  68|0x000000070d600000, 0x000000070d800000, 0x000000070d800000|100%| O|  |TAMS 0x000000070d600000| PB 0x000000070d600000| Untracked |  0
|  69|0x000000070d800000, 0x000000070da00000, 0x000000070da00000|100%| O|  |TAMS 0x000000070d800000| PB 0x000000070d800000| Untracked |  0
|  70|0x000000070da00000, 0x000000070dc00000, 0x000000070dc00000|100%| O|  |TAMS 0x000000070da00000| PB 0x000000070da00000| Untracked |  0
|  71|0x000000070dc00000, 0x000000070dc00000, 0x000000070de00000|  0%| F|  |TAMS 0x000000070dc00000| PB 0x000000070dc00000| Untracked |  0
|  72|0x000000070de00000, 0x000000070de00000, 0x000000070e000000|  0%| F|  |TAMS 0x000000070de00000| PB 0x000000070de00000| Untracked |  0
|  73|0x000000070e000000, 0x000000070e000000, 0x000000070e200000|  0%| F|  |TAMS 0x000000070e000000| PB 0x000000070e000000| Untracked |  0
|  74|0x000000070e200000, 0x000000070e200000, 0x000000070e400000|  0%| F|  |TAMS 0x000000070e200000| PB 0x000000070e200000| Untracked |  0
|  75|0x000000070e400000, 0x000000070e400000, 0x000000070e600000|  0%| F|  |TAMS 0x000000070e400000| PB 0x000000070e400000| Untracked |  0
|  76|0x000000070e600000, 0x000000070e600000, 0x000000070e800000|  0%| F|  |TAMS 0x000000070e600000| PB 0x000000070e600000| Untracked |  0
|  77|0x000000070e800000, 0x000000070e800000, 0x000000070ea00000|  0%| F|  |TAMS 0x000000070e800000| PB 0x000000070e800000| Untracked |  0
|  78|0x000000070ea00000, 0x000000070ea00000, 0x000000070ec00000|  0%| F|  |TAMS 0x000000070ea00000| PB 0x000000070ea00000| Untracked |  0
|  79|0x000000070ec00000, 0x000000070ec00000, 0x000000070ee00000|  0%| F|  |TAMS 0x000000070ec00000| PB 0x000000070ec00000| Untracked |  0
|  80|0x000000070ee00000, 0x000000070f000000, 0x000000070f000000|100%| S|CS|TAMS 0x000000070ee00000| PB 0x000000070ee00000| Complete |  0
|  81|0x000000070f000000, 0x000000070f200000, 0x000000070f200000|100%| S|CS|TAMS 0x000000070f000000| PB 0x000000070f000000| Complete |  0
|  82|0x000000070f200000, 0x000000070f400000, 0x000000070f400000|100%| S|CS|TAMS 0x000000070f200000| PB 0x000000070f200000| Complete |  0
|  83|0x000000070f400000, 0x000000070f600000, 0x000000070f600000|100%| S|CS|TAMS 0x000000070f400000| PB 0x000000070f400000| Complete |  0
|  84|0x000000070f600000, 0x000000070f800000, 0x000000070f800000|100%| S|CS|TAMS 0x000000070f600000| PB 0x000000070f600000| Complete |  0
|  85|0x000000070f800000, 0x000000070fa00000, 0x000000070fa00000|100%| S|CS|TAMS 0x000000070f800000| PB 0x000000070f800000| Complete |  0
|  86|0x000000070fa00000, 0x000000070fc00000, 0x000000070fc00000|100%| S|CS|TAMS 0x000000070fa00000| PB 0x000000070fa00000| Complete |  0
|  87|0x000000070fc00000, 0x000000070fe00000, 0x000000070fe00000|100%| S|CS|TAMS 0x000000070fc00000| PB 0x000000070fc00000| Complete |  0
|  88|0x000000070fe00000, 0x0000000710000000, 0x0000000710000000|100%| S|CS|TAMS 0x000000070fe00000| PB 0x000000070fe00000| Complete |  0
|  89|0x0000000710000000, 0x0000000710200000, 0x0000000710200000|100%| S|CS|TAMS 0x0000000710000000| PB 0x0000000710000000| Complete |  0
|  90|0x0000000710200000, 0x0000000710200000, 0x0000000710400000|  0%| F|  |TAMS 0x0000000710200000| PB 0x0000000710200000| Untracked |  0
|  91|0x0000000710400000, 0x0000000710400000, 0x0000000710600000|  0%| F|  |TAMS 0x0000000710400000| PB 0x0000000710400000| Untracked |  0
|  92|0x0000000710600000, 0x0000000710600000, 0x0000000710800000|  0%| F|  |TAMS 0x0000000710600000| PB 0x0000000710600000| Untracked |  0
|  93|0x0000000710800000, 0x0000000710800000, 0x0000000710a00000|  0%| F|  |TAMS 0x0000000710800000| PB 0x0000000710800000| Untracked |  0
|  94|0x0000000710a00000, 0x0000000710a00000, 0x0000000710c00000|  0%| F|  |TAMS 0x0000000710a00000| PB 0x0000000710a00000| Untracked |  0
|  95|0x0000000710c00000, 0x0000000710c00000, 0x0000000710e00000|  0%| F|  |TAMS 0x0000000710c00000| PB 0x0000000710c00000| Untracked |  0
|  96|0x0000000710e00000, 0x0000000710e00000, 0x0000000711000000|  0%| F|  |TAMS 0x0000000710e00000| PB 0x0000000710e00000| Untracked |  0
|  97|0x0000000711000000, 0x0000000711000000, 0x0000000711200000|  0%| F|  |TAMS 0x0000000711000000| PB 0x0000000711000000| Untracked |  0
|  98|0x0000000711200000, 0x0000000711200000, 0x0000000711400000|  0%| F|  |TAMS 0x0000000711200000| PB 0x0000000711200000| Untracked |  0
|  99|0x0000000711400000, 0x0000000711400000, 0x0000000711600000|  0%| F|  |TAMS 0x0000000711400000| PB 0x0000000711400000| Untracked |  0
| 100|0x0000000711600000, 0x0000000711600000, 0x0000000711800000|  0%| F|  |TAMS 0x0000000711600000| PB 0x0000000711600000| Untracked |  0
| 101|0x0000000711800000, 0x0000000711800000, 0x0000000711a00000|  0%| F|  |TAMS 0x0000000711800000| PB 0x0000000711800000| Untracked |  0
| 102|0x0000000711a00000, 0x0000000711a00000, 0x0000000711c00000|  0%| F|  |TAMS 0x0000000711a00000| PB 0x0000000711a00000| Untracked |  0
| 103|0x0000000711c00000, 0x0000000711c00000, 0x0000000711e00000|  0%| F|  |TAMS 0x0000000711c00000| PB 0x0000000711c00000| Untracked |  0
| 104|0x0000000711e00000, 0x0000000711e00000, 0x0000000712000000|  0%| F|  |TAMS 0x0000000711e00000| PB 0x0000000711e00000| Untracked |  0
| 105|0x0000000712000000, 0x0000000712000000, 0x0000000712200000|  0%| F|  |TAMS 0x0000000712000000| PB 0x0000000712000000| Untracked |  0
| 106|0x0000000712200000, 0x0000000712200000, 0x0000000712400000|  0%| F|  |TAMS 0x0000000712200000| PB 0x0000000712200000| Untracked |  0
| 107|0x0000000712400000, 0x0000000712400000, 0x0000000712600000|  0%| F|  |TAMS 0x0000000712400000| PB 0x0000000712400000| Untracked |  0
| 108|0x0000000712600000, 0x0000000712600000, 0x0000000712800000|  0%| F|  |TAMS 0x0000000712600000| PB 0x0000000712600000| Untracked |  0
| 109|0x0000000712800000, 0x0000000712800000, 0x0000000712a00000|  0%| F|  |TAMS 0x0000000712800000| PB 0x0000000712800000| Untracked |  0
| 110|0x0000000712a00000, 0x0000000712a00000, 0x0000000712c00000|  0%| F|  |TAMS 0x0000000712a00000| PB 0x0000000712a00000| Untracked |  0
| 111|0x0000000712c00000, 0x0000000712c00000, 0x0000000712e00000|  0%| F|  |TAMS 0x0000000712c00000| PB 0x0000000712c00000| Untracked |  0
| 112|0x0000000712e00000, 0x0000000712e00000, 0x0000000713000000|  0%| F|  |TAMS 0x0000000712e00000| PB 0x0000000712e00000| Untracked |  0
| 113|0x0000000713000000, 0x0000000713000000, 0x0000000713200000|  0%| F|  |TAMS 0x0000000713000000| PB 0x0000000713000000| Untracked |  0
| 114|0x0000000713200000, 0x0000000713200000, 0x0000000713400000|  0%| F|  |TAMS 0x0000000713200000| PB 0x0000000713200000| Untracked |  0
| 115|0x0000000713400000, 0x0000000713400000, 0x0000000713600000|  0%| F|  |TAMS 0x0000000713400000| PB 0x0000000713400000| Untracked |  0
| 116|0x0000000713600000, 0x0000000713600000, 0x0000000713800000|  0%| F|  |TAMS 0x0000000713600000| PB 0x0000000713600000| Untracked |  0
| 117|0x0000000713800000, 0x0000000713800000, 0x0000000713a00000|  0%| F|  |TAMS 0x0000000713800000| PB 0x0000000713800000| Untracked |  0
| 118|0x0000000713a00000, 0x0000000713a00000, 0x0000000713c00000|  0%| F|  |TAMS 0x0000000713a00000| PB 0x0000000713a00000| Untracked |  0
| 119|0x0000000713c00000, 0x0000000713c00000, 0x0000000713e00000|  0%| F|  |TAMS 0x0000000713c00000| PB 0x0000000713c00000| Untracked |  0
| 120|0x0000000713e00000, 0x0000000713e00000, 0x0000000714000000|  0%| F|  |TAMS 0x0000000713e00000| PB 0x0000000713e00000| Untracked |  0
| 121|0x0000000714000000, 0x0000000714000000, 0x0000000714200000|  0%| F|  |TAMS 0x0000000714000000| PB 0x0000000714000000| Untracked |  0
| 122|0x0000000714200000, 0x0000000714200000, 0x0000000714400000|  0%| F|  |TAMS 0x0000000714200000| PB 0x0000000714200000| Untracked |  0
| 123|0x0000000714400000, 0x0000000714400000, 0x0000000714600000|  0%| F|  |TAMS 0x0000000714400000| PB 0x0000000714400000| Untracked |  0
| 124|0x0000000714600000, 0x0000000714600000, 0x0000000714800000|  0%| F|  |TAMS 0x0000000714600000| PB 0x0000000714600000| Untracked |  0
| 125|0x0000000714800000, 0x0000000714800000, 0x0000000714a00000|  0%| F|  |TAMS 0x0000000714800000| PB 0x0000000714800000| Untracked |  0
| 126|0x0000000714a00000, 0x0000000714a00000, 0x0000000714c00000|  0%| F|  |TAMS 0x0000000714a00000| PB 0x0000000714a00000| Untracked |  0
| 127|0x0000000714c00000, 0x0000000714c00000, 0x0000000714e00000|  0%| F|  |TAMS 0x0000000714c00000| PB 0x0000000714c00000| Untracked |  0
| 128|0x0000000714e00000, 0x0000000714e00000, 0x0000000715000000|  0%| F|  |TAMS 0x0000000714e00000| PB 0x0000000714e00000| Untracked |  0
| 129|0x0000000715000000, 0x0000000715000000, 0x0000000715200000|  0%| F|  |TAMS 0x0000000715000000| PB 0x0000000715000000| Untracked |  0
| 130|0x0000000715200000, 0x0000000715200000, 0x0000000715400000|  0%| F|  |TAMS 0x0000000715200000| PB 0x0000000715200000| Untracked |  0
| 131|0x0000000715400000, 0x0000000715400000, 0x0000000715600000|  0%| F|  |TAMS 0x0000000715400000| PB 0x0000000715400000| Untracked |  0
| 132|0x0000000715600000, 0x0000000715600000, 0x0000000715800000|  0%| F|  |TAMS 0x0000000715600000| PB 0x0000000715600000| Untracked |  0
| 133|0x0000000715800000, 0x0000000715800000, 0x0000000715a00000|  0%| F|  |TAMS 0x0000000715800000| PB 0x0000000715800000| Untracked |  0
| 134|0x0000000715a00000, 0x0000000715a00000, 0x0000000715c00000|  0%| F|  |TAMS 0x0000000715a00000| PB 0x0000000715a00000| Untracked |  0
| 135|0x0000000715c00000, 0x0000000715c00000, 0x0000000715e00000|  0%| F|  |TAMS 0x0000000715c00000| PB 0x0000000715c00000| Untracked |  0
| 136|0x0000000715e00000, 0x0000000715e00000, 0x0000000716000000|  0%| F|  |TAMS 0x0000000715e00000| PB 0x0000000715e00000| Untracked |  0
| 137|0x0000000716000000, 0x0000000716000000, 0x0000000716200000|  0%| F|  |TAMS 0x0000000716000000| PB 0x0000000716000000| Untracked |  0
| 138|0x0000000716200000, 0x0000000716200000, 0x0000000716400000|  0%| F|  |TAMS 0x0000000716200000| PB 0x0000000716200000| Untracked |  0
| 139|0x0000000716400000, 0x0000000716400000, 0x0000000716600000|  0%| F|  |TAMS 0x0000000716400000| PB 0x0000000716400000| Untracked |  0
| 140|0x0000000716600000, 0x0000000716600000, 0x0000000716800000|  0%| F|  |TAMS 0x0000000716600000| PB 0x0000000716600000| Untracked |  0
| 141|0x0000000716800000, 0x0000000716800000, 0x0000000716a00000|  0%| F|  |TAMS 0x0000000716800000| PB 0x0000000716800000| Untracked |  0
| 142|0x0000000716a00000, 0x0000000716a00000, 0x0000000716c00000|  0%| F|  |TAMS 0x0000000716a00000| PB 0x0000000716a00000| Untracked |  0
| 143|0x0000000716c00000, 0x0000000716c00000, 0x0000000716e00000|  0%| F|  |TAMS 0x0000000716c00000| PB 0x0000000716c00000| Untracked |  0
| 144|0x0000000716e00000, 0x0000000716e00000, 0x0000000717000000|  0%| F|  |TAMS 0x0000000716e00000| PB 0x0000000716e00000| Untracked |  0
| 145|0x0000000717000000, 0x0000000717000000, 0x0000000717200000|  0%| F|  |TAMS 0x0000000717000000| PB 0x0000000717000000| Untracked |  0
| 146|0x0000000717200000, 0x0000000717200000, 0x0000000717400000|  0%| F|  |TAMS 0x0000000717200000| PB 0x0000000717200000| Untracked |  0
| 147|0x0000000717400000, 0x0000000717400000, 0x0000000717600000|  0%| F|  |TAMS 0x0000000717400000| PB 0x0000000717400000| Untracked |  0
| 148|0x0000000717600000, 0x0000000717600000, 0x0000000717800000|  0%| F|  |TAMS 0x0000000717600000| PB 0x0000000717600000| Untracked |  0
| 149|0x0000000717800000, 0x0000000717800000, 0x0000000717a00000|  0%| F|  |TAMS 0x0000000717800000| PB 0x0000000717800000| Untracked |  0
| 150|0x0000000717a00000, 0x0000000717a00000, 0x0000000717c00000|  0%| F|  |TAMS 0x0000000717a00000| PB 0x0000000717a00000| Untracked |  0
| 151|0x0000000717c00000, 0x0000000717c00000, 0x0000000717e00000|  0%| F|  |TAMS 0x0000000717c00000| PB 0x0000000717c00000| Untracked |  0
| 152|0x0000000717e00000, 0x0000000717e00000, 0x0000000718000000|  0%| F|  |TAMS 0x0000000717e00000| PB 0x0000000717e00000| Untracked |  0
| 153|0x0000000718000000, 0x0000000718000000, 0x0000000718200000|  0%| F|  |TAMS 0x0000000718000000| PB 0x0000000718000000| Untracked |  0
| 154|0x0000000718200000, 0x0000000718200000, 0x0000000718400000|  0%| F|  |TAMS 0x0000000718200000| PB 0x0000000718200000| Untracked |  0
| 155|0x0000000718400000, 0x0000000718400000, 0x0000000718600000|  0%| F|  |TAMS 0x0000000718400000| PB 0x0000000718400000| Untracked |  0
| 156|0x0000000718600000, 0x0000000718600000, 0x0000000718800000|  0%| F|  |TAMS 0x0000000718600000| PB 0x0000000718600000| Untracked |  0
| 157|0x0000000718800000, 0x0000000718800000, 0x0000000718a00000|  0%| F|  |TAMS 0x0000000718800000| PB 0x0000000718800000| Untracked |  0
| 158|0x0000000718a00000, 0x0000000718a00000, 0x0000000718c00000|  0%| F|  |TAMS 0x0000000718a00000| PB 0x0000000718a00000| Untracked |  0
| 159|0x0000000718c00000, 0x0000000718c00000, 0x0000000718e00000|  0%| F|  |TAMS 0x0000000718c00000| PB 0x0000000718c00000| Untracked |  0
| 160|0x0000000718e00000, 0x0000000718e00000, 0x0000000719000000|  0%| F|  |TAMS 0x0000000718e00000| PB 0x0000000718e00000| Untracked |  0
| 161|0x0000000719000000, 0x0000000719000000, 0x0000000719200000|  0%| F|  |TAMS 0x0000000719000000| PB 0x0000000719000000| Untracked |  0
| 162|0x0000000719200000, 0x0000000719200000, 0x0000000719400000|  0%| F|  |TAMS 0x0000000719200000| PB 0x0000000719200000| Untracked |  0
| 163|0x0000000719400000, 0x0000000719400000, 0x0000000719600000|  0%| F|  |TAMS 0x0000000719400000| PB 0x0000000719400000| Untracked |  0
| 164|0x0000000719600000, 0x0000000719600000, 0x0000000719800000|  0%| F|  |TAMS 0x0000000719600000| PB 0x0000000719600000| Untracked |  0
| 165|0x0000000719800000, 0x0000000719800000, 0x0000000719a00000|  0%| F|  |TAMS 0x0000000719800000| PB 0x0000000719800000| Untracked |  0
| 166|0x0000000719a00000, 0x0000000719a00000, 0x0000000719c00000|  0%| F|  |TAMS 0x0000000719a00000| PB 0x0000000719a00000| Untracked |  0
| 167|0x0000000719c00000, 0x0000000719c00000, 0x0000000719e00000|  0%| F|  |TAMS 0x0000000719c00000| PB 0x0000000719c00000| Untracked |  0
| 168|0x0000000719e00000, 0x0000000719e00000, 0x000000071a000000|  0%| F|  |TAMS 0x0000000719e00000| PB 0x0000000719e00000| Untracked |  0
| 169|0x000000071a000000, 0x000000071a000000, 0x000000071a200000|  0%| F|  |TAMS 0x000000071a000000| PB 0x000000071a000000| Untracked |  0
| 170|0x000000071a200000, 0x000000071a200000, 0x000000071a400000|  0%| F|  |TAMS 0x000000071a200000| PB 0x000000071a200000| Untracked |  0
| 171|0x000000071a400000, 0x000000071a400000, 0x000000071a600000|  0%| F|  |TAMS 0x000000071a400000| PB 0x000000071a400000| Untracked |  0
| 172|0x000000071a600000, 0x000000071a600000, 0x000000071a800000|  0%| F|  |TAMS 0x000000071a600000| PB 0x000000071a600000| Untracked |  0
| 173|0x000000071a800000, 0x000000071a800000, 0x000000071aa00000|  0%| F|  |TAMS 0x000000071a800000| PB 0x000000071a800000| Untracked |  0
| 174|0x000000071aa00000, 0x000000071aa00000, 0x000000071ac00000|  0%| F|  |TAMS 0x000000071aa00000| PB 0x000000071aa00000| Untracked |  0
| 175|0x000000071ac00000, 0x000000071ac00000, 0x000000071ae00000|  0%| F|  |TAMS 0x000000071ac00000| PB 0x000000071ac00000| Untracked |  0
| 176|0x000000071ae00000, 0x000000071ae00000, 0x000000071b000000|  0%| F|  |TAMS 0x000000071ae00000| PB 0x000000071ae00000| Untracked |  0
| 177|0x000000071b000000, 0x000000071b000000, 0x000000071b200000|  0%| F|  |TAMS 0x000000071b000000| PB 0x000000071b000000| Untracked |  0
| 178|0x000000071b200000, 0x000000071b200000, 0x000000071b400000|  0%| F|  |TAMS 0x000000071b200000| PB 0x000000071b200000| Untracked |  0
| 179|0x000000071b400000, 0x000000071b400000, 0x000000071b600000|  0%| F|  |TAMS 0x000000071b400000| PB 0x000000071b400000| Untracked |  0
| 180|0x000000071b600000, 0x000000071b600000, 0x000000071b800000|  0%| F|  |TAMS 0x000000071b600000| PB 0x000000071b600000| Untracked |  0
| 181|0x000000071b800000, 0x000000071b800000, 0x000000071ba00000|  0%| F|  |TAMS 0x000000071b800000| PB 0x000000071b800000| Untracked |  0
| 182|0x000000071ba00000, 0x000000071ba00000, 0x000000071bc00000|  0%| F|  |TAMS 0x000000071ba00000| PB 0x000000071ba00000| Untracked |  0
| 183|0x000000071bc00000, 0x000000071bc00000, 0x000000071be00000|  0%| F|  |TAMS 0x000000071bc00000| PB 0x000000071bc00000| Untracked |  0
| 184|0x000000071be00000, 0x000000071be00000, 0x000000071c000000|  0%| F|  |TAMS 0x000000071be00000| PB 0x000000071be00000| Untracked |  0
| 185|0x000000071c000000, 0x000000071c000000, 0x000000071c200000|  0%| F|  |TAMS 0x000000071c000000| PB 0x000000071c000000| Untracked |  0
| 186|0x000000071c200000, 0x000000071c400000, 0x000000071c400000|100%| E|  |TAMS 0x000000071c200000| PB 0x000000071c200000| Complete |  0
| 187|0x000000071c400000, 0x000000071c600000, 0x000000071c600000|100%| E|CS|TAMS 0x000000071c400000| PB 0x000000071c400000| Complete |  0
| 188|0x000000071c600000, 0x000000071c800000, 0x000000071c800000|100%| E|CS|TAMS 0x000000071c600000| PB 0x000000071c600000| Complete |  0
| 189|0x000000071c800000, 0x000000071ca00000, 0x000000071ca00000|100%| E|CS|TAMS 0x000000071c800000| PB 0x000000071c800000| Complete |  0
| 190|0x000000071ca00000, 0x000000071cc00000, 0x000000071cc00000|100%| E|CS|TAMS 0x000000071ca00000| PB 0x000000071ca00000| Complete |  0
| 191|0x000000071cc00000, 0x000000071ce00000, 0x000000071ce00000|100%| E|CS|TAMS 0x000000071cc00000| PB 0x000000071cc00000| Complete |  0
| 192|0x000000071ce00000, 0x000000071d000000, 0x000000071d000000|100%| E|CS|TAMS 0x000000071ce00000| PB 0x000000071ce00000| Complete |  0
| 193|0x000000071d000000, 0x000000071d200000, 0x000000071d200000|100%| E|CS|TAMS 0x000000071d000000| PB 0x000000071d000000| Complete |  0
| 194|0x000000071d200000, 0x000000071d400000, 0x000000071d400000|100%| E|CS|TAMS 0x000000071d200000| PB 0x000000071d200000| Complete |  0
| 195|0x000000071d400000, 0x000000071d600000, 0x000000071d600000|100%| E|CS|TAMS 0x000000071d400000| PB 0x000000071d400000| Complete |  0
| 196|0x000000071d600000, 0x000000071d800000, 0x000000071d800000|100%| E|CS|TAMS 0x000000071d600000| PB 0x000000071d600000| Complete |  0
| 197|0x000000071d800000, 0x000000071da00000, 0x000000071da00000|100%| E|CS|TAMS 0x000000071d800000| PB 0x000000071d800000| Complete |  0
| 198|0x000000071da00000, 0x000000071dc00000, 0x000000071dc00000|100%| E|CS|TAMS 0x000000071da00000| PB 0x000000071da00000| Complete |  0
| 199|0x000000071dc00000, 0x000000071de00000, 0x000000071de00000|100%| E|CS|TAMS 0x000000071dc00000| PB 0x000000071dc00000| Complete |  0
| 200|0x000000071de00000, 0x000000071e000000, 0x000000071e000000|100%| E|CS|TAMS 0x000000071de00000| PB 0x000000071de00000| Complete |  0
| 201|0x000000071e000000, 0x000000071e200000, 0x000000071e200000|100%| E|CS|TAMS 0x000000071e000000| PB 0x000000071e000000| Complete |  0
| 202|0x000000071e200000, 0x000000071e400000, 0x000000071e400000|100%| E|CS|TAMS 0x000000071e200000| PB 0x000000071e200000| Complete |  0
| 203|0x000000071e400000, 0x000000071e600000, 0x000000071e600000|100%| E|CS|TAMS 0x000000071e400000| PB 0x000000071e400000| Complete |  0
| 204|0x000000071e600000, 0x000000071e800000, 0x000000071e800000|100%| E|CS|TAMS 0x000000071e600000| PB 0x000000071e600000| Complete |  0
| 205|0x000000071e800000, 0x000000071ea00000, 0x000000071ea00000|100%| E|CS|TAMS 0x000000071e800000| PB 0x000000071e800000| Complete |  0
| 206|0x000000071ea00000, 0x000000071ec00000, 0x000000071ec00000|100%| E|CS|TAMS 0x000000071ea00000| PB 0x000000071ea00000| Complete |  0
| 207|0x000000071ec00000, 0x000000071ee00000, 0x000000071ee00000|100%| E|CS|TAMS 0x000000071ec00000| PB 0x000000071ec00000| Complete |  0
|2003|0x00000007ff400000, 0x00000007ff600000, 0x00000007ff600000|100%| O|  |TAMS 0x00000007ff400000| PB 0x00000007ff400000| Untracked |  0
|2004|0x00000007ff600000, 0x00000007ff800000, 0x00000007ff800000|100%| O|  |TAMS 0x00000007ff600000| PB 0x00000007ff600000| Untracked |  0
|2005|0x00000007ff800000, 0x00000007ffa00000, 0x00000007ffa00000|100%| O|  |TAMS 0x00000007ff800000| PB 0x00000007ff800000| Untracked |  0
|2006|0x00000007ffa00000, 0x00000007ffc00000, 0x00000007ffc00000|100%| O|  |TAMS 0x00000007ffa00000| PB 0x00000007ffa00000| Untracked |  0
|2007|0x00000007ffc00000, 0x00000007ffe00000, 0x00000007ffe00000|100%| O|  |TAMS 0x00000007ffc00000| PB 0x00000007ffc00000| Untracked |  0
|2008|0x00000007ffe00000, 0x0000000800000000, 0x0000000800000000|100%| O|  |TAMS 0x00000007ffe00000| PB 0x00000007ffe00000| Untracked |  0

Card table byte_map: [0x000002c5f5850000,0x000002c5f6030000] _byte_map_base: 0x000002c5f2029000

Marking Bits: (CMBitMap*) 0x000002c5ec83b390
 Bits: [0x000002c5f6030000, 0x000002c5f9ef8000)

Polling page: 0x000002c5ea6c0000

Metaspace:

Usage:
  Non-class:     34.42 MB used.
      Class:      4.27 MB used.
       Both:     38.69 MB used.

Virtual space:
  Non-class space:       64.00 MB reserved,      34.81 MB ( 54%) committed,  1 nodes.
      Class space:        1.00 GB reserved,       4.56 MB ( <1%) committed,  1 nodes.
             Both:        1.06 GB reserved,      39.38 MB (  4%) committed. 

Chunk freelists:
   Non-Class:  12.49 MB
       Class:  11.38 MB
        Both:  23.87 MB

MaxMetaspaceSize: unlimited
CompressedClassSpaceSize: 1.00 GB
Initial GC threshold: 21.00 MB
Current GC threshold: 41.50 MB
CDS: on
 - commit_granule_bytes: 65536.
 - commit_granule_words: 8192.
 - virtual_space_node_default_size: 8388608.
 - enlarge_chunks_in_place: 1.
 - use_allocation_guard: 0.


Internal statistics:

num_allocs_failed_limit: 6.
num_arena_births: 796.
num_arena_deaths: 0.
num_vsnodes_births: 2.
num_vsnodes_deaths: 0.
num_space_committed: 629.
num_space_uncommitted: 0.
num_chunks_returned_to_freelist: 6.
num_chunks_taken_from_freelist: 2315.
num_chunk_merges: 6.
num_chunk_splits: 1617.
num_chunks_enlarged: 1181.
num_inconsistent_stats: 0.

CodeHeap 'non-profiled nmethods': size=120000Kb used=12776Kb max_used=12776Kb free=107223Kb
 bounds [0x000002c587ad0000, 0x000002c588750000, 0x000002c58f000000]
CodeHeap 'profiled nmethods': size=120000Kb used=33463Kb max_used=33463Kb free=86536Kb
 bounds [0x000002c580000000, 0x000002c5820b0000, 0x000002c587530000]
CodeHeap 'non-nmethods': size=5760Kb used=1534Kb max_used=1618Kb free=4225Kb
 bounds [0x000002c587530000, 0x000002c5877a0000, 0x000002c587ad0000]
 total_blobs=14128 nmethods=13527 adapters=504
 compilation: enabled
              stopped_count=0, restarted_count=0
 full_count=0

Compilation events (20 events):
Event: 30.385 Thread 0x000002c5fcba1b20 14247       3       java.lang.ProcessEnvironment$CheckedEntry::getValue (13 bytes)
Event: 30.385 Thread 0x000002c5fcba1b20 nmethod 14247 0x000002c5820a1690 code [0x000002c5820a1840, 0x000002c5820a1af0]
Event: 30.387 Thread 0x000002c5fcba1b20 14248       3       java.lang.ProcessEnvironment$NameComparator::compare (90 bytes)
Event: 30.389 Thread 0x000002c5fcba1b20 nmethod 14248 0x000002c5820a1c10 code [0x000002c5820a1f20, 0x000002c5820a3158]
Event: 30.389 Thread 0x000002c5fcba1b20 14249       3       java.lang.ProcessEnvironment$EntryComparator::compare (13 bytes)
Event: 30.390 Thread 0x000002c5fcba1b20 nmethod 14249 0x000002c5820a3990 code [0x000002c5820a3b80, 0x000002c5820a4258]
Event: 30.390 Thread 0x000002c5fcba1b20 14250       3       java.lang.ProcessEnvironment$EntryComparator::compare (25 bytes)
Event: 30.390 Thread 0x000002c5fcba1b20 nmethod 14250 0x000002c5820a4410 code [0x000002c5820a45e0, 0x000002c5820a4a80]
Event: 30.407 Thread 0x000002c5fcba1b20 14255       3       java.lang.invoke.InvokerBytecodeGenerator::addMethod (737 bytes)
Event: 30.411 Thread 0x000002c5fcba1b20 nmethod 14255 0x000002c5820a4c10 code [0x000002c5820a5180, 0x000002c5820a75e0]
Event: 30.412 Thread 0x000002c5fcba1b20 14253   !   3       java.lang.invoke.LambdaForm::lambdaName (49 bytes)
Event: 30.412 Thread 0x000002c5fcba1b20 nmethod 14253 0x000002c5820a8210 code [0x000002c5820a83a0, 0x000002c5820a84d0]
Event: 30.412 Thread 0x000002c5fcba1b20 14254       3       java.lang.invoke.InvokerBytecodeGenerator::classFilePrologue (64 bytes)
Event: 30.413 Thread 0x000002c5fcba1b20 nmethod 14254 0x000002c5820a8590 code [0x000002c5820a87e0, 0x000002c5820a8fa0]
Event: 30.413 Thread 0x000002c5fcba1b20 14256       3       java.lang.invoke.InvokerBytecodeGenerator::methodPrologue (29 bytes)
Event: 30.414 Thread 0x000002c5fcba1b20 nmethod 14256 0x000002c5820a9290 code [0x000002c5820a9460, 0x000002c5820a97a8]
Event: 30.414 Thread 0x000002c5fcba1b20 14257       3       java.lang.invoke.InvokerBytecodeGenerator::emitReturn (107 bytes)
Event: 30.415 Thread 0x000002c5fcba1b20 nmethod 14257 0x000002c5820a9910 code [0x000002c5820a9b20, 0x000002c5820a9ff8]
Event: 30.415 Thread 0x000002c5fcba1b20 14258       3       java.lang.invoke.InvokerBytecodeGenerator::classDataValues (260 bytes)
Event: 30.417 Thread 0x000002c5fcba1b20 nmethod 14258 0x000002c5820aa210 code [0x000002c5820aa680, 0x000002c5820ad4a8]

GC Heap History (20 events):
Event: 15.864 GC heap before
{Heap before GC invocations=14 (full 0):
 garbage-first heap   total reserved 4114432K, committed 223232K, used 195403K [0x0000000704e00000, 0x0000000800000000)
  region size 2048K, 60 young (122880K), 7 survivors (14336K)
 Metaspace       used 27943K, committed 28480K, reserved 1114112K
  class space    used 3048K, committed 3328K, reserved 1048576K
}
Event: 15.876 GC heap after
{Heap after GC invocations=15 (full 0):
 garbage-first heap   total reserved 4114432K, committed 223232K, used 88924K [0x0000000704e00000, 0x0000000800000000)
  region size 2048K, 6 young (12288K), 6 survivors (12288K)
 Metaspace       used 27943K, committed 28480K, reserved 1114112K
  class space    used 3048K, committed 3328K, reserved 1048576K
}
Event: 17.838 GC heap before
{Heap before GC invocations=15 (full 0):
 garbage-first heap   total reserved 4114432K, committed 223232K, used 195420K [0x0000000704e00000, 0x0000000800000000)
  region size 2048K, 58 young (118784K), 6 survivors (12288K)
 Metaspace       used 33553K, committed 34112K, reserved 1114112K
  class space    used 3780K, committed 4032K, reserved 1048576K
}
Event: 17.872 GC heap after
{Heap after GC invocations=16 (full 0):
 garbage-first heap   total reserved 4114432K, committed 223232K, used 96165K [0x0000000704e00000, 0x0000000800000000)
  region size 2048K, 8 young (16384K), 8 survivors (16384K)
 Metaspace       used 33553K, committed 34112K, reserved 1114112K
  class space    used 3780K, committed 4032K, reserved 1048576K
}
Event: 18.903 GC heap before
{Heap before GC invocations=16 (full 0):
 garbage-first heap   total reserved 4114432K, committed 223232K, used 192421K [0x0000000704e00000, 0x0000000800000000)
  region size 2048K, 55 young (112640K), 8 survivors (16384K)
 Metaspace       used 33572K, committed 34112K, reserved 1114112K
  class space    used 3780K, committed 4032K, reserved 1048576K
}
Event: 18.935 GC heap after
{Heap after GC invocations=17 (full 0):
 garbage-first heap   total reserved 4114432K, committed 286720K, used 99801K [0x0000000704e00000, 0x0000000800000000)
  region size 2048K, 3 young (6144K), 3 survivors (6144K)
 Metaspace       used 33572K, committed 34112K, reserved 1114112K
  class space    used 3780K, committed 4032K, reserved 1048576K
}
Event: 19.290 GC heap before
{Heap before GC invocations=17 (full 0):
 garbage-first heap   total reserved 4114432K, committed 286720K, used 255449K [0x0000000704e00000, 0x0000000800000000)
  region size 2048K, 79 young (161792K), 3 survivors (6144K)
 Metaspace       used 33599K, committed 34176K, reserved 1114112K
  class space    used 3780K, committed 4032K, reserved 1048576K
}
Event: 19.301 GC heap after
{Heap after GC invocations=18 (full 0):
 garbage-first heap   total reserved 4114432K, committed 286720K, used 104740K [0x0000000704e00000, 0x0000000800000000)
  region size 2048K, 5 young (10240K), 5 survivors (10240K)
 Metaspace       used 33599K, committed 34176K, reserved 1114112K
  class space    used 3780K, committed 4032K, reserved 1048576K
}
Event: 19.542 GC heap before
{Heap before GC invocations=18 (full 0):
 garbage-first heap   total reserved 4114432K, committed 286720K, used 258340K [0x0000000704e00000, 0x0000000800000000)
  region size 2048K, 80 young (163840K), 5 survivors (10240K)
 Metaspace       used 33625K, committed 34176K, reserved 1114112K
  class space    used 3780K, committed 4032K, reserved 1048576K
}
Event: 19.551 GC heap after
{Heap after GC invocations=19 (full 0):
 garbage-first heap   total reserved 4114432K, committed 286720K, used 101910K [0x0000000704e00000, 0x0000000800000000)
  region size 2048K, 4 young (8192K), 4 survivors (8192K)
 Metaspace       used 33625K, committed 34176K, reserved 1114112K
  class space    used 3780K, committed 4032K, reserved 1048576K
}
Event: 19.715 GC heap before
{Heap before GC invocations=19 (full 0):
 garbage-first heap   total reserved 4114432K, committed 286720K, used 261654K [0x0000000704e00000, 0x0000000800000000)
  region size 2048K, 82 young (167936K), 4 survivors (8192K)
 Metaspace       used 33646K, committed 34240K, reserved 1114112K
  class space    used 3780K, committed 4032K, reserved 1048576K
}
Event: 19.734 GC heap after
{Heap after GC invocations=20 (full 0):
 garbage-first heap   total reserved 4114432K, committed 286720K, used 104467K [0x0000000704e00000, 0x0000000800000000)
  region size 2048K, 5 young (10240K), 5 survivors (10240K)
 Metaspace       used 33646K, committed 34240K, reserved 1114112K
  class space    used 3780K, committed 4032K, reserved 1048576K
}
Event: 19.912 GC heap before
{Heap before GC invocations=20 (full 0):
 garbage-first heap   total reserved 4114432K, committed 286720K, used 260115K [0x0000000704e00000, 0x0000000800000000)
  region size 2048K, 81 young (165888K), 5 survivors (10240K)
 Metaspace       used 33655K, committed 34240K, reserved 1114112K
  class space    used 3780K, committed 4032K, reserved 1048576K
}
Event: 19.929 GC heap after
{Heap after GC invocations=21 (full 0):
 garbage-first heap   total reserved 4114432K, committed 438272K, used 105721K [0x0000000704e00000, 0x0000000800000000)
  region size 2048K, 6 young (12288K), 6 survivors (12288K)
 Metaspace       used 33655K, committed 34240K, reserved 1114112K
  class space    used 3780K, committed 4032K, reserved 1048576K
}
Event: 21.780 GC heap before
{Heap before GC invocations=21 (full 0):
 garbage-first heap   total reserved 4114432K, committed 438272K, used 355577K [0x0000000704e00000, 0x0000000800000000)
  region size 2048K, 128 young (262144K), 6 survivors (12288K)
 Metaspace       used 36184K, committed 36800K, reserved 1114112K
  class space    used 4073K, committed 4352K, reserved 1048576K
}
Event: 21.789 GC heap after
{Heap after GC invocations=22 (full 0):
 garbage-first heap   total reserved 4114432K, committed 438272K, used 106426K [0x0000000704e00000, 0x0000000800000000)
  region size 2048K, 6 young (12288K), 6 survivors (12288K)
 Metaspace       used 36184K, committed 36800K, reserved 1114112K
  class space    used 4073K, committed 4352K, reserved 1048576K
}
Event: 25.987 GC heap before
{Heap before GC invocations=22 (full 0):
 garbage-first heap   total reserved 4114432K, committed 438272K, used 356282K [0x0000000704e00000, 0x0000000800000000)
  region size 2048K, 128 young (262144K), 6 survivors (12288K)
 Metaspace       used 36985K, committed 37632K, reserved 1114112K
  class space    used 4099K, committed 4416K, reserved 1048576K
}
Event: 26.007 GC heap after
{Heap after GC invocations=23 (full 0):
 garbage-first heap   total reserved 4114432K, committed 438272K, used 114121K [0x0000000704e00000, 0x0000000800000000)
  region size 2048K, 10 young (20480K), 10 survivors (20480K)
 Metaspace       used 36985K, committed 37632K, reserved 1114112K
  class space    used 4099K, committed 4416K, reserved 1048576K
}
Event: 29.069 GC heap before
{Heap before GC invocations=23 (full 0):
 garbage-first heap   total reserved 4114432K, committed 438272K, used 357833K [0x0000000704e00000, 0x0000000800000000)
  region size 2048K, 128 young (262144K), 10 survivors (20480K)
 Metaspace       used 38626K, committed 39296K, reserved 1114112K
  class space    used 4281K, committed 4608K, reserved 1048576K
}
Event: 29.095 GC heap after
{Heap after GC invocations=24 (full 0):
 garbage-first heap   total reserved 4114432K, committed 438272K, used 128233K [0x0000000704e00000, 0x0000000800000000)
  region size 2048K, 14 young (28672K), 14 survivors (28672K)
 Metaspace       used 38626K, committed 39296K, reserved 1114112K
  class space    used 4281K, committed 4608K, reserved 1048576K
}

Dll operation events (8 events):
Event: 0.008 Loaded shared library C:\Program Files\Java\jdk-22\bin\java.dll
Event: 0.034 Loaded shared library C:\Program Files\Java\jdk-22\bin\jsvml.dll
Event: 0.047 Loaded shared library C:\Program Files\Java\jdk-22\bin\net.dll
Event: 0.049 Loaded shared library C:\Program Files\Java\jdk-22\bin\nio.dll
Event: 0.054 Loaded shared library C:\Program Files\Java\jdk-22\bin\zip.dll
Event: 0.146 Loaded shared library C:\Program Files\Java\jdk-22\bin\verify.dll
Event: 0.150 Loaded shared library C:\Users\bbatc\.m2\wrapper\dists\apache-maven-3.6.3\e15e02955a36a11599a524c22e91cd5a464ab741f0893a52a2a53493cb10f280\lib\jansi-native\windows64\jansi.dll
Event: 0.175 Loaded shared library C:\Program Files\Java\jdk-22\bin\jimage.dll

Deoptimization events (20 events):
Event: 29.686 Thread 0x000002c5ea405e10 Uncommon trap: trap_request=0xffffffde fr.pc=0x000002c587bbb480 relative=0x00000000000004e0
Event: 29.686 Thread 0x000002c5ea405e10 Uncommon trap: reason=class_check action=maybe_recompile pc=0x000002c587bbb480 method=com.google.inject.internal.MoreTypes.getRawType(Ljava/lang/reflect/Type;)Ljava/lang/Class; @ 13 c2
Event: 29.686 Thread 0x000002c5ea405e10 DEOPT PACKING pc=0x000002c587bbb480 sp=0x000000ff647fe640
Event: 29.686 Thread 0x000002c5ea405e10 DEOPT UNPACKING pc=0x000002c5875846a2 sp=0x000000ff647fe588 mode 2
Event: 29.687 Thread 0x000002c5ea405e10 Uncommon trap: trap_request=0xffffffde fr.pc=0x000002c587bbb480 relative=0x00000000000004e0
Event: 29.687 Thread 0x000002c5ea405e10 Uncommon trap: reason=class_check action=maybe_recompile pc=0x000002c587bbb480 method=com.google.inject.internal.MoreTypes.getRawType(Ljava/lang/reflect/Type;)Ljava/lang/Class; @ 13 c2
Event: 29.687 Thread 0x000002c5ea405e10 DEOPT PACKING pc=0x000002c587bbb480 sp=0x000000ff647fe640
Event: 29.687 Thread 0x000002c5ea405e10 DEOPT UNPACKING pc=0x000002c5875846a2 sp=0x000000ff647fe588 mode 2
Event: 29.689 Thread 0x000002c5ea405e10 Uncommon trap: trap_request=0xffffffde fr.pc=0x000002c587bbb480 relative=0x00000000000004e0
Event: 29.689 Thread 0x000002c5ea405e10 Uncommon trap: reason=class_check action=maybe_recompile pc=0x000002c587bbb480 method=com.google.inject.internal.MoreTypes.getRawType(Ljava/lang/reflect/Type;)Ljava/lang/Class; @ 13 c2
Event: 29.689 Thread 0x000002c5ea405e10 DEOPT PACKING pc=0x000002c587bbb480 sp=0x000000ff647fe640
Event: 29.690 Thread 0x000002c5ea405e10 DEOPT UNPACKING pc=0x000002c5875846a2 sp=0x000000ff647fe588 mode 2
Event: 29.742 Thread 0x000002c5ea405e10 Uncommon trap: trap_request=0xffffff45 fr.pc=0x000002c588042b0c relative=0x00000000000001ec
Event: 29.742 Thread 0x000002c5ea405e10 Uncommon trap: reason=unstable_if action=reinterpret pc=0x000002c588042b0c method=java.util.ArrayDeque.addFirst(Ljava/lang/Object;)V @ 42 c2
Event: 29.742 Thread 0x000002c5ea405e10 DEOPT PACKING pc=0x000002c588042b0c sp=0x000000ff647fe720
Event: 29.742 Thread 0x000002c5ea405e10 DEOPT UNPACKING pc=0x000002c5875846a2 sp=0x000000ff647fe6c0 mode 2
Event: 30.384 Thread 0x000002c5ea405e10 Uncommon trap: trap_request=0xffffffde fr.pc=0x000002c587cfa514 relative=0x0000000000000074
Event: 30.384 Thread 0x000002c5ea405e10 Uncommon trap: reason=class_check action=maybe_recompile pc=0x000002c587cfa514 method=java.util.Collections$UnmodifiableMap.size()I @ 4 c2
Event: 30.384 Thread 0x000002c5ea405e10 DEOPT PACKING pc=0x000002c587cfa514 sp=0x000000ff647fe700
Event: 30.384 Thread 0x000002c5ea405e10 DEOPT UNPACKING pc=0x000002c5875846a2 sp=0x000000ff647fe688 mode 2

Classes loaded (20 events):
Event: 30.416 Loading class jdk/internal/logger/LazyLoggers$LazyLoggerFactories
Event: 30.416 Loading class jdk/internal/logger/LazyLoggers$LazyLoggerFactories done
Event: 30.417 Loading class jdk/internal/logger/LoggerFinderLoader
Event: 30.417 Loading class jdk/internal/logger/LoggerFinderLoader done
Event: 30.418 Loading class jdk/internal/logger/LoggerFinderLoader$TemporaryLoggerFinder
Event: 30.418 Loading class jdk/internal/logger/LoggerFinderLoader$TemporaryLoggerFinder done
Event: 30.418 Loading class sun/util/logging/internal/LoggingProviderImpl$JULWrapper
Event: 30.419 Loading class sun/util/logging/PlatformLogger$ConfigurableBridge$LoggerConfiguration
Event: 30.419 Loading class sun/util/logging/PlatformLogger$ConfigurableBridge$LoggerConfiguration done
Event: 30.419 Loading class sun/util/logging/internal/LoggingProviderImpl$JULWrapper done
Event: 30.419 Loading class java/lang/System$Logger$Level
Event: 30.419 Loading class java/lang/System$Logger$Level done
Event: 30.421 Loading class sun/misc/Signal
Event: 30.421 Loading class sun/misc/Signal done
Event: 30.421 Loading class sun/misc/SignalHandler
Event: 30.422 Loading class sun/misc/SignalHandler done
Event: 30.422 Loading class sun/misc/Signal$InternalMiscHandler
Event: 30.422 Loading class sun/misc/Signal$InternalMiscHandler done
Event: 30.422 Loading class sun/misc/Signal$SunMiscHandler
Event: 30.422 Loading class sun/misc/Signal$SunMiscHandler done

Classes unloaded (0 events):
No events

Classes redefined (0 events):
No events

Internal exceptions (20 events):
Event: 28.719 Thread 0x000002c5ea405e10 Exception <a 'sun/nio/fs/WindowsException'{0x0000000710a0f468}> (0x0000000710a0f468) 
thrown [s\open\src\hotspot\share\prims\jni.cpp, line 520]
Event: 28.719 Thread 0x000002c5ea405e10 Exception <a 'sun/nio/fs/WindowsException'{0x0000000710a0fe80}> (0x0000000710a0fe80) 
thrown [s\open\src\hotspot\share\prims\jni.cpp, line 520]
Event: 28.719 Thread 0x000002c5ea405e10 Exception <a 'sun/nio/fs/WindowsException'{0x0000000710a10900}> (0x0000000710a10900) 
thrown [s\open\src\hotspot\share\prims\jni.cpp, line 520]
Event: 28.721 Thread 0x000002c5ea405e10 Exception <a 'sun/nio/fs/WindowsException'{0x0000000710a36058}> (0x0000000710a36058) 
thrown [s\open\src\hotspot\share\prims\jni.cpp, line 520]
Event: 28.721 Thread 0x000002c5ea405e10 Exception <a 'sun/nio/fs/WindowsException'{0x0000000710a36a70}> (0x0000000710a36a70) 
thrown [s\open\src\hotspot\share\prims\jni.cpp, line 520]
Event: 28.721 Thread 0x000002c5ea405e10 Exception <a 'sun/nio/fs/WindowsException'{0x0000000710a374f0}> (0x0000000710a374f0) 
thrown [s\open\src\hotspot\share\prims\jni.cpp, line 520]
Event: 28.723 Thread 0x000002c5ea405e10 Exception <a 'sun/nio/fs/WindowsException'{0x0000000710a67ff8}> (0x0000000710a67ff8) 
thrown [s\open\src\hotspot\share\prims\jni.cpp, line 520]
Event: 28.723 Thread 0x000002c5ea405e10 Exception <a 'sun/nio/fs/WindowsException'{0x0000000710a68a10}> (0x0000000710a68a10) 
thrown [s\open\src\hotspot\share\prims\jni.cpp, line 520]
Event: 28.723 Thread 0x000002c5ea405e10 Exception <a 'sun/nio/fs/WindowsException'{0x0000000710a69490}> (0x0000000710a69490) 
thrown [s\open\src\hotspot\share\prims\jni.cpp, line 520]
Event: 28.724 Thread 0x000002c5ea405e10 Exception <a 'sun/nio/fs/WindowsException'{0x0000000710a881d8}> (0x0000000710a881d8) 
thrown [s\open\src\hotspot\share\prims\jni.cpp, line 520]
Event: 28.724 Thread 0x000002c5ea405e10 Exception <a 'sun/nio/fs/WindowsException'{0x0000000710a88bf0}> (0x0000000710a88bf0) 
thrown [s\open\src\hotspot\share\prims\jni.cpp, line 520]
Event: 28.724 Thread 0x000002c5ea405e10 Exception <a 'sun/nio/fs/WindowsException'{0x0000000710a89670}> (0x0000000710a89670) 
thrown [s\open\src\hotspot\share\prims\jni.cpp, line 520]
Event: 28.727 Thread 0x000002c5ea405e10 Exception <a 'sun/nio/fs/WindowsException'{0x0000000710b076a0}> (0x0000000710b076a0) 
thrown [s\open\src\hotspot\share\prims\jni.cpp, line 520]
Event: 28.733 Thread 0x000002c5ea405e10 Exception <a 'sun/nio/fs/WindowsException'{0x0000000710b1e990}> (0x0000000710b1e990) 
thrown [s\open\src\hotspot\share\prims\jni.cpp, line 520]
Event: 28.736 Thread 0x000002c5ea405e10 Exception <a 'sun/nio/fs/WindowsException'{0x0000000710b35cf8}> (0x0000000710b35cf8) 
thrown [s\open\src\hotspot\share\prims\jni.cpp, line 520]
Event: 29.659 Thread 0x000002c5ea405e10 Exception <a 'java/lang/NoClassDefFoundError'{0x000000071dff14c0}: org/codehaus/plexus/util/io/CachingOutputStream> (0x000000071dff14c0) 
thrown [s\open\src\hotspot\share\classfile\systemDictionary.cpp, line 302]
Event: 30.407 Thread 0x000002c5ea405e10 Exception <a 'java/lang/NoSuchMethodError'{0x000000071c308d08}: 'void java.lang.invoke.DirectMethodHandle$Holder.invokeStatic(java.lang.Object, long)'> (0x000000071c308d08) 
thrown [s\open\src\hotspot\share\interpreter\linkResolver.cpp, line 774]
Event: 30.407 Thread 0x000002c5ea405e10 Exception <a 'java/lang/NoSuchMethodError'{0x000000071c30dab0}: 'java.lang.Object java.lang.invoke.DirectMethodHandle$Holder.newInvokeSpecial(java.lang.Object, long)'> (0x000000071c30dab0) 
thrown [s\open\src\hotspot\share\interpreter\linkResolver.cpp, line 774]
Event: 30.409 Thread 0x000002c5ea405e10 Exception <a 'java/lang/NoSuchMethodError'{0x000000071c314658}: 'java.lang.Object java.lang.invoke.DirectMethodHandle$Holder.invokeStatic(java.lang.Object, long, java.lang.Object)'> (0x000000071c314658) 
thrown [s\open\src\hotspot\share\interpreter\linkResolver.cpp, line 774]
Event: 30.409 Thread 0x000002c5ea405e10 Exception <a 'java/lang/NoSuchMethodError'{0x000000071c317cb0}: 'java.lang.Object java.lang.invoke.DirectMethodHandle$Holder.invokeStaticInit(java.lang.Object, long, java.lang.Object)'> (0x000000071c317cb0) 
thrown [s\open\src\hotspot\share\interpreter\linkResolver.cpp, line 774]

ZGC Phase Switch (0 events):
No events

VM Operations (20 events):
Event: 26.413 Executing VM operation: ICBufferFull
Event: 26.413 Executing VM operation: ICBufferFull done
Event: 26.817 Executing VM operation: ICBufferFull
Event: 26.817 Executing VM operation: ICBufferFull done
Event: 26.990 Executing VM operation: ICBufferFull
Event: 26.990 Executing VM operation: ICBufferFull done
Event: 27.009 Executing VM operation: HandshakeAllThreads (Deoptimize)
Event: 27.009 Executing VM operation: HandshakeAllThreads (Deoptimize) done
Event: 27.520 Executing VM operation: ICBufferFull
Event: 27.521 Executing VM operation: ICBufferFull done
Event: 28.527 Executing VM operation: Cleanup
Event: 28.528 Executing VM operation: Cleanup done
Event: 29.003 Executing VM operation: ICBufferFull
Event: 29.004 Executing VM operation: ICBufferFull done
Event: 29.069 Executing VM operation: G1CollectForAllocation (G1 Evacuation Pause)
Event: 29.095 Executing VM operation: G1CollectForAllocation (G1 Evacuation Pause) done
Event: 29.649 Executing VM operation: HandshakeAllThreads (Deoptimize)
Event: 29.649 Executing VM operation: HandshakeAllThreads (Deoptimize) done
Event: 30.657 Executing VM operation: Cleanup
Event: 30.658 Executing VM operation: Cleanup done

Memory protections (0 events):
No events

Nmethod flushes (20 events):
Event: 12.190 Thread 0x000002c5fcb721b0 flushing  nmethod 0x000002c580564e90
Event: 12.190 Thread 0x000002c5fcb721b0 flushing  nmethod 0x000002c5805a8a10
Event: 12.190 Thread 0x000002c5fcb721b0 flushing  nmethod 0x000002c5805aab10
Event: 12.190 Thread 0x000002c5fcb721b0 flushing  nmethod 0x000002c5805ab990
Event: 12.190 Thread 0x000002c5fcb721b0 flushing  nmethod 0x000002c5805b8c90
Event: 12.190 Thread 0x000002c5fcb721b0 flushing  nmethod 0x000002c5805ba410
Event: 12.190 Thread 0x000002c5fcb721b0 flushing  nmethod 0x000002c5805bb990
Event: 12.190 Thread 0x000002c5fcb721b0 flushing  nmethod 0x000002c5805bc790
Event: 12.190 Thread 0x000002c5fcb721b0 flushing  nmethod 0x000002c5805d6b10
Event: 12.190 Thread 0x000002c5fcb721b0 flushing  nmethod 0x000002c5805d6f10
Event: 12.190 Thread 0x000002c5fcb721b0 flushing  nmethod 0x000002c5805e7590
Event: 12.190 Thread 0x000002c5fcb721b0 flushing  nmethod 0x000002c580643810
Event: 12.190 Thread 0x000002c5fcb721b0 flushing  nmethod 0x000002c580703090
Event: 12.190 Thread 0x000002c5fcb721b0 flushing  nmethod 0x000002c580832c10
Event: 12.190 Thread 0x000002c5fcb721b0 flushing  nmethod 0x000002c580834090
Event: 12.190 Thread 0x000002c5fcb721b0 flushing  nmethod 0x000002c580834510
Event: 12.190 Thread 0x000002c5fcb721b0 flushing  nmethod 0x000002c580835810
Event: 12.190 Thread 0x000002c5fcb721b0 flushing  nmethod 0x000002c580836410
Event: 12.190 Thread 0x000002c5fcb721b0 flushing  nmethod 0x000002c58083a310
Event: 12.190 Thread 0x000002c5fcb721b0 flushing  nmethod 0x000002c58083b490

Events (20 events):
Event: 0.474 Thread 0x000002c5fcba1b20 Thread added: 0x000002c5d44a7530
Event: 0.484 Thread 0x000002c5fcba1b20 Thread added: 0x000002c5d44a7c00
Event: 3.529 Thread 0x000002c5d44a7c00 Thread exited: 0x000002c5d44a7c00
Event: 3.612 Thread 0x000002c5d44a7530 Thread exited: 0x000002c5d44a7530
Event: 4.018 Thread 0x000002c5fcb9e8d0 Thread added: 0x000002c5d44a7530
Event: 4.394 Thread 0x000002c5d44a7530 Thread exited: 0x000002c5d44a7530
Event: 4.444 Thread 0x000002c5fcba1b20 Thread added: 0x000002c5d44a7530
Event: 5.054 Thread 0x000002c5d44a7530 Thread exited: 0x000002c5d44a7530
Event: 5.480 Thread 0x000002c5fcba1b20 Thread added: 0x000002c5d44a9070
Event: 5.926 Thread 0x000002c5d44a9070 Thread exited: 0x000002c5d44a9070
Event: 6.695 Thread 0x000002c5fcba1b20 Thread added: 0x000002c5d44a7530
Event: 6.864 Thread 0x000002c5d44a7530 Thread added: 0x000002c5d44a7c00
Event: 9.504 Thread 0x000002c5d44a7c00 Thread exited: 0x000002c5d44a7c00
Event: 10.183 Thread 0x000002c5d44a7530 Thread added: 0x000002c5d44a7c00
Event: 27.459 Thread 0x000002c5d44a7c00 Thread exited: 0x000002c5d44a7c00
Event: 27.712 Thread 0x000002c5fcba1b20 Thread added: 0x000002c5d4957a80
Event: 28.552 Thread 0x000002c5d4957a80 Thread exited: 0x000002c5d4957a80
Event: 28.615 Thread 0x000002c5d44a7530 Thread exited: 0x000002c5d44a7530
Event: 28.956 Thread 0x000002c5fcba1b20 Thread added: 0x000002c5d4958150
Event: 30.032 Thread 0x000002c5d4958150 Thread exited: 0x000002c5d4958150


Dynamic libraries:
0x00007ff7a8fe0000 - 0x00007ff7a8ff0000 	C:\Program Files\Java\jdk-22\bin\java.exe
0x00007ffd97c20000 - 0x00007ffd97e86000 	C:\WINDOWS\SYSTEM32\ntdll.dll
0x00007ffd95c10000 - 0x00007ffd95cd9000 	C:\WINDOWS\System32\KERNEL32.DLL
0x00007ffd94eb0000 - 0x00007ffd952aa000 	C:\WINDOWS\System32\KERNELBASE.dll
0x00007ffd954d0000 - 0x00007ffd9561c000 	C:\WINDOWS\System32\ucrtbase.dll
0x00007ffd55d20000 - 0x00007ffd55d3b000 	C:\Program Files\Java\jdk-22\bin\VCRUNTIME140.dll
0x00007ffd4df00000 - 0x00007ffd4df17000 	C:\Program Files\Java\jdk-22\bin\jli.dll
0x00007ffd96b00000 - 0x00007ffd96cc7000 	C:\WINDOWS\System32\USER32.dll
0x00007ffd956b0000 - 0x00007ffd956d7000 	C:\WINDOWS\System32\win32u.dll
0x00007ffd760b0000 - 0x00007ffd76342000 	C:\WINDOWS\WinSxS\amd64_microsoft.windows.common-controls_6595b64144ccf1df_6.0.26100.8521_none_3e08b75ce33403b3\COMCTL32.dll
0x00007ffd961d0000 - 0x00007ffd961fb000 	C:\WINDOWS\System32\GDI32.dll
0x00007ffd95b60000 - 0x00007ffd95c09000 	C:\WINDOWS\System32\msvcrt.dll
0x00007ffd956e0000 - 0x00007ffd9580b000 	C:\WINDOWS\System32\gdi32full.dll
0x00007ffd95420000 - 0x00007ffd954c3000 	C:\WINDOWS\System32\msvcp_win.dll
0x00007ffd96130000 - 0x00007ffd96162000 	C:\WINDOWS\System32\IMM32.DLL
0x00007ffd74560000 - 0x00007ffd7456c000 	C:\Program Files\Java\jdk-22\bin\vcruntime140_1.dll
0x00007ffd19db0000 - 0x00007ffd19e3e000 	C:\Program Files\Java\jdk-22\bin\msvcp140.dll
0x00007ffccaf20000 - 0x00007ffccbc69000 	C:\Program Files\Java\jdk-22\bin\server\jvm.dll
0x00007ffd96d90000 - 0x00007ffd96e46000 	C:\WINDOWS\System32\ADVAPI32.dll
0x00007ffd95ce0000 - 0x00007ffd95d8a000 	C:\WINDOWS\System32\sechost.dll
0x00007ffd97430000 - 0x00007ffd97548000 	C:\WINDOWS\System32\RPCRT4.dll
0x00007ffd97840000 - 0x00007ffd978c0000 	C:\WINDOWS\System32\WS2_32.dll
0x00007ffd7ff40000 - 0x00007ffd7ff4b000 	C:\WINDOWS\SYSTEM32\VERSION.dll
0x00007ffd8d110000 - 0x00007ffd8d146000 	C:\WINDOWS\SYSTEM32\WINMM.dll
0x00007ffd94d10000 - 0x00007ffd94d6e000 	C:\WINDOWS\SYSTEM32\POWRPROF.dll
0x00007ffd94cf0000 - 0x00007ffd94d04000 	C:\WINDOWS\SYSTEM32\UMPDC.dll
0x00007ffd93c40000 - 0x00007ffd93c5b000 	C:\WINDOWS\SYSTEM32\kernel.appcore.dll
0x00007ffd73200000 - 0x00007ffd7320a000 	C:\Program Files\Java\jdk-22\bin\jimage.dll
0x00007ffd92570000 - 0x00007ffd927b2000 	C:\WINDOWS\SYSTEM32\DBGHELP.DLL
0x00007ffd95d90000 - 0x00007ffd96113000 	C:\WINDOWS\System32\combase.dll
0x00007ffd96a20000 - 0x00007ffd96af9000 	C:\WINDOWS\System32\OLEAUT32.dll
0x00007ffd8d0d0000 - 0x00007ffd8d10b000 	C:\WINDOWS\SYSTEM32\dbgcore.DLL
0x00007ffd95370000 - 0x00007ffd95418000 	C:\WINDOWS\System32\bcryptPrimitives.dll
0x00007ffd4dee0000 - 0x00007ffd4defe000 	C:\Program Files\Java\jdk-22\bin\java.dll
0x00007ffd96210000 - 0x00007ffd96994000 	C:\WINDOWS\System32\SHELL32.dll
0x00007ffd959c0000 - 0x00007ffd95b58000 	C:\WINDOWS\System32\ole32.dll
0x00007ffd92a50000 - 0x00007ffd932d0000 	C:\WINDOWS\SYSTEM32\windows.storage.dll
0x00007ffd978e0000 - 0x00007ffd979d6000 	C:\WINDOWS\System32\SHCORE.dll
0x00007ffd979e0000 - 0x00007ffd97a47000 	C:\WINDOWS\System32\shlwapi.dll
0x00007ffd94dd0000 - 0x00007ffd94df9000 	C:\WINDOWS\SYSTEM32\profapi.dll
0x00007ffd14de0000 - 0x00007ffd14eb7000 	C:\Program Files\Java\jdk-22\bin\jsvml.dll
0x00007ffd6fb70000 - 0x00007ffd6fb80000 	C:\Program Files\Java\jdk-22\bin\net.dll
0x00007ffd941b0000 - 0x00007ffd9421c000 	C:\WINDOWS\system32\mswsock.dll
0x00007ffd4dec0000 - 0x00007ffd4ded6000 	C:\Program Files\Java\jdk-22\bin\nio.dll
0x00007ffd48870000 - 0x00007ffd48887000 	C:\Program Files\Java\jdk-22\bin\zip.dll
0x00007ffd6ca50000 - 0x00007ffd6ca60000 	C:\Program Files\Java\jdk-22\bin\verify.dll
0x00007ffd6c5b0000 - 0x00007ffd6c5ba000 	C:\Users\bbatc\.m2\wrapper\dists\apache-maven-3.6.3\e15e02955a36a11599a524c22e91cd5a464ab741f0893a52a2a53493cb10f280\lib\jansi-native\windows64\jansi.dll

dbghelp: loaded successfully - version: 4.0.5 - missing functions: none
symbol engine: initialized successfully - sym options: 0x614 - pdb path: .;C:\Program Files\Java\jdk-22\bin;C:\WINDOWS\SYSTEM32;C:\WINDOWS\WinSxS\amd64_microsoft.windows.common-controls_6595b64144ccf1df_6.0.26100.8521_none_3e08b75ce33403b3;C:\Program Files\Java\jdk-22\bin\server;C:\Users\bbatc\.m2\wrapper\dists\apache-maven-3.6.3\e15e02955a36a11599a524c22e91cd5a464ab741f0893a52a2a53493cb10f280\lib\jansi-native\windows64

VM Arguments:
jvm_args: -Dclassworlds.conf=C:\Users\bbatc\.m2\wrapper\dists\apache-maven-3.6.3\e15e02955a36a11599a524c22e91cd5a464ab741f0893a52a2a53493cb10f280\bin\..\bin\m2.conf -Dmaven.home=C:\Users\bbatc\.m2\wrapper\dists\apache-maven-3.6.3\e15e02955a36a11599a524c22e91cd5a464ab741f0893a52a2a53493cb10f280\bin\.. -Dlibrary.jansi.path=C:\Users\bbatc\.m2\wrapper\dists\apache-maven-3.6.3\e15e02955a36a11599a524c22e91cd5a464ab741f0893a52a2a53493cb10f280\bin\..\lib\jansi-native -Dmaven.multiModuleProjectDirectory=D:\CODEsemestre2\Réseaux\NewBackendFleet\FleetMan-DES-Backend 
java_command: org.codehaus.plexus.classworlds.launcher.Launcher spring-boot:run
java_class_path (initial): C:\Users\bbatc\.m2\wrapper\dists\apache-maven-3.6.3\e15e02955a36a11599a524c22e91cd5a464ab741f0893a52a2a53493cb10f280\bin\..\boot\plexus-classworlds-2.6.0.jar
Launcher Type: SUN_STANDARD

[Global flags]
     intx CICompilerCount                          = 4                                         {product} {ergonomic}
     uint ConcGCThreads                            = 3                                         {product} {ergonomic}
     uint G1ConcRefinementThreads                  = 10                                        {product} {ergonomic}
   size_t G1HeapRegionSize                         = 2097152                                   {product} {ergonomic}
   size_t InitialHeapSize                          = 264241152                                 {product} {ergonomic}
   size_t MarkStackSize                            = 4194304                                   {product} {ergonomic}
   size_t MaxHeapSize                              = 4213178368                                {product} {ergonomic}
   size_t MaxNewSize                               = 2527068160                                {product} {ergonomic}
   size_t MinHeapDeltaBytes                        = 2097152                                   {product} {ergonomic}
   size_t MinHeapSize                              = 8388608                                   {product} {ergonomic}
    uintx NonNMethodCodeHeapSize                   = 5839372                                {pd product} {ergonomic}
    uintx NonProfiledCodeHeapSize                  = 122909434                              {pd product} {ergonomic}
    uintx ProfiledCodeHeapSize                     = 122909434                              {pd product} {ergonomic}
    uintx ReservedCodeCacheSize                    = 251658240                              {pd product} {ergonomic}
     bool SegmentedCodeCache                       = true                                      {product} {ergonomic}
   size_t SoftMaxHeapSize                          = 4213178368                             {manageable} {ergonomic}
     bool UseCompressedOops                        = true                           {product lp64_product} {ergonomic}
     bool UseG1GC                                  = true                                      {product} {ergonomic}
     bool UseLargePagesIndividualAllocation        = false                                  {pd product} {ergonomic}

Logging:
Log output configuration:
 #0: stdout all=warning uptime,level,tags foldmultilines=false
 #1: stderr all=off uptime,level,tags foldmultilines=false

Environment Variables:
JAVA_HOME=C:\Program Files\Java\jdk-22
PATH=C:\Program Files (x86)\NVIDIA Corporation\PhysX\Common;C:\Program Files\Common Files\Oracle\Java\javapath;C:\WINDOWS\system32;C:\WINDOWS;C:\WINDOWS\System32\Wbem;C:\WINDOWS\System32\WindowsPowerShell\v1.0\;C:\WINDOWS\System32\OpenSSH\;C:\Program Files\dotnet\;C:\xampp\php;C:\composer;C:\Program Files\Git\cmd;C:\Program Files\nodejs\;C:\Program Files\MiKTeX\miktex\bin\x64\;C:\Strawberry\c\bin;C:\Strawberry\perl\site\bin;C:\Strawberry\perl\bin;C:\Program Files\WinDirStat\;C:\Program Files\cursor\resources\app\bin;C:\Users\bbatc\AppData\Local\Programs\Python\Launcher\;C:\Users\bbatc\AppData\Local\Microsoft\WindowsApps;C:\Users\bbatc\AppData\Local\Programs\Microsoft VS Code\bin;C:\Users\bbatc\AppData\Roaming\Composer\vendor\bin;C:\Users\bbatc\AppData\Roaming\npm;D:\maven\bin;C:\Users\bbatc\AppData\Local\Python\bin;C:\Program Files\PostgreSQL\18\bin;C:\Users\bbatc\AppData\Roaming\Microsoft\Windows\Start Menu\Programs\Python\Python 3.14;C:\Users\bbatc\AppData\Local\Python\pythoncore-3.14-64;C:\Users\bbatc\AppData\Local\Python\pythoncore-3.14-64\Scripts;C:\Users\bbatc\AppData\Local\Programs\Antigravity\bin;C:\Users\bbatc\AppData\Local\Programs\Kiro\bin;c:\Users\bbatc\.antigravity\extensions\ms-python.debugpy-2026.6.0-win32-x64\bundled\scripts\noConfigScripts
USERNAME=bbatc
LANG=en_US.UTF-8
OS=Windows_NT
PROCESSOR_IDENTIFIER=Intel64 Family 6 Model 154 Stepping 4, GenuineIntel
TMP=C:\Users\bbatc\AppData\Local\Temp
TEMP=C:\Users\bbatc\AppData\Local\Temp




Periodic native trim disabled

---------------  S Y S T E M  ---------------

OS:
 Windows 11 , 64 bit Build 26100 (10.0.26100.8521)
OS uptime: 0 days 14:03 hours
Hyper-V role detected

CPU: total 12 (initial active 12) (6 cores per cpu, 2 threads per core) family 6 model 154 stepping 4 microcode 0x437, cx8, cmov, fxsr, ht, mmx, 3dnowpref, sse, sse2, sse3, ssse3, sse4.1, sse4.2, popcnt, lzcnt, tsc, tscinvbit, avx, avx2, aes, erms, clmul, bmi1, bmi2, adx, sha, fma, vzeroupper, clflush, clflushopt, clwb, hv, serialize, rdtscp, rdpid, fsrm, f16c, cet_ibt, cet_ss
Processor Information for processor 0
  Max Mhz: 1700, Current Mhz: 1700, Mhz Limit: 1700
Processor Information for processor 1
  Max Mhz: 1700, Current Mhz: 1700, Mhz Limit: 1700
Processor Information for processor 2
  Max Mhz: 1700, Current Mhz: 1700, Mhz Limit: 1700
Processor Information for processor 3
  Max Mhz: 1700, Current Mhz: 1700, Mhz Limit: 1700
Processor Information for processor 4
  Max Mhz: 1700, Current Mhz: 1700, Mhz Limit: 1700
Processor Information for processor 5
  Max Mhz: 1700, Current Mhz: 1700, Mhz Limit: 1700
Processor Information for processor 6
  Max Mhz: 1700, Current Mhz: 1700, Mhz Limit: 1700
Processor Information for processor 7
  Max Mhz: 1700, Current Mhz: 1700, Mhz Limit: 1700
Processor Information for processor 8
  Max Mhz: 1700, Current Mhz: 1700, Mhz Limit: 1700
Processor Information for processor 9
  Max Mhz: 1700, Current Mhz: 1700, Mhz Limit: 1700
Processor Information for processor 10
  Max Mhz: 1700, Current Mhz: 1558, Mhz Limit: 1700
Processor Information for processor 11
  Max Mhz: 1700, Current Mhz: 1700, Mhz Limit: 1700

Memory: 4k page, system-wide physical 16068M (1979M free)
TotalPageFile size 30907M (AvailPageFile size 3M)
current process WorkingSet (physical memory assigned to process): 734M, peak: 734M
current process commit charge ("private bytes"): 774M, peak: 774M

vm_info: Java HotSpot(TM) 64-Bit Server VM (22.0.2+9-70) for windows-amd64 JRE (22.0.2+9-70), built on 2024-06-04T16:52:23Z by "mach5one" with MS VC++ 17.6 (VS2022)

END.
