#
# There is insufficient memory for the Java Runtime Environment to continue.
# Native memory allocation (malloc) failed to allocate 861712 bytes. Error detail: Chunk::new
# Possible reasons:
#   The system is out of physical RAM or swap space
#   This process is running with CompressedOops enabled, and the Java Heap may be blocking the growth of the native heap
# Possible solutions:
#   Reduce memory load on the system
#   Increase physical memory or swap space
#   Check if swap backing store is full
#   Decrease Java heap size (-Xmx/-Xms)
#   Decrease number of Java threads
#   Decrease Java thread stack sizes (-Xss)
#   Set larger code cache with -XX:ReservedCodeCacheSize=
#   JVM is running with Zero Based Compressed Oops mode in which the Java heap is
#     placed in the first 32GB address space. The Java Heap base address is the
#     maximum limit for the native heap growth. Please use -XX:HeapBaseMinAddress
#     to set the Java Heap base and to place the Java Heap above 32GB virtual address.
# This output file may be truncated or incomplete.
#
#  Out of Memory Error (arena.cpp:150), pid=2380, tid=1856
#
# JRE version: Java(TM) SE Runtime Environment (22.0.2+9) (build 22.0.2+9-70)
# Java VM: Java HotSpot(TM) 64-Bit Server VM (22.0.2+9-70, mixed mode, sharing, tiered, compressed oops, compressed class ptrs, g1 gc, windows-amd64)
# No core dump will be written. Minidumps are not enabled by default on client versions of Windows
#

---------------  S U M M A R Y ------------

Command Line: --enable-native-access=ALL-UNNAMED -Dclassworlds.conf=C:\Users\bbatc\.m2\wrapper\dists\apache-maven-3.9.11\03d7e36a140982eea48e22c1dcac01d8862b2550b2939e09a0809bbc5182a5bc\bin\m2.conf -Dmaven.home=C:\Users\bbatc\.m2\wrapper\dists\apache-maven-3.9.11\03d7e36a140982eea48e22c1dcac01d8862b2550b2939e09a0809bbc5182a5bc -Dlibrary.jansi.path=C:\Users\bbatc\.m2\wrapper\dists\apache-maven-3.9.11\03d7e36a140982eea48e22c1dcac01d8862b2550b2939e09a0809bbc5182a5bc\lib\jansi-native -Dmaven.multiModuleProjectDirectory=D:\CODEsemestre2\Réseaux\NewBackendFleet\FleetMan-DES-Backend org.codehaus.plexus.classworlds.launcher.Launcher spring-boot:run

Host: 12th Gen Intel(R) Core(TM) i7-1255U, 12 cores, 15G,  Windows 11 , 64 bit Build 26100 (10.0.26100.8521)
Time: Wed Jul  8 22:14:08 2026 Afr. centrale Ouest elapsed time: 22.757306 seconds (0d 0h 0m 22s)

---------------  T H R E A D  ---------------

Current thread (0x0000024eae43a8a0):  JavaThread "C2 CompilerThread0" daemon [_thread_in_native, id=1856, stack(0x0000006369c00000,0x0000006369d00000) (1024K)]


Current CompileTask:
C2:22757 13282       4       com.sun.tools.javac.jvm.Code::emitStackMapFrame (451 bytes)

Stack: [0x0000006369c00000,0x0000006369d00000]
Native frames: (J=compiled Java code, j=interpreted, Vv=VM code, C=native code)
V  [jvm.dll+0x6e26e9]  (no source info available)
V  [jvm.dll+0x875753]  (no source info available)
V  [jvm.dll+0x877b7e]  (no source info available)
V  [jvm.dll+0x878253]  (no source info available)
V  [jvm.dll+0x27fc86]  (no source info available)
V  [jvm.dll+0xc3d0f]  (no source info available)
V  [jvm.dll+0xc3f6b]  (no source info available)
V  [jvm.dll+0x3bb47c]  (no source info available)
V  [jvm.dll+0x387d4b]  (no source info available)
V  [jvm.dll+0x3871ba]  (no source info available)
V  [jvm.dll+0x2477f8]  (no source info available)
V  [jvm.dll+0x246e9f]  (no source info available)
V  [jvm.dll+0x1c4e80]  (no source info available)
V  [jvm.dll+0x2568f3]  (no source info available)
V  [jvm.dll+0x254baa]  (no source info available)
V  [jvm.dll+0x3f57a6]  (no source info available)
V  [jvm.dll+0x81dc0b]  (no source info available)
V  [jvm.dll+0x6e0d85]  (no source info available)
C  [ucrtbase.dll+0x2cd30]  (no source info available)
C  [KERNEL32.DLL+0x2e957]  (no source info available)
C  [ntdll.dll+0x87c1c]  (no source info available)


---------------  P R O C E S S  ---------------

Threads class SMR info:
_java_thread_list=0x0000024ef487b6b0, length=14, elements={
0x0000024e8ce9b580, 0x0000024eae4210b0, 0x0000024eae421b10, 0x0000024eae4282d0,
0x0000024eae429280, 0x0000024eae42c860, 0x0000024eae42d520, 0x0000024eae43a8a0,
0x0000024eae43af60, 0x0000024eae6d3540, 0x0000024eae6e03f0, 0x0000024ef52f8390,
0x0000024ef4d79c90, 0x0000024ef7770890
}

Java Threads: ( => current thread )
  0x0000024e8ce9b580 JavaThread "main"                              [_thread_in_Java, id=30672, stack(0x0000006368e00000,0x0000006368f00000) (1024K)]
  0x0000024eae4210b0 JavaThread "Reference Handler"          daemon [_thread_blocked, id=20084, stack(0x0000006369600000,0x0000006369700000) (1024K)]
  0x0000024eae421b10 JavaThread "Finalizer"                  daemon [_thread_blocked, id=22060, stack(0x0000006369700000,0x0000006369800000) (1024K)]
  0x0000024eae4282d0 JavaThread "Signal Dispatcher"          daemon [_thread_blocked, id=28316, stack(0x0000006369800000,0x0000006369900000) (1024K)]
  0x0000024eae429280 JavaThread "Attach Listener"            daemon [_thread_blocked, id=29028, stack(0x0000006369900000,0x0000006369a00000) (1024K)]
  0x0000024eae42c860 JavaThread "Service Thread"             daemon [_thread_blocked, id=2964, stack(0x0000006369a00000,0x0000006369b00000) (1024K)]
  0x0000024eae42d520 JavaThread "Monitor Deflation Thread"   daemon [_thread_blocked, id=192, stack(0x0000006369b00000,0x0000006369c00000) (1024K)]
=>0x0000024eae43a8a0 JavaThread "C2 CompilerThread0"         daemon [_thread_in_native, id=1856, stack(0x0000006369c00000,0x0000006369d00000) (1024K)]
  0x0000024eae43af60 JavaThread "C1 CompilerThread0"         daemon [_thread_in_vm, id=23244, stack(0x0000006369d00000,0x0000006369e00000) (1024K)]
  0x0000024eae6d3540 JavaThread "Notification Thread"        daemon [_thread_blocked, id=19960, stack(0x0000006369e00000,0x0000006369f00000) (1024K)]
  0x0000024eae6e03f0 JavaThread "Common-Cleaner"             daemon [_thread_blocked, id=30648, stack(0x0000006369f00000,0x000000636a000000) (1024K)]
  0x0000024ef52f8390 JavaThread "Thread-1"                   daemon [_thread_blocked, id=26232, stack(0x000000636a100000,0x000000636a200000) (1024K)]
  0x0000024ef4d79c90 JavaThread "C2 CompilerThread1"         daemon [_thread_in_native, id=3864, stack(0x000000636a000000,0x000000636a100000) (1024K)]
  0x0000024ef7770890 JavaThread "C2 CompilerThread2"         daemon [_thread_in_native, id=28972, stack(0x000000636ab00000,0x000000636ac00000) (1024K)]
Total: 14

Other Threads:
  0x0000024eae3ff4f0 VMThread "VM Thread"                           [id=17704, stack(0x0000006369500000,0x0000006369600000) (1024K)]
  0x0000024eae3e4340 WatcherThread "VM Periodic Task Thread"        [id=28488, stack(0x0000006369400000,0x0000006369500000) (1024K)]
  0x0000024e8f0ea4c0 WorkerThread "GC Thread#0"                     [id=21320, stack(0x0000006368f00000,0x0000006369000000) (1024K)]
  0x0000024ef4aef9e0 WorkerThread "GC Thread#1"                     [id=13656, stack(0x000000636a200000,0x000000636a300000) (1024K)]
  0x0000024ef4aefd90 WorkerThread "GC Thread#2"                     [id=9316, stack(0x000000636a300000,0x000000636a400000) (1024K)]
  0x0000024ef5029010 WorkerThread "GC Thread#3"                     [id=27160, stack(0x000000636a400000,0x000000636a500000) (1024K)]
  0x0000024ef50293c0 WorkerThread "GC Thread#4"                     [id=15532, stack(0x000000636a500000,0x000000636a600000) (1024K)]
  0x0000024ef47fcef0 WorkerThread "GC Thread#5"                     [id=30432, stack(0x000000636a600000,0x000000636a700000) (1024K)]
  0x0000024ef513fdb0 WorkerThread "GC Thread#6"                     [id=13724, stack(0x000000636a700000,0x000000636a800000) (1024K)]
  0x0000024ef527a8f0 WorkerThread "GC Thread#7"                     [id=19472, stack(0x000000636a800000,0x000000636a900000) (1024K)]
  0x0000024ef4ca9140 WorkerThread "GC Thread#8"                     [id=28304, stack(0x000000636a900000,0x000000636aa00000) (1024K)]
  0x0000024ef49136e0 WorkerThread "GC Thread#9"                     [id=26304, stack(0x000000636aa00000,0x000000636ab00000) (1024K)]
  0x0000024e8f0fb120 ConcurrentGCThread "G1 Main Marker"            [id=25720, stack(0x0000006369000000,0x0000006369100000) (1024K)]
  0x0000024e8f0fcae0 WorkerThread "G1 Conc#0"                       [id=19512, stack(0x0000006369100000,0x0000006369200000) (1024K)]
  0x0000024ef52892e0 WorkerThread "G1 Conc#1"                       [id=11408, stack(0x000000636ac00000,0x000000636ad00000) (1024K)]
  0x0000024ef5288420 WorkerThread "G1 Conc#2"                       [id=12716, stack(0x000000636ad00000,0x000000636ae00000) (1024K)]
  0x0000024eae2b9430 ConcurrentGCThread "G1 Refine#0"               [id=15936, stack(0x0000006369200000,0x0000006369300000) (1024K)]
  0x0000024eae2b9c60 ConcurrentGCThread "G1 Service"                [id=25564, stack(0x0000006369300000,0x0000006369400000) (1024K)]
Total: 18

Threads with active compile tasks:
C2 CompilerThread0  22885 13282       4       com.sun.tools.javac.jvm.Code::emitStackMapFrame (451 bytes)
C1 CompilerThread0  22885 13363       2       com.sun.tools.javac.comp.Resolve::adjustArgs (125 bytes)
C2 CompilerThread1  22885 13278       4       com.sun.tools.javac.comp.Attr::selectSym (457 bytes)
C2 CompilerThread2  22885 13307       4       com.sun.tools.javac.code.Types::freshTypeVariables (123 bytes)
Total: 4

VM state: not at safepoint (normal execution)

VM Mutex/Monitor currently owned by a thread: None

Heap address: 0x0000000704e00000, size: 4018 MB, Compressed Oops mode: Zero based, Oop shift amount: 3

CDS archive(s) mapped at: [0x0000024eaf000000-0x0000024eafc60000-0x0000024eafc60000), size 12976128, SharedBaseAddress: 0x0000024eaf000000, ArchiveRelocationMode: 1.
Compressed class space mapped at: 0x0000024eb0000000-0x0000024ef0000000, reserved size: 1073741824
Narrow klass base: 0x0000024eaf000000, Narrow klass shift: 0, Narrow klass range: 0x41000000

GC Precious Log:
 CardTable entry size: 512
 Card Set container configuration: InlinePtr #cards 4 size 8 Array Of Cards #cards 16 size 48 Howl #buckets 8 coarsen threshold 3686 Howl Bitmap #cards 512 size 80 coarsen threshold 460 Card regions per heap region 1 cards per card region 4096
 CPUs: 12 total, 12 available
 Memory: 16068M
 Large Page Support: Disabled
 NUMA Support: Disabled
 Compressed Oops: Enabled (Zero based)
 Heap Region Size: 2M
 Heap Min Capacity: 8M
 Heap Initial Capacity: 252M
 Heap Max Capacity: 4018M
 Pre-touch: Disabled
 Parallel Workers: 10
 Concurrent Workers: 3
 Concurrent Refinement Workers: 10
 Periodic GC: Disabled

Heap:
 garbage-first heap   total reserved 4114432K, committed 432128K, used 108412K [0x0000000704e00000, 0x0000000800000000)
  region size 2048K, 14 young (28672K), 6 survivors (12288K)
 Metaspace       used 39012K, committed 39680K, reserved 1114112K
  class space    used 4432K, committed 4736K, reserved 1048576K

Heap Regions: E=young(eden), S=young(survivor), O=old, HS=humongous(starts), HC=humongous(continues), CS=collection set, F=free, TAMS=top-at-mark-start, PB=parsable bottom
|   0|0x0000000704e00000, 0x0000000705000000, 0x0000000705000000|100%| O|  |TAMS 0x0000000704e00000| PB 0x0000000704e00000| Untracked |  0
|   1|0x0000000705000000, 0x0000000705200000, 0x0000000705200000|100%| O|  |TAMS 0x0000000705000000| PB 0x0000000705000000| Untracked |  0
|   2|0x0000000705200000, 0x0000000705400000, 0x0000000705400000|100%| O|  |TAMS 0x0000000705200000| PB 0x0000000705200000| Untracked |  0
|   3|0x0000000705400000, 0x0000000705600000, 0x0000000705600000|100%| O|  |TAMS 0x0000000705400000| PB 0x0000000705400000| Untracked |  0
|   4|0x0000000705600000, 0x0000000705800000, 0x0000000705800000|100%| O|  |TAMS 0x0000000705600000| PB 0x0000000705600000| Untracked |  0
|   5|0x0000000705800000, 0x0000000705a00000, 0x0000000705a00000|100%| O|  |TAMS 0x0000000705800000| PB 0x0000000705800000| Untracked |  0
|   6|0x0000000705a00000, 0x0000000705c00000, 0x0000000705c00000|100%| O|  |TAMS 0x0000000705a00000| PB 0x0000000705a00000| Untracked |  0
|   7|0x0000000705c00000, 0x0000000705e00000, 0x0000000705e00000|100%| O|  |TAMS 0x0000000705c00000| PB 0x0000000705c00000| Untracked |  0
|   8|0x0000000705e00000, 0x0000000706000000, 0x0000000706000000|100%| O|  |TAMS 0x0000000705e00000| PB 0x0000000705e00000| Untracked |  0
|   9|0x0000000706000000, 0x0000000706200000, 0x0000000706200000|100%| O|  |TAMS 0x0000000706000000| PB 0x0000000706000000| Untracked |  0
|  10|0x0000000706200000, 0x0000000706400000, 0x0000000706400000|100%| O|  |TAMS 0x0000000706200000| PB 0x0000000706200000| Untracked |  0
|  11|0x0000000706400000, 0x0000000706600000, 0x0000000706600000|100%| O|  |TAMS 0x0000000706400000| PB 0x0000000706400000| Untracked |  0
|  12|0x0000000706600000, 0x0000000706800000, 0x0000000706800000|100%| O|  |TAMS 0x0000000706600000| PB 0x0000000706600000| Untracked |  0
|  13|0x0000000706800000, 0x0000000706a00000, 0x0000000706a00000|100%| O|  |TAMS 0x0000000706800000| PB 0x0000000706800000| Untracked |  0
|  14|0x0000000706a00000, 0x0000000706a00000, 0x0000000706c00000|  0%| F|  |TAMS 0x0000000706a00000| PB 0x0000000706a00000| Untracked |  0
|  15|0x0000000706c00000, 0x0000000706e00000, 0x0000000706e00000|100%|HS|  |TAMS 0x0000000706c00000| PB 0x0000000706c00000| Complete |  0
|  16|0x0000000706e00000, 0x0000000706e00000, 0x0000000707000000|  0%| F|  |TAMS 0x0000000706e00000| PB 0x0000000706e00000| Untracked |  0
|  17|0x0000000707000000, 0x0000000707200000, 0x0000000707200000|100%| O|  |TAMS 0x0000000707000000| PB 0x0000000707000000| Untracked |  0
|  18|0x0000000707200000, 0x0000000707400000, 0x0000000707400000|100%| O|  |TAMS 0x0000000707200000| PB 0x0000000707200000| Untracked |  0
|  19|0x0000000707400000, 0x0000000707600000, 0x0000000707600000|100%| O|  |TAMS 0x0000000707400000| PB 0x0000000707400000| Untracked |  0
|  20|0x0000000707600000, 0x0000000707800000, 0x0000000707800000|100%| O|  |TAMS 0x0000000707600000| PB 0x0000000707600000| Untracked |  0
|  21|0x0000000707800000, 0x0000000707a00000, 0x0000000707a00000|100%| O|  |TAMS 0x0000000707800000| PB 0x0000000707800000| Untracked |  0
|  22|0x0000000707a00000, 0x0000000707c00000, 0x0000000707c00000|100%| O|  |TAMS 0x0000000707a00000| PB 0x0000000707a00000| Untracked |  0
|  23|0x0000000707c00000, 0x0000000707e00000, 0x0000000707e00000|100%| O|  |TAMS 0x0000000707c00000| PB 0x0000000707c00000| Untracked |  0
|  24|0x0000000707e00000, 0x0000000708000000, 0x0000000708000000|100%| O|  |TAMS 0x0000000707e00000| PB 0x0000000707e00000| Untracked |  0
|  25|0x0000000708000000, 0x0000000708200000, 0x0000000708200000|100%| O|  |TAMS 0x0000000708000000| PB 0x0000000708000000| Untracked |  0
|  26|0x0000000708200000, 0x0000000708400000, 0x0000000708400000|100%| O|  |TAMS 0x0000000708200000| PB 0x0000000708200000| Untracked |  0
|  27|0x0000000708400000, 0x0000000708600000, 0x0000000708600000|100%| O|  |TAMS 0x0000000708400000| PB 0x0000000708400000| Untracked |  0
|  28|0x0000000708600000, 0x0000000708800000, 0x0000000708800000|100%| O|  |TAMS 0x0000000708600000| PB 0x0000000708600000| Untracked |  0
|  29|0x0000000708800000, 0x0000000708a00000, 0x0000000708a00000|100%| O|  |TAMS 0x0000000708800000| PB 0x0000000708800000| Untracked |  0
|  30|0x0000000708a00000, 0x0000000708c00000, 0x0000000708c00000|100%| O|  |TAMS 0x0000000708a00000| PB 0x0000000708a00000| Untracked |  0
|  31|0x0000000708c00000, 0x0000000708cdbe28, 0x0000000708e00000| 42%| O|  |TAMS 0x0000000708c00000| PB 0x0000000708c00000| Untracked |  0
|  32|0x0000000708e00000, 0x0000000708e00000, 0x0000000709000000|  0%| F|  |TAMS 0x0000000708e00000| PB 0x0000000708e00000| Untracked |  0
|  33|0x0000000709000000, 0x0000000709000000, 0x0000000709200000|  0%| F|  |TAMS 0x0000000709000000| PB 0x0000000709000000| Untracked |  0
|  34|0x0000000709200000, 0x0000000709200000, 0x0000000709400000|  0%| F|  |TAMS 0x0000000709200000| PB 0x0000000709200000| Untracked |  0
|  35|0x0000000709400000, 0x0000000709400000, 0x0000000709600000|  0%| F|  |TAMS 0x0000000709400000| PB 0x0000000709400000| Untracked |  0
|  36|0x0000000709600000, 0x0000000709600000, 0x0000000709800000|  0%| F|  |TAMS 0x0000000709600000| PB 0x0000000709600000| Untracked |  0
|  37|0x0000000709800000, 0x0000000709800000, 0x0000000709a00000|  0%| F|  |TAMS 0x0000000709800000| PB 0x0000000709800000| Untracked |  0
|  38|0x0000000709a00000, 0x0000000709a00000, 0x0000000709c00000|  0%| F|  |TAMS 0x0000000709a00000| PB 0x0000000709a00000| Untracked |  0
|  39|0x0000000709c00000, 0x0000000709c00000, 0x0000000709e00000|  0%| F|  |TAMS 0x0000000709c00000| PB 0x0000000709c00000| Untracked |  0
|  40|0x0000000709e00000, 0x0000000709f03588, 0x000000070a000000| 50%| S|CS|TAMS 0x0000000709e00000| PB 0x0000000709e00000| Complete |  0
|  41|0x000000070a000000, 0x000000070a200000, 0x000000070a200000|100%| S|CS|TAMS 0x000000070a000000| PB 0x000000070a000000| Complete |  0
|  42|0x000000070a200000, 0x000000070a200000, 0x000000070a400000|  0%| F|  |TAMS 0x000000070a200000| PB 0x000000070a200000| Untracked |  0
|  43|0x000000070a400000, 0x000000070a600000, 0x000000070a600000|100%| S|CS|TAMS 0x000000070a400000| PB 0x000000070a400000| Complete |  0
|  44|0x000000070a600000, 0x000000070a800000, 0x000000070a800000|100%| S|CS|TAMS 0x000000070a600000| PB 0x000000070a600000| Complete |  0
|  45|0x000000070a800000, 0x000000070a800000, 0x000000070aa00000|  0%| F|  |TAMS 0x000000070a800000| PB 0x000000070a800000| Untracked |  0
|  46|0x000000070aa00000, 0x000000070aa00000, 0x000000070ac00000|  0%| F|  |TAMS 0x000000070aa00000| PB 0x000000070aa00000| Untracked |  0
|  47|0x000000070ac00000, 0x000000070ac00000, 0x000000070ae00000|  0%| F|  |TAMS 0x000000070ac00000| PB 0x000000070ac00000| Untracked |  0
|  48|0x000000070ae00000, 0x000000070b000000, 0x000000070b000000|100%| S|CS|TAMS 0x000000070ae00000| PB 0x000000070ae00000| Complete |  0
|  49|0x000000070b000000, 0x000000070b200000, 0x000000070b200000|100%| S|CS|TAMS 0x000000070b000000| PB 0x000000070b000000| Complete |  0
|  50|0x000000070b200000, 0x000000070b200000, 0x000000070b400000|  0%| F|  |TAMS 0x000000070b200000| PB 0x000000070b200000| Untracked |  0
|  51|0x000000070b400000, 0x000000070b400000, 0x000000070b600000|  0%| F|  |TAMS 0x000000070b400000| PB 0x000000070b400000| Untracked |  0
|  52|0x000000070b600000, 0x000000070b600000, 0x000000070b800000|  0%| F|  |TAMS 0x000000070b600000| PB 0x000000070b600000| Untracked |  0
|  53|0x000000070b800000, 0x000000070b800000, 0x000000070ba00000|  0%| F|  |TAMS 0x000000070b800000| PB 0x000000070b800000| Untracked |  0
|  54|0x000000070ba00000, 0x000000070ba00000, 0x000000070bc00000|  0%| F|  |TAMS 0x000000070ba00000| PB 0x000000070ba00000| Untracked |  0
|  55|0x000000070bc00000, 0x000000070bc00000, 0x000000070be00000|  0%| F|  |TAMS 0x000000070bc00000| PB 0x000000070bc00000| Untracked |  0
|  56|0x000000070be00000, 0x000000070be00000, 0x000000070c000000|  0%| F|  |TAMS 0x000000070be00000| PB 0x000000070be00000| Untracked |  0
|  57|0x000000070c000000, 0x000000070c000000, 0x000000070c200000|  0%| F|  |TAMS 0x000000070c000000| PB 0x000000070c000000| Untracked |  0
|  58|0x000000070c200000, 0x000000070c200000, 0x000000070c400000|  0%| F|  |TAMS 0x000000070c200000| PB 0x000000070c200000| Untracked |  0
|  59|0x000000070c400000, 0x000000070c400000, 0x000000070c600000|  0%| F|  |TAMS 0x000000070c400000| PB 0x000000070c400000| Untracked |  0
|  60|0x000000070c600000, 0x000000070c600000, 0x000000070c800000|  0%| F|  |TAMS 0x000000070c600000| PB 0x000000070c600000| Untracked |  0
|  61|0x000000070c800000, 0x000000070ca00000, 0x000000070ca00000|100%| O|  |TAMS 0x000000070c800000| PB 0x000000070c800000| Untracked |  0
|  62|0x000000070ca00000, 0x000000070cc00000, 0x000000070cc00000|100%| O|  |TAMS 0x000000070ca00000| PB 0x000000070ca00000| Untracked |  0
|  63|0x000000070cc00000, 0x000000070ce00000, 0x000000070ce00000|100%| O|  |TAMS 0x000000070cc00000| PB 0x000000070cc00000| Untracked |  0
|  64|0x000000070ce00000, 0x000000070d000000, 0x000000070d000000|100%| O|  |TAMS 0x000000070ce00000| PB 0x000000070ce00000| Untracked |  0
|  65|0x000000070d000000, 0x000000070d200000, 0x000000070d200000|100%| O|  |TAMS 0x000000070d000000| PB 0x000000070d000000| Untracked |  0
|  66|0x000000070d200000, 0x000000070d200000, 0x000000070d400000|  0%| F|  |TAMS 0x000000070d200000| PB 0x000000070d200000| Untracked |  0
|  67|0x000000070d400000, 0x000000070d400000, 0x000000070d600000|  0%| F|  |TAMS 0x000000070d400000| PB 0x000000070d400000| Untracked |  0
|  68|0x000000070d600000, 0x000000070d600000, 0x000000070d800000|  0%| F|  |TAMS 0x000000070d600000| PB 0x000000070d600000| Untracked |  0
|  69|0x000000070d800000, 0x000000070d800000, 0x000000070da00000|  0%| F|  |TAMS 0x000000070d800000| PB 0x000000070d800000| Untracked |  0
|  70|0x000000070da00000, 0x000000070da00000, 0x000000070dc00000|  0%| F|  |TAMS 0x000000070da00000| PB 0x000000070da00000| Untracked |  0
|  71|0x000000070dc00000, 0x000000070dc00000, 0x000000070de00000|  0%| F|  |TAMS 0x000000070dc00000| PB 0x000000070dc00000| Untracked |  0
|  72|0x000000070de00000, 0x000000070de00000, 0x000000070e000000|  0%| F|  |TAMS 0x000000070de00000| PB 0x000000070de00000| Untracked |  0
|  73|0x000000070e000000, 0x000000070e000000, 0x000000070e200000|  0%| F|  |TAMS 0x000000070e000000| PB 0x000000070e000000| Untracked |  0
|  74|0x000000070e200000, 0x000000070e200000, 0x000000070e400000|  0%| F|  |TAMS 0x000000070e200000| PB 0x000000070e200000| Untracked |  0
|  75|0x000000070e400000, 0x000000070e400000, 0x000000070e600000|  0%| F|  |TAMS 0x000000070e400000| PB 0x000000070e400000| Untracked |  0
|  76|0x000000070e600000, 0x000000070e600000, 0x000000070e800000|  0%| F|  |TAMS 0x000000070e600000| PB 0x000000070e600000| Untracked |  0
|  77|0x000000070e800000, 0x000000070e800000, 0x000000070ea00000|  0%| F|  |TAMS 0x000000070e800000| PB 0x000000070e800000| Untracked |  0
|  78|0x000000070ea00000, 0x000000070ea00000, 0x000000070ec00000|  0%| F|  |TAMS 0x000000070ea00000| PB 0x000000070ea00000| Untracked |  0
|  79|0x000000070ec00000, 0x000000070ec00000, 0x000000070ee00000|  0%| F|  |TAMS 0x000000070ec00000| PB 0x000000070ec00000| Untracked |  0
|  80|0x000000070ee00000, 0x000000070ee00000, 0x000000070f000000|  0%| F|  |TAMS 0x000000070ee00000| PB 0x000000070ee00000| Untracked |  0
|  81|0x000000070f000000, 0x000000070f000000, 0x000000070f200000|  0%| F|  |TAMS 0x000000070f000000| PB 0x000000070f000000| Untracked |  0
|  82|0x000000070f200000, 0x000000070f200000, 0x000000070f400000|  0%| F|  |TAMS 0x000000070f200000| PB 0x000000070f200000| Untracked |  0
|  83|0x000000070f400000, 0x000000070f400000, 0x000000070f600000|  0%| F|  |TAMS 0x000000070f400000| PB 0x000000070f400000| Untracked |  0
|  84|0x000000070f600000, 0x000000070f600000, 0x000000070f800000|  0%| F|  |TAMS 0x000000070f600000| PB 0x000000070f600000| Untracked |  0
|  85|0x000000070f800000, 0x000000070f800000, 0x000000070fa00000|  0%| F|  |TAMS 0x000000070f800000| PB 0x000000070f800000| Untracked |  0
|  86|0x000000070fa00000, 0x000000070fa00000, 0x000000070fc00000|  0%| F|  |TAMS 0x000000070fa00000| PB 0x000000070fa00000| Untracked |  0
|  87|0x000000070fc00000, 0x000000070fc00000, 0x000000070fe00000|  0%| F|  |TAMS 0x000000070fc00000| PB 0x000000070fc00000| Untracked |  0
|  88|0x000000070fe00000, 0x000000070fe00000, 0x0000000710000000|  0%| F|  |TAMS 0x000000070fe00000| PB 0x000000070fe00000| Untracked |  0
|  89|0x0000000710000000, 0x0000000710000000, 0x0000000710200000|  0%| F|  |TAMS 0x0000000710000000| PB 0x0000000710000000| Untracked |  0
|  90|0x0000000710200000, 0x0000000710200000, 0x0000000710400000|  0%| F|  |TAMS 0x0000000710200000| PB 0x0000000710200000| Untracked |  0
|  91|0x0000000710400000, 0x0000000710400000, 0x0000000710600000|  0%| F|  |TAMS 0x0000000710400000| PB 0x0000000710400000| Untracked |  0
|  92|0x0000000710600000, 0x0000000710600000, 0x0000000710800000|  0%| F|  |TAMS 0x0000000710600000| PB 0x0000000710600000| Untracked |  0
|  93|0x0000000710800000, 0x0000000710800000, 0x0000000710a00000|  0%| F|  |TAMS 0x0000000710800000| PB 0x0000000710800000| Untracked |  0
|  94|0x0000000710a00000, 0x0000000710a00000, 0x0000000710c00000|  0%| F|  |TAMS 0x0000000710a00000| PB 0x0000000710a00000| Untracked |  0
|  95|0x0000000710c00000, 0x0000000710c00000, 0x0000000710e00000|  0%| F|  |TAMS 0x0000000710c00000| PB 0x0000000710c00000| Untracked |  0
|  96|0x0000000710e00000, 0x0000000710e00000, 0x0000000711000000|  0%| F|  |TAMS 0x0000000710e00000| PB 0x0000000710e00000| Untracked |  0
|  97|0x0000000711000000, 0x0000000711000000, 0x0000000711200000|  0%| F|  |TAMS 0x0000000711000000| PB 0x0000000711000000| Untracked |  0
|  98|0x0000000711200000, 0x0000000711200000, 0x0000000711400000|  0%| F|  |TAMS 0x0000000711200000| PB 0x0000000711200000| Untracked |  0
|  99|0x0000000711400000, 0x0000000711400000, 0x0000000711600000|  0%| F|  |TAMS 0x0000000711400000| PB 0x0000000711400000| Untracked |  0
| 100|0x0000000711600000, 0x0000000711600000, 0x0000000711800000|  0%| F|  |TAMS 0x0000000711600000| PB 0x0000000711600000| Untracked |  0
| 101|0x0000000711800000, 0x0000000711800000, 0x0000000711a00000|  0%| F|  |TAMS 0x0000000711800000| PB 0x0000000711800000| Untracked |  0
| 102|0x0000000711a00000, 0x0000000711a00000, 0x0000000711c00000|  0%| F|  |TAMS 0x0000000711a00000| PB 0x0000000711a00000| Untracked |  0
| 103|0x0000000711c00000, 0x0000000711c00000, 0x0000000711e00000|  0%| F|  |TAMS 0x0000000711c00000| PB 0x0000000711c00000| Untracked |  0
| 104|0x0000000711e00000, 0x0000000711e00000, 0x0000000712000000|  0%| F|  |TAMS 0x0000000711e00000| PB 0x0000000711e00000| Untracked |  0
| 105|0x0000000712000000, 0x0000000712000000, 0x0000000712200000|  0%| F|  |TAMS 0x0000000712000000| PB 0x0000000712000000| Untracked |  0
| 106|0x0000000712200000, 0x0000000712200000, 0x0000000712400000|  0%| F|  |TAMS 0x0000000712200000| PB 0x0000000712200000| Untracked |  0
| 107|0x0000000712400000, 0x0000000712400000, 0x0000000712600000|  0%| F|  |TAMS 0x0000000712400000| PB 0x0000000712400000| Untracked |  0
| 108|0x0000000712600000, 0x0000000712600000, 0x0000000712800000|  0%| F|  |TAMS 0x0000000712600000| PB 0x0000000712600000| Untracked |  0
| 109|0x0000000712800000, 0x0000000712800000, 0x0000000712a00000|  0%| F|  |TAMS 0x0000000712800000| PB 0x0000000712800000| Untracked |  0
| 110|0x0000000712a00000, 0x0000000712a00000, 0x0000000712c00000|  0%| F|  |TAMS 0x0000000712a00000| PB 0x0000000712a00000| Untracked |  0
| 111|0x0000000712c00000, 0x0000000712c00000, 0x0000000712e00000|  0%| F|  |TAMS 0x0000000712c00000| PB 0x0000000712c00000| Untracked |  0
| 112|0x0000000712e00000, 0x0000000712e00000, 0x0000000713000000|  0%| F|  |TAMS 0x0000000712e00000| PB 0x0000000712e00000| Untracked |  0
| 113|0x0000000713000000, 0x0000000713000000, 0x0000000713200000|  0%| F|  |TAMS 0x0000000713000000| PB 0x0000000713000000| Untracked |  0
| 114|0x0000000713200000, 0x0000000713200000, 0x0000000713400000|  0%| F|  |TAMS 0x0000000713200000| PB 0x0000000713200000| Untracked |  0
| 115|0x0000000713400000, 0x0000000713400000, 0x0000000713600000|  0%| F|  |TAMS 0x0000000713400000| PB 0x0000000713400000| Untracked |  0
| 116|0x0000000713600000, 0x0000000713600000, 0x0000000713800000|  0%| F|  |TAMS 0x0000000713600000| PB 0x0000000713600000| Untracked |  0
| 117|0x0000000713800000, 0x0000000713800000, 0x0000000713a00000|  0%| F|  |TAMS 0x0000000713800000| PB 0x0000000713800000| Untracked |  0
| 118|0x0000000713a00000, 0x0000000713a00000, 0x0000000713c00000|  0%| F|  |TAMS 0x0000000713a00000| PB 0x0000000713a00000| Untracked |  0
| 119|0x0000000713c00000, 0x0000000713c00000, 0x0000000713e00000|  0%| F|  |TAMS 0x0000000713c00000| PB 0x0000000713c00000| Untracked |  0
| 120|0x0000000713e00000, 0x0000000713e00000, 0x0000000714000000|  0%| F|  |TAMS 0x0000000713e00000| PB 0x0000000713e00000| Untracked |  0
| 121|0x0000000714000000, 0x0000000714000000, 0x0000000714200000|  0%| F|  |TAMS 0x0000000714000000| PB 0x0000000714000000| Untracked |  0
| 122|0x0000000714200000, 0x0000000714200000, 0x0000000714400000|  0%| F|  |TAMS 0x0000000714200000| PB 0x0000000714200000| Untracked |  0
| 123|0x0000000714400000, 0x0000000714400000, 0x0000000714600000|  0%| F|  |TAMS 0x0000000714400000| PB 0x0000000714400000| Untracked |  0
| 124|0x0000000714600000, 0x0000000714600000, 0x0000000714800000|  0%| F|  |TAMS 0x0000000714600000| PB 0x0000000714600000| Untracked |  0
| 125|0x0000000714800000, 0x0000000714800000, 0x0000000714a00000|  0%| F|  |TAMS 0x0000000714800000| PB 0x0000000714800000| Untracked |  0
| 126|0x0000000714a00000, 0x0000000714a00000, 0x0000000714c00000|  0%| F|  |TAMS 0x0000000714a00000| PB 0x0000000714a00000| Untracked |  0
| 127|0x0000000714c00000, 0x0000000714c00000, 0x0000000714e00000|  0%| F|  |TAMS 0x0000000714c00000| PB 0x0000000714c00000| Untracked |  0
| 128|0x0000000714e00000, 0x0000000714e00000, 0x0000000715000000|  0%| F|  |TAMS 0x0000000714e00000| PB 0x0000000714e00000| Untracked |  0
| 129|0x0000000715000000, 0x0000000715000000, 0x0000000715200000|  0%| F|  |TAMS 0x0000000715000000| PB 0x0000000715000000| Untracked |  0
| 130|0x0000000715200000, 0x0000000715200000, 0x0000000715400000|  0%| F|  |TAMS 0x0000000715200000| PB 0x0000000715200000| Untracked |  0
| 131|0x0000000715400000, 0x0000000715400000, 0x0000000715600000|  0%| F|  |TAMS 0x0000000715400000| PB 0x0000000715400000| Untracked |  0
| 132|0x0000000715600000, 0x0000000715600000, 0x0000000715800000|  0%| F|  |TAMS 0x0000000715600000| PB 0x0000000715600000| Untracked |  0
| 133|0x0000000715800000, 0x0000000715800000, 0x0000000715a00000|  0%| F|  |TAMS 0x0000000715800000| PB 0x0000000715800000| Untracked |  0
| 134|0x0000000715a00000, 0x0000000715a00000, 0x0000000715c00000|  0%| F|  |TAMS 0x0000000715a00000| PB 0x0000000715a00000| Untracked |  0
| 135|0x0000000715c00000, 0x0000000715c00000, 0x0000000715e00000|  0%| F|  |TAMS 0x0000000715c00000| PB 0x0000000715c00000| Untracked |  0
| 136|0x0000000715e00000, 0x0000000715e00000, 0x0000000716000000|  0%| F|  |TAMS 0x0000000715e00000| PB 0x0000000715e00000| Untracked |  0
| 137|0x0000000716000000, 0x0000000716000000, 0x0000000716200000|  0%| F|  |TAMS 0x0000000716000000| PB 0x0000000716000000| Untracked |  0
| 138|0x0000000716200000, 0x0000000716200000, 0x0000000716400000|  0%| F|  |TAMS 0x0000000716200000| PB 0x0000000716200000| Untracked |  0
| 139|0x0000000716400000, 0x0000000716400000, 0x0000000716600000|  0%| F|  |TAMS 0x0000000716400000| PB 0x0000000716400000| Untracked |  0
| 140|0x0000000716600000, 0x0000000716600000, 0x0000000716800000|  0%| F|  |TAMS 0x0000000716600000| PB 0x0000000716600000| Untracked |  0
| 141|0x0000000716800000, 0x0000000716800000, 0x0000000716a00000|  0%| F|  |TAMS 0x0000000716800000| PB 0x0000000716800000| Untracked |  0
| 142|0x0000000716a00000, 0x0000000716a00000, 0x0000000716c00000|  0%| F|  |TAMS 0x0000000716a00000| PB 0x0000000716a00000| Untracked |  0
| 143|0x0000000716c00000, 0x0000000716c00000, 0x0000000716e00000|  0%| F|  |TAMS 0x0000000716c00000| PB 0x0000000716c00000| Untracked |  0
| 144|0x0000000716e00000, 0x0000000716e00000, 0x0000000717000000|  0%| F|  |TAMS 0x0000000716e00000| PB 0x0000000716e00000| Untracked |  0
| 145|0x0000000717000000, 0x0000000717000000, 0x0000000717200000|  0%| F|  |TAMS 0x0000000717000000| PB 0x0000000717000000| Untracked |  0
| 146|0x0000000717200000, 0x0000000717200000, 0x0000000717400000|  0%| F|  |TAMS 0x0000000717200000| PB 0x0000000717200000| Untracked |  0
| 147|0x0000000717400000, 0x0000000717400000, 0x0000000717600000|  0%| F|  |TAMS 0x0000000717400000| PB 0x0000000717400000| Untracked |  0
| 148|0x0000000717600000, 0x0000000717600000, 0x0000000717800000|  0%| F|  |TAMS 0x0000000717600000| PB 0x0000000717600000| Untracked |  0
| 149|0x0000000717800000, 0x0000000717800000, 0x0000000717a00000|  0%| F|  |TAMS 0x0000000717800000| PB 0x0000000717800000| Untracked |  0
| 150|0x0000000717a00000, 0x0000000717a00000, 0x0000000717c00000|  0%| F|  |TAMS 0x0000000717a00000| PB 0x0000000717a00000| Untracked |  0
| 151|0x0000000717c00000, 0x0000000717c00000, 0x0000000717e00000|  0%| F|  |TAMS 0x0000000717c00000| PB 0x0000000717c00000| Untracked |  0
| 152|0x0000000717e00000, 0x0000000717e00000, 0x0000000718000000|  0%| F|  |TAMS 0x0000000717e00000| PB 0x0000000717e00000| Untracked |  0
| 153|0x0000000718000000, 0x0000000718000000, 0x0000000718200000|  0%| F|  |TAMS 0x0000000718000000| PB 0x0000000718000000| Untracked |  0
| 154|0x0000000718200000, 0x0000000718200000, 0x0000000718400000|  0%| F|  |TAMS 0x0000000718200000| PB 0x0000000718200000| Untracked |  0
| 155|0x0000000718400000, 0x0000000718400000, 0x0000000718600000|  0%| F|  |TAMS 0x0000000718400000| PB 0x0000000718400000| Untracked |  0
| 156|0x0000000718600000, 0x0000000718600000, 0x0000000718800000|  0%| F|  |TAMS 0x0000000718600000| PB 0x0000000718600000| Untracked |  0
| 157|0x0000000718800000, 0x0000000718800000, 0x0000000718a00000|  0%| F|  |TAMS 0x0000000718800000| PB 0x0000000718800000| Untracked |  0
| 158|0x0000000718a00000, 0x0000000718a00000, 0x0000000718c00000|  0%| F|  |TAMS 0x0000000718a00000| PB 0x0000000718a00000| Untracked |  0
| 159|0x0000000718c00000, 0x0000000718c00000, 0x0000000718e00000|  0%| F|  |TAMS 0x0000000718c00000| PB 0x0000000718c00000| Untracked |  0
| 160|0x0000000718e00000, 0x0000000718e00000, 0x0000000719000000|  0%| F|  |TAMS 0x0000000718e00000| PB 0x0000000718e00000| Untracked |  0
| 161|0x0000000719000000, 0x0000000719000000, 0x0000000719200000|  0%| F|  |TAMS 0x0000000719000000| PB 0x0000000719000000| Untracked |  0
| 162|0x0000000719200000, 0x0000000719200000, 0x0000000719400000|  0%| F|  |TAMS 0x0000000719200000| PB 0x0000000719200000| Untracked |  0
| 163|0x0000000719400000, 0x0000000719400000, 0x0000000719600000|  0%| F|  |TAMS 0x0000000719400000| PB 0x0000000719400000| Untracked |  0
| 164|0x0000000719600000, 0x0000000719600000, 0x0000000719800000|  0%| F|  |TAMS 0x0000000719600000| PB 0x0000000719600000| Untracked |  0
| 165|0x0000000719800000, 0x0000000719800000, 0x0000000719a00000|  0%| F|  |TAMS 0x0000000719800000| PB 0x0000000719800000| Untracked |  0
| 166|0x0000000719a00000, 0x0000000719a00000, 0x0000000719c00000|  0%| F|  |TAMS 0x0000000719a00000| PB 0x0000000719a00000| Untracked |  0
| 167|0x0000000719c00000, 0x0000000719c00000, 0x0000000719e00000|  0%| F|  |TAMS 0x0000000719c00000| PB 0x0000000719c00000| Untracked |  0
| 168|0x0000000719e00000, 0x0000000719e00000, 0x000000071a000000|  0%| F|  |TAMS 0x0000000719e00000| PB 0x0000000719e00000| Untracked |  0
| 169|0x000000071a000000, 0x000000071a000000, 0x000000071a200000|  0%| F|  |TAMS 0x000000071a000000| PB 0x000000071a000000| Untracked |  0
| 170|0x000000071a200000, 0x000000071a200000, 0x000000071a400000|  0%| F|  |TAMS 0x000000071a200000| PB 0x000000071a200000| Untracked |  0
| 171|0x000000071a400000, 0x000000071a400000, 0x000000071a600000|  0%| F|  |TAMS 0x000000071a400000| PB 0x000000071a400000| Untracked |  0
| 172|0x000000071a600000, 0x000000071a600000, 0x000000071a800000|  0%| F|  |TAMS 0x000000071a600000| PB 0x000000071a600000| Untracked |  0
| 173|0x000000071a800000, 0x000000071a800000, 0x000000071aa00000|  0%| F|  |TAMS 0x000000071a800000| PB 0x000000071a800000| Untracked |  0
| 174|0x000000071aa00000, 0x000000071aa00000, 0x000000071ac00000|  0%| F|  |TAMS 0x000000071aa00000| PB 0x000000071aa00000| Untracked |  0
| 175|0x000000071ac00000, 0x000000071ac00000, 0x000000071ae00000|  0%| F|  |TAMS 0x000000071ac00000| PB 0x000000071ac00000| Untracked |  0
| 176|0x000000071ae00000, 0x000000071ae00000, 0x000000071b000000|  0%| F|  |TAMS 0x000000071ae00000| PB 0x000000071ae00000| Untracked |  0
| 177|0x000000071b000000, 0x000000071b000000, 0x000000071b200000|  0%| F|  |TAMS 0x000000071b000000| PB 0x000000071b000000| Untracked |  0
| 178|0x000000071b200000, 0x000000071b200000, 0x000000071b400000|  0%| F|  |TAMS 0x000000071b200000| PB 0x000000071b200000| Untracked |  0
| 179|0x000000071b400000, 0x000000071b400000, 0x000000071b600000|  0%| F|  |TAMS 0x000000071b400000| PB 0x000000071b400000| Untracked |  0
| 180|0x000000071b600000, 0x000000071b600000, 0x000000071b800000|  0%| F|  |TAMS 0x000000071b600000| PB 0x000000071b600000| Untracked |  0
| 181|0x000000071b800000, 0x000000071b800000, 0x000000071ba00000|  0%| F|  |TAMS 0x000000071b800000| PB 0x000000071b800000| Untracked |  0
| 182|0x000000071ba00000, 0x000000071ba00000, 0x000000071bc00000|  0%| F|  |TAMS 0x000000071ba00000| PB 0x000000071ba00000| Untracked |  0
| 183|0x000000071bc00000, 0x000000071bc00000, 0x000000071be00000|  0%| F|  |TAMS 0x000000071bc00000| PB 0x000000071bc00000| Untracked |  0
| 184|0x000000071be00000, 0x000000071be00000, 0x000000071c000000|  0%| F|  |TAMS 0x000000071be00000| PB 0x000000071be00000| Untracked |  0
| 185|0x000000071c000000, 0x000000071c000000, 0x000000071c200000|  0%| F|  |TAMS 0x000000071c000000| PB 0x000000071c000000| Untracked |  0
| 186|0x000000071c200000, 0x000000071c200000, 0x000000071c400000|  0%| F|  |TAMS 0x000000071c200000| PB 0x000000071c200000| Untracked |  0
| 187|0x000000071c400000, 0x000000071c400000, 0x000000071c600000|  0%| F|  |TAMS 0x000000071c400000| PB 0x000000071c400000| Untracked |  0
| 188|0x000000071c600000, 0x000000071c600000, 0x000000071c800000|  0%| F|  |TAMS 0x000000071c600000| PB 0x000000071c600000| Untracked |  0
| 189|0x000000071c800000, 0x000000071c800000, 0x000000071ca00000|  0%| F|  |TAMS 0x000000071c800000| PB 0x000000071c800000| Untracked |  0
| 190|0x000000071ca00000, 0x000000071ca00000, 0x000000071cc00000|  0%| F|  |TAMS 0x000000071ca00000| PB 0x000000071ca00000| Untracked |  0
| 191|0x000000071cc00000, 0x000000071cc00000, 0x000000071ce00000|  0%| F|  |TAMS 0x000000071cc00000| PB 0x000000071cc00000| Untracked |  0
| 192|0x000000071ce00000, 0x000000071ce00000, 0x000000071d000000|  0%| F|  |TAMS 0x000000071ce00000| PB 0x000000071ce00000| Untracked |  0
| 193|0x000000071d000000, 0x000000071d000000, 0x000000071d200000|  0%| F|  |TAMS 0x000000071d000000| PB 0x000000071d000000| Untracked |  0
| 194|0x000000071d200000, 0x000000071d200000, 0x000000071d400000|  0%| F|  |TAMS 0x000000071d200000| PB 0x000000071d200000| Untracked |  0
| 195|0x000000071d400000, 0x000000071d400000, 0x000000071d600000|  0%| F|  |TAMS 0x000000071d400000| PB 0x000000071d400000| Untracked |  0
| 196|0x000000071d600000, 0x000000071d600000, 0x000000071d800000|  0%| F|  |TAMS 0x000000071d600000| PB 0x000000071d600000| Untracked |  0
| 197|0x000000071d800000, 0x000000071da00000, 0x000000071da00000|100%| E|  |TAMS 0x000000071d800000| PB 0x000000071d800000| Complete |  0
| 198|0x000000071da00000, 0x000000071dc00000, 0x000000071dc00000|100%| E|CS|TAMS 0x000000071da00000| PB 0x000000071da00000| Complete |  1
| 199|0x000000071dc00000, 0x000000071de00000, 0x000000071de00000|100%| E|CS|TAMS 0x000000071dc00000| PB 0x000000071dc00000| Complete |  0
| 200|0x000000071de00000, 0x000000071e000000, 0x000000071e000000|100%| E|CS|TAMS 0x000000071de00000| PB 0x000000071de00000| Complete |  0
| 201|0x000000071e000000, 0x000000071e200000, 0x000000071e200000|100%| E|CS|TAMS 0x000000071e000000| PB 0x000000071e000000| Complete |  0
| 202|0x000000071e200000, 0x000000071e400000, 0x000000071e400000|100%| E|CS|TAMS 0x000000071e200000| PB 0x000000071e200000| Complete |  0
| 203|0x000000071e400000, 0x000000071e600000, 0x000000071e600000|100%| E|CS|TAMS 0x000000071e400000| PB 0x000000071e400000| Complete |  0
| 204|0x000000071e600000, 0x000000071e800000, 0x000000071e800000|100%| E|CS|TAMS 0x000000071e600000| PB 0x000000071e600000| Complete |  0
|2003|0x00000007ff400000, 0x00000007ff600000, 0x00000007ff600000|100%| O|  |TAMS 0x00000007ff400000| PB 0x00000007ff400000| Untracked |  0
|2004|0x00000007ff600000, 0x00000007ff800000, 0x00000007ff800000|100%| O|  |TAMS 0x00000007ff600000| PB 0x00000007ff600000| Untracked |  0
|2005|0x00000007ff800000, 0x00000007ffa00000, 0x00000007ffa00000|100%| O|  |TAMS 0x00000007ff800000| PB 0x00000007ff800000| Untracked |  0
|2006|0x00000007ffa00000, 0x00000007ffc00000, 0x00000007ffc00000|100%| O|  |TAMS 0x00000007ffa00000| PB 0x00000007ffa00000| Untracked |  0
|2007|0x00000007ffc00000, 0x00000007ffe00000, 0x00000007ffe00000|100%| O|  |TAMS 0x00000007ffc00000| PB 0x00000007ffc00000| Untracked |  0
|2008|0x00000007ffe00000, 0x0000000800000000, 0x0000000800000000|100%| O|  |TAMS 0x00000007ffe00000| PB 0x00000007ffe00000| Untracked |  0

Card table byte_map: [0x0000024ea7100000,0x0000024ea78e0000] _byte_map_base: 0x0000024ea38d9000

Marking Bits: (CMBitMap*) 0x0000024e8f0eabd0
 Bits: [0x0000024ea78e0000, 0x0000024eab7a8000)

Polling page: 0x0000024e8cd80000

Metaspace:

Usage:
  Non-class:     33.77 MB used.
      Class:      4.33 MB used.
       Both:     38.10 MB used.

Virtual space:
  Non-class space:       64.00 MB reserved,      34.12 MB ( 53%) committed,  1 nodes.
      Class space:        1.00 GB reserved,       4.62 MB ( <1%) committed,  1 nodes.
             Both:        1.06 GB reserved,      38.75 MB (  4%) committed. 

Chunk freelists:
   Non-Class:  13.44 MB
       Class:  11.20 MB
        Both:  24.64 MB

MaxMetaspaceSize: unlimited
CompressedClassSpaceSize: 1.00 GB
Initial GC threshold: 21.00 MB
Current GC threshold: 59.38 MB
CDS: on
 - commit_granule_bytes: 65536.
 - commit_granule_words: 8192.
 - virtual_space_node_default_size: 8388608.
 - enlarge_chunks_in_place: 1.
 - use_allocation_guard: 0.


Internal statistics:

num_allocs_failed_limit: 3.
num_arena_births: 710.
num_arena_deaths: 0.
num_vsnodes_births: 2.
num_vsnodes_deaths: 0.
num_space_committed: 619.
num_space_uncommitted: 0.
num_chunks_returned_to_freelist: 3.
num_chunks_taken_from_freelist: 2254.
num_chunk_merges: 3.
num_chunk_splits: 1534.
num_chunks_enlarged: 1091.
num_inconsistent_stats: 0.

CodeHeap 'non-profiled nmethods': size=120000Kb used=9060Kb max_used=9060Kb free=110939Kb
 bounds [0x0000024e9eea0000, 0x0000024e9f780000, 0x0000024ea63d0000]
CodeHeap 'profiled nmethods': size=120000Kb used=26800Kb max_used=26800Kb free=93199Kb
 bounds [0x0000024e973d0000, 0x0000024e98e00000, 0x0000024e9e900000]
CodeHeap 'non-nmethods': size=5760Kb used=1538Kb max_used=1606Kb free=4222Kb
 bounds [0x0000024e9e900000, 0x0000024e9eb70000, 0x0000024e9eea0000]
 total_blobs=11983 nmethods=11382 adapters=504
 compilation: enabled
              stopped_count=0, restarted_count=0
 full_count=0

Compilation events (20 events):
Event: 22.709 Thread 0x0000024eae43af60 13302       3       com.sun.tools.javac.comp.Flow$AliveAnalyzer$$Lambda/0x0000024eb049d610::accept (12 bytes)
Event: 22.710 Thread 0x0000024eae43af60 nmethod 13302 0x0000024e98dc4910 code [0x0000024e98dc4ae0, 0x0000024e98dc4e28]
Event: 22.710 Thread 0x0000024eae43af60 13305       3       com.sun.tools.javac.comp.ThisEscapeAnalyzer::isAnalyzing (13 bytes)
Event: 22.710 Thread 0x0000024eae43af60 nmethod 13305 0x0000024e98dc4f90 code [0x0000024e98dc5120, 0x0000024e98dc5288]
Event: 22.710 Thread 0x0000024eae43af60 13303       3       com.sun.tools.javac.comp.Flow$AliveAnalyzer::lambda$visitClassDef$0 (11 bytes)
Event: 22.710 Thread 0x0000024eae43af60 nmethod 13303 0x0000024e98dc5310 code [0x0000024e98dc54c0, 0x0000024e98dc56d0]
Event: 22.710 Thread 0x0000024eae43af60 13304       3       com.sun.tools.javac.comp.Flow$AssignAnalyzer$$Lambda/0x0000024eb049bc50::accept (12 bytes)
Event: 22.711 Thread 0x0000024ef7770890 nmethod 13255 0x0000024e9f777690 code [0x0000024e9f777820, 0x0000024e9f777928]
Event: 22.711 Thread 0x0000024eae43af60 nmethod 13304 0x0000024e98dc5790 code [0x0000024e98dc5980, 0x0000024e98dc5f08]
Event: 22.711 Thread 0x0000024ef7770890 13306       4       com.sun.tools.javac.comp.TransTypes::visitIdent (129 bytes)
Event: 22.726 Thread 0x0000024eae43af60 13308       2       com.sun.tools.javac.comp.InferenceContext::asInstTypes (52 bytes)
Event: 22.728 Thread 0x0000024eae43af60 nmethod 13308 0x0000024e98dc6110 code [0x0000024e98dc6320, 0x0000024e98dc6818]
Event: 22.730 Thread 0x0000024eae43af60 13309       2       com.sun.tools.javac.comp.Infer$GraphSolver$InferenceGraph$Node::addDependency (12 bytes)
Event: 22.731 Thread 0x0000024eae43af60 nmethod 13309 0x0000024e98dc6a90 code [0x0000024e98dc6c40, 0x0000024e98dc6d78]
Event: 22.732 Thread 0x0000024eae43af60 13310       2       com.sun.tools.javac.comp.Attr::check (212 bytes)
Event: 22.736 Thread 0x0000024eae43af60 nmethod 13310 0x0000024e98dc6e10 code [0x0000024e98dc70e0, 0x0000024e98dc7a28]
Event: 22.736 Thread 0x0000024eae43af60 13311       2       com.sun.tools.javac.code.Types$5::visitType (10 bytes)
Event: 22.737 Thread 0x0000024eae43af60 nmethod 13311 0x0000024e98dc8090 code [0x0000024e98dc8240, 0x0000024e98dc83a0]
Event: 22.741 Thread 0x0000024eae43af60 13312       2       com.sun.tools.javac.comp.Infer$InferenceStep$1::solve (13 bytes)
Event: 22.742 Thread 0x0000024eae43af60 nmethod 13312 0x0000024e98dc8490 code [0x0000024e98dc8640, 0x0000024e98dc87b0]

GC Heap History (20 events):
Event: 13.481 GC heap before
{Heap before GC invocations=17 (full 0):
 garbage-first heap   total reserved 4114432K, committed 217088K, used 193789K [0x0000000704e00000, 0x0000000800000000)
  region size 2048K, 60 young (122880K), 4 survivors (8192K)
 Metaspace       used 30190K, committed 30784K, reserved 1114112K
  class space    used 3404K, committed 3648K, reserved 1048576K
}
Event: 13.502 GC heap after
{Heap after GC invocations=18 (full 0):
 garbage-first heap   total reserved 4114432K, committed 217088K, used 82276K [0x0000000704e00000, 0x0000000800000000)
  region size 2048K, 6 young (12288K), 6 survivors (12288K)
 Metaspace       used 30190K, committed 30784K, reserved 1114112K
  class space    used 3404K, committed 3648K, reserved 1048576K
}
Event: 15.925 GC heap before
{Heap before GC invocations=18 (full 0):
 garbage-first heap   total reserved 4114432K, committed 217088K, used 190820K [0x0000000704e00000, 0x0000000800000000)
  region size 2048K, 59 young (120832K), 6 survivors (12288K)
 Metaspace       used 35886K, committed 36480K, reserved 1114112K
  class space    used 4128K, committed 4416K, reserved 1048576K
}
Event: 15.956 GC heap after
{Heap after GC invocations=19 (full 0):
 garbage-first heap   total reserved 4114432K, committed 217088K, used 86682K [0x0000000704e00000, 0x0000000800000000)
  region size 2048K, 6 young (12288K), 6 survivors (12288K)
 Metaspace       used 35886K, committed 36480K, reserved 1114112K
  class space    used 4128K, committed 4416K, reserved 1048576K
}
Event: 16.733 GC heap before
{Heap before GC invocations=19 (full 0):
 garbage-first heap   total reserved 4114432K, committed 217088K, used 191130K [0x0000000704e00000, 0x0000000800000000)
  region size 2048K, 57 young (116736K), 6 survivors (12288K)
 Metaspace       used 35924K, committed 36480K, reserved 1114112K
  class space    used 4128K, committed 4416K, reserved 1048576K
}
Event: 16.762 GC heap after
{Heap after GC invocations=20 (full 0):
 garbage-first heap   total reserved 4114432K, committed 217088K, used 92519K [0x0000000704e00000, 0x0000000800000000)
  region size 2048K, 6 young (12288K), 6 survivors (12288K)
 Metaspace       used 35924K, committed 36480K, reserved 1114112K
  class space    used 4128K, committed 4416K, reserved 1048576K
}
Event: 17.208 GC heap before
{Heap before GC invocations=20 (full 0):
 garbage-first heap   total reserved 4114432K, committed 217088K, used 190823K [0x0000000704e00000, 0x0000000800000000)
  region size 2048K, 54 young (110592K), 6 survivors (12288K)
 Metaspace       used 35936K, committed 36480K, reserved 1114112K
  class space    used 4128K, committed 4416K, reserved 1048576K
}
Event: 17.241 GC heap after
{Heap after GC invocations=21 (full 0):
 garbage-first heap   total reserved 4114432K, committed 217088K, used 91980K [0x0000000704e00000, 0x0000000800000000)
  region size 2048K, 4 young (8192K), 4 survivors (8192K)
 Metaspace       used 35936K, committed 36480K, reserved 1114112K
  class space    used 4128K, committed 4416K, reserved 1048576K
}
Event: 17.575 GC heap before
{Heap before GC invocations=22 (full 0):
 garbage-first heap   total reserved 4114432K, committed 217088K, used 194380K [0x0000000704e00000, 0x0000000800000000)
  region size 2048K, 54 young (110592K), 4 survivors (8192K)
 Metaspace       used 35958K, committed 36544K, reserved 1114112K
  class space    used 4128K, committed 4416K, reserved 1048576K
}
Event: 17.584 GC heap after
{Heap after GC invocations=23 (full 0):
 garbage-first heap   total reserved 4114432K, committed 217088K, used 91834K [0x0000000704e00000, 0x0000000800000000)
  region size 2048K, 4 young (8192K), 4 survivors (8192K)
 Metaspace       used 35958K, committed 36544K, reserved 1114112K
  class space    used 4128K, committed 4416K, reserved 1048576K
}
Event: 17.843 GC heap before
{Heap before GC invocations=23 (full 0):
 garbage-first heap   total reserved 4114432K, committed 217088K, used 194234K [0x0000000704e00000, 0x0000000800000000)
  region size 2048K, 54 young (110592K), 4 survivors (8192K)
 Metaspace       used 35968K, committed 36544K, reserved 1114112K
  class space    used 4128K, committed 4416K, reserved 1048576K
}
Event: 17.850 GC heap after
{Heap after GC invocations=24 (full 0):
 garbage-first heap   total reserved 4114432K, committed 290816K, used 85809K [0x0000000704e00000, 0x0000000800000000)
  region size 2048K, 2 young (4096K), 2 survivors (4096K)
 Metaspace       used 35968K, committed 36544K, reserved 1114112K
  class space    used 4128K, committed 4416K, reserved 1048576K
}
Event: 18.222 GC heap before
{Heap before GC invocations=24 (full 0):
 garbage-first heap   total reserved 4114432K, committed 290816K, used 255793K [0x0000000704e00000, 0x0000000800000000)
  region size 2048K, 85 young (174080K), 2 survivors (4096K)
 Metaspace       used 35990K, committed 36544K, reserved 1114112K
  class space    used 4128K, committed 4416K, reserved 1048576K
}
Event: 18.247 GC heap after
{Heap after GC invocations=25 (full 0):
 garbage-first heap   total reserved 4114432K, committed 290816K, used 89620K [0x0000000704e00000, 0x0000000800000000)
  region size 2048K, 4 young (8192K), 4 survivors (8192K)
 Metaspace       used 35990K, committed 36544K, reserved 1114112K
  class space    used 4128K, committed 4416K, reserved 1048576K
}
Event: 18.568 GC heap before
{Heap before GC invocations=25 (full 0):
 garbage-first heap   total reserved 4114432K, committed 290816K, used 255508K [0x0000000704e00000, 0x0000000800000000)
  region size 2048K, 85 young (174080K), 4 survivors (8192K)
 Metaspace       used 35998K, committed 36544K, reserved 1114112K
  class space    used 4128K, committed 4416K, reserved 1048576K
}
Event: 18.588 GC heap after
{Heap after GC invocations=26 (full 0):
 garbage-first heap   total reserved 4114432K, committed 290816K, used 90402K [0x0000000704e00000, 0x0000000800000000)
  region size 2048K, 4 young (8192K), 4 survivors (8192K)
 Metaspace       used 35998K, committed 36544K, reserved 1114112K
  class space    used 4128K, committed 4416K, reserved 1048576K
}
Event: 18.884 GC heap before
{Heap before GC invocations=26 (full 0):
 garbage-first heap   total reserved 4114432K, committed 290816K, used 256290K [0x0000000704e00000, 0x0000000800000000)
  region size 2048K, 85 young (174080K), 4 survivors (8192K)
 Metaspace       used 36006K, committed 36608K, reserved 1114112K
  class space    used 4128K, committed 4416K, reserved 1048576K
}
Event: 18.898 GC heap after
{Heap after GC invocations=27 (full 0):
 garbage-first heap   total reserved 4114432K, committed 290816K, used 89612K [0x0000000704e00000, 0x0000000800000000)
  region size 2048K, 4 young (8192K), 4 survivors (8192K)
 Metaspace       used 36006K, committed 36608K, reserved 1114112K
  class space    used 4128K, committed 4416K, reserved 1048576K
}
Event: 22.628 GC heap before
{Heap before GC invocations=27 (full 0):
 garbage-first heap   total reserved 4114432K, committed 290816K, used 255500K [0x0000000704e00000, 0x0000000800000000)
  region size 2048K, 85 young (174080K), 4 survivors (8192K)
 Metaspace       used 38975K, committed 39680K, reserved 1114112K
  class space    used 4431K, committed 4736K, reserved 1048576K
}
Event: 22.650 GC heap after
{Heap after GC invocations=28 (full 0):
 garbage-first heap   total reserved 4114432K, committed 432128K, used 94076K [0x0000000704e00000, 0x0000000800000000)
  region size 2048K, 6 young (12288K), 6 survivors (12288K)
 Metaspace       used 38975K, committed 39680K, reserved 1114112K
  class space    used 4431K, committed 4736K, reserved 1048576K
}

Dll operation events (8 events):
Event: 0.009 Loaded shared library C:\Program Files\Java\jdk-22\bin\java.dll
Event: 0.035 Loaded shared library C:\Program Files\Java\jdk-22\bin\jsvml.dll
Event: 0.049 Loaded shared library C:\Program Files\Java\jdk-22\bin\net.dll
Event: 0.051 Loaded shared library C:\Program Files\Java\jdk-22\bin\nio.dll
Event: 0.054 Loaded shared library C:\Program Files\Java\jdk-22\bin\zip.dll
Event: 0.172 Loaded shared library C:\Users\bbatc\.m2\wrapper\dists\apache-maven-3.9.11\03d7e36a140982eea48e22c1dcac01d8862b2550b2939e09a0809bbc5182a5bc\lib\jansi-native\Windows\x86_64\jansi.dll
Event: 0.175 Loaded shared library C:\Program Files\Java\jdk-22\bin\jimage.dll
Event: 0.184 Loaded shared library C:\Program Files\Java\jdk-22\bin\verify.dll

Deoptimization events (20 events):
Event: 22.729 Thread 0x0000024e8ce9b580 DEOPT PACKING pc=0x0000024e9f5c9188 sp=0x0000006368ef9eb0
Event: 22.729 Thread 0x0000024e8ce9b580 DEOPT UNPACKING pc=0x0000024e9e9546a2 sp=0x0000006368ef9eb0 mode 2
Event: 22.729 Thread 0x0000024e8ce9b580 Uncommon trap: trap_request=0xffffffc6 fr.pc=0x0000024e9f6b7ed0 relative=0x00000000000002f0
Event: 22.730 Thread 0x0000024e8ce9b580 Uncommon trap: reason=bimorphic_or_optimized_type_check action=maybe_recompile pc=0x0000024e9f6b7ed0 method=com.sun.tools.javac.code.Types$5.visitType(Lcom/sun/tools/javac/code/Type;Lcom/sun/tools/javac/code/Type;)Ljava/lang/Boolean; @ 145 c2
Event: 22.730 Thread 0x0000024e8ce9b580 DEOPT PACKING pc=0x0000024e9f6b7ed0 sp=0x0000006368efbb00
Event: 22.730 Thread 0x0000024e8ce9b580 DEOPT UNPACKING pc=0x0000024e9e9546a2 sp=0x0000006368efba38 mode 2
Event: 22.730 Thread 0x0000024e8ce9b580 Uncommon trap: trap_request=0xffffffc6 fr.pc=0x0000024e9f6b7ed0 relative=0x00000000000002f0
Event: 22.730 Thread 0x0000024e8ce9b580 Uncommon trap: reason=bimorphic_or_optimized_type_check action=maybe_recompile pc=0x0000024e9f6b7ed0 method=com.sun.tools.javac.code.Types$5.visitType(Lcom/sun/tools/javac/code/Type;Lcom/sun/tools/javac/code/Type;)Ljava/lang/Boolean; @ 145 c2
Event: 22.730 Thread 0x0000024e8ce9b580 DEOPT PACKING pc=0x0000024e9f6b7ed0 sp=0x0000006368efbb00
Event: 22.730 Thread 0x0000024e8ce9b580 DEOPT UNPACKING pc=0x0000024e9e9546a2 sp=0x0000006368efba38 mode 2
Event: 22.730 Thread 0x0000024e8ce9b580 Uncommon trap: trap_request=0xffffffc6 fr.pc=0x0000024e9f6b7ed0 relative=0x00000000000002f0
Event: 22.731 Thread 0x0000024e8ce9b580 Uncommon trap: reason=bimorphic_or_optimized_type_check action=maybe_recompile pc=0x0000024e9f6b7ed0 method=com.sun.tools.javac.code.Types$5.visitType(Lcom/sun/tools/javac/code/Type;Lcom/sun/tools/javac/code/Type;)Ljava/lang/Boolean; @ 145 c2
Event: 22.731 Thread 0x0000024e8ce9b580 DEOPT PACKING pc=0x0000024e9f6b7ed0 sp=0x0000006368efb940
Event: 22.731 Thread 0x0000024e8ce9b580 DEOPT UNPACKING pc=0x0000024e9e9546a2 sp=0x0000006368efb878 mode 2
Event: 22.731 Thread 0x0000024e8ce9b580 Uncommon trap: trap_request=0xffffffc6 fr.pc=0x0000024e9f6b7ed0 relative=0x00000000000002f0
Event: 22.731 Thread 0x0000024e8ce9b580 Uncommon trap: reason=bimorphic_or_optimized_type_check action=maybe_recompile pc=0x0000024e9f6b7ed0 method=com.sun.tools.javac.code.Types$5.visitType(Lcom/sun/tools/javac/code/Type;Lcom/sun/tools/javac/code/Type;)Ljava/lang/Boolean; @ 145 c2
Event: 22.731 Thread 0x0000024e8ce9b580 DEOPT PACKING pc=0x0000024e9f6b7ed0 sp=0x0000006368efb940
Event: 22.731 Thread 0x0000024e8ce9b580 DEOPT UNPACKING pc=0x0000024e9e9546a2 sp=0x0000006368efb878 mode 2
Event: 22.750 Thread 0x0000024e8ce9b580 Uncommon trap: trap_request=0xffffff66 fr.pc=0x0000024e9f6642d4 relative=0x0000000000001394
Event: 22.750 Thread 0x0000024e8ce9b580 Uncommon trap: reason=speculate_class_check action=maybe_recompile pc=0x0000024e9f6642d4 method=com.sun.tools.javac.tree.JCTree.hasTag(Lcom/sun/tools/javac/tree/JCTree$Tag;)Z @ 2 c2

Classes loaded (20 events):
Event: 19.393 Loading class java/lang/invoke/DirectMethodHandle$1
Event: 19.394 Loading class java/lang/invoke/DirectMethodHandle$1 done
Event: 19.406 Loading class java/lang/invoke/MethodHandleImpl$CountingWrapper
Event: 19.407 Loading class java/lang/invoke/MethodHandleImpl$CountingWrapper done
Event: 19.452 Loading class java/util/function/ToIntBiFunction
Event: 19.453 Loading class java/util/function/ToIntBiFunction done
Event: 19.496 Loading class java/io/DataOutputStream
Event: 19.497 Loading class java/io/DataOutputStream done
Event: 20.337 Loading class java/util/stream/ReferencePipeline$4
Event: 20.339 Loading class java/util/stream/ReferencePipeline$4 done
Event: 20.340 Loading class java/util/stream/Nodes$IntFixedNodeBuilder
Event: 20.341 Loading class java/util/stream/Node$Builder$OfInt
Event: 20.341 Loading class java/util/stream/Node$Builder$OfInt done
Event: 20.341 Loading class java/util/stream/Nodes$IntArrayNode
Event: 20.342 Loading class java/util/stream/Nodes$IntArrayNode done
Event: 20.342 Loading class java/util/stream/Nodes$IntFixedNodeBuilder done
Event: 20.342 Loading class java/util/stream/ReferencePipeline$4$1
Event: 20.342 Loading class java/util/stream/ReferencePipeline$4$1 done
Event: 20.760 Loading class java/lang/invoke/MethodHandleImpl$CountingWrapper$1
Event: 20.760 Loading class java/lang/invoke/MethodHandleImpl$CountingWrapper$1 done

Classes unloaded (0 events):
No events

Classes redefined (0 events):
No events

Internal exceptions (20 events):
Event: 22.702 Thread 0x0000024e8ce9b580 Exception <a 'sun/nio/fs/WindowsException'{0x000000071e5bef60}> (0x000000071e5bef60) 
thrown [s\open\src\hotspot\share\prims\jni.cpp, line 520]
Event: 22.702 Thread 0x0000024e8ce9b580 Exception <a 'sun/nio/fs/WindowsException'{0x000000071e5bfa20}> (0x000000071e5bfa20) 
thrown [s\open\src\hotspot\share\prims\jni.cpp, line 520]
Event: 22.711 Thread 0x0000024e8ce9b580 Exception <a 'sun/nio/fs/WindowsException'{0x000000071e246160}> (0x000000071e246160) 
thrown [s\open\src\hotspot\share\prims\jni.cpp, line 520]
Event: 22.711 Thread 0x0000024e8ce9b580 Exception <a 'sun/nio/fs/WindowsException'{0x000000071e2468a8}> (0x000000071e2468a8) 
thrown [s\open\src\hotspot\share\prims\jni.cpp, line 520]
Event: 22.711 Thread 0x0000024e8ce9b580 Exception <a 'sun/nio/fs/WindowsException'{0x000000071e2473c0}> (0x000000071e2473c0) 
thrown [s\open\src\hotspot\share\prims\jni.cpp, line 520]
Event: 22.714 Thread 0x0000024e8ce9b580 Exception <a 'sun/nio/fs/WindowsException'{0x000000071e263cd0}> (0x000000071e263cd0) 
thrown [s\open\src\hotspot\share\prims\jni.cpp, line 520]
Event: 22.714 Thread 0x0000024e8ce9b580 Exception <a 'sun/nio/fs/WindowsException'{0x000000071e264400}> (0x000000071e264400) 
thrown [s\open\src\hotspot\share\prims\jni.cpp, line 520]
Event: 22.714 Thread 0x0000024e8ce9b580 Exception <a 'sun/nio/fs/WindowsException'{0x000000071e264e88}> (0x000000071e264e88) 
thrown [s\open\src\hotspot\share\prims\jni.cpp, line 520]
Event: 22.734 Thread 0x0000024e8ce9b580 Exception <a 'sun/nio/fs/WindowsException'{0x000000071e39c130}> (0x000000071e39c130) 
thrown [s\open\src\hotspot\share\prims\jni.cpp, line 520]
Event: 22.734 Thread 0x0000024e8ce9b580 Exception <a 'sun/nio/fs/WindowsException'{0x000000071e39c880}> (0x000000071e39c880) 
thrown [s\open\src\hotspot\share\prims\jni.cpp, line 520]
Event: 22.735 Thread 0x0000024e8ce9b580 Exception <a 'sun/nio/fs/WindowsException'{0x000000071e39d3b8}> (0x000000071e39d3b8) 
thrown [s\open\src\hotspot\share\prims\jni.cpp, line 520]
Event: 22.738 Thread 0x0000024e8ce9b580 Exception <a 'sun/nio/fs/WindowsException'{0x000000071e3ca340}> (0x000000071e3ca340) 
thrown [s\open\src\hotspot\share\prims\jni.cpp, line 520]
Event: 22.738 Thread 0x0000024e8ce9b580 Exception <a 'sun/nio/fs/WindowsException'{0x000000071e3caaa0}> (0x000000071e3caaa0) 
thrown [s\open\src\hotspot\share\prims\jni.cpp, line 520]
Event: 22.738 Thread 0x0000024e8ce9b580 Exception <a 'sun/nio/fs/WindowsException'{0x000000071e3cb618}> (0x000000071e3cb618) 
thrown [s\open\src\hotspot\share\prims\jni.cpp, line 520]
Event: 22.743 Thread 0x0000024e8ce9b580 Exception <a 'sun/nio/fs/WindowsException'{0x000000071e02ea18}> (0x000000071e02ea18) 
thrown [s\open\src\hotspot\share\prims\jni.cpp, line 520]
Event: 22.743 Thread 0x0000024e8ce9b580 Exception <a 'sun/nio/fs/WindowsException'{0x000000071e02f148}> (0x000000071e02f148) 
thrown [s\open\src\hotspot\share\prims\jni.cpp, line 520]
Event: 22.743 Thread 0x0000024e8ce9b580 Exception <a 'sun/nio/fs/WindowsException'{0x000000071e02fbd0}> (0x000000071e02fbd0) 
thrown [s\open\src\hotspot\share\prims\jni.cpp, line 520]
Event: 22.746 Thread 0x0000024e8ce9b580 Exception <a 'sun/nio/fs/WindowsException'{0x000000071e06db38}> (0x000000071e06db38) 
thrown [s\open\src\hotspot\share\prims\jni.cpp, line 520]
Event: 22.746 Thread 0x0000024e8ce9b580 Exception <a 'sun/nio/fs/WindowsException'{0x000000071e06e268}> (0x000000071e06e268) 
thrown [s\open\src\hotspot\share\prims\jni.cpp, line 520]
Event: 22.746 Thread 0x0000024e8ce9b580 Exception <a 'sun/nio/fs/WindowsException'{0x000000071e06ecf0}> (0x000000071e06ecf0) 
thrown [s\open\src\hotspot\share\prims\jni.cpp, line 520]

ZGC Phase Switch (0 events):
No events

VM Operations (20 events):
Event: 20.102 Executing VM operation: ICBufferFull
Event: 20.103 Executing VM operation: ICBufferFull done
Event: 20.297 Executing VM operation: ICBufferFull
Event: 20.298 Executing VM operation: ICBufferFull done
Event: 20.490 Executing VM operation: ICBufferFull
Event: 20.490 Executing VM operation: ICBufferFull done
Event: 20.712 Executing VM operation: ICBufferFull
Event: 20.712 Executing VM operation: ICBufferFull done
Event: 21.058 Executing VM operation: ICBufferFull
Event: 21.058 Executing VM operation: ICBufferFull done
Event: 21.461 Executing VM operation: ICBufferFull
Event: 21.462 Executing VM operation: ICBufferFull done
Event: 21.742 Executing VM operation: ICBufferFull
Event: 21.742 Executing VM operation: ICBufferFull done
Event: 22.014 Executing VM operation: ICBufferFull
Event: 22.014 Executing VM operation: ICBufferFull done
Event: 22.284 Executing VM operation: ICBufferFull
Event: 22.284 Executing VM operation: ICBufferFull done
Event: 22.628 Executing VM operation: G1CollectForAllocation (G1 Evacuation Pause)
Event: 22.650 Executing VM operation: G1CollectForAllocation (G1 Evacuation Pause) done

Memory protections (0 events):
No events

Nmethod flushes (20 events):
Event: 17.329 Thread 0x0000024eae3ff4f0 flushing  nmethod 0x0000024e986d0790
Event: 17.329 Thread 0x0000024eae3ff4f0 flushing  nmethod 0x0000024e986d5390
Event: 17.329 Thread 0x0000024eae3ff4f0 flushing  nmethod 0x0000024e98706410
Event: 17.329 Thread 0x0000024eae3ff4f0 flushing  nmethod 0x0000024e98709410
Event: 17.329 Thread 0x0000024eae3ff4f0 flushing  nmethod 0x0000024e9870a990
Event: 17.329 Thread 0x0000024eae3ff4f0 flushing  nmethod 0x0000024e98711010
Event: 17.329 Thread 0x0000024eae3ff4f0 flushing  nmethod 0x0000024e98711a10
Event: 17.329 Thread 0x0000024eae3ff4f0 flushing  nmethod 0x0000024e98712a90
Event: 17.329 Thread 0x0000024eae3ff4f0 flushing  nmethod 0x0000024e98713390
Event: 17.329 Thread 0x0000024eae3ff4f0 flushing  nmethod 0x0000024e98783510
Event: 17.329 Thread 0x0000024eae3ff4f0 flushing  nmethod 0x0000024e98784910
Event: 17.329 Thread 0x0000024eae3ff4f0 flushing  nmethod 0x0000024e98785910
Event: 17.329 Thread 0x0000024eae3ff4f0 flushing  nmethod 0x0000024e98787c90
Event: 17.329 Thread 0x0000024eae3ff4f0 flushing  nmethod 0x0000024e98788490
Event: 17.329 Thread 0x0000024eae3ff4f0 flushing  nmethod 0x0000024e98788f90
Event: 17.329 Thread 0x0000024eae3ff4f0 flushing  nmethod 0x0000024e98789910
Event: 17.329 Thread 0x0000024eae3ff4f0 flushing  nmethod 0x0000024e9878a010
Event: 17.329 Thread 0x0000024eae3ff4f0 flushing  nmethod 0x0000024e9878d510
Event: 17.329 Thread 0x0000024eae3ff4f0 flushing  nmethod 0x0000024e9878dd90
Event: 17.329 Thread 0x0000024eae3ff4f0 flushing  nmethod 0x0000024e9878e610

Events (20 events):
Event: 0.034 Thread 0x0000024e8ce9b580 Thread added: 0x0000024eae43af60
Event: 0.045 Thread 0x0000024e8ce9b580 Thread added: 0x0000024eae6d3540
Event: 0.047 Thread 0x0000024e8ce9b580 Thread added: 0x0000024eae6e03f0
Event: 0.169 Thread 0x0000024e8ce9b580 Thread added: 0x0000024ef401b2c0
Event: 0.182 Thread 0x0000024ef401b2c0 Thread exited: 0x0000024ef401b2c0
Event: 0.249 Thread 0x0000024eae43af60 Thread added: 0x0000024ef41d9af0
Event: 0.582 Thread 0x0000024eae43af60 Thread added: 0x0000024ef48eb6d0
Event: 1.313 Thread 0x0000024ef48eb6d0 Thread exited: 0x0000024ef48eb6d0
Event: 1.659 Thread 0x0000024e8ce9b580 Thread added: 0x0000024ef52f8390
Event: 2.583 Thread 0x0000024eae43af60 Thread added: 0x0000024ef51f65f0
Event: 3.870 Thread 0x0000024ef51f65f0 Thread exited: 0x0000024ef51f65f0
Event: 5.153 Thread 0x0000024ef41d9af0 Thread exited: 0x0000024ef41d9af0
Event: 7.056 Thread 0x0000024eae43a8a0 Thread added: 0x0000024ef490cb70
Event: 7.056 Thread 0x0000024eae43a8a0 Thread added: 0x0000024ef4429160
Event: 7.322 Thread 0x0000024ef4429160 Thread exited: 0x0000024ef4429160
Event: 7.382 Thread 0x0000024ef490cb70 Thread exited: 0x0000024ef490cb70
Event: 7.512 Thread 0x0000024eae43af60 Thread added: 0x0000024ef4d79c90
Event: 7.512 Thread 0x0000024eae43af60 Thread added: 0x0000024ef426a7a0
Event: 10.053 Thread 0x0000024ef426a7a0 Thread exited: 0x0000024ef426a7a0
Event: 10.400 Thread 0x0000024eae43af60 Thread added: 0x0000024ef7770890


Dynamic libraries:
0x00007ff617930000 - 0x00007ff617940000 	C:\Program Files\Java\jdk-22\bin\java.exe
0x00007fffe80a0000 - 0x00007fffe8306000 	C:\WINDOWS\SYSTEM32\ntdll.dll
0x00007fffe61a0000 - 0x00007fffe6269000 	C:\WINDOWS\System32\KERNEL32.DLL
0x00007fffe5330000 - 0x00007fffe572a000 	C:\WINDOWS\System32\KERNELBASE.dll
0x00007fffe5c10000 - 0x00007fffe5d5c000 	C:\WINDOWS\System32\ucrtbase.dll
0x00007fffdd320000 - 0x00007fffdd337000 	C:\Program Files\Java\jdk-22\bin\jli.dll
0x00007fffd5090000 - 0x00007fffd50ab000 	C:\Program Files\Java\jdk-22\bin\VCRUNTIME140.dll
0x00007fffe7460000 - 0x00007fffe7627000 	C:\WINDOWS\System32\USER32.dll
0x00007fffe5be0000 - 0x00007fffe5c07000 	C:\WINDOWS\System32\win32u.dll
0x00007fffe7fa0000 - 0x00007fffe7fcb000 	C:\WINDOWS\System32\GDI32.dll
0x00007fffe5730000 - 0x00007fffe585b000 	C:\WINDOWS\System32\gdi32full.dll
0x00007fffc59b0000 - 0x00007fffc5c42000 	C:\WINDOWS\WinSxS\amd64_microsoft.windows.common-controls_6595b64144ccf1df_6.0.26100.8521_none_3e08b75ce33403b3\COMCTL32.dll
0x00007fffe5d60000 - 0x00007fffe5e03000 	C:\WINDOWS\System32\msvcp_win.dll
0x00007fffe6790000 - 0x00007fffe6839000 	C:\WINDOWS\System32\msvcrt.dll
0x00007fffe6270000 - 0x00007fffe62a2000 	C:\WINDOWS\System32\IMM32.DLL
0x00007fffd5080000 - 0x00007fffd508c000 	C:\Program Files\Java\jdk-22\bin\vcruntime140_1.dll
0x00007fffac1b0000 - 0x00007fffac23e000 	C:\Program Files\Java\jdk-22\bin\msvcp140.dll
0x00007fff246d0000 - 0x00007fff25419000 	C:\Program Files\Java\jdk-22\bin\server\jvm.dll
0x00007fffe6620000 - 0x00007fffe66d6000 	C:\WINDOWS\System32\ADVAPI32.dll
0x00007fffe66e0000 - 0x00007fffe678a000 	C:\WINDOWS\System32\sechost.dll
0x00007fffe78a0000 - 0x00007fffe79b8000 	C:\WINDOWS\System32\RPCRT4.dll
0x00007fffe7c40000 - 0x00007fffe7cc0000 	C:\WINDOWS\System32\WS2_32.dll
0x00007fffe5190000 - 0x00007fffe51ee000 	C:\WINDOWS\SYSTEM32\POWRPROF.dll
0x00007fffc5310000 - 0x00007fffc531b000 	C:\WINDOWS\SYSTEM32\VERSION.dll
0x00007fffdd450000 - 0x00007fffdd486000 	C:\WINDOWS\SYSTEM32\WINMM.dll
0x00007fffe5170000 - 0x00007fffe5184000 	C:\WINDOWS\SYSTEM32\UMPDC.dll
0x00007fffe40c0000 - 0x00007fffe40db000 	C:\WINDOWS\SYSTEM32\kernel.appcore.dll
0x00007fffd5070000 - 0x00007fffd507a000 	C:\Program Files\Java\jdk-22\bin\jimage.dll
0x00007fffe2a20000 - 0x00007fffe2c62000 	C:\WINDOWS\SYSTEM32\DBGHELP.DLL
0x00007fffe5e10000 - 0x00007fffe6193000 	C:\WINDOWS\System32\combase.dll
0x00007fffe7ac0000 - 0x00007fffe7b99000 	C:\WINDOWS\System32\OLEAUT32.dll
0x00007fffdd410000 - 0x00007fffdd44b000 	C:\WINDOWS\SYSTEM32\dbgcore.DLL
0x00007fffe5a70000 - 0x00007fffe5b18000 	C:\WINDOWS\System32\bcryptPrimitives.dll
0x00007fffd5050000 - 0x00007fffd506e000 	C:\Program Files\Java\jdk-22\bin\java.dll
0x00007fffe6cd0000 - 0x00007fffe7454000 	C:\WINDOWS\System32\SHELL32.dll
0x00007fffe6340000 - 0x00007fffe64d8000 	C:\WINDOWS\System32\ole32.dll
0x00007fffe2ef0000 - 0x00007fffe3770000 	C:\WINDOWS\SYSTEM32\windows.storage.dll
0x00007fffe79c0000 - 0x00007fffe7ab6000 	C:\WINDOWS\System32\SHCORE.dll
0x00007fffe7fe0000 - 0x00007fffe8047000 	C:\WINDOWS\System32\shlwapi.dll
0x00007fffe5250000 - 0x00007fffe5279000 	C:\WINDOWS\SYSTEM32\profapi.dll
0x00007fff873f0000 - 0x00007fff874c7000 	C:\Program Files\Java\jdk-22\bin\jsvml.dll
0x00007fffba6b0000 - 0x00007fffba6c0000 	C:\Program Files\Java\jdk-22\bin\net.dll
0x00007fffe4630000 - 0x00007fffe469c000 	C:\WINDOWS\system32\mswsock.dll
0x00007fffba690000 - 0x00007fffba6a6000 	C:\Program Files\Java\jdk-22\bin\nio.dll
0x00007fffb8400000 - 0x00007fffb8417000 	C:\Program Files\Java\jdk-22\bin\zip.dll
0x00007fffb83d0000 - 0x00007fffb83f4000 	C:\Users\bbatc\.m2\wrapper\dists\apache-maven-3.9.11\03d7e36a140982eea48e22c1dcac01d8862b2550b2939e09a0809bbc5182a5bc\lib\jansi-native\Windows\x86_64\jansi.dll
0x00007fffba680000 - 0x00007fffba690000 	C:\Program Files\Java\jdk-22\bin\verify.dll

dbghelp: loaded successfully - version: 4.0.5 - missing functions: none
symbol engine: initialized successfully - sym options: 0x614 - pdb path: .;C:\Program Files\Java\jdk-22\bin;C:\WINDOWS\SYSTEM32;C:\WINDOWS\WinSxS\amd64_microsoft.windows.common-controls_6595b64144ccf1df_6.0.26100.8521_none_3e08b75ce33403b3;C:\Program Files\Java\jdk-22\bin\server;C:\Users\bbatc\.m2\wrapper\dists\apache-maven-3.9.11\03d7e36a140982eea48e22c1dcac01d8862b2550b2939e09a0809bbc5182a5bc\lib\jansi-native\Windows\x86_64

VM Arguments:
jvm_args: --enable-native-access=ALL-UNNAMED -Dclassworlds.conf=C:\Users\bbatc\.m2\wrapper\dists\apache-maven-3.9.11\03d7e36a140982eea48e22c1dcac01d8862b2550b2939e09a0809bbc5182a5bc\bin\m2.conf -Dmaven.home=C:\Users\bbatc\.m2\wrapper\dists\apache-maven-3.9.11\03d7e36a140982eea48e22c1dcac01d8862b2550b2939e09a0809bbc5182a5bc -Dlibrary.jansi.path=C:\Users\bbatc\.m2\wrapper\dists\apache-maven-3.9.11\03d7e36a140982eea48e22c1dcac01d8862b2550b2939e09a0809bbc5182a5bc\lib\jansi-native -Dmaven.multiModuleProjectDirectory=D:\CODEsemestre2\Réseaux\NewBackendFleet\FleetMan-DES-Backend 
java_command: org.codehaus.plexus.classworlds.launcher.Launcher spring-boot:run
java_class_path (initial): C:\Users\bbatc\.m2\wrapper\dists\apache-maven-3.9.11\03d7e36a140982eea48e22c1dcac01d8862b2550b2939e09a0809bbc5182a5bc\boot\plexus-classworlds-2.9.0.jar
Launcher Type: SUN_STANDARD

[Global flags]
     intx CICompilerCount                          = 4                                         {product} {ergonomic}
     uint ConcGCThreads                            = 3                                         {product} {ergonomic}
     uint G1ConcRefinementThreads                  = 10                                        {product} {ergonomic}
   size_t G1HeapRegionSize                         = 2097152                                   {product} {ergonomic}
   size_t InitialHeapSize                          = 264241152                                 {product} {ergonomic}
   size_t MarkStackSize                            = 4194304                                   {product} {ergonomic}
   size_t MaxHeapSize                              = 4213178368                                {product} {ergonomic}
   size_t MaxNewSize                               = 2527068160                                {product} {ergonomic}
   size_t MinHeapDeltaBytes                        = 2097152                                   {product} {ergonomic}
   size_t MinHeapSize                              = 8388608                                   {product} {ergonomic}
    uintx NonNMethodCodeHeapSize                   = 5839372                                {pd product} {ergonomic}
    uintx NonProfiledCodeHeapSize                  = 122909434                              {pd product} {ergonomic}
    uintx ProfiledCodeHeapSize                     = 122909434                              {pd product} {ergonomic}
    uintx ReservedCodeCacheSize                    = 251658240                              {pd product} {ergonomic}
     bool SegmentedCodeCache                       = true                                      {product} {ergonomic}
   size_t SoftMaxHeapSize                          = 4213178368                             {manageable} {ergonomic}
     bool UseCompressedOops                        = true                           {product lp64_product} {ergonomic}
     bool UseG1GC                                  = true                                      {product} {ergonomic}
     bool UseLargePagesIndividualAllocation        = false                                  {pd product} {ergonomic}

Logging:
Log output configuration:
 #0: stdout all=warning uptime,level,tags foldmultilines=false
 #1: stderr all=off uptime,level,tags foldmultilines=false

Environment Variables:
JAVA_HOME=C:\Program Files\Java\jdk-22
PATH=C:\Program Files (x86)\NVIDIA Corporation\PhysX\Common;C:\Program Files\Common Files\Oracle\Java\javapath;C:\WINDOWS\system32;C:\WINDOWS;C:\WINDOWS\System32\Wbem;C:\WINDOWS\System32\WindowsPowerShell\v1.0\;C:\WINDOWS\System32\OpenSSH\;C:\Program Files\dotnet\;C:\xampp\php;C:\composer;C:\Program Files\Git\cmd;C:\Program Files\nodejs\;C:\Program Files\MiKTeX\miktex\bin\x64\;C:\Strawberry\c\bin;C:\Strawberry\perl\site\bin;C:\Strawberry\perl\bin;C:\Program Files\WinDirStat\;C:\Program Files\cursor\resources\app\bin;C:\Users\bbatc\AppData\Local\Programs\Python\Launcher\;C:\Users\bbatc\AppData\Local\Microsoft\WindowsApps;C:\Users\bbatc\AppData\Local\Programs\Microsoft VS Code\bin;C:\Users\bbatc\AppData\Roaming\Composer\vendor\bin;C:\Users\bbatc\AppData\Roaming\npm;D:\maven\bin;C:\Users\bbatc\AppData\Local\Python\bin;C:\Program Files\PostgreSQL\18\bin;C:\Users\bbatc\AppData\Roaming\Microsoft\Windows\Start Menu\Programs\Python\Python 3.14;C:\Users\bbatc\AppData\Local\Python\pythoncore-3.14-64;C:\Users\bbatc\AppData\Local\Python\pythoncore-3.14-64\Scripts;C:\Users\bbatc\AppData\Local\Programs\Antigravity\bin;C:\Users\bbatc\AppData\Local\Programs\Kiro\bin;c:\Users\bbatc\.antigravity\extensions\vscjava.vscode-java-debug-0.59.0-universal\bundled\scripts\noConfigScripts
USERNAME=bbatc
LANG=en_US.UTF-8
OS=Windows_NT
PROCESSOR_IDENTIFIER=Intel64 Family 6 Model 154 Stepping 4, GenuineIntel
TMP=C:\Users\bbatc\AppData\Local\Temp
TEMP=C:\Users\bbatc\AppData\Local\Temp




Periodic native trim disabled

---------------  S Y S T E M  ---------------

OS:
 Windows 11 , 64 bit Build 26100 (10.0.26100.8521)
OS uptime: 0 days 10:46 hours
Hyper-V role detected

CPU: total 12 (initial active 12) (6 cores per cpu, 2 threads per core) family 6 model 154 stepping 4 microcode 0x437, cx8, cmov, fxsr, ht, mmx, 3dnowpref, sse, sse2, sse3, ssse3, sse4.1, sse4.2, popcnt, lzcnt, tsc, tscinvbit, avx, avx2, aes, erms, clmul, bmi1, bmi2, adx, sha, fma, vzeroupper, clflush, clflushopt, clwb, hv, serialize, rdtscp, rdpid, fsrm, f16c, cet_ibt, cet_ss
Processor Information for processor 0
  Max Mhz: 1700, Current Mhz: 1700, Mhz Limit: 1700
Processor Information for processor 1
  Max Mhz: 1700, Current Mhz: 1700, Mhz Limit: 1700
Processor Information for processor 2
  Max Mhz: 1700, Current Mhz: 1700, Mhz Limit: 1700
Processor Information for processor 3
  Max Mhz: 1700, Current Mhz: 1700, Mhz Limit: 1700
Processor Information for processor 4
  Max Mhz: 1700, Current Mhz: 1700, Mhz Limit: 1700
Processor Information for processor 5
  Max Mhz: 1700, Current Mhz: 1700, Mhz Limit: 1700
Processor Information for processor 6
  Max Mhz: 1700, Current Mhz: 1558, Mhz Limit: 1700
Processor Information for processor 7
  Max Mhz: 1700, Current Mhz: 1700, Mhz Limit: 1700
Processor Information for processor 8
  Max Mhz: 1700, Current Mhz: 1700, Mhz Limit: 1700
Processor Information for processor 9
  Max Mhz: 1700, Current Mhz: 1700, Mhz Limit: 1700
Processor Information for processor 10
  Max Mhz: 1700, Current Mhz: 1700, Mhz Limit: 1700
Processor Information for processor 11
  Max Mhz: 1700, Current Mhz: 1700, Mhz Limit: 1700

Memory: 4k page, system-wide physical 16068M (1833M free)
TotalPageFile size 26763M (AvailPageFile size 3M)
current process WorkingSet (physical memory assigned to process): 496M, peak: 498M
current process commit charge ("private bytes"): 656M, peak: 656M

vm_info: Java HotSpot(TM) 64-Bit Server VM (22.0.2+9-70) for windows-amd64 JRE (22.0.2+9-70), built on 2024-06-04T16:52:23Z by "mach5one" with MS VC++ 17.6 (VS2022)

END.
