[INFO] Scanning for projects...
[INFO] 
[INFO] -------------------< com.yowyob:reactive-hexagonal >--------------------
[INFO] Building reactive-hexagonal 0.0.1-SNAPSHOT
[INFO] --------------------------------[ jar ]---------------------------------
[INFO] 
[INFO] >>> spring-boot-maven-plugin:3.2.6:run (default-cli) > test-compile @ reactive-hexagonal >>>
[INFO] 
[INFO] --- maven-resources-plugin:3.3.1:resources (default-resources) @ reactive-hexagonal ---
[INFO] Copying 4 resources from src\main\resources to target\classes
[INFO] Copying 31 resources from src\main\resources to target\classes
[INFO] 
[INFO] --- maven-compiler-plugin:3.11.0:compile (default-compile) @ reactive-hexagonal ---
[INFO] Changes detected - recompiling the module! :source
[INFO] Compiling 388 source files with javac [debug release 21] to target\classes
[WARNING] Implicitly compiled files were not subject to annotation processing.
  Use -implicit to specify a policy for implicit compilation.
[INFO] /D:/CODEsemestre2/Rķseaux/NewBackendFleet/FleetMan-DES-Backend/src/main/java/com/yowyob/fleet/infrastructure/adapters/outbound/external/VehicleApiAdapter.java: Some input files use unchecked or unsafe operations.
[INFO] /D:/CODEsemestre2/Rķseaux/NewBackendFleet/FleetMan-DES-Backend/src/main/java/com/yowyob/fleet/infrastructure/adapters/outbound/external/VehicleApiAdapter.java: Recompile with -Xlint:unchecked for details.
[INFO] 
[INFO] --- maven-resources-plugin:3.3.1:testResources (default-testResources) @ reactive-hexagonal ---
[INFO] skip non existing resourceDirectory D:\CODEsemestre2\Rķseaux\NewBackendFleet\FleetMan-DES-Backend\src\test\resources
[INFO] 
[INFO] --- maven-compiler-plugin:3.11.0:testCompile (default-testCompile) @ reactive-hexagonal ---
[INFO] Changes detected - recompiling the module! :dependency
[INFO] Compiling 1 source file with javac [debug release 21] to target\test-classes
[INFO] 
[INFO] <<< spring-boot-maven-plugin:3.2.6:run (default-cli) < test-compile @ reactive-hexagonal <<<
[INFO] 
[INFO] 
[INFO] --- spring-boot-maven-plugin:3.2.6:run (default-cli) @ reactive-hexagonal ---
[INFO] Attaching agents: []

  .   ____          _            __ _ _
 /\\ / ___'_ __ _ _(_)_ __  __ _ \ \ \ \
( ( )\___ | '_ | '_| | '_ \/ _` | \ \ \ \
 \\/  ___)| |_)| | | | | || (_| |  ) ) ) )
  '  |____| .__|_| |_|_| |_\__, | / / / /
 =========|_|==============|___/=/_/_/_/
 :: Spring Boot ::                (v3.2.6)

2026-07-11T07:48:39.931+01:00  INFO 28212 --- [fleet-management] [           main] c.y.fleet.FleetManagementApplication     : Starting FleetManagementApplication using Java 22.0.2 with PID 28212 (D:\CODEsemestre2\R├®seaux\NewBackendFleet\FleetMan-DES-Backend\target\classes started by bbatc in D:\CODEsemestre2\R├®seaux\NewBackendFleet\FleetMan-DES-Backend)
2026-07-11T07:48:39.935+01:00  INFO 28212 --- [fleet-management] [           main] c.y.fleet.FleetManagementApplication     : The following 3 profiles are active: "local", "demo", "fake-auth"
2026-07-11T07:48:43.111+01:00  INFO 28212 --- [fleet-management] [           main] .s.d.r.c.RepositoryConfigurationDelegate : Multiple Spring Data modules found, entering strict repository configuration mode
2026-07-11T07:48:43.113+01:00  INFO 28212 --- [fleet-management] [           main] .s.d.r.c.RepositoryConfigurationDelegate : Bootstrapping Spring Data R2DBC repositories in DEFAULT mode.
2026-07-11T07:48:43.541+01:00  INFO 28212 --- [fleet-management] [           main] .s.d.r.c.RepositoryConfigurationDelegate : Finished Spring Data repository scanning in 421 ms. Found 41 R2DBC repository interfaces.
2026-07-11T07:48:43.559+01:00  INFO 28212 --- [fleet-management] [           main] .s.d.r.c.RepositoryConfigurationDelegate : Multiple Spring Data modules found, entering strict repository configuration mode
2026-07-11T07:48:43.561+01:00  INFO 28212 --- [fleet-management] [           main] .s.d.r.c.RepositoryConfigurationDelegate : Bootstrapping Spring Data Redis repositories in DEFAULT mode.
2026-07-11T07:48:43.591+01:00  INFO 28212 --- [fleet-management] [           main] .RepositoryConfigurationExtensionSupport : Spring Data Redis - Could not safely identify store assignment for repository candidate interface com.yowyob.fleet.infrastructure.adapters.outbound.persistence.repository.AlertEventR2dbcRepository; If you want this repository to be a Redis repository, consider annotating your entities with one of these annotations: org.springframework.data.redis.core.RedisHash (preferred), or consider extending one of the following types with your repository: org.springframework.data.keyvalue.repository.KeyValueRepository
2026-07-11T07:48:43.591+01:00  INFO 28212 --- [fleet-management] [           main] .RepositoryConfigurationExtensionSupport : Spring Data Redis - Could not safely identify store assignment for repository candidate interface com.yowyob.fleet.infrastructure.adapters.outbound.persistence.repository.AlertRuleR2dbcRepository; If you want this repository to be a Redis repository, consider annotating your entities with one of these annotations: org.springframework.data.redis.core.RedisHash (preferred), or consider extending one of the following types with your repository: org.springframework.data.keyvalue.repository.KeyValueRepository
2026-07-11T07:48:43.593+01:00  INFO 28212 --- [fleet-management] [           main] .RepositoryConfigurationExtensionSupport : Spring Data Redis - Could not safely identify store assignment for repository candidate interface com.yowyob.fleet.infrastructure.adapters.outbound.persistence.repository.AssignmentR2dbcRepository; If you want this repository to be a Redis repository, consider annotating your entities with one of these annotations: org.springframework.data.redis.core.RedisHash (preferred), or consider extending one of the following types with your repository: org.springframework.data.keyvalue.repository.KeyValueRepository
2026-07-11T07:48:43.594+01:00  INFO 28212 --- [fleet-management] [           main] .RepositoryConfigurationExtensionSupport : Spring Data Redis - Could not safely identify store assignment for repository candidate interface com.yowyob.fleet.infrastructure.adapters.outbound.persistence.repository.BudgetR2dbcRepository; If you want this repository to be a Redis repository, consider annotating your entities with one of these annotations: org.springframework.data.redis.core.RedisHash (preferred), or consider extending one of the following types with your repository: org.springframework.data.keyvalue.repository.KeyValueRepository
2026-07-11T07:48:43.594+01:00  INFO 28212 --- [fleet-management] [           main] .RepositoryConfigurationExtensionSupport : Spring Data Redis - Could not safely identify store assignment for repository candidate interface com.yowyob.fleet.infrastructure.adapters.outbound.persistence.repository.DriverDocumentR2dbcRepository; If you want this repository to be a Redis repository, consider annotating your entities with one of these annotations: org.springframework.data.redis.core.RedisHash (preferred), or consider extending one of the following types with your repository: org.springframework.data.keyvalue.repository.KeyValueRepository
2026-07-11T07:48:43.594+01:00  INFO 28212 --- [fleet-management] [           main] .RepositoryConfigurationExtensionSupport : Spring Data Redis - Could not safely identify store assignment for repository candidate interface com.yowyob.fleet.infrastructure.adapters.outbound.persistence.repository.DriverR2dbcRepository; If you want this repository to be a Redis repository, consider annotating your entities with one of these annotations: org.springframework.data.redis.core.RedisHash (preferred), or consider extending one of the following types with your repository: org.springframework.data.keyvalue.repository.KeyValueRepository
2026-07-11T07:48:43.594+01:00  INFO 28212 --- [fleet-management] [           main] .RepositoryConfigurationExtensionSupport : Spring Data Redis - Could not safely identify store assignment for repository candidate interface com.yowyob.fleet.infrastructure.adapters.outbound.persistence.repository.DriverScoreR2dbcRepository; If you want this repository to be a Redis repository, consider annotating your entities with one of these annotations: org.springframework.data.redis.core.RedisHash (preferred), or consider extending one of the following types with your repository: org.springframework.data.keyvalue.repository.KeyValueRepository
2026-07-11T07:48:43.594+01:00  INFO 28212 --- [fleet-management] [           main] .RepositoryConfigurationExtensionSupport : Spring Data Redis - Could not safely identify store assignment for repository candidate interface com.yowyob.fleet.infrastructure.adapters.outbound.persistence.repository.ExpenseR2dbcRepository; If you want this repository to be a Redis repository, consider annotating your entities with one of these annotations: org.springframework.data.redis.core.RedisHash (preferred), or consider extending one of the following types with your repository: org.springframework.data.keyvalue.repository.KeyValueRepository
2026-07-11T07:48:43.595+01:00  INFO 28212 --- [fleet-management] [           main] .RepositoryConfigurationExtensionSupport : Spring Data Redis - Could not safely identify store assignment for repository candidate interface com.yowyob.fleet.infrastructure.adapters.outbound.persistence.repository.FinancialParameterR2dbcRepository; If you want this repository to be a Redis repository, consider annotating your entities with one of these annotations: org.springframework.data.redis.core.RedisHash (preferred), or consider extending one of the following types with your repository: org.springframework.data.keyvalue.repository.KeyValueRepository
2026-07-11T07:48:43.595+01:00  INFO 28212 --- [fleet-management] [           main] .RepositoryConfigurationExtensionSupport : Spring Data Redis - Could not safely identify store assignment for repository candidate interface com.yowyob.fleet.infrastructure.adapters.outbound.persistence.repository.FleetManagerGeofenceZoneR2dbcRepository; If you want this repository to be a Redis repository, consider annotating your entities with one of these annotations: org.springframework.data.redis.core.RedisHash (preferred), or consider extending one of the following types with your repository: org.springframework.data.keyvalue.repository.KeyValueRepository
2026-07-11T07:48:43.595+01:00  INFO 28212 --- [fleet-management] [           main] .RepositoryConfigurationExtensionSupport : Spring Data Redis - Could not safely identify store assignment for repository candidate interface com.yowyob.fleet.infrastructure.adapters.outbound.persistence.repository.FleetManagerR2dbcRepository; If you want this repository to be a Redis repository, consider annotating your entities with one of these annotations: org.springframework.data.redis.core.RedisHash (preferred), or consider extending one of the following types with your repository: org.springframework.data.keyvalue.repository.KeyValueRepository
2026-07-11T07:48:43.595+01:00  INFO 28212 --- [fleet-management] [           main] .RepositoryConfigurationExtensionSupport : Spring Data Redis - Could not safely identify store assignment for repository candidate interface com.yowyob.fleet.infrastructure.adapters.outbound.persistence.repository.FleetR2dbcRepository; If you want this repository to be a Redis repository, consider annotating your entities with one of these annotations: org.springframework.data.redis.core.RedisHash (preferred), or consider extending one of the following types with your repository: org.springframework.data.keyvalue.repository.KeyValueRepository
2026-07-11T07:48:43.595+01:00  INFO 28212 --- [fleet-management] [           main] .RepositoryConfigurationExtensionSupport : Spring Data Redis - Could not safely identify store assignment for repository candidate interface com.yowyob.fleet.infrastructure.adapters.outbound.persistence.repository.FuelRechargeR2dbcRepository; If you want this repository to be a Redis repository, consider annotating your entities with one of these annotations: org.springframework.data.redis.core.RedisHash (preferred), or consider extending one of the following types with your repository: org.springframework.data.keyvalue.repository.KeyValueRepository
2026-07-11T07:48:43.595+01:00  INFO 28212 --- [fleet-management] [           main] .RepositoryConfigurationExtensionSupport : Spring Data Redis - Could not safely identify store assignment for repository candidate interface com.yowyob.fleet.infrastructure.adapters.outbound.persistence.repository.GeofenceEventR2dbcRepository; If you want this repository to be a Redis repository, consider annotating your entities with one of these annotations: org.springframework.data.redis.core.RedisHash (preferred), or consider extending one of the following types with your repository: org.springframework.data.keyvalue.repository.KeyValueRepository
2026-07-11T07:48:43.595+01:00  INFO 28212 --- [fleet-management] [           main] .RepositoryConfigurationExtensionSupport : Spring Data Redis - Could not safely identify store assignment for repository candidate interface com.yowyob.fleet.infrastructure.adapters.outbound.persistence.repository.GeofenceR2dbcRepository; If you want this repository to be a Redis repository, consider annotating your entities with one of these annotations: org.springframework.data.redis.core.RedisHash (preferred), or consider extending one of the following types with your repository: org.springframework.data.keyvalue.repository.KeyValueRepository
2026-07-11T07:48:43.595+01:00  INFO 28212 --- [fleet-management] [           main] .RepositoryConfigurationExtensionSupport : Spring Data Redis - Could not safely identify store assignment for repository candidate interface com.yowyob.fleet.infrastructure.adapters.outbound.persistence.repository.IncidentR2dbcRepository; If you want this repository to be a Redis repository, consider annotating your entities with one of these annotations: org.springframework.data.redis.core.RedisHash (preferred), or consider extending one of the following types with your repository: org.springframework.data.keyvalue.repository.KeyValueRepository
2026-07-11T07:48:43.595+01:00  INFO 28212 --- [fleet-management] [           main] .RepositoryConfigurationExtensionSupport : Spring Data Redis - Could not safely identify store assignment for repository candidate interface com.yowyob.fleet.infrastructure.adapters.outbound.persistence.repository.KpiSnapshotR2dbcRepository; If you want this repository to be a Redis repository, consider annotating your entities with one of these annotations: org.springframework.data.redis.core.RedisHash (preferred), or consider extending one of the following types with your repository: org.springframework.data.keyvalue.repository.KeyValueRepository
2026-07-11T07:48:43.595+01:00  INFO 28212 --- [fleet-management] [           main] .RepositoryConfigurationExtensionSupport : Spring Data Redis - Could not safely identify store assignment for repository candidate interface com.yowyob.fleet.infrastructure.adapters.outbound.persistence.repository.MaintenanceAlertR2dbcRepository; If you want this repository to be a Redis repository, consider annotating your entities with one of these annotations: org.springframework.data.redis.core.RedisHash (preferred), or consider extending one of the following types with your repository: org.springframework.data.keyvalue.repository.KeyValueRepository
2026-07-11T07:48:43.595+01:00  INFO 28212 --- [fleet-management] [           main] .RepositoryConfigurationExtensionSupport : Spring Data Redis - Could not safely identify store assignment for repository candidate interface com.yowyob.fleet.infrastructure.adapters.outbound.persistence.repository.MaintenanceParameterR2dbcRepository; If you want this repository to be a Redis repository, consider annotating your entities with one of these annotations: org.springframework.data.redis.core.RedisHash (preferred), or consider extending one of the following types with your repository: org.springframework.data.keyvalue.repository.KeyValueRepository
2026-07-11T07:48:43.595+01:00  INFO 28212 --- [fleet-management] [           main] .RepositoryConfigurationExtensionSupport : Spring Data Redis - Could not safely identify store assignment for repository candidate interface com.yowyob.fleet.infrastructure.adapters.outbound.persistence.repository.MaintenancePlanR2dbcRepository; If you want this repository to be a Redis repository, consider annotating your entities with one of these annotations: org.springframework.data.redis.core.RedisHash (preferred), or consider extending one of the following types with your repository: org.springframework.data.keyvalue.repository.KeyValueRepository
2026-07-11T07:48:43.595+01:00  INFO 28212 --- [fleet-management] [           main] .RepositoryConfigurationExtensionSupport : Spring Data Redis - Could not safely identify store assignment for repository candidate interface com.yowyob.fleet.infrastructure.adapters.outbound.persistence.repository.MaintenanceR2dbcRepository; If you want this repository to be a Redis repository, consider annotating your entities with one of these annotations: org.springframework.data.redis.core.RedisHash (preferred), or consider extending one of the following types with your repository: org.springframework.data.keyvalue.repository.KeyValueRepository
2026-07-11T07:48:43.595+01:00  INFO 28212 --- [fleet-management] [           main] .RepositoryConfigurationExtensionSupport : Spring Data Redis - Could not safely identify store assignment for repository candidate interface com.yowyob.fleet.infrastructure.adapters.outbound.persistence.repository.NotificationR2dbcRepository; If you want this repository to be a Redis repository, consider annotating your entities with one of these annotations: org.springframework.data.redis.core.RedisHash (preferred), or consider extending one of the following types with your repository: org.springframework.data.keyvalue.repository.KeyValueRepository
2026-07-11T07:48:43.595+01:00  INFO 28212 --- [fleet-management] [           main] .RepositoryConfigurationExtensionSupport : Spring Data Redis - Could not safely identify store assignment for repository candidate interface com.yowyob.fleet.infrastructure.adapters.outbound.persistence.repository.NotificationSettingsR2dbcRepository; If you want this repository to be a Redis repository, consider annotating your entities with one of these annotations: org.springframework.data.redis.core.RedisHash (preferred), or consider extending one of the following types with your repository: org.springframework.data.keyvalue.repository.KeyValueRepository
2026-07-11T07:48:43.595+01:00  INFO 28212 --- [fleet-management] [           main] .RepositoryConfigurationExtensionSupport : Spring Data Redis - Could not safely identify store assignment for repository candidate interface com.yowyob.fleet.infrastructure.adapters.outbound.persistence.repository.OperationalParameterR2dbcRepository; If you want this repository to be a Redis repository, consider annotating your entities with one of these annotations: org.springframework.data.redis.core.RedisHash (preferred), or consider extending one of the following types with your repository: org.springframework.data.keyvalue.repository.KeyValueRepository
2026-07-11T07:48:43.595+01:00  INFO 28212 --- [fleet-management] [           main] .RepositoryConfigurationExtensionSupport : Spring Data Redis - Could not safely identify store assignment for repository candidate interface com.yowyob.fleet.infrastructure.adapters.outbound.persistence.repository.resources.BrandR2dbcRepository; If you want this repository to be a Redis repository, consider annotating your entities with one of these annotations: org.springframework.data.redis.core.RedisHash (preferred), or consider extending one of the following types with your repository: org.springframework.data.keyvalue.repository.KeyValueRepository
2026-07-11T07:48:43.595+01:00  INFO 28212 --- [fleet-management] [           main] .RepositoryConfigurationExtensionSupport : Spring Data Redis - Could not safely identify store assignment for repository candidate interface com.yowyob.fleet.infrastructure.adapters.outbound.persistence.repository.resources.FuelTypeR2dbcRepository; If you want this repository to be a Redis repository, consider annotating your entities with one of these annotations: org.springframework.data.redis.core.RedisHash (preferred), or consider extending one of the following types with your repository: org.springframework.data.keyvalue.repository.KeyValueRepository
2026-07-11T07:48:43.595+01:00  INFO 28212 --- [fleet-management] [           main] .RepositoryConfigurationExtensionSupport : Spring Data Redis - Could not safely identify store assignment for repository candidate interface com.yowyob.fleet.infrastructure.adapters.outbound.persistence.repository.resources.ManufacturerR2dbcRepository; If you want this repository to be a Redis repository, consider annotating your entities with one of these annotations: org.springframework.data.redis.core.RedisHash (preferred), or consider extending one of the following types with your repository: org.springframework.data.keyvalue.repository.KeyValueRepository
2026-07-11T07:48:43.595+01:00  INFO 28212 --- [fleet-management] [           main] .RepositoryConfigurationExtensionSupport : Spring Data Redis - Could not safely identify store assignment for repository candidate interface com.yowyob.fleet.infrastructure.adapters.outbound.persistence.repository.resources.TransmissionTypeR2dbcRepository; If you want this repository to be a Redis repository, consider annotating your entities with one of these annotations: org.springframework.data.redis.core.RedisHash (preferred), or consider extending one of the following types with your repository: org.springframework.data.keyvalue.repository.KeyValueRepository
2026-07-11T07:48:43.595+01:00  INFO 28212 --- [fleet-management] [           main] .RepositoryConfigurationExtensionSupport : Spring Data Redis - Could not safely identify store assignment for repository candidate interface com.yowyob.fleet.infrastructure.adapters.outbound.persistence.repository.resources.UsageTypeR2dbcRepository; If you want this repository to be a Redis repository, consider annotating your entities with one of these annotations: org.springframework.data.redis.core.RedisHash (preferred), or consider extending one of the following types with your repository: org.springframework.data.keyvalue.repository.KeyValueRepository
2026-07-11T07:48:43.595+01:00  INFO 28212 --- [fleet-management] [           main] .RepositoryConfigurationExtensionSupport : Spring Data Redis - Could not safely identify store assignment for repository candidate interface com.yowyob.fleet.infrastructure.adapters.outbound.persistence.repository.resources.VehicleColorR2dbcRepository; If you want this repository to be a Redis repository, consider annotating your entities with one of these annotations: org.springframework.data.redis.core.RedisHash (preferred), or consider extending one of the following types with your repository: org.springframework.data.keyvalue.repository.KeyValueRepository
2026-07-11T07:48:43.600+01:00  INFO 28212 --- [fleet-management] [           main] .RepositoryConfigurationExtensionSupport : Spring Data Redis - Could not safely identify store assignment for repository candidate interface com.yowyob.fleet.infrastructure.adapters.outbound.persistence.repository.resources.VehicleModelR2dbcRepository; If you want this repository to be a Redis repository, consider annotating your entities with one of these annotations: org.springframework.data.redis.core.RedisHash (preferred), or consider extending one of the following types with your repository: org.springframework.data.keyvalue.repository.KeyValueRepository
2026-07-11T07:48:43.600+01:00  INFO 28212 --- [fleet-management] [           main] .RepositoryConfigurationExtensionSupport : Spring Data Redis - Could not safely identify store assignment for repository candidate interface com.yowyob.fleet.infrastructure.adapters.outbound.persistence.repository.resources.VehicleSizeR2dbcRepository; If you want this repository to be a Redis repository, consider annotating your entities with one of these annotations: org.springframework.data.redis.core.RedisHash (preferred), or consider extending one of the following types with your repository: org.springframework.data.keyvalue.repository.KeyValueRepository
2026-07-11T07:48:43.600+01:00  INFO 28212 --- [fleet-management] [           main] .RepositoryConfigurationExtensionSupport : Spring Data Redis - Could not safely identify store assignment for repository candidate interface com.yowyob.fleet.infrastructure.adapters.outbound.persistence.repository.ScheduleR2dbcRepository; If you want this repository to be a Redis repository, consider annotating your entities with one of these annotations: org.springframework.data.redis.core.RedisHash (preferred), or consider extending one of the following types with your repository: org.springframework.data.keyvalue.repository.KeyValueRepository
2026-07-11T07:48:43.600+01:00  INFO 28212 --- [fleet-management] [           main] .RepositoryConfigurationExtensionSupport : Spring Data Redis - Could not safely identify store assignment for repository candidate interface com.yowyob.fleet.infrastructure.adapters.outbound.persistence.repository.SubscriptionPlanR2dbcRepository; If you want this repository to be a Redis repository, consider annotating your entities with one of these annotations: org.springframework.data.redis.core.RedisHash (preferred), or consider extending one of the following types with your repository: org.springframework.data.keyvalue.repository.KeyValueRepository
2026-07-11T07:48:43.600+01:00  INFO 28212 --- [fleet-management] [           main] .RepositoryConfigurationExtensionSupport : Spring Data Redis - Could not safely identify store assignment for repository candidate interface com.yowyob.fleet.infrastructure.adapters.outbound.persistence.repository.TripDetailR2dbcRepository; If you want this repository to be a Redis repository, consider annotating your entities with one of these annotations: org.springframework.data.redis.core.RedisHash (preferred), or consider extending one of the following types with your repository: org.springframework.data.keyvalue.repository.KeyValueRepository
2026-07-11T07:48:43.601+01:00  INFO 28212 --- [fleet-management] [           main] .RepositoryConfigurationExtensionSupport : Spring Data Redis - Could not safely identify store assignment for repository candidate interface com.yowyob.fleet.infrastructure.adapters.outbound.persistence.repository.TripR2dbcRepository; If you want this repository to be a Redis repository, consider annotating your entities with one of these annotations: org.springframework.data.redis.core.RedisHash (preferred), or consider extending one of the following types with your repository: org.springframework.data.keyvalue.repository.KeyValueRepository
2026-07-11T07:48:43.601+01:00  INFO 28212 --- [fleet-management] [           main] .RepositoryConfigurationExtensionSupport : Spring Data Redis - Could not safely identify store assignment for repository candidate interface com.yowyob.fleet.infrastructure.adapters.outbound.persistence.repository.UserLocalR2dbcRepository; If you want this repository to be a Redis repository, consider annotating your entities with one of these annotations: org.springframework.data.redis.core.RedisHash (preferred), or consider extending one of the following types with your repository: org.springframework.data.keyvalue.repository.KeyValueRepository
2026-07-11T07:48:43.601+01:00  INFO 28212 --- [fleet-management] [           main] .RepositoryConfigurationExtensionSupport : Spring Data Redis - Could not safely identify store assignment for repository candidate interface com.yowyob.fleet.infrastructure.adapters.outbound.persistence.repository.VehicleDocumentR2dbcRepository; If you want this repository to be a Redis repository, consider annotating your entities with one of these annotations: org.springframework.data.redis.core.RedisHash (preferred), or consider extending one of the following types with your repository: org.springframework.data.keyvalue.repository.KeyValueRepository
2026-07-11T07:48:43.601+01:00  INFO 28212 --- [fleet-management] [           main] .RepositoryConfigurationExtensionSupport : Spring Data Redis - Could not safely identify store assignment for repository candidate interface com.yowyob.fleet.infrastructure.adapters.outbound.persistence.repository.VehicleIllustrationImageR2dbcRepository; If you want this repository to be a Redis repository, consider annotating your entities with one of these annotations: org.springframework.data.redis.core.RedisHash (preferred), or consider extending one of the following types with your repository: org.springframework.data.keyvalue.repository.KeyValueRepository
2026-07-11T07:48:43.602+01:00  INFO 28212 --- [fleet-management] [           main] .RepositoryConfigurationExtensionSupport : Spring Data Redis - Could not safely identify store assignment for repository candidate interface com.yowyob.fleet.infrastructure.adapters.outbound.persistence.repository.VehicleLocalR2dbcRepository; If you want this repository to be a Redis repository, consider annotating your entities with one of these annotations: org.springframework.data.redis.core.RedisHash (preferred), or consider extending one of the following types with your repository: org.springframework.data.keyvalue.repository.KeyValueRepository
2026-07-11T07:48:43.602+01:00  INFO 28212 --- [fleet-management] [           main] .RepositoryConfigurationExtensionSupport : Spring Data Redis - Could not safely identify store assignment for repository candidate interface com.yowyob.fleet.infrastructure.adapters.outbound.persistence.repository.VehicleTypeR2dbcRepository; If you want this repository to be a Redis repository, consider annotating your entities with one of these annotations: org.springframework.data.redis.core.RedisHash (preferred), or consider extending one of the following types with your repository: org.springframework.data.keyvalue.repository.KeyValueRepository
2026-07-11T07:48:43.602+01:00  INFO 28212 --- [fleet-management] [           main] .s.d.r.c.RepositoryConfigurationDelegate : Finished Spring Data repository scanning in 33 ms. Found 0 Redis repository interfaces.
2026-07-11T07:48:44.087+01:00  INFO 28212 --- [fleet-management] [           main] o.s.cloud.context.scope.GenericScope     : BeanFactory id=99f26c3c-493b-338a-885d-d960e0e2d568
2026-07-11T07:48:45.291+01:00  INFO 28212 --- [fleet-management] [           main] c.y.f.a.service.LocalFileStorageService  : Initialized LocalFileStorageService with upload root: D:\CODEsemestre2\R├®seaux\NewBackendFleet\FleetMan-DES-Backend\uploads
? FORCING LIQUIBASE EXECUTION ON SCHEMA: public
2026-07-11T07:48:48.132+01:00  INFO 28212 --- [fleet-management] [           main] liquibase.changelog                      : Reading from public.databasechangelog
Database is up to date, no changesets to execute
2026-07-11T07:48:48.198+01:00  INFO 28212 --- [fleet-management] [           main] liquibase.changelog                      : Reading from public.databasechangelog
2026-07-11T07:48:48.211+01:00  INFO 28212 --- [fleet-management] [           main] liquibase.util                           : UPDATE SUMMARY
2026-07-11T07:48:48.211+01:00  INFO 28212 --- [fleet-management] [           main] liquibase.util                           : Run:                          0
2026-07-11T07:48:48.211+01:00  INFO 28212 --- [fleet-management] [           main] liquibase.util                           : Previously run:              28
2026-07-11T07:48:48.211+01:00  INFO 28212 --- [fleet-management] [           main] liquibase.util                           : Filtered out:                 0
2026-07-11T07:48:48.211+01:00  INFO 28212 --- [fleet-management] [           main] liquibase.util                           : -------------------------------
2026-07-11T07:48:48.211+01:00  INFO 28212 --- [fleet-management] [           main] liquibase.util                           : Total change sets:           28
2026-07-11T07:48:48.211+01:00  INFO 28212 --- [fleet-management] [           main] liquibase.util                           : Update summary generated
2026-07-11T07:48:48.244+01:00  INFO 28212 --- [fleet-management] [           main] liquibase.lockservice                    : Successfully released change log lock
2026-07-11T07:48:48.244+01:00  INFO 28212 --- [fleet-management] [           main] liquibase.command                        : Command execution complete
2026-07-11T07:48:49.291+01:00  INFO 28212 --- [fleet-management] [           main] o.s.b.a.e.web.EndpointLinksResolver      : Exposing 3 endpoint(s) beneath base path '/actuator'
2026-07-11T07:48:50.235+01:00  INFO 28212 --- [fleet-management] [           main] o.s.b.web.embedded.netty.NettyWebServer  : Netty started on port 8082
2026-07-11T07:48:50.271+01:00  INFO 28212 --- [fleet-management] [           main] c.y.fleet.FleetManagementApplication     : Started FleetManagementApplication in 11.155 seconds (process running for 11.801)
2026-07-11T07:48:50.771+01:00  INFO 28212 --- [fleet-management] [actor-tcp-nio-1] c.y.f.i.c.bootstrap.DevDemoDataSeeder    : ­¤ī▒ [DEMO] Donn├®es d├®j├Ā pr├®sentes ŌĆö seed ignor├®.
2026-07-11T07:48:50.771+01:00  INFO 28212 --- [fleet-management] [actor-tcp-nio-1] c.y.f.i.c.bootstrap.DevDemoDataSeeder    : Ō£ģ [DEMO] Donn├®es de test charg├®es.
2026-07-11T07:48:50.771+01:00  INFO 28212 --- [fleet-management] [           main] c.y.f.i.c.bootstrap.InitialDataLoader    : ­¤ÜĆ [SEEDER] D├®marrage de l'initialisation massive des ressources...
2026-07-11T07:48:50.791+01:00  INFO 28212 --- [fleet-management] [           main] c.y.f.i.c.bootstrap.InitialDataLoader    : Ōä╣’ĖÅ [SEEDER] Profil demo actif ŌĆö bootstrap super-admin distant ignor├®.
2026-07-11T07:48:50.913+01:00  INFO 28212 --- [fleet-management] [           main] c.y.f.i.c.bootstrap.InitialDataLoader    : Ō£ģ [SEEDER] Toutes les ressources sont pr├¬tes.
2026-07-11T07:48:50.915+01:00  INFO 28212 --- [fleet-management] [           main] c.y.f.i.config.SystemUserInitializer     : ­¤ÜĆ [SYSTEM_USER] Initialisation pour : system@fleetman.cm
2026-07-11T07:48:50.915+01:00  INFO 28212 --- [fleet-management] [           main] c.y.f.i.config.KernelTokenHolder         : ­¤öä [KERNEL TOKEN] Token absent ou expir├® ŌĆö nouveau login en cours...
2026-07-11T07:48:50.915+01:00  INFO 28212 --- [fleet-management] [           main] c.y.f.i.a.o.external.FakeAuthAdapter     : ­¤øĀ MODE FAKE AUTH : Login pour system@fleetman.cm
2026-07-11T07:48:50.948+01:00 ERROR 28212 --- [fleet-management] [actor-tcp-nio-2] c.y.f.i.config.KernelTokenHolder         : ŌØī [KERNEL TOKEN] Impossible d'obtenir un token syst├©me : Identifiants ou mot de passe incorrects.. Les appels Kernel au nom du syst├©me ├®choueront.
2026-07-11T07:48:50.948+01:00 ERROR 28212 --- [fleet-management] [actor-tcp-nio-2] c.y.f.i.config.SystemUserInitializer     : ŌØī [AUTH_CENTRAL] Login du compte syst├©me impossible : Identifiants ou mot de passe incorrects.. V├®rifiez que 'system@fleetman.cm' existe dans Kernel et que le mot de passe dans application.yml est correct.
2026-07-11T07:48:50.948+01:00  INFO 28212 --- [fleet-management] [actor-tcp-nio-2] c.y.f.i.config.SystemUserInitializer     : ­¤Åü [SYSTEM_USER] Fin du processus (Geofence d├®sactiv├®).
2026-07-11T07:49:52.981+01:00 DEBUG 28212 --- [fleet-management] [ctor-http-nio-2] o.s.s.w.s.u.m.OrServerWebExchangeMatcher : Trying to match using PathMatcherServerWebExchangeMatcher{pattern='/api/v1/**', method=null}
2026-07-11T07:49:52.986+01:00 DEBUG 28212 --- [fleet-management] [ctor-http-nio-2] athPatternParserServerWebExchangeMatcher : Request 'GET /favicon.ico' doesn't match 'null /api/v1/**'
2026-07-11T07:49:52.987+01:00 DEBUG 28212 --- [fleet-management] [ctor-http-nio-2] o.s.s.w.s.u.m.OrServerWebExchangeMatcher : No matches found
2026-07-11T07:49:53.017+01:00 DEBUG 28212 --- [fleet-management] [     parallel-3] o.s.s.w.s.u.m.OrServerWebExchangeMatcher : Trying to match using PathMatcherServerWebExchangeMatcher{pattern='/logout', method=POST}
2026-07-11T07:49:53.019+01:00 DEBUG 28212 --- [fleet-management] [     parallel-3] athPatternParserServerWebExchangeMatcher : Request 'GET /favicon.ico' doesn't match 'POST /logout'
2026-07-11T07:49:53.019+01:00 DEBUG 28212 --- [fleet-management] [     parallel-3] o.s.s.w.s.u.m.OrServerWebExchangeMatcher : No matches found
2026-07-11T07:49:53.032+01:00 DEBUG 28212 --- [fleet-management] [     parallel-3] o.s.s.w.s.u.m.OrServerWebExchangeMatcher : Trying to match using PathMatcherServerWebExchangeMatcher{pattern='/v3/api-docs/**', method=null}
2026-07-11T07:49:53.034+01:00 DEBUG 28212 --- [fleet-management] [     parallel-3] athPatternParserServerWebExchangeMatcher : Request 'GET /favicon.ico' doesn't match 'null /v3/api-docs/**'
2026-07-11T07:49:53.034+01:00 DEBUG 28212 --- [fleet-management] [     parallel-3] o.s.s.w.s.u.m.OrServerWebExchangeMatcher : Trying to match using PathMatcherServerWebExchangeMatcher{pattern='/swagger-ui/**', method=null}
2026-07-11T07:49:53.034+01:00 DEBUG 28212 --- [fleet-management] [     parallel-3] athPatternParserServerWebExchangeMatcher : Request 'GET /favicon.ico' doesn't match 'null /swagger-ui/**'
2026-07-11T07:49:53.035+01:00 DEBUG 28212 --- [fleet-management] [     parallel-3] o.s.s.w.s.u.m.OrServerWebExchangeMatcher : Trying to match using PathMatcherServerWebExchangeMatcher{pattern='/swagger-ui.html', method=null}
2026-07-11T07:49:53.035+01:00 DEBUG 28212 --- [fleet-management] [     parallel-3] athPatternParserServerWebExchangeMatcher : Request 'GET /favicon.ico' doesn't match 'null /swagger-ui.html'
2026-07-11T07:49:53.035+01:00 DEBUG 28212 --- [fleet-management] [     parallel-3] o.s.s.w.s.u.m.OrServerWebExchangeMatcher : Trying to match using PathMatcherServerWebExchangeMatcher{pattern='/webjars/**', method=null}
2026-07-11T07:49:53.035+01:00 DEBUG 28212 --- [fleet-management] [     parallel-3] athPatternParserServerWebExchangeMatcher : Request 'GET /favicon.ico' doesn't match 'null /webjars/**'
2026-07-11T07:49:53.035+01:00 DEBUG 28212 --- [fleet-management] [     parallel-3] o.s.s.w.s.u.m.OrServerWebExchangeMatcher : Trying to match using PathMatcherServerWebExchangeMatcher{pattern='/actuator/**', method=null}
2026-07-11T07:49:53.035+01:00 DEBUG 28212 --- [fleet-management] [     parallel-3] athPatternParserServerWebExchangeMatcher : Request 'GET /favicon.ico' doesn't match 'null /actuator/**'
2026-07-11T07:49:53.035+01:00 DEBUG 28212 --- [fleet-management] [     parallel-3] o.s.s.w.s.u.m.OrServerWebExchangeMatcher : Trying to match using PathMatcherServerWebExchangeMatcher{pattern='/api/v1/health/**', method=null}
2026-07-11T07:49:53.035+01:00 DEBUG 28212 --- [fleet-management] [     parallel-3] athPatternParserServerWebExchangeMatcher : Request 'GET /favicon.ico' doesn't match 'null /api/v1/health/**'
2026-07-11T07:49:53.035+01:00 DEBUG 28212 --- [fleet-management] [     parallel-3] o.s.s.w.s.u.m.OrServerWebExchangeMatcher : Trying to match using PathMatcherServerWebExchangeMatcher{pattern='/api/v1/auth/**', method=null}
2026-07-11T07:49:53.035+01:00 DEBUG 28212 --- [fleet-management] [     parallel-3] athPatternParserServerWebExchangeMatcher : Request 'GET /favicon.ico' doesn't match 'null /api/v1/auth/**'
2026-07-11T07:49:53.035+01:00 DEBUG 28212 --- [fleet-management] [     parallel-3] o.s.s.w.s.u.m.OrServerWebExchangeMatcher : No matches found
2026-07-11T07:49:53.037+01:00 DEBUG 28212 --- [fleet-management] [     parallel-3] o.s.s.w.s.u.m.OrServerWebExchangeMatcher : Trying to match using PathMatcherServerWebExchangeMatcher{pattern='/api/v1/files/**', method=GET}
2026-07-11T07:49:53.037+01:00 DEBUG 28212 --- [fleet-management] [     parallel-3] athPatternParserServerWebExchangeMatcher : Request 'GET /favicon.ico' doesn't match 'GET /api/v1/files/**'
2026-07-11T07:49:53.037+01:00 DEBUG 28212 --- [fleet-management] [     parallel-3] o.s.s.w.s.u.m.OrServerWebExchangeMatcher : No matches found
2026-07-11T07:49:53.037+01:00 DEBUG 28212 --- [fleet-management] [     parallel-3] o.s.s.w.s.u.m.OrServerWebExchangeMatcher : Trying to match using PathMatcherServerWebExchangeMatcher{pattern='/**', method=OPTIONS}
2026-07-11T07:49:53.037+01:00 DEBUG 28212 --- [fleet-management] [     parallel-3] athPatternParserServerWebExchangeMatcher : Request 'GET /favicon.ico' doesn't match 'OPTIONS /**'
2026-07-11T07:49:53.037+01:00 DEBUG 28212 --- [fleet-management] [     parallel-3] o.s.s.w.s.u.m.OrServerWebExchangeMatcher : No matches found
2026-07-11T07:49:53.039+01:00 DEBUG 28212 --- [fleet-management] [     parallel-3] a.DelegatingReactiveAuthorizationManager : Checking authorization on '/favicon.ico' using org.springframework.security.authorization.AuthenticatedReactiveAuthorizationManager@71be2ac2
2026-07-11T07:49:53.043+01:00 DEBUG 28212 --- [fleet-management] [     parallel-3] ebSessionServerSecurityContextRepository : No SecurityContext found in WebSession: 'org.springframework.web.server.session.InMemoryWebSessionStore$InMemoryWebSession@1efdb8bb'
2026-07-11T07:49:53.047+01:00 DEBUG 28212 --- [fleet-management] [     parallel-3] o.s.s.w.s.a.AuthorizationWebFilter       : Authorization failed: Access Denied
2026-07-11T07:49:53.054+01:00 DEBUG 28212 --- [fleet-management] [     parallel-3] ebSessionServerSecurityContextRepository : No SecurityContext found in WebSession: 'org.springframework.web.server.session.InMemoryWebSessionStore$InMemoryWebSession@1efdb8bb'
2026-07-11T07:49:57.539+01:00 DEBUG 28212 --- [fleet-management] [ctor-http-nio-2] o.s.s.w.s.u.m.OrServerWebExchangeMatcher : Trying to match using PathMatcherServerWebExchangeMatcher{pattern='/api/v1/**', method=null}
2026-07-11T07:49:57.539+01:00 DEBUG 28212 --- [fleet-management] [ctor-http-nio-2] athPatternParserServerWebExchangeMatcher : Request 'GET /favicon.ico' doesn't match 'null /api/v1/**'
2026-07-11T07:49:57.539+01:00 DEBUG 28212 --- [fleet-management] [ctor-http-nio-2] o.s.s.w.s.u.m.OrServerWebExchangeMatcher : No matches found
2026-07-11T07:49:57.547+01:00 DEBUG 28212 --- [fleet-management] [     parallel-4] o.s.s.w.s.u.m.OrServerWebExchangeMatcher : Trying to match using PathMatcherServerWebExchangeMatcher{pattern='/logout', method=POST}
2026-07-11T07:49:57.547+01:00 DEBUG 28212 --- [fleet-management] [     parallel-4] athPatternParserServerWebExchangeMatcher : Request 'GET /favicon.ico' doesn't match 'POST /logout'
2026-07-11T07:49:57.547+01:00 DEBUG 28212 --- [fleet-management] [     parallel-4] o.s.s.w.s.u.m.OrServerWebExchangeMatcher : No matches found
2026-07-11T07:49:57.547+01:00 DEBUG 28212 --- [fleet-management] [     parallel-4] o.s.s.w.s.u.m.OrServerWebExchangeMatcher : Trying to match using PathMatcherServerWebExchangeMatcher{pattern='/v3/api-docs/**', method=null}
2026-07-11T07:49:57.549+01:00 DEBUG 28212 --- [fleet-management] [     parallel-4] athPatternParserServerWebExchangeMatcher : Request 'GET /favicon.ico' doesn't match 'null /v3/api-docs/**'
2026-07-11T07:49:57.549+01:00 DEBUG 28212 --- [fleet-management] [     parallel-4] o.s.s.w.s.u.m.OrServerWebExchangeMatcher : Trying to match using PathMatcherServerWebExchangeMatcher{pattern='/swagger-ui/**', method=null}
2026-07-11T07:49:57.550+01:00 DEBUG 28212 --- [fleet-management] [     parallel-4] athPatternParserServerWebExchangeMatcher : Request 'GET /favicon.ico' doesn't match 'null /swagger-ui/**'
2026-07-11T07:49:57.550+01:00 DEBUG 28212 --- [fleet-management] [     parallel-4] o.s.s.w.s.u.m.OrServerWebExchangeMatcher : Trying to match using PathMatcherServerWebExchangeMatcher{pattern='/swagger-ui.html', method=null}
2026-07-11T07:49:57.550+01:00 DEBUG 28212 --- [fleet-management] [     parallel-4] athPatternParserServerWebExchangeMatcher : Request 'GET /favicon.ico' doesn't match 'null /swagger-ui.html'
2026-07-11T07:49:57.551+01:00 DEBUG 28212 --- [fleet-management] [     parallel-4] o.s.s.w.s.u.m.OrServerWebExchangeMatcher : Trying to match using PathMatcherServerWebExchangeMatcher{pattern='/webjars/**', method=null}
2026-07-11T07:49:57.551+01:00 DEBUG 28212 --- [fleet-management] [     parallel-4] athPatternParserServerWebExchangeMatcher : Request 'GET /favicon.ico' doesn't match 'null /webjars/**'
2026-07-11T07:49:57.551+01:00 DEBUG 28212 --- [fleet-management] [     parallel-4] o.s.s.w.s.u.m.OrServerWebExchangeMatcher : Trying to match using PathMatcherServerWebExchangeMatcher{pattern='/actuator/**', method=null}
2026-07-11T07:49:57.551+01:00 DEBUG 28212 --- [fleet-management] [     parallel-4] athPatternParserServerWebExchangeMatcher : Request 'GET /favicon.ico' doesn't match 'null /actuator/**'
2026-07-11T07:49:57.551+01:00 DEBUG 28212 --- [fleet-management] [     parallel-4] o.s.s.w.s.u.m.OrServerWebExchangeMatcher : Trying to match using PathMatcherServerWebExchangeMatcher{pattern='/api/v1/health/**', method=null}
2026-07-11T07:49:57.551+01:00 DEBUG 28212 --- [fleet-management] [     parallel-4] athPatternParserServerWebExchangeMatcher : Request 'GET /favicon.ico' doesn't match 'null /api/v1/health/**'
2026-07-11T07:49:57.552+01:00 DEBUG 28212 --- [fleet-management] [     parallel-4] o.s.s.w.s.u.m.OrServerWebExchangeMatcher : Trying to match using PathMatcherServerWebExchangeMatcher{pattern='/api/v1/auth/**', method=null}
2026-07-11T07:49:57.552+01:00 DEBUG 28212 --- [fleet-management] [     parallel-4] athPatternParserServerWebExchangeMatcher : Request 'GET /favicon.ico' doesn't match 'null /api/v1/auth/**'
2026-07-11T07:49:57.552+01:00 DEBUG 28212 --- [fleet-management] [     parallel-4] o.s.s.w.s.u.m.OrServerWebExchangeMatcher : No matches found
2026-07-11T07:49:57.553+01:00 DEBUG 28212 --- [fleet-management] [     parallel-4] o.s.s.w.s.u.m.OrServerWebExchangeMatcher : Trying to match using PathMatcherServerWebExchangeMatcher{pattern='/api/v1/files/**', method=GET}
2026-07-11T07:49:57.553+01:00 DEBUG 28212 --- [fleet-management] [     parallel-4] athPatternParserServerWebExchangeMatcher : Request 'GET /favicon.ico' doesn't match 'GET /api/v1/files/**'
2026-07-11T07:49:57.553+01:00 DEBUG 28212 --- [fleet-management] [     parallel-4] o.s.s.w.s.u.m.OrServerWebExchangeMatcher : No matches found
2026-07-11T07:49:57.555+01:00 DEBUG 28212 --- [fleet-management] [     parallel-4] o.s.s.w.s.u.m.OrServerWebExchangeMatcher : Trying to match using PathMatcherServerWebExchangeMatcher{pattern='/**', method=OPTIONS}
2026-07-11T07:49:57.557+01:00 DEBUG 28212 --- [fleet-management] [     parallel-4] athPatternParserServerWebExchangeMatcher : Request 'GET /favicon.ico' doesn't match 'OPTIONS /**'
2026-07-11T07:49:57.558+01:00 DEBUG 28212 --- [fleet-management] [     parallel-4] o.s.s.w.s.u.m.OrServerWebExchangeMatcher : No matches found
2026-07-11T07:49:57.560+01:00 DEBUG 28212 --- [fleet-management] [     parallel-4] a.DelegatingReactiveAuthorizationManager : Checking authorization on '/favicon.ico' using org.springframework.security.authorization.AuthenticatedReactiveAuthorizationManager@71be2ac2
2026-07-11T07:49:57.560+01:00 DEBUG 28212 --- [fleet-management] [     parallel-4] ebSessionServerSecurityContextRepository : No SecurityContext found in WebSession: 'org.springframework.web.server.session.InMemoryWebSessionStore$InMemoryWebSession@252e41d4'
2026-07-11T07:49:57.562+01:00 DEBUG 28212 --- [fleet-management] [     parallel-4] o.s.s.w.s.a.AuthorizationWebFilter       : Authorization failed: Access Denied
2026-07-11T07:49:57.563+01:00 DEBUG 28212 --- [fleet-management] [     parallel-4] ebSessionServerSecurityContextRepository : No SecurityContext found in WebSession: 'org.springframework.web.server.session.InMemoryWebSessionStore$InMemoryWebSession@252e41d4'
2026-07-11T07:49:59.888+01:00 DEBUG 28212 --- [fleet-management] [ctor-http-nio-2] o.s.s.w.s.u.m.OrServerWebExchangeMatcher : Trying to match using PathMatcherServerWebExchangeMatcher{pattern='/api/v1/**', method=null}
2026-07-11T07:49:59.888+01:00 DEBUG 28212 --- [fleet-management] [ctor-http-nio-2] athPatternParserServerWebExchangeMatcher : Request 'GET /favicon.ico' doesn't match 'null /api/v1/**'
2026-07-11T07:49:59.888+01:00 DEBUG 28212 --- [fleet-management] [ctor-http-nio-2] o.s.s.w.s.u.m.OrServerWebExchangeMatcher : No matches found
2026-07-11T07:49:59.891+01:00 DEBUG 28212 --- [fleet-management] [     parallel-5] o.s.s.w.s.u.m.OrServerWebExchangeMatcher : Trying to match using PathMatcherServerWebExchangeMatcher{pattern='/logout', method=POST}
2026-07-11T07:49:59.891+01:00 DEBUG 28212 --- [fleet-management] [     parallel-5] athPatternParserServerWebExchangeMatcher : Request 'GET /favicon.ico' doesn't match 'POST /logout'
2026-07-11T07:49:59.891+01:00 DEBUG 28212 --- [fleet-management] [     parallel-5] o.s.s.w.s.u.m.OrServerWebExchangeMatcher : No matches found
2026-07-11T07:49:59.895+01:00 DEBUG 28212 --- [fleet-management] [     parallel-5] o.s.s.w.s.u.m.OrServerWebExchangeMatcher : Trying to match using PathMatcherServerWebExchangeMatcher{pattern='/v3/api-docs/**', method=null}
2026-07-11T07:49:59.895+01:00 DEBUG 28212 --- [fleet-management] [     parallel-5] athPatternParserServerWebExchangeMatcher : Request 'GET /favicon.ico' doesn't match 'null /v3/api-docs/**'
2026-07-11T07:49:59.895+01:00 DEBUG 28212 --- [fleet-management] [     parallel-5] o.s.s.w.s.u.m.OrServerWebExchangeMatcher : Trying to match using PathMatcherServerWebExchangeMatcher{pattern='/swagger-ui/**', method=null}
2026-07-11T07:49:59.896+01:00 DEBUG 28212 --- [fleet-management] [     parallel-5] athPatternParserServerWebExchangeMatcher : Request 'GET /favicon.ico' doesn't match 'null /swagger-ui/**'
2026-07-11T07:49:59.896+01:00 DEBUG 28212 --- [fleet-management] [     parallel-5] o.s.s.w.s.u.m.OrServerWebExchangeMatcher : Trying to match using PathMatcherServerWebExchangeMatcher{pattern='/swagger-ui.html', method=null}
2026-07-11T07:49:59.896+01:00 DEBUG 28212 --- [fleet-management] [     parallel-5] athPatternParserServerWebExchangeMatcher : Request 'GET /favicon.ico' doesn't match 'null /swagger-ui.html'
2026-07-11T07:49:59.896+01:00 DEBUG 28212 --- [fleet-management] [     parallel-5] o.s.s.w.s.u.m.OrServerWebExchangeMatcher : Trying to match using PathMatcherServerWebExchangeMatcher{pattern='/webjars/**', method=null}
2026-07-11T07:49:59.896+01:00 DEBUG 28212 --- [fleet-management] [     parallel-5] athPatternParserServerWebExchangeMatcher : Request 'GET /favicon.ico' doesn't match 'null /webjars/**'
2026-07-11T07:49:59.896+01:00 DEBUG 28212 --- [fleet-management] [     parallel-5] o.s.s.w.s.u.m.OrServerWebExchangeMatcher : Trying to match using PathMatcherServerWebExchangeMatcher{pattern='/actuator/**', method=null}
2026-07-11T07:49:59.896+01:00 DEBUG 28212 --- [fleet-management] [     parallel-5] athPatternParserServerWebExchangeMatcher : Request 'GET /favicon.ico' doesn't match 'null /actuator/**'
2026-07-11T07:49:59.896+01:00 DEBUG 28212 --- [fleet-management] [     parallel-5] o.s.s.w.s.u.m.OrServerWebExchangeMatcher : Trying to match using PathMatcherServerWebExchangeMatcher{pattern='/api/v1/health/**', method=null}
2026-07-11T07:49:59.896+01:00 DEBUG 28212 --- [fleet-management] [     parallel-5] athPatternParserServerWebExchangeMatcher : Request 'GET /favicon.ico' doesn't match 'null /api/v1/health/**'
2026-07-11T07:49:59.896+01:00 DEBUG 28212 --- [fleet-management] [     parallel-5] o.s.s.w.s.u.m.OrServerWebExchangeMatcher : Trying to match using PathMatcherServerWebExchangeMatcher{pattern='/api/v1/auth/**', method=null}
2026-07-11T07:49:59.896+01:00 DEBUG 28212 --- [fleet-management] [     parallel-5] athPatternParserServerWebExchangeMatcher : Request 'GET /favicon.ico' doesn't match 'null /api/v1/auth/**'
2026-07-11T07:49:59.898+01:00 DEBUG 28212 --- [fleet-management] [     parallel-5] o.s.s.w.s.u.m.OrServerWebExchangeMatcher : No matches found
2026-07-11T07:49:59.899+01:00 DEBUG 28212 --- [fleet-management] [     parallel-5] o.s.s.w.s.u.m.OrServerWebExchangeMatcher : Trying to match using PathMatcherServerWebExchangeMatcher{pattern='/api/v1/files/**', method=GET}
2026-07-11T07:49:59.901+01:00 DEBUG 28212 --- [fleet-management] [     parallel-5] athPatternParserServerWebExchangeMatcher : Request 'GET /favicon.ico' doesn't match 'GET /api/v1/files/**'
2026-07-11T07:49:59.901+01:00 DEBUG 28212 --- [fleet-management] [     parallel-5] o.s.s.w.s.u.m.OrServerWebExchangeMatcher : No matches found
2026-07-11T07:49:59.901+01:00 DEBUG 28212 --- [fleet-management] [     parallel-5] o.s.s.w.s.u.m.OrServerWebExchangeMatcher : Trying to match using PathMatcherServerWebExchangeMatcher{pattern='/**', method=OPTIONS}
2026-07-11T07:49:59.902+01:00 DEBUG 28212 --- [fleet-management] [     parallel-5] athPatternParserServerWebExchangeMatcher : Request 'GET /favicon.ico' doesn't match 'OPTIONS /**'
2026-07-11T07:49:59.902+01:00 DEBUG 28212 --- [fleet-management] [     parallel-5] o.s.s.w.s.u.m.OrServerWebExchangeMatcher : No matches found
2026-07-11T07:49:59.902+01:00 DEBUG 28212 --- [fleet-management] [     parallel-5] a.DelegatingReactiveAuthorizationManager : Checking authorization on '/favicon.ico' using org.springframework.security.authorization.AuthenticatedReactiveAuthorizationManager@71be2ac2
2026-07-11T07:49:59.903+01:00 DEBUG 28212 --- [fleet-management] [     parallel-5] ebSessionServerSecurityContextRepository : No SecurityContext found in WebSession: 'org.springframework.web.server.session.InMemoryWebSessionStore$InMemoryWebSession@15ee6614'
2026-07-11T07:49:59.905+01:00 DEBUG 28212 --- [fleet-management] [     parallel-5] o.s.s.w.s.a.AuthorizationWebFilter       : Authorization failed: Access Denied
2026-07-11T07:49:59.905+01:00 DEBUG 28212 --- [fleet-management] [     parallel-5] ebSessionServerSecurityContextRepository : No SecurityContext found in WebSession: 'org.springframework.web.server.session.InMemoryWebSessionStore$InMemoryWebSession@15ee6614'
2026-07-11T07:50:05.392+01:00 DEBUG 28212 --- [fleet-management] [ctor-http-nio-2] o.s.s.w.s.u.m.OrServerWebExchangeMatcher : Trying to match using PathMatcherServerWebExchangeMatcher{pattern='/api/v1/**', method=null}
2026-07-11T07:50:05.392+01:00 DEBUG 28212 --- [fleet-management] [ctor-http-nio-2] athPatternParserServerWebExchangeMatcher : Request 'GET /favicon.ico' doesn't match 'null /api/v1/**'
2026-07-11T07:50:05.392+01:00 DEBUG 28212 --- [fleet-management] [ctor-http-nio-2] o.s.s.w.s.u.m.OrServerWebExchangeMatcher : No matches found
2026-07-11T07:50:05.410+01:00 DEBUG 28212 --- [fleet-management] [     parallel-6] o.s.s.w.s.u.m.OrServerWebExchangeMatcher : Trying to match using PathMatcherServerWebExchangeMatcher{pattern='/logout', method=POST}
2026-07-11T07:50:05.411+01:00 DEBUG 28212 --- [fleet-management] [     parallel-6] athPatternParserServerWebExchangeMatcher : Request 'GET /favicon.ico' doesn't match 'POST /logout'
2026-07-11T07:50:05.411+01:00 DEBUG 28212 --- [fleet-management] [     parallel-6] o.s.s.w.s.u.m.OrServerWebExchangeMatcher : No matches found
2026-07-11T07:50:05.411+01:00 DEBUG 28212 --- [fleet-management] [     parallel-6] o.s.s.w.s.u.m.OrServerWebExchangeMatcher : Trying to match using PathMatcherServerWebExchangeMatcher{pattern='/v3/api-docs/**', method=null}
2026-07-11T07:50:05.411+01:00 DEBUG 28212 --- [fleet-management] [     parallel-6] athPatternParserServerWebExchangeMatcher : Request 'GET /favicon.ico' doesn't match 'null /v3/api-docs/**'
2026-07-11T07:50:05.411+01:00 DEBUG 28212 --- [fleet-management] [     parallel-6] o.s.s.w.s.u.m.OrServerWebExchangeMatcher : Trying to match using PathMatcherServerWebExchangeMatcher{pattern='/swagger-ui/**', method=null}
2026-07-11T07:50:05.411+01:00 DEBUG 28212 --- [fleet-management] [     parallel-6] athPatternParserServerWebExchangeMatcher : Request 'GET /favicon.ico' doesn't match 'null /swagger-ui/**'
2026-07-11T07:50:05.411+01:00 DEBUG 28212 --- [fleet-management] [     parallel-6] o.s.s.w.s.u.m.OrServerWebExchangeMatcher : Trying to match using PathMatcherServerWebExchangeMatcher{pattern='/swagger-ui.html', method=null}
2026-07-11T07:50:05.411+01:00 DEBUG 28212 --- [fleet-management] [     parallel-6] athPatternParserServerWebExchangeMatcher : Request 'GET /favicon.ico' doesn't match 'null /swagger-ui.html'
2026-07-11T07:50:05.411+01:00 DEBUG 28212 --- [fleet-management] [     parallel-6] o.s.s.w.s.u.m.OrServerWebExchangeMatcher : Trying to match using PathMatcherServerWebExchangeMatcher{pattern='/webjars/**', method=null}
2026-07-11T07:50:05.411+01:00 DEBUG 28212 --- [fleet-management] [     parallel-6] athPatternParserServerWebExchangeMatcher : Request 'GET /favicon.ico' doesn't match 'null /webjars/**'
2026-07-11T07:50:05.416+01:00 DEBUG 28212 --- [fleet-management] [     parallel-6] o.s.s.w.s.u.m.OrServerWebExchangeMatcher : Trying to match using PathMatcherServerWebExchangeMatcher{pattern='/actuator/**', method=null}
2026-07-11T07:50:05.416+01:00 DEBUG 28212 --- [fleet-management] [     parallel-6] athPatternParserServerWebExchangeMatcher : Request 'GET /favicon.ico' doesn't match 'null /actuator/**'
2026-07-11T07:50:05.416+01:00 DEBUG 28212 --- [fleet-management] [     parallel-6] o.s.s.w.s.u.m.OrServerWebExchangeMatcher : Trying to match using PathMatcherServerWebExchangeMatcher{pattern='/api/v1/health/**', method=null}
2026-07-11T07:50:05.416+01:00 DEBUG 28212 --- [fleet-management] [     parallel-6] athPatternParserServerWebExchangeMatcher : Request 'GET /favicon.ico' doesn't match 'null /api/v1/health/**'
2026-07-11T07:50:05.416+01:00 DEBUG 28212 --- [fleet-management] [     parallel-6] o.s.s.w.s.u.m.OrServerWebExchangeMatcher : Trying to match using PathMatcherServerWebExchangeMatcher{pattern='/api/v1/auth/**', method=null}
2026-07-11T07:50:05.416+01:00 DEBUG 28212 --- [fleet-management] [     parallel-6] athPatternParserServerWebExchangeMatcher : Request 'GET /favicon.ico' doesn't match 'null /api/v1/auth/**'
2026-07-11T07:50:05.416+01:00 DEBUG 28212 --- [fleet-management] [     parallel-6] o.s.s.w.s.u.m.OrServerWebExchangeMatcher : No matches found
2026-07-11T07:50:05.416+01:00 DEBUG 28212 --- [fleet-management] [     parallel-6] o.s.s.w.s.u.m.OrServerWebExchangeMatcher : Trying to match using PathMatcherServerWebExchangeMatcher{pattern='/api/v1/files/**', method=GET}
2026-07-11T07:50:05.416+01:00 DEBUG 28212 --- [fleet-management] [     parallel-6] athPatternParserServerWebExchangeMatcher : Request 'GET /favicon.ico' doesn't match 'GET /api/v1/files/**'
2026-07-11T07:50:05.416+01:00 DEBUG 28212 --- [fleet-management] [     parallel-6] o.s.s.w.s.u.m.OrServerWebExchangeMatcher : No matches found
2026-07-11T07:50:05.416+01:00 DEBUG 28212 --- [fleet-management] [     parallel-6] o.s.s.w.s.u.m.OrServerWebExchangeMatcher : Trying to match using PathMatcherServerWebExchangeMatcher{pattern='/**', method=OPTIONS}
2026-07-11T07:50:05.417+01:00 DEBUG 28212 --- [fleet-management] [     parallel-6] athPatternParserServerWebExchangeMatcher : Request 'GET /favicon.ico' doesn't match 'OPTIONS /**'
2026-07-11T07:50:05.417+01:00 DEBUG 28212 --- [fleet-management] [     parallel-6] o.s.s.w.s.u.m.OrServerWebExchangeMatcher : No matches found
2026-07-11T07:50:05.417+01:00 DEBUG 28212 --- [fleet-management] [     parallel-6] a.DelegatingReactiveAuthorizationManager : Checking authorization on '/favicon.ico' using org.springframework.security.authorization.AuthenticatedReactiveAuthorizationManager@71be2ac2
2026-07-11T07:50:05.420+01:00 DEBUG 28212 --- [fleet-management] [     parallel-6] ebSessionServerSecurityContextRepository : No SecurityContext found in WebSession: 'org.springframework.web.server.session.InMemoryWebSessionStore$InMemoryWebSession@4131688'
2026-07-11T07:50:05.420+01:00 DEBUG 28212 --- [fleet-management] [     parallel-6] o.s.s.w.s.a.AuthorizationWebFilter       : Authorization failed: Access Denied
2026-07-11T07:50:05.420+01:00 DEBUG 28212 --- [fleet-management] [     parallel-6] ebSessionServerSecurityContextRepository : No SecurityContext found in WebSession: 'org.springframework.web.server.session.InMemoryWebSessionStore$InMemoryWebSession@4131688'
2026-07-11T07:50:07.089+01:00 DEBUG 28212 --- [fleet-management] [ctor-http-nio-2] o.s.s.w.s.u.m.OrServerWebExchangeMatcher : Trying to match using PathMatcherServerWebExchangeMatcher{pattern='/api/v1/**', method=null}
2026-07-11T07:50:07.089+01:00 DEBUG 28212 --- [fleet-management] [ctor-http-nio-2] athPatternParserServerWebExchangeMatcher : Request 'GET /favicon.ico' doesn't match 'null /api/v1/**'
2026-07-11T07:50:07.091+01:00 DEBUG 28212 --- [fleet-management] [ctor-http-nio-2] o.s.s.w.s.u.m.OrServerWebExchangeMatcher : No matches found
2026-07-11T07:50:07.109+01:00 DEBUG 28212 --- [fleet-management] [     parallel-7] o.s.s.w.s.u.m.OrServerWebExchangeMatcher : Trying to match using PathMatcherServerWebExchangeMatcher{pattern='/logout', method=POST}
2026-07-11T07:50:07.111+01:00 DEBUG 28212 --- [fleet-management] [     parallel-7] athPatternParserServerWebExchangeMatcher : Request 'GET /favicon.ico' doesn't match 'POST /logout'
2026-07-11T07:50:07.111+01:00 DEBUG 28212 --- [fleet-management] [     parallel-7] o.s.s.w.s.u.m.OrServerWebExchangeMatcher : No matches found
2026-07-11T07:50:07.113+01:00 DEBUG 28212 --- [fleet-management] [     parallel-7] o.s.s.w.s.u.m.OrServerWebExchangeMatcher : Trying to match using PathMatcherServerWebExchangeMatcher{pattern='/v3/api-docs/**', method=null}
2026-07-11T07:50:07.113+01:00 DEBUG 28212 --- [fleet-management] [     parallel-7] athPatternParserServerWebExchangeMatcher : Request 'GET /favicon.ico' doesn't match 'null /v3/api-docs/**'
2026-07-11T07:50:07.113+01:00 DEBUG 28212 --- [fleet-management] [     parallel-7] o.s.s.w.s.u.m.OrServerWebExchangeMatcher : Trying to match using PathMatcherServerWebExchangeMatcher{pattern='/swagger-ui/**', method=null}
2026-07-11T07:50:07.115+01:00 DEBUG 28212 --- [fleet-management] [     parallel-7] athPatternParserServerWebExchangeMatcher : Request 'GET /favicon.ico' doesn't match 'null /swagger-ui/**'
2026-07-11T07:50:07.115+01:00 DEBUG 28212 --- [fleet-management] [     parallel-7] o.s.s.w.s.u.m.OrServerWebExchangeMatcher : Trying to match using PathMatcherServerWebExchangeMatcher{pattern='/swagger-ui.html', method=null}
2026-07-11T07:50:07.115+01:00 DEBUG 28212 --- [fleet-management] [     parallel-7] athPatternParserServerWebExchangeMatcher : Request 'GET /favicon.ico' doesn't match 'null /swagger-ui.html'
2026-07-11T07:50:07.115+01:00 DEBUG 28212 --- [fleet-management] [     parallel-7] o.s.s.w.s.u.m.OrServerWebExchangeMatcher : Trying to match using PathMatcherServerWebExchangeMatcher{pattern='/webjars/**', method=null}
2026-07-11T07:50:07.115+01:00 DEBUG 28212 --- [fleet-management] [     parallel-7] athPatternParserServerWebExchangeMatcher : Request 'GET /favicon.ico' doesn't match 'null /webjars/**'
2026-07-11T07:50:07.115+01:00 DEBUG 28212 --- [fleet-management] [     parallel-7] o.s.s.w.s.u.m.OrServerWebExchangeMatcher : Trying to match using PathMatcherServerWebExchangeMatcher{pattern='/actuator/**', method=null}
2026-07-11T07:50:07.117+01:00 DEBUG 28212 --- [fleet-management] [     parallel-7] athPatternParserServerWebExchangeMatcher : Request 'GET /favicon.ico' doesn't match 'null /actuator/**'
2026-07-11T07:50:07.117+01:00 DEBUG 28212 --- [fleet-management] [     parallel-7] o.s.s.w.s.u.m.OrServerWebExchangeMatcher : Trying to match using PathMatcherServerWebExchangeMatcher{pattern='/api/v1/health/**', method=null}
2026-07-11T07:50:07.117+01:00 DEBUG 28212 --- [fleet-management] [     parallel-7] athPatternParserServerWebExchangeMatcher : Request 'GET /favicon.ico' doesn't match 'null /api/v1/health/**'
2026-07-11T07:50:07.117+01:00 DEBUG 28212 --- [fleet-management] [     parallel-7] o.s.s.w.s.u.m.OrServerWebExchangeMatcher : Trying to match using PathMatcherServerWebExchangeMatcher{pattern='/api/v1/auth/**', method=null}
2026-07-11T07:50:07.117+01:00 DEBUG 28212 --- [fleet-management] [     parallel-7] athPatternParserServerWebExchangeMatcher : Request 'GET /favicon.ico' doesn't match 'null /api/v1/auth/**'
2026-07-11T07:50:07.117+01:00 DEBUG 28212 --- [fleet-management] [     parallel-7] o.s.s.w.s.u.m.OrServerWebExchangeMatcher : No matches found
2026-07-11T07:50:07.117+01:00 DEBUG 28212 --- [fleet-management] [     parallel-7] o.s.s.w.s.u.m.OrServerWebExchangeMatcher : Trying to match using PathMatcherServerWebExchangeMatcher{pattern='/api/v1/files/**', method=GET}
2026-07-11T07:50:07.120+01:00 DEBUG 28212 --- [fleet-management] [     parallel-7] athPatternParserServerWebExchangeMatcher : Request 'GET /favicon.ico' doesn't match 'GET /api/v1/files/**'
2026-07-11T07:50:07.120+01:00 DEBUG 28212 --- [fleet-management] [     parallel-7] o.s.s.w.s.u.m.OrServerWebExchangeMatcher : No matches found
2026-07-11T07:50:07.120+01:00 DEBUG 28212 --- [fleet-management] [     parallel-7] o.s.s.w.s.u.m.OrServerWebExchangeMatcher : Trying to match using PathMatcherServerWebExchangeMatcher{pattern='/**', method=OPTIONS}
2026-07-11T07:50:07.120+01:00 DEBUG 28212 --- [fleet-management] [     parallel-7] athPatternParserServerWebExchangeMatcher : Request 'GET /favicon.ico' doesn't match 'OPTIONS /**'
2026-07-11T07:50:07.120+01:00 DEBUG 28212 --- [fleet-management] [     parallel-7] o.s.s.w.s.u.m.OrServerWebExchangeMatcher : No matches found
2026-07-11T07:50:07.120+01:00 DEBUG 28212 --- [fleet-management] [     parallel-7] a.DelegatingReactiveAuthorizationManager : Checking authorization on '/favicon.ico' using org.springframework.security.authorization.AuthenticatedReactiveAuthorizationManager@71be2ac2
2026-07-11T07:50:07.121+01:00 DEBUG 28212 --- [fleet-management] [     parallel-7] ebSessionServerSecurityContextRepository : No SecurityContext found in WebSession: 'org.springframework.web.server.session.InMemoryWebSessionStore$InMemoryWebSession@29f3e577'
2026-07-11T07:50:07.122+01:00 DEBUG 28212 --- [fleet-management] [     parallel-7] o.s.s.w.s.a.AuthorizationWebFilter       : Authorization failed: Access Denied
2026-07-11T07:50:07.124+01:00 DEBUG 28212 --- [fleet-management] [     parallel-7] ebSessionServerSecurityContextRepository : No SecurityContext found in WebSession: 'org.springframework.web.server.session.InMemoryWebSessionStore$InMemoryWebSession@29f3e577'
2026-07-11T07:50:08.386+01:00 DEBUG 28212 --- [fleet-management] [ctor-http-nio-2] o.s.s.w.s.u.m.OrServerWebExchangeMatcher : Trying to match using PathMatcherServerWebExchangeMatcher{pattern='/api/v1/**', method=null}
2026-07-11T07:50:08.387+01:00 DEBUG 28212 --- [fleet-management] [ctor-http-nio-2] athPatternParserServerWebExchangeMatcher : Request 'GET /favicon.ico' doesn't match 'null /api/v1/**'
2026-07-11T07:50:08.387+01:00 DEBUG 28212 --- [fleet-management] [ctor-http-nio-2] o.s.s.w.s.u.m.OrServerWebExchangeMatcher : No matches found
2026-07-11T07:50:08.391+01:00 DEBUG 28212 --- [fleet-management] [     parallel-8] o.s.s.w.s.u.m.OrServerWebExchangeMatcher : Trying to match using PathMatcherServerWebExchangeMatcher{pattern='/logout', method=POST}
2026-07-11T07:50:08.392+01:00 DEBUG 28212 --- [fleet-management] [     parallel-8] athPatternParserServerWebExchangeMatcher : Request 'GET /favicon.ico' doesn't match 'POST /logout'
2026-07-11T07:50:08.392+01:00 DEBUG 28212 --- [fleet-management] [     parallel-8] o.s.s.w.s.u.m.OrServerWebExchangeMatcher : No matches found
2026-07-11T07:50:08.394+01:00 DEBUG 28212 --- [fleet-management] [     parallel-8] o.s.s.w.s.u.m.OrServerWebExchangeMatcher : Trying to match using PathMatcherServerWebExchangeMatcher{pattern='/v3/api-docs/**', method=null}
2026-07-11T07:50:08.394+01:00 DEBUG 28212 --- [fleet-management] [     parallel-8] athPatternParserServerWebExchangeMatcher : Request 'GET /favicon.ico' doesn't match 'null /v3/api-docs/**'
2026-07-11T07:50:08.394+01:00 DEBUG 28212 --- [fleet-management] [     parallel-8] o.s.s.w.s.u.m.OrServerWebExchangeMatcher : Trying to match using PathMatcherServerWebExchangeMatcher{pattern='/swagger-ui/**', method=null}
2026-07-11T07:50:08.394+01:00 DEBUG 28212 --- [fleet-management] [     parallel-8] athPatternParserServerWebExchangeMatcher : Request 'GET /favicon.ico' doesn't match 'null /swagger-ui/**'
2026-07-11T07:50:08.394+01:00 DEBUG 28212 --- [fleet-management] [     parallel-8] o.s.s.w.s.u.m.OrServerWebExchangeMatcher : Trying to match using PathMatcherServerWebExchangeMatcher{pattern='/swagger-ui.html', method=null}
2026-07-11T07:50:08.396+01:00 DEBUG 28212 --- [fleet-management] [     parallel-8] athPatternParserServerWebExchangeMatcher : Request 'GET /favicon.ico' doesn't match 'null /swagger-ui.html'
2026-07-11T07:50:08.396+01:00 DEBUG 28212 --- [fleet-management] [     parallel-8] o.s.s.w.s.u.m.OrServerWebExchangeMatcher : Trying to match using PathMatcherServerWebExchangeMatcher{pattern='/webjars/**', method=null}
2026-07-11T07:50:08.396+01:00 DEBUG 28212 --- [fleet-management] [     parallel-8] athPatternParserServerWebExchangeMatcher : Request 'GET /favicon.ico' doesn't match 'null /webjars/**'
2026-07-11T07:50:08.397+01:00 DEBUG 28212 --- [fleet-management] [     parallel-8] o.s.s.w.s.u.m.OrServerWebExchangeMatcher : Trying to match using PathMatcherServerWebExchangeMatcher{pattern='/actuator/**', method=null}
2026-07-11T07:50:08.397+01:00 DEBUG 28212 --- [fleet-management] [     parallel-8] athPatternParserServerWebExchangeMatcher : Request 'GET /favicon.ico' doesn't match 'null /actuator/**'
2026-07-11T07:50:08.397+01:00 DEBUG 28212 --- [fleet-management] [     parallel-8] o.s.s.w.s.u.m.OrServerWebExchangeMatcher : Trying to match using PathMatcherServerWebExchangeMatcher{pattern='/api/v1/health/**', method=null}
2026-07-11T07:50:08.397+01:00 DEBUG 28212 --- [fleet-management] [     parallel-8] athPatternParserServerWebExchangeMatcher : Request 'GET /favicon.ico' doesn't match 'null /api/v1/health/**'
2026-07-11T07:50:08.397+01:00 DEBUG 28212 --- [fleet-management] [     parallel-8] o.s.s.w.s.u.m.OrServerWebExchangeMatcher : Trying to match using PathMatcherServerWebExchangeMatcher{pattern='/api/v1/auth/**', method=null}
2026-07-11T07:50:08.397+01:00 DEBUG 28212 --- [fleet-management] [     parallel-8] athPatternParserServerWebExchangeMatcher : Request 'GET /favicon.ico' doesn't match 'null /api/v1/auth/**'
2026-07-11T07:50:08.399+01:00 DEBUG 28212 --- [fleet-management] [     parallel-8] o.s.s.w.s.u.m.OrServerWebExchangeMatcher : No matches found
2026-07-11T07:50:08.401+01:00 DEBUG 28212 --- [fleet-management] [     parallel-8] o.s.s.w.s.u.m.OrServerWebExchangeMatcher : Trying to match using PathMatcherServerWebExchangeMatcher{pattern='/api/v1/files/**', method=GET}
2026-07-11T07:50:08.401+01:00 DEBUG 28212 --- [fleet-management] [     parallel-8] athPatternParserServerWebExchangeMatcher : Request 'GET /favicon.ico' doesn't match 'GET /api/v1/files/**'
2026-07-11T07:50:08.401+01:00 DEBUG 28212 --- [fleet-management] [     parallel-8] o.s.s.w.s.u.m.OrServerWebExchangeMatcher : No matches found
2026-07-11T07:50:08.402+01:00 DEBUG 28212 --- [fleet-management] [     parallel-8] o.s.s.w.s.u.m.OrServerWebExchangeMatcher : Trying to match using PathMatcherServerWebExchangeMatcher{pattern='/**', method=OPTIONS}
2026-07-11T07:50:08.402+01:00 DEBUG 28212 --- [fleet-management] [     parallel-8] athPatternParserServerWebExchangeMatcher : Request 'GET /favicon.ico' doesn't match 'OPTIONS /**'
2026-07-11T07:50:08.402+01:00 DEBUG 28212 --- [fleet-management] [     parallel-8] o.s.s.w.s.u.m.OrServerWebExchangeMatcher : No matches found
2026-07-11T07:50:08.402+01:00 DEBUG 28212 --- [fleet-management] [     parallel-8] a.DelegatingReactiveAuthorizationManager : Checking authorization on '/favicon.ico' using org.springframework.security.authorization.AuthenticatedReactiveAuthorizationManager@71be2ac2
2026-07-11T07:50:08.402+01:00 DEBUG 28212 --- [fleet-management] [     parallel-8] ebSessionServerSecurityContextRepository : No SecurityContext found in WebSession: 'org.springframework.web.server.session.InMemoryWebSessionStore$InMemoryWebSession@427d5161'
2026-07-11T07:50:08.402+01:00 DEBUG 28212 --- [fleet-management] [     parallel-8] o.s.s.w.s.a.AuthorizationWebFilter       : Authorization failed: Access Denied
2026-07-11T07:50:08.404+01:00 DEBUG 28212 --- [fleet-management] [     parallel-8] ebSessionServerSecurityContextRepository : No SecurityContext found in WebSession: 'org.springframework.web.server.session.InMemoryWebSessionStore$InMemoryWebSession@427d5161'
2026-07-11T07:50:11.483+01:00 DEBUG 28212 --- [fleet-management] [ctor-http-nio-2] o.s.s.w.s.u.m.OrServerWebExchangeMatcher : Trying to match using PathMatcherServerWebExchangeMatcher{pattern='/api/v1/**', method=null}
2026-07-11T07:50:11.483+01:00 DEBUG 28212 --- [fleet-management] [ctor-http-nio-2] athPatternParserServerWebExchangeMatcher : Request 'GET /favicon.ico' doesn't match 'null /api/v1/**'
2026-07-11T07:50:11.483+01:00 DEBUG 28212 --- [fleet-management] [ctor-http-nio-2] o.s.s.w.s.u.m.OrServerWebExchangeMatcher : No matches found
2026-07-11T07:50:11.492+01:00 DEBUG 28212 --- [fleet-management] [     parallel-9] o.s.s.w.s.u.m.OrServerWebExchangeMatcher : Trying to match using PathMatcherServerWebExchangeMatcher{pattern='/logout', method=POST}
2026-07-11T07:50:11.498+01:00 DEBUG 28212 --- [fleet-management] [     parallel-9] athPatternParserServerWebExchangeMatcher : Request 'GET /favicon.ico' doesn't match 'POST /logout'
2026-07-11T07:50:11.498+01:00 DEBUG 28212 --- [fleet-management] [     parallel-9] o.s.s.w.s.u.m.OrServerWebExchangeMatcher : No matches found
2026-07-11T07:50:11.504+01:00 DEBUG 28212 --- [fleet-management] [     parallel-9] o.s.s.w.s.u.m.OrServerWebExchangeMatcher : Trying to match using PathMatcherServerWebExchangeMatcher{pattern='/v3/api-docs/**', method=null}
2026-07-11T07:50:11.504+01:00 DEBUG 28212 --- [fleet-management] [     parallel-9] athPatternParserServerWebExchangeMatcher : Request 'GET /favicon.ico' doesn't match 'null /v3/api-docs/**'
2026-07-11T07:50:11.504+01:00 DEBUG 28212 --- [fleet-management] [     parallel-9] o.s.s.w.s.u.m.OrServerWebExchangeMatcher : Trying to match using PathMatcherServerWebExchangeMatcher{pattern='/swagger-ui/**', method=null}
2026-07-11T07:50:11.504+01:00 DEBUG 28212 --- [fleet-management] [     parallel-9] athPatternParserServerWebExchangeMatcher : Request 'GET /favicon.ico' doesn't match 'null /swagger-ui/**'
2026-07-11T07:50:11.504+01:00 DEBUG 28212 --- [fleet-management] [     parallel-9] o.s.s.w.s.u.m.OrServerWebExchangeMatcher : Trying to match using PathMatcherServerWebExchangeMatcher{pattern='/swagger-ui.html', method=null}
2026-07-11T07:50:11.504+01:00 DEBUG 28212 --- [fleet-management] [     parallel-9] athPatternParserServerWebExchangeMatcher : Request 'GET /favicon.ico' doesn't match 'null /swagger-ui.html'
2026-07-11T07:50:11.504+01:00 DEBUG 28212 --- [fleet-management] [     parallel-9] o.s.s.w.s.u.m.OrServerWebExchangeMatcher : Trying to match using PathMatcherServerWebExchangeMatcher{pattern='/webjars/**', method=null}
2026-07-11T07:50:11.504+01:00 DEBUG 28212 --- [fleet-management] [     parallel-9] athPatternParserServerWebExchangeMatcher : Request 'GET /favicon.ico' doesn't match 'null /webjars/**'
2026-07-11T07:50:11.504+01:00 DEBUG 28212 --- [fleet-management] [     parallel-9] o.s.s.w.s.u.m.OrServerWebExchangeMatcher : Trying to match using PathMatcherServerWebExchangeMatcher{pattern='/actuator/**', method=null}
2026-07-11T07:50:11.504+01:00 DEBUG 28212 --- [fleet-management] [     parallel-9] athPatternParserServerWebExchangeMatcher : Request 'GET /favicon.ico' doesn't match 'null /actuator/**'
2026-07-11T07:50:11.504+01:00 DEBUG 28212 --- [fleet-management] [     parallel-9] o.s.s.w.s.u.m.OrServerWebExchangeMatcher : Trying to match using PathMatcherServerWebExchangeMatcher{pattern='/api/v1/health/**', method=null}
2026-07-11T07:50:11.506+01:00 DEBUG 28212 --- [fleet-management] [     parallel-9] athPatternParserServerWebExchangeMatcher : Request 'GET /favicon.ico' doesn't match 'null /api/v1/health/**'
2026-07-11T07:50:11.506+01:00 DEBUG 28212 --- [fleet-management] [     parallel-9] o.s.s.w.s.u.m.OrServerWebExchangeMatcher : Trying to match using PathMatcherServerWebExchangeMatcher{pattern='/api/v1/auth/**', method=null}
2026-07-11T07:50:11.506+01:00 DEBUG 28212 --- [fleet-management] [     parallel-9] athPatternParserServerWebExchangeMatcher : Request 'GET /favicon.ico' doesn't match 'null /api/v1/auth/**'
2026-07-11T07:50:11.506+01:00 DEBUG 28212 --- [fleet-management] [     parallel-9] o.s.s.w.s.u.m.OrServerWebExchangeMatcher : No matches found
2026-07-11T07:50:11.506+01:00 DEBUG 28212 --- [fleet-management] [     parallel-9] o.s.s.w.s.u.m.OrServerWebExchangeMatcher : Trying to match using PathMatcherServerWebExchangeMatcher{pattern='/api/v1/files/**', method=GET}
2026-07-11T07:50:11.508+01:00 DEBUG 28212 --- [fleet-management] [     parallel-9] athPatternParserServerWebExchangeMatcher : Request 'GET /favicon.ico' doesn't match 'GET /api/v1/files/**'
2026-07-11T07:50:11.508+01:00 DEBUG 28212 --- [fleet-management] [     parallel-9] o.s.s.w.s.u.m.OrServerWebExchangeMatcher : No matches found
2026-07-11T07:50:11.508+01:00 DEBUG 28212 --- [fleet-management] [     parallel-9] o.s.s.w.s.u.m.OrServerWebExchangeMatcher : Trying to match using PathMatcherServerWebExchangeMatcher{pattern='/**', method=OPTIONS}
2026-07-11T07:50:11.508+01:00 DEBUG 28212 --- [fleet-management] [     parallel-9] athPatternParserServerWebExchangeMatcher : Request 'GET /favicon.ico' doesn't match 'OPTIONS /**'
2026-07-11T07:50:11.508+01:00 DEBUG 28212 --- [fleet-management] [     parallel-9] o.s.s.w.s.u.m.OrServerWebExchangeMatcher : No matches found
2026-07-11T07:50:11.508+01:00 DEBUG 28212 --- [fleet-management] [     parallel-9] a.DelegatingReactiveAuthorizationManager : Checking authorization on '/favicon.ico' using org.springframework.security.authorization.AuthenticatedReactiveAuthorizationManager@71be2ac2
2026-07-11T07:50:11.510+01:00 DEBUG 28212 --- [fleet-management] [     parallel-9] ebSessionServerSecurityContextRepository : No SecurityContext found in WebSession: 'org.springframework.web.server.session.InMemoryWebSessionStore$InMemoryWebSession@71a740c1'
2026-07-11T07:50:11.512+01:00 DEBUG 28212 --- [fleet-management] [     parallel-9] o.s.s.w.s.a.AuthorizationWebFilter       : Authorization failed: Access Denied
2026-07-11T07:50:11.512+01:00 DEBUG 28212 --- [fleet-management] [     parallel-9] ebSessionServerSecurityContextRepository : No SecurityContext found in WebSession: 'org.springframework.web.server.session.InMemoryWebSessionStore$InMemoryWebSession@71a740c1'
2026-07-11T07:51:29.927+01:00 DEBUG 28212 --- [fleet-management] [ctor-http-nio-2] o.s.s.w.s.u.m.OrServerWebExchangeMatcher : Trying to match using PathMatcherServerWebExchangeMatcher{pattern='/api/v1/**', method=null}
2026-07-11T07:51:29.929+01:00 DEBUG 28212 --- [fleet-management] [ctor-http-nio-2] athPatternParserServerWebExchangeMatcher : Request 'GET /favicon.ico' doesn't match 'null /api/v1/**'
2026-07-11T07:51:29.931+01:00 DEBUG 28212 --- [fleet-management] [ctor-http-nio-2] o.s.s.w.s.u.m.OrServerWebExchangeMatcher : No matches found
2026-07-11T07:51:29.952+01:00 DEBUG 28212 --- [fleet-management] [    parallel-10] o.s.s.w.s.u.m.OrServerWebExchangeMatcher : Trying to match using PathMatcherServerWebExchangeMatcher{pattern='/logout', method=POST}
2026-07-11T07:51:29.952+01:00 DEBUG 28212 --- [fleet-management] [    parallel-10] athPatternParserServerWebExchangeMatcher : Request 'GET /favicon.ico' doesn't match 'POST /logout'
2026-07-11T07:51:29.952+01:00 DEBUG 28212 --- [fleet-management] [    parallel-10] o.s.s.w.s.u.m.OrServerWebExchangeMatcher : No matches found
2026-07-11T07:51:29.953+01:00 DEBUG 28212 --- [fleet-management] [    parallel-10] o.s.s.w.s.u.m.OrServerWebExchangeMatcher : Trying to match using PathMatcherServerWebExchangeMatcher{pattern='/v3/api-docs/**', method=null}
2026-07-11T07:51:29.953+01:00 DEBUG 28212 --- [fleet-management] [    parallel-10] athPatternParserServerWebExchangeMatcher : Request 'GET /favicon.ico' doesn't match 'null /v3/api-docs/**'
2026-07-11T07:51:29.953+01:00 DEBUG 28212 --- [fleet-management] [    parallel-10] o.s.s.w.s.u.m.OrServerWebExchangeMatcher : Trying to match using PathMatcherServerWebExchangeMatcher{pattern='/swagger-ui/**', method=null}
2026-07-11T07:51:29.953+01:00 DEBUG 28212 --- [fleet-management] [    parallel-10] athPatternParserServerWebExchangeMatcher : Request 'GET /favicon.ico' doesn't match 'null /swagger-ui/**'
2026-07-11T07:51:29.954+01:00 DEBUG 28212 --- [fleet-management] [    parallel-10] o.s.s.w.s.u.m.OrServerWebExchangeMatcher : Trying to match using PathMatcherServerWebExchangeMatcher{pattern='/swagger-ui.html', method=null}
2026-07-11T07:51:29.954+01:00 DEBUG 28212 --- [fleet-management] [    parallel-10] athPatternParserServerWebExchangeMatcher : Request 'GET /favicon.ico' doesn't match 'null /swagger-ui.html'
2026-07-11T07:51:29.954+01:00 DEBUG 28212 --- [fleet-management] [    parallel-10] o.s.s.w.s.u.m.OrServerWebExchangeMatcher : Trying to match using PathMatcherServerWebExchangeMatcher{pattern='/webjars/**', method=null}
2026-07-11T07:51:29.954+01:00 DEBUG 28212 --- [fleet-management] [    parallel-10] athPatternParserServerWebExchangeMatcher : Request 'GET /favicon.ico' doesn't match 'null /webjars/**'
2026-07-11T07:51:29.954+01:00 DEBUG 28212 --- [fleet-management] [    parallel-10] o.s.s.w.s.u.m.OrServerWebExchangeMatcher : Trying to match using PathMatcherServerWebExchangeMatcher{pattern='/actuator/**', method=null}
2026-07-11T07:51:29.954+01:00 DEBUG 28212 --- [fleet-management] [    parallel-10] athPatternParserServerWebExchangeMatcher : Request 'GET /favicon.ico' doesn't match 'null /actuator/**'
2026-07-11T07:51:29.954+01:00 DEBUG 28212 --- [fleet-management] [    parallel-10] o.s.s.w.s.u.m.OrServerWebExchangeMatcher : Trying to match using PathMatcherServerWebExchangeMatcher{pattern='/api/v1/health/**', method=null}
2026-07-11T07:51:29.954+01:00 DEBUG 28212 --- [fleet-management] [    parallel-10] athPatternParserServerWebExchangeMatcher : Request 'GET /favicon.ico' doesn't match 'null /api/v1/health/**'
2026-07-11T07:51:29.955+01:00 DEBUG 28212 --- [fleet-management] [    parallel-10] o.s.s.w.s.u.m.OrServerWebExchangeMatcher : Trying to match using PathMatcherServerWebExchangeMatcher{pattern='/api/v1/auth/**', method=null}
2026-07-11T07:51:29.955+01:00 DEBUG 28212 --- [fleet-management] [    parallel-10] athPatternParserServerWebExchangeMatcher : Request 'GET /favicon.ico' doesn't match 'null /api/v1/auth/**'
2026-07-11T07:51:29.955+01:00 DEBUG 28212 --- [fleet-management] [    parallel-10] o.s.s.w.s.u.m.OrServerWebExchangeMatcher : No matches found
2026-07-11T07:51:29.955+01:00 DEBUG 28212 --- [fleet-management] [    parallel-10] o.s.s.w.s.u.m.OrServerWebExchangeMatcher : Trying to match using PathMatcherServerWebExchangeMatcher{pattern='/api/v1/files/**', method=GET}
2026-07-11T07:51:29.955+01:00 DEBUG 28212 --- [fleet-management] [    parallel-10] athPatternParserServerWebExchangeMatcher : Request 'GET /favicon.ico' doesn't match 'GET /api/v1/files/**'
2026-07-11T07:51:29.955+01:00 DEBUG 28212 --- [fleet-management] [    parallel-10] o.s.s.w.s.u.m.OrServerWebExchangeMatcher : No matches found
2026-07-11T07:51:29.955+01:00 DEBUG 28212 --- [fleet-management] [    parallel-10] o.s.s.w.s.u.m.OrServerWebExchangeMatcher : Trying to match using PathMatcherServerWebExchangeMatcher{pattern='/**', method=OPTIONS}
2026-07-11T07:51:29.955+01:00 DEBUG 28212 --- [fleet-management] [    parallel-10] athPatternParserServerWebExchangeMatcher : Request 'GET /favicon.ico' doesn't match 'OPTIONS /**'
2026-07-11T07:51:29.955+01:00 DEBUG 28212 --- [fleet-management] [    parallel-10] o.s.s.w.s.u.m.OrServerWebExchangeMatcher : No matches found
2026-07-11T07:51:29.955+01:00 DEBUG 28212 --- [fleet-management] [    parallel-10] a.DelegatingReactiveAuthorizationManager : Checking authorization on '/favicon.ico' using org.springframework.security.authorization.AuthenticatedReactiveAuthorizationManager@71be2ac2
2026-07-11T07:51:29.958+01:00 DEBUG 28212 --- [fleet-management] [    parallel-10] ebSessionServerSecurityContextRepository : No SecurityContext found in WebSession: 'org.springframework.web.server.session.InMemoryWebSessionStore$InMemoryWebSession@2830cc5f'
2026-07-11T07:51:29.958+01:00 DEBUG 28212 --- [fleet-management] [    parallel-10] o.s.s.w.s.a.AuthorizationWebFilter       : Authorization failed: Access Denied
2026-07-11T07:51:29.962+01:00 DEBUG 28212 --- [fleet-management] [    parallel-10] ebSessionServerSecurityContextRepository : No SecurityContext found in WebSession: 'org.springframework.web.server.session.InMemoryWebSessionStore$InMemoryWebSession@2830cc5f'
2026-07-11T07:51:36.563+01:00 DEBUG 28212 --- [fleet-management] [ctor-http-nio-2] o.s.s.w.s.u.m.OrServerWebExchangeMatcher : Trying to match using PathMatcherServerWebExchangeMatcher{pattern='/api/v1/**', method=null}
2026-07-11T07:51:36.564+01:00 DEBUG 28212 --- [fleet-management] [ctor-http-nio-2] athPatternParserServerWebExchangeMatcher : Request 'GET /favicon.ico' doesn't match 'null /api/v1/**'
2026-07-11T07:51:36.564+01:00 DEBUG 28212 --- [fleet-management] [ctor-http-nio-2] o.s.s.w.s.u.m.OrServerWebExchangeMatcher : No matches found
2026-07-11T07:51:36.566+01:00 DEBUG 28212 --- [fleet-management] [    parallel-11] o.s.s.w.s.u.m.OrServerWebExchangeMatcher : Trying to match using PathMatcherServerWebExchangeMatcher{pattern='/logout', method=POST}
2026-07-11T07:51:36.566+01:00 DEBUG 28212 --- [fleet-management] [    parallel-11] athPatternParserServerWebExchangeMatcher : Request 'GET /favicon.ico' doesn't match 'POST /logout'
2026-07-11T07:51:36.571+01:00 DEBUG 28212 --- [fleet-management] [    parallel-11] o.s.s.w.s.u.m.OrServerWebExchangeMatcher : No matches found
2026-07-11T07:51:36.572+01:00 DEBUG 28212 --- [fleet-management] [    parallel-11] o.s.s.w.s.u.m.OrServerWebExchangeMatcher : Trying to match using PathMatcherServerWebExchangeMatcher{pattern='/v3/api-docs/**', method=null}
2026-07-11T07:51:36.572+01:00 DEBUG 28212 --- [fleet-management] [    parallel-11] athPatternParserServerWebExchangeMatcher : Request 'GET /favicon.ico' doesn't match 'null /v3/api-docs/**'
2026-07-11T07:51:36.572+01:00 DEBUG 28212 --- [fleet-management] [    parallel-11] o.s.s.w.s.u.m.OrServerWebExchangeMatcher : Trying to match using PathMatcherServerWebExchangeMatcher{pattern='/swagger-ui/**', method=null}
2026-07-11T07:51:36.573+01:00 DEBUG 28212 --- [fleet-management] [    parallel-11] athPatternParserServerWebExchangeMatcher : Request 'GET /favicon.ico' doesn't match 'null /swagger-ui/**'
2026-07-11T07:51:36.577+01:00 DEBUG 28212 --- [fleet-management] [    parallel-11] o.s.s.w.s.u.m.OrServerWebExchangeMatcher : Trying to match using PathMatcherServerWebExchangeMatcher{pattern='/swagger-ui.html', method=null}
2026-07-11T07:51:36.577+01:00 DEBUG 28212 --- [fleet-management] [    parallel-11] athPatternParserServerWebExchangeMatcher : Request 'GET /favicon.ico' doesn't match 'null /swagger-ui.html'
2026-07-11T07:51:36.577+01:00 DEBUG 28212 --- [fleet-management] [    parallel-11] o.s.s.w.s.u.m.OrServerWebExchangeMatcher : Trying to match using PathMatcherServerWebExchangeMatcher{pattern='/webjars/**', method=null}
2026-07-11T07:51:36.577+01:00 DEBUG 28212 --- [fleet-management] [    parallel-11] athPatternParserServerWebExchangeMatcher : Request 'GET /favicon.ico' doesn't match 'null /webjars/**'
2026-07-11T07:51:36.577+01:00 DEBUG 28212 --- [fleet-management] [    parallel-11] o.s.s.w.s.u.m.OrServerWebExchangeMatcher : Trying to match using PathMatcherServerWebExchangeMatcher{pattern='/actuator/**', method=null}
2026-07-11T07:51:36.577+01:00 DEBUG 28212 --- [fleet-management] [    parallel-11] athPatternParserServerWebExchangeMatcher : Request 'GET /favicon.ico' doesn't match 'null /actuator/**'
2026-07-11T07:51:36.577+01:00 DEBUG 28212 --- [fleet-management] [    parallel-11] o.s.s.w.s.u.m.OrServerWebExchangeMatcher : Trying to match using PathMatcherServerWebExchangeMatcher{pattern='/api/v1/health/**', method=null}
2026-07-11T07:51:36.577+01:00 DEBUG 28212 --- [fleet-management] [    parallel-11] athPatternParserServerWebExchangeMatcher : Request 'GET /favicon.ico' doesn't match 'null /api/v1/health/**'
2026-07-11T07:51:36.577+01:00 DEBUG 28212 --- [fleet-management] [    parallel-11] o.s.s.w.s.u.m.OrServerWebExchangeMatcher : Trying to match using PathMatcherServerWebExchangeMatcher{pattern='/api/v1/auth/**', method=null}
2026-07-11T07:51:36.577+01:00 DEBUG 28212 --- [fleet-management] [    parallel-11] athPatternParserServerWebExchangeMatcher : Request 'GET /favicon.ico' doesn't match 'null /api/v1/auth/**'
2026-07-11T07:51:36.577+01:00 DEBUG 28212 --- [fleet-management] [    parallel-11] o.s.s.w.s.u.m.OrServerWebExchangeMatcher : No matches found
2026-07-11T07:51:36.577+01:00 DEBUG 28212 --- [fleet-management] [    parallel-11] o.s.s.w.s.u.m.OrServerWebExchangeMatcher : Trying to match using PathMatcherServerWebExchangeMatcher{pattern='/api/v1/files/**', method=GET}
2026-07-11T07:51:36.577+01:00 DEBUG 28212 --- [fleet-management] [    parallel-11] athPatternParserServerWebExchangeMatcher : Request 'GET /favicon.ico' doesn't match 'GET /api/v1/files/**'
2026-07-11T07:51:36.577+01:00 DEBUG 28212 --- [fleet-management] [    parallel-11] o.s.s.w.s.u.m.OrServerWebExchangeMatcher : No matches found
2026-07-11T07:51:36.579+01:00 DEBUG 28212 --- [fleet-management] [    parallel-11] o.s.s.w.s.u.m.OrServerWebExchangeMatcher : Trying to match using PathMatcherServerWebExchangeMatcher{pattern='/**', method=OPTIONS}
2026-07-11T07:51:36.579+01:00 DEBUG 28212 --- [fleet-management] [    parallel-11] athPatternParserServerWebExchangeMatcher : Request 'GET /favicon.ico' doesn't match 'OPTIONS /**'
2026-07-11T07:51:36.579+01:00 DEBUG 28212 --- [fleet-management] [    parallel-11] o.s.s.w.s.u.m.OrServerWebExchangeMatcher : No matches found
2026-07-11T07:51:36.580+01:00 DEBUG 28212 --- [fleet-management] [    parallel-11] a.DelegatingReactiveAuthorizationManager : Checking authorization on '/favicon.ico' using org.springframework.security.authorization.AuthenticatedReactiveAuthorizationManager@71be2ac2
2026-07-11T07:51:36.580+01:00 DEBUG 28212 --- [fleet-management] [    parallel-11] ebSessionServerSecurityContextRepository : No SecurityContext found in WebSession: 'org.springframework.web.server.session.InMemoryWebSessionStore$InMemoryWebSession@2b3e80ea'
2026-07-11T07:51:36.581+01:00 DEBUG 28212 --- [fleet-management] [    parallel-11] o.s.s.w.s.a.AuthorizationWebFilter       : Authorization failed: Access Denied
2026-07-11T07:51:36.582+01:00 DEBUG 28212 --- [fleet-management] [    parallel-11] ebSessionServerSecurityContextRepository : No SecurityContext found in WebSession: 'org.springframework.web.server.session.InMemoryWebSessionStore$InMemoryWebSession@2b3e80ea'
2026-07-11T07:51:38.603+01:00 DEBUG 28212 --- [fleet-management] [ctor-http-nio-2] o.s.s.w.s.u.m.OrServerWebExchangeMatcher : Trying to match using PathMatcherServerWebExchangeMatcher{pattern='/api/v1/**', method=null}
2026-07-11T07:51:38.603+01:00 DEBUG 28212 --- [fleet-management] [ctor-http-nio-2] athPatternParserServerWebExchangeMatcher : Request 'GET /favicon.ico' doesn't match 'null /api/v1/**'
2026-07-11T07:51:38.603+01:00 DEBUG 28212 --- [fleet-management] [ctor-http-nio-2] o.s.s.w.s.u.m.OrServerWebExchangeMatcher : No matches found
2026-07-11T07:51:38.606+01:00 DEBUG 28212 --- [fleet-management] [    parallel-12] o.s.s.w.s.u.m.OrServerWebExchangeMatcher : Trying to match using PathMatcherServerWebExchangeMatcher{pattern='/logout', method=POST}
2026-07-11T07:51:38.606+01:00 DEBUG 28212 --- [fleet-management] [    parallel-12] athPatternParserServerWebExchangeMatcher : Request 'GET /favicon.ico' doesn't match 'POST /logout'
2026-07-11T07:51:38.606+01:00 DEBUG 28212 --- [fleet-management] [    parallel-12] o.s.s.w.s.u.m.OrServerWebExchangeMatcher : No matches found
2026-07-11T07:51:38.607+01:00 DEBUG 28212 --- [fleet-management] [    parallel-12] o.s.s.w.s.u.m.OrServerWebExchangeMatcher : Trying to match using PathMatcherServerWebExchangeMatcher{pattern='/v3/api-docs/**', method=null}
2026-07-11T07:51:38.608+01:00 DEBUG 28212 --- [fleet-management] [    parallel-12] athPatternParserServerWebExchangeMatcher : Request 'GET /favicon.ico' doesn't match 'null /v3/api-docs/**'
2026-07-11T07:51:38.608+01:00 DEBUG 28212 --- [fleet-management] [    parallel-12] o.s.s.w.s.u.m.OrServerWebExchangeMatcher : Trying to match using PathMatcherServerWebExchangeMatcher{pattern='/swagger-ui/**', method=null}
2026-07-11T07:51:38.608+01:00 DEBUG 28212 --- [fleet-management] [    parallel-12] athPatternParserServerWebExchangeMatcher : Request 'GET /favicon.ico' doesn't match 'null /swagger-ui/**'
2026-07-11T07:51:38.609+01:00 DEBUG 28212 --- [fleet-management] [    parallel-12] o.s.s.w.s.u.m.OrServerWebExchangeMatcher : Trying to match using PathMatcherServerWebExchangeMatcher{pattern='/swagger-ui.html', method=null}
2026-07-11T07:51:38.609+01:00 DEBUG 28212 --- [fleet-management] [    parallel-12] athPatternParserServerWebExchangeMatcher : Request 'GET /favicon.ico' doesn't match 'null /swagger-ui.html'
2026-07-11T07:51:38.610+01:00 DEBUG 28212 --- [fleet-management] [    parallel-12] o.s.s.w.s.u.m.OrServerWebExchangeMatcher : Trying to match using PathMatcherServerWebExchangeMatcher{pattern='/webjars/**', method=null}
2026-07-11T07:51:38.610+01:00 DEBUG 28212 --- [fleet-management] [    parallel-12] athPatternParserServerWebExchangeMatcher : Request 'GET /favicon.ico' doesn't match 'null /webjars/**'
2026-07-11T07:51:38.611+01:00 DEBUG 28212 --- [fleet-management] [    parallel-12] o.s.s.w.s.u.m.OrServerWebExchangeMatcher : Trying to match using PathMatcherServerWebExchangeMatcher{pattern='/actuator/**', method=null}
2026-07-11T07:51:38.611+01:00 DEBUG 28212 --- [fleet-management] [    parallel-12] athPatternParserServerWebExchangeMatcher : Request 'GET /favicon.ico' doesn't match 'null /actuator/**'
2026-07-11T07:51:38.611+01:00 DEBUG 28212 --- [fleet-management] [    parallel-12] o.s.s.w.s.u.m.OrServerWebExchangeMatcher : Trying to match using PathMatcherServerWebExchangeMatcher{pattern='/api/v1/health/**', method=null}
2026-07-11T07:51:38.611+01:00 DEBUG 28212 --- [fleet-management] [    parallel-12] athPatternParserServerWebExchangeMatcher : Request 'GET /favicon.ico' doesn't match 'null /api/v1/health/**'
2026-07-11T07:51:38.612+01:00 DEBUG 28212 --- [fleet-management] [    parallel-12] o.s.s.w.s.u.m.OrServerWebExchangeMatcher : Trying to match using PathMatcherServerWebExchangeMatcher{pattern='/api/v1/auth/**', method=null}
2026-07-11T07:51:38.612+01:00 DEBUG 28212 --- [fleet-management] [    parallel-12] athPatternParserServerWebExchangeMatcher : Request 'GET /favicon.ico' doesn't match 'null /api/v1/auth/**'
2026-07-11T07:51:38.612+01:00 DEBUG 28212 --- [fleet-management] [    parallel-12] o.s.s.w.s.u.m.OrServerWebExchangeMatcher : No matches found
2026-07-11T07:51:38.613+01:00 DEBUG 28212 --- [fleet-management] [    parallel-12] o.s.s.w.s.u.m.OrServerWebExchangeMatcher : Trying to match using PathMatcherServerWebExchangeMatcher{pattern='/api/v1/files/**', method=GET}
2026-07-11T07:51:38.613+01:00 DEBUG 28212 --- [fleet-management] [    parallel-12] athPatternParserServerWebExchangeMatcher : Request 'GET /favicon.ico' doesn't match 'GET /api/v1/files/**'
2026-07-11T07:51:38.614+01:00 DEBUG 28212 --- [fleet-management] [    parallel-12] o.s.s.w.s.u.m.OrServerWebExchangeMatcher : No matches found
2026-07-11T07:51:38.615+01:00 DEBUG 28212 --- [fleet-management] [    parallel-12] o.s.s.w.s.u.m.OrServerWebExchangeMatcher : Trying to match using PathMatcherServerWebExchangeMatcher{pattern='/**', method=OPTIONS}
2026-07-11T07:51:38.615+01:00 DEBUG 28212 --- [fleet-management] [    parallel-12] athPatternParserServerWebExchangeMatcher : Request 'GET /favicon.ico' doesn't match 'OPTIONS /**'
2026-07-11T07:51:38.616+01:00 DEBUG 28212 --- [fleet-management] [    parallel-12] o.s.s.w.s.u.m.OrServerWebExchangeMatcher : No matches found
2026-07-11T07:51:38.616+01:00 DEBUG 28212 --- [fleet-management] [    parallel-12] a.DelegatingReactiveAuthorizationManager : Checking authorization on '/favicon.ico' using org.springframework.security.authorization.AuthenticatedReactiveAuthorizationManager@71be2ac2
2026-07-11T07:51:38.618+01:00 DEBUG 28212 --- [fleet-management] [    parallel-12] ebSessionServerSecurityContextRepository : No SecurityContext found in WebSession: 'org.springframework.web.server.session.InMemoryWebSessionStore$InMemoryWebSession@199f96b8'
2026-07-11T07:51:38.619+01:00 DEBUG 28212 --- [fleet-management] [    parallel-12] o.s.s.w.s.a.AuthorizationWebFilter       : Authorization failed: Access Denied
2026-07-11T07:51:38.626+01:00 DEBUG 28212 --- [fleet-management] [    parallel-12] ebSessionServerSecurityContextRepository : No SecurityContext found in WebSession: 'org.springframework.web.server.session.InMemoryWebSessionStore$InMemoryWebSession@199f96b8'
[INFO] ------------------------------------------------------------------------
[INFO] BUILD SUCCESS
[INFO] ------------------------------------------------------------------------
[INFO] Total time:  03:35 min
[INFO] Finished at: 2026-07-11T07:51:51+01:00
[INFO] ------------------------------------------------------------------------
Terminer le programme de commandes (O/N) ? 