[INFO] Scanning for projects...
[INFO] 
[INFO] -------------------< com.yowyob:reactive-hexagonal >--------------------
[INFO] Building reactive-hexagonal 0.0.1-SNAPSHOT
[INFO] --------------------------------[ jar ]---------------------------------
[INFO] 
[INFO] >>> spring-boot-maven-plugin:3.2.6:run (default-cli) > test-compile @ reactive-hexagonal >>>
[INFO] 
[INFO] --- maven-resources-plugin:3.3.1:resources (default-resources) @ reactive-hexagonal ---
[INFO] Copying 4 resources from src\main\resources to target\classes
[INFO] Copying 32 resources from src\main\resources to target\classes
[INFO] 
[INFO] --- maven-compiler-plugin:3.11.0:compile (default-compile) @ reactive-hexagonal ---
[INFO] Changes detected - recompiling the module! :source
[INFO] Compiling 388 source files with javac [debug release 21] to target\classes
[WARNING] Implicitly compiled files were not subject to annotation processing.
  Use -implicit to specify a policy for implicit compilation.
[INFO] /D:/CODEsemestre2/Rķseaux/NewBackendFleet/FleetMan-DES-Backend/src/main/java/com/yowyob/fleet/infrastructure/adapters/outbound/external/VehicleApiAdapter.java: Some input files use unchecked or unsafe operations.
[INFO] /D:/CODEsemestre2/Rķseaux/NewBackendFleet/FleetMan-DES-Backend/src/main/java/com/yowyob/fleet/infrastructure/adapters/outbound/external/VehicleApiAdapter.java: Recompile with -Xlint:unchecked for details.
[INFO] 
[INFO] --- maven-resources-plugin:3.3.1:testResources (default-testResources) @ reactive-hexagonal ---
[INFO] skip non existing resourceDirectory D:\CODEsemestre2\Rķseaux\NewBackendFleet\FleetMan-DES-Backend\src\test\resources
[INFO] 
[INFO] --- maven-compiler-plugin:3.11.0:testCompile (default-testCompile) @ reactive-hexagonal ---
[INFO] Changes detected - recompiling the module! :dependency
[INFO] Compiling 1 source file with javac [debug release 21] to target\test-classes
[INFO] 
[INFO] <<< spring-boot-maven-plugin:3.2.6:run (default-cli) < test-compile @ reactive-hexagonal <<<
[INFO] 
[INFO] 
[INFO] --- spring-boot-maven-plugin:3.2.6:run (default-cli) @ reactive-hexagonal ---
[INFO] Attaching agents: []

  .   ____          _            __ _ _
 /\\ / ___'_ __ _ _(_)_ __  __ _ \ \ \ \
( ( )\___ | '_ | '_| | '_ \/ _` | \ \ \ \
 \\/  ___)| |_)| | | | | || (_| |  ) ) ) )
  '  |____| .__|_| |_|_| |_\__, | / / / /
 =========|_|==============|___/=/_/_/_/
 :: Spring Boot ::                (v3.2.6)

2026-07-12T13:59:27.932+01:00  INFO 17940 --- [fleet-management] [           main] c.y.fleet.FleetManagementApplication     : Starting FleetManagementApplication using Java 22.0.2 with PID 17940 (D:\CODEsemestre2\R├®seaux\NewBackendFleet\FleetMan-DES-Backend\target\classes started by bbatc in D:\CODEsemestre2\R├®seaux\NewBackendFleet\FleetMan-DES-Backend)
2026-07-12T13:59:27.938+01:00  INFO 17940 --- [fleet-management] [           main] c.y.fleet.FleetManagementApplication     : The following 3 profiles are active: "local", "demo", "fake-auth"
2026-07-12T13:59:30.518+01:00  INFO 17940 --- [fleet-management] [           main] .s.d.r.c.RepositoryConfigurationDelegate : Multiple Spring Data modules found, entering strict repository configuration mode
2026-07-12T13:59:30.520+01:00  INFO 17940 --- [fleet-management] [           main] .s.d.r.c.RepositoryConfigurationDelegate : Bootstrapping Spring Data R2DBC repositories in DEFAULT mode.
2026-07-12T13:59:30.912+01:00  INFO 17940 --- [fleet-management] [           main] .s.d.r.c.RepositoryConfigurationDelegate : Finished Spring Data repository scanning in 386 ms. Found 41 R2DBC repository interfaces.
2026-07-12T13:59:30.920+01:00  INFO 17940 --- [fleet-management] [           main] .s.d.r.c.RepositoryConfigurationDelegate : Multiple Spring Data modules found, entering strict repository configuration mode
2026-07-12T13:59:30.920+01:00  INFO 17940 --- [fleet-management] [           main] .s.d.r.c.RepositoryConfigurationDelegate : Bootstrapping Spring Data Redis repositories in DEFAULT mode.
2026-07-12T13:59:30.934+01:00  INFO 17940 --- [fleet-management] [           main] .RepositoryConfigurationExtensionSupport : Spring Data Redis - Could not safely identify store assignment for repository candidate interface com.yowyob.fleet.infrastructure.adapters.outbound.persistence.repository.AlertEventR2dbcRepository; If you want this repository to be a Redis repository, consider annotating your entities with one of these annotations: org.springframework.data.redis.core.RedisHash (preferred), or consider extending one of the following types with your repository: org.springframework.data.keyvalue.repository.KeyValueRepository
2026-07-12T13:59:30.934+01:00  INFO 17940 --- [fleet-management] [           main] .RepositoryConfigurationExtensionSupport : Spring Data Redis - Could not safely identify store assignment for repository candidate interface com.yowyob.fleet.infrastructure.adapters.outbound.persistence.repository.AlertRuleR2dbcRepository; If you want this repository to be a Redis repository, consider annotating your entities with one of these annotations: org.springframework.data.redis.core.RedisHash (preferred), or consider extending one of the following types with your repository: org.springframework.data.keyvalue.repository.KeyValueRepository
2026-07-12T13:59:30.934+01:00  INFO 17940 --- [fleet-management] [           main] .RepositoryConfigurationExtensionSupport : Spring Data Redis - Could not safely identify store assignment for repository candidate interface com.yowyob.fleet.infrastructure.adapters.outbound.persistence.repository.AssignmentR2dbcRepository; If you want this repository to be a Redis repository, consider annotating your entities with one of these annotations: org.springframework.data.redis.core.RedisHash (preferred), or consider extending one of the following types with your repository: org.springframework.data.keyvalue.repository.KeyValueRepository
2026-07-12T13:59:30.934+01:00  INFO 17940 --- [fleet-management] [           main] .RepositoryConfigurationExtensionSupport : Spring Data Redis - Could not safely identify store assignment for repository candidate interface com.yowyob.fleet.infrastructure.adapters.outbound.persistence.repository.BudgetR2dbcRepository; If you want this repository to be a Redis repository, consider annotating your entities with one of these annotations: org.springframework.data.redis.core.RedisHash (preferred), or consider extending one of the following types with your repository: org.springframework.data.keyvalue.repository.KeyValueRepository
2026-07-12T13:59:30.934+01:00  INFO 17940 --- [fleet-management] [           main] .RepositoryConfigurationExtensionSupport : Spring Data Redis - Could not safely identify store assignment for repository candidate interface com.yowyob.fleet.infrastructure.adapters.outbound.persistence.repository.DriverDocumentR2dbcRepository; If you want this repository to be a Redis repository, consider annotating your entities with one of these annotations: org.springframework.data.redis.core.RedisHash (preferred), or consider extending one of the following types with your repository: org.springframework.data.keyvalue.repository.KeyValueRepository
2026-07-12T13:59:30.934+01:00  INFO 17940 --- [fleet-management] [           main] .RepositoryConfigurationExtensionSupport : Spring Data Redis - Could not safely identify store assignment for repository candidate interface com.yowyob.fleet.infrastructure.adapters.outbound.persistence.repository.DriverR2dbcRepository; If you want this repository to be a Redis repository, consider annotating your entities with one of these annotations: org.springframework.data.redis.core.RedisHash (preferred), or consider extending one of the following types with your repository: org.springframework.data.keyvalue.repository.KeyValueRepository
2026-07-12T13:59:30.934+01:00  INFO 17940 --- [fleet-management] [           main] .RepositoryConfigurationExtensionSupport : Spring Data Redis - Could not safely identify store assignment for repository candidate interface com.yowyob.fleet.infrastructure.adapters.outbound.persistence.repository.DriverScoreR2dbcRepository; If you want this repository to be a Redis repository, consider annotating your entities with one of these annotations: org.springframework.data.redis.core.RedisHash (preferred), or consider extending one of the following types with your repository: org.springframework.data.keyvalue.repository.KeyValueRepository
2026-07-12T13:59:30.934+01:00  INFO 17940 --- [fleet-management] [           main] .RepositoryConfigurationExtensionSupport : Spring Data Redis - Could not safely identify store assignment for repository candidate interface com.yowyob.fleet.infrastructure.adapters.outbound.persistence.repository.ExpenseR2dbcRepository; If you want this repository to be a Redis repository, consider annotating your entities with one of these annotations: org.springframework.data.redis.core.RedisHash (preferred), or consider extending one of the following types with your repository: org.springframework.data.keyvalue.repository.KeyValueRepository
2026-07-12T13:59:30.934+01:00  INFO 17940 --- [fleet-management] [           main] .RepositoryConfigurationExtensionSupport : Spring Data Redis - Could not safely identify store assignment for repository candidate interface com.yowyob.fleet.infrastructure.adapters.outbound.persistence.repository.FinancialParameterR2dbcRepository; If you want this repository to be a Redis repository, consider annotating your entities with one of these annotations: org.springframework.data.redis.core.RedisHash (preferred), or consider extending one of the following types with your repository: org.springframework.data.keyvalue.repository.KeyValueRepository
2026-07-12T13:59:30.934+01:00  INFO 17940 --- [fleet-management] [           main] .RepositoryConfigurationExtensionSupport : Spring Data Redis - Could not safely identify store assignment for repository candidate interface com.yowyob.fleet.infrastructure.adapters.outbound.persistence.repository.FleetManagerGeofenceZoneR2dbcRepository; If you want this repository to be a Redis repository, consider annotating your entities with one of these annotations: org.springframework.data.redis.core.RedisHash (preferred), or consider extending one of the following types with your repository: org.springframework.data.keyvalue.repository.KeyValueRepository
2026-07-12T13:59:30.934+01:00  INFO 17940 --- [fleet-management] [           main] .RepositoryConfigurationExtensionSupport : Spring Data Redis - Could not safely identify store assignment for repository candidate interface com.yowyob.fleet.infrastructure.adapters.outbound.persistence.repository.FleetManagerR2dbcRepository; If you want this repository to be a Redis repository, consider annotating your entities with one of these annotations: org.springframework.data.redis.core.RedisHash (preferred), or consider extending one of the following types with your repository: org.springframework.data.keyvalue.repository.KeyValueRepository
2026-07-12T13:59:30.934+01:00  INFO 17940 --- [fleet-management] [           main] .RepositoryConfigurationExtensionSupport : Spring Data Redis - Could not safely identify store assignment for repository candidate interface com.yowyob.fleet.infrastructure.adapters.outbound.persistence.repository.FleetR2dbcRepository; If you want this repository to be a Redis repository, consider annotating your entities with one of these annotations: org.springframework.data.redis.core.RedisHash (preferred), or consider extending one of the following types with your repository: org.springframework.data.keyvalue.repository.KeyValueRepository
2026-07-12T13:59:30.934+01:00  INFO 17940 --- [fleet-management] [           main] .RepositoryConfigurationExtensionSupport : Spring Data Redis - Could not safely identify store assignment for repository candidate interface com.yowyob.fleet.infrastructure.adapters.outbound.persistence.repository.FuelRechargeR2dbcRepository; If you want this repository to be a Redis repository, consider annotating your entities with one of these annotations: org.springframework.data.redis.core.RedisHash (preferred), or consider extending one of the following types with your repository: org.springframework.data.keyvalue.repository.KeyValueRepository
2026-07-12T13:59:30.934+01:00  INFO 17940 --- [fleet-management] [           main] .RepositoryConfigurationExtensionSupport : Spring Data Redis - Could not safely identify store assignment for repository candidate interface com.yowyob.fleet.infrastructure.adapters.outbound.persistence.repository.GeofenceEventR2dbcRepository; If you want this repository to be a Redis repository, consider annotating your entities with one of these annotations: org.springframework.data.redis.core.RedisHash (preferred), or consider extending one of the following types with your repository: org.springframework.data.keyvalue.repository.KeyValueRepository
2026-07-12T13:59:30.934+01:00  INFO 17940 --- [fleet-management] [           main] .RepositoryConfigurationExtensionSupport : Spring Data Redis - Could not safely identify store assignment for repository candidate interface com.yowyob.fleet.infrastructure.adapters.outbound.persistence.repository.GeofenceR2dbcRepository; If you want this repository to be a Redis repository, consider annotating your entities with one of these annotations: org.springframework.data.redis.core.RedisHash (preferred), or consider extending one of the following types with your repository: org.springframework.data.keyvalue.repository.KeyValueRepository
2026-07-12T13:59:30.934+01:00  INFO 17940 --- [fleet-management] [           main] .RepositoryConfigurationExtensionSupport : Spring Data Redis - Could not safely identify store assignment for repository candidate interface com.yowyob.fleet.infrastructure.adapters.outbound.persistence.repository.IncidentR2dbcRepository; If you want this repository to be a Redis repository, consider annotating your entities with one of these annotations: org.springframework.data.redis.core.RedisHash (preferred), or consider extending one of the following types with your repository: org.springframework.data.keyvalue.repository.KeyValueRepository
2026-07-12T13:59:30.934+01:00  INFO 17940 --- [fleet-management] [           main] .RepositoryConfigurationExtensionSupport : Spring Data Redis - Could not safely identify store assignment for repository candidate interface com.yowyob.fleet.infrastructure.adapters.outbound.persistence.repository.KpiSnapshotR2dbcRepository; If you want this repository to be a Redis repository, consider annotating your entities with one of these annotations: org.springframework.data.redis.core.RedisHash (preferred), or consider extending one of the following types with your repository: org.springframework.data.keyvalue.repository.KeyValueRepository
2026-07-12T13:59:30.934+01:00  INFO 17940 --- [fleet-management] [           main] .RepositoryConfigurationExtensionSupport : Spring Data Redis - Could not safely identify store assignment for repository candidate interface com.yowyob.fleet.infrastructure.adapters.outbound.persistence.repository.MaintenanceAlertR2dbcRepository; If you want this repository to be a Redis repository, consider annotating your entities with one of these annotations: org.springframework.data.redis.core.RedisHash (preferred), or consider extending one of the following types with your repository: org.springframework.data.keyvalue.repository.KeyValueRepository
2026-07-12T13:59:30.934+01:00  INFO 17940 --- [fleet-management] [           main] .RepositoryConfigurationExtensionSupport : Spring Data Redis - Could not safely identify store assignment for repository candidate interface com.yowyob.fleet.infrastructure.adapters.outbound.persistence.repository.MaintenanceParameterR2dbcRepository; If you want this repository to be a Redis repository, consider annotating your entities with one of these annotations: org.springframework.data.redis.core.RedisHash (preferred), or consider extending one of the following types with your repository: org.springframework.data.keyvalue.repository.KeyValueRepository
2026-07-12T13:59:30.934+01:00  INFO 17940 --- [fleet-management] [           main] .RepositoryConfigurationExtensionSupport : Spring Data Redis - Could not safely identify store assignment for repository candidate interface com.yowyob.fleet.infrastructure.adapters.outbound.persistence.repository.MaintenancePlanR2dbcRepository; If you want this repository to be a Redis repository, consider annotating your entities with one of these annotations: org.springframework.data.redis.core.RedisHash (preferred), or consider extending one of the following types with your repository: org.springframework.data.keyvalue.repository.KeyValueRepository
2026-07-12T13:59:30.938+01:00  INFO 17940 --- [fleet-management] [           main] .RepositoryConfigurationExtensionSupport : Spring Data Redis - Could not safely identify store assignment for repository candidate interface com.yowyob.fleet.infrastructure.adapters.outbound.persistence.repository.MaintenanceR2dbcRepository; If you want this repository to be a Redis repository, consider annotating your entities with one of these annotations: org.springframework.data.redis.core.RedisHash (preferred), or consider extending one of the following types with your repository: org.springframework.data.keyvalue.repository.KeyValueRepository
2026-07-12T13:59:30.938+01:00  INFO 17940 --- [fleet-management] [           main] .RepositoryConfigurationExtensionSupport : Spring Data Redis - Could not safely identify store assignment for repository candidate interface com.yowyob.fleet.infrastructure.adapters.outbound.persistence.repository.NotificationR2dbcRepository; If you want this repository to be a Redis repository, consider annotating your entities with one of these annotations: org.springframework.data.redis.core.RedisHash (preferred), or consider extending one of the following types with your repository: org.springframework.data.keyvalue.repository.KeyValueRepository
2026-07-12T13:59:30.938+01:00  INFO 17940 --- [fleet-management] [           main] .RepositoryConfigurationExtensionSupport : Spring Data Redis - Could not safely identify store assignment for repository candidate interface com.yowyob.fleet.infrastructure.adapters.outbound.persistence.repository.NotificationSettingsR2dbcRepository; If you want this repository to be a Redis repository, consider annotating your entities with one of these annotations: org.springframework.data.redis.core.RedisHash (preferred), or consider extending one of the following types with your repository: org.springframework.data.keyvalue.repository.KeyValueRepository
2026-07-12T13:59:30.938+01:00  INFO 17940 --- [fleet-management] [           main] .RepositoryConfigurationExtensionSupport : Spring Data Redis - Could not safely identify store assignment for repository candidate interface com.yowyob.fleet.infrastructure.adapters.outbound.persistence.repository.OperationalParameterR2dbcRepository; If you want this repository to be a Redis repository, consider annotating your entities with one of these annotations: org.springframework.data.redis.core.RedisHash (preferred), or consider extending one of the following types with your repository: org.springframework.data.keyvalue.repository.KeyValueRepository
2026-07-12T13:59:30.938+01:00  INFO 17940 --- [fleet-management] [           main] .RepositoryConfigurationExtensionSupport : Spring Data Redis - Could not safely identify store assignment for repository candidate interface com.yowyob.fleet.infrastructure.adapters.outbound.persistence.repository.resources.BrandR2dbcRepository; If you want this repository to be a Redis repository, consider annotating your entities with one of these annotations: org.springframework.data.redis.core.RedisHash (preferred), or consider extending one of the following types with your repository: org.springframework.data.keyvalue.repository.KeyValueRepository
2026-07-12T13:59:30.938+01:00  INFO 17940 --- [fleet-management] [           main] .RepositoryConfigurationExtensionSupport : Spring Data Redis - Could not safely identify store assignment for repository candidate interface com.yowyob.fleet.infrastructure.adapters.outbound.persistence.repository.resources.FuelTypeR2dbcRepository; If you want this repository to be a Redis repository, consider annotating your entities with one of these annotations: org.springframework.data.redis.core.RedisHash (preferred), or consider extending one of the following types with your repository: org.springframework.data.keyvalue.repository.KeyValueRepository
2026-07-12T13:59:30.938+01:00  INFO 17940 --- [fleet-management] [           main] .RepositoryConfigurationExtensionSupport : Spring Data Redis - Could not safely identify store assignment for repository candidate interface com.yowyob.fleet.infrastructure.adapters.outbound.persistence.repository.resources.ManufacturerR2dbcRepository; If you want this repository to be a Redis repository, consider annotating your entities with one of these annotations: org.springframework.data.redis.core.RedisHash (preferred), or consider extending one of the following types with your repository: org.springframework.data.keyvalue.repository.KeyValueRepository
2026-07-12T13:59:30.938+01:00  INFO 17940 --- [fleet-management] [           main] .RepositoryConfigurationExtensionSupport : Spring Data Redis - Could not safely identify store assignment for repository candidate interface com.yowyob.fleet.infrastructure.adapters.outbound.persistence.repository.resources.TransmissionTypeR2dbcRepository; If you want this repository to be a Redis repository, consider annotating your entities with one of these annotations: org.springframework.data.redis.core.RedisHash (preferred), or consider extending one of the following types with your repository: org.springframework.data.keyvalue.repository.KeyValueRepository
2026-07-12T13:59:30.938+01:00  INFO 17940 --- [fleet-management] [           main] .RepositoryConfigurationExtensionSupport : Spring Data Redis - Could not safely identify store assignment for repository candidate interface com.yowyob.fleet.infrastructure.adapters.outbound.persistence.repository.resources.UsageTypeR2dbcRepository; If you want this repository to be a Redis repository, consider annotating your entities with one of these annotations: org.springframework.data.redis.core.RedisHash (preferred), or consider extending one of the following types with your repository: org.springframework.data.keyvalue.repository.KeyValueRepository
2026-07-12T13:59:30.938+01:00  INFO 17940 --- [fleet-management] [           main] .RepositoryConfigurationExtensionSupport : Spring Data Redis - Could not safely identify store assignment for repository candidate interface com.yowyob.fleet.infrastructure.adapters.outbound.persistence.repository.resources.VehicleColorR2dbcRepository; If you want this repository to be a Redis repository, consider annotating your entities with one of these annotations: org.springframework.data.redis.core.RedisHash (preferred), or consider extending one of the following types with your repository: org.springframework.data.keyvalue.repository.KeyValueRepository
2026-07-12T13:59:30.938+01:00  INFO 17940 --- [fleet-management] [           main] .RepositoryConfigurationExtensionSupport : Spring Data Redis - Could not safely identify store assignment for repository candidate interface com.yowyob.fleet.infrastructure.adapters.outbound.persistence.repository.resources.VehicleModelR2dbcRepository; If you want this repository to be a Redis repository, consider annotating your entities with one of these annotations: org.springframework.data.redis.core.RedisHash (preferred), or consider extending one of the following types with your repository: org.springframework.data.keyvalue.repository.KeyValueRepository
2026-07-12T13:59:30.938+01:00  INFO 17940 --- [fleet-management] [           main] .RepositoryConfigurationExtensionSupport : Spring Data Redis - Could not safely identify store assignment for repository candidate interface com.yowyob.fleet.infrastructure.adapters.outbound.persistence.repository.resources.VehicleSizeR2dbcRepository; If you want this repository to be a Redis repository, consider annotating your entities with one of these annotations: org.springframework.data.redis.core.RedisHash (preferred), or consider extending one of the following types with your repository: org.springframework.data.keyvalue.repository.KeyValueRepository
2026-07-12T13:59:30.938+01:00  INFO 17940 --- [fleet-management] [           main] .RepositoryConfigurationExtensionSupport : Spring Data Redis - Could not safely identify store assignment for repository candidate interface com.yowyob.fleet.infrastructure.adapters.outbound.persistence.repository.ScheduleR2dbcRepository; If you want this repository to be a Redis repository, consider annotating your entities with one of these annotations: org.springframework.data.redis.core.RedisHash (preferred), or consider extending one of the following types with your repository: org.springframework.data.keyvalue.repository.KeyValueRepository
2026-07-12T13:59:30.938+01:00  INFO 17940 --- [fleet-management] [           main] .RepositoryConfigurationExtensionSupport : Spring Data Redis - Could not safely identify store assignment for repository candidate interface com.yowyob.fleet.infrastructure.adapters.outbound.persistence.repository.SubscriptionPlanR2dbcRepository; If you want this repository to be a Redis repository, consider annotating your entities with one of these annotations: org.springframework.data.redis.core.RedisHash (preferred), or consider extending one of the following types with your repository: org.springframework.data.keyvalue.repository.KeyValueRepository
2026-07-12T13:59:30.938+01:00  INFO 17940 --- [fleet-management] [           main] .RepositoryConfigurationExtensionSupport : Spring Data Redis - Could not safely identify store assignment for repository candidate interface com.yowyob.fleet.infrastructure.adapters.outbound.persistence.repository.TripDetailR2dbcRepository; If you want this repository to be a Redis repository, consider annotating your entities with one of these annotations: org.springframework.data.redis.core.RedisHash (preferred), or consider extending one of the following types with your repository: org.springframework.data.keyvalue.repository.KeyValueRepository
2026-07-12T13:59:30.938+01:00  INFO 17940 --- [fleet-management] [           main] .RepositoryConfigurationExtensionSupport : Spring Data Redis - Could not safely identify store assignment for repository candidate interface com.yowyob.fleet.infrastructure.adapters.outbound.persistence.repository.TripR2dbcRepository; If you want this repository to be a Redis repository, consider annotating your entities with one of these annotations: org.springframework.data.redis.core.RedisHash (preferred), or consider extending one of the following types with your repository: org.springframework.data.keyvalue.repository.KeyValueRepository
2026-07-12T13:59:30.938+01:00  INFO 17940 --- [fleet-management] [           main] .RepositoryConfigurationExtensionSupport : Spring Data Redis - Could not safely identify store assignment for repository candidate interface com.yowyob.fleet.infrastructure.adapters.outbound.persistence.repository.UserLocalR2dbcRepository; If you want this repository to be a Redis repository, consider annotating your entities with one of these annotations: org.springframework.data.redis.core.RedisHash (preferred), or consider extending one of the following types with your repository: org.springframework.data.keyvalue.repository.KeyValueRepository
2026-07-12T13:59:30.939+01:00  INFO 17940 --- [fleet-management] [           main] .RepositoryConfigurationExtensionSupport : Spring Data Redis - Could not safely identify store assignment for repository candidate interface com.yowyob.fleet.infrastructure.adapters.outbound.persistence.repository.VehicleDocumentR2dbcRepository; If you want this repository to be a Redis repository, consider annotating your entities with one of these annotations: org.springframework.data.redis.core.RedisHash (preferred), or consider extending one of the following types with your repository: org.springframework.data.keyvalue.repository.KeyValueRepository
2026-07-12T13:59:30.939+01:00  INFO 17940 --- [fleet-management] [           main] .RepositoryConfigurationExtensionSupport : Spring Data Redis - Could not safely identify store assignment for repository candidate interface com.yowyob.fleet.infrastructure.adapters.outbound.persistence.repository.VehicleIllustrationImageR2dbcRepository; If you want this repository to be a Redis repository, consider annotating your entities with one of these annotations: org.springframework.data.redis.core.RedisHash (preferred), or consider extending one of the following types with your repository: org.springframework.data.keyvalue.repository.KeyValueRepository
2026-07-12T13:59:30.939+01:00  INFO 17940 --- [fleet-management] [           main] .RepositoryConfigurationExtensionSupport : Spring Data Redis - Could not safely identify store assignment for repository candidate interface com.yowyob.fleet.infrastructure.adapters.outbound.persistence.repository.VehicleLocalR2dbcRepository; If you want this repository to be a Redis repository, consider annotating your entities with one of these annotations: org.springframework.data.redis.core.RedisHash (preferred), or consider extending one of the following types with your repository: org.springframework.data.keyvalue.repository.KeyValueRepository
2026-07-12T13:59:30.939+01:00  INFO 17940 --- [fleet-management] [           main] .RepositoryConfigurationExtensionSupport : Spring Data Redis - Could not safely identify store assignment for repository candidate interface com.yowyob.fleet.infrastructure.adapters.outbound.persistence.repository.VehicleTypeR2dbcRepository; If you want this repository to be a Redis repository, consider annotating your entities with one of these annotations: org.springframework.data.redis.core.RedisHash (preferred), or consider extending one of the following types with your repository: org.springframework.data.keyvalue.repository.KeyValueRepository
2026-07-12T13:59:30.939+01:00  INFO 17940 --- [fleet-management] [           main] .s.d.r.c.RepositoryConfigurationDelegate : Finished Spring Data repository scanning in 13 ms. Found 0 Redis repository interfaces.
2026-07-12T13:59:31.225+01:00  INFO 17940 --- [fleet-management] [           main] o.s.cloud.context.scope.GenericScope     : BeanFactory id=99f26c3c-493b-338a-885d-d960e0e2d568
2026-07-12T13:59:31.916+01:00  INFO 17940 --- [fleet-management] [           main] c.y.f.a.service.LocalFileStorageService  : Initialized LocalFileStorageService with upload root: D:\CODEsemestre2\R├®seaux\NewBackendFleet\FleetMan-DES-Backend\uploads
? FORCING LIQUIBASE EXECUTION ON SCHEMA: public
2026-07-12T13:59:34.309+01:00  INFO 17940 --- [fleet-management] [           main] liquibase.changelog                      : Reading from public.databasechangelog
2026-07-12T13:59:34.359+01:00  INFO 17940 --- [fleet-management] [           main] liquibase.lockservice                    : Successfully acquired change log lock
2026-07-12T13:59:34.360+01:00  INFO 17940 --- [fleet-management] [           main] liquibase.command                        : Using deploymentId: 3861174360
2026-07-12T13:59:34.361+01:00  INFO 17940 --- [fleet-management] [           main] liquibase.changelog                      : Reading from public.databasechangelog
Running Changeset: db/changelog/changes/024-seed-axe-capital.sql::seed-axe-capital-data-v3::gabriel
2026-07-12T13:59:34.425+01:00  INFO 17940 --- [fleet-management] [           main] liquibase.changelog                      : Custom SQL executed
2026-07-12T13:59:34.425+01:00  INFO 17940 --- [fleet-management] [           main] liquibase.changelog                      : ChangeSet db/changelog/changes/024-seed-axe-capital.sql::seed-axe-capital-data-v3::gabriel ran successfully in 53ms
2026-07-12T13:59:34.431+01:00  INFO 17940 --- [fleet-management] [           main] liquibase.util                           : UPDATE SUMMARY
2026-07-12T13:59:34.431+01:00  INFO 17940 --- [fleet-management] [           main] liquibase.util                           : Run:                          1
2026-07-12T13:59:34.431+01:00  INFO 17940 --- [fleet-management] [           main] liquibase.util                           : Previously run:              28
2026-07-12T13:59:34.431+01:00  INFO 17940 --- [fleet-management] [           main] liquibase.util                           : Filtered out:                 0
2026-07-12T13:59:34.431+01:00  INFO 17940 --- [fleet-management] [           main] liquibase.util                           : -------------------------------
2026-07-12T13:59:34.431+01:00  INFO 17940 --- [fleet-management] [           main] liquibase.util                           : Total change sets:           29
2026-07-12T13:59:34.431+01:00  INFO 17940 --- [fleet-management] [           main] liquibase.util                           : Update summary generated
2026-07-12T13:59:34.433+01:00  INFO 17940 --- [fleet-management] [           main] liquibase.command                        : Update command completed successfully.
Liquibase: Update has been successful. Rows affected: 9
2026-07-12T13:59:34.433+01:00  INFO 17940 --- [fleet-management] [           main] liquibase.lockservice                    : Successfully released change log lock
2026-07-12T13:59:34.433+01:00  INFO 17940 --- [fleet-management] [           main] liquibase.command                        : Command execution complete
2026-07-12T13:59:34.920+01:00  INFO 17940 --- [fleet-management] [           main] o.s.b.a.e.web.EndpointLinksResolver      : Exposing 3 endpoint(s) beneath base path '/actuator'
2026-07-12T13:59:35.603+01:00  INFO 17940 --- [fleet-management] [           main] o.s.b.web.embedded.netty.NettyWebServer  : Netty started on port 8082
2026-07-12T13:59:35.627+01:00  INFO 17940 --- [fleet-management] [           main] c.y.fleet.FleetManagementApplication     : Started FleetManagementApplication in 8.399 seconds (process running for 8.863)
2026-07-12T13:59:35.932+01:00  INFO 17940 --- [fleet-management] [actor-tcp-nio-1] c.y.f.i.c.bootstrap.DevDemoDataSeeder    : ­¤ī▒ [DEMO] Donn├®es d├®j├Ā pr├®sentes ŌĆö seed ignor├®.
2026-07-12T13:59:35.932+01:00  INFO 17940 --- [fleet-management] [actor-tcp-nio-1] c.y.f.i.c.bootstrap.DevDemoDataSeeder    : Ō£ģ [DEMO] Donn├®es de test charg├®es.
2026-07-12T13:59:35.933+01:00  INFO 17940 --- [fleet-management] [           main] c.y.f.i.c.bootstrap.InitialDataLoader    : ­¤ÜĆ [SEEDER] D├®marrage de l'initialisation massive des ressources...
2026-07-12T13:59:35.952+01:00  INFO 17940 --- [fleet-management] [           main] c.y.f.i.c.bootstrap.InitialDataLoader    : Ōä╣’ĖÅ [SEEDER] Profil demo actif ŌĆö bootstrap super-admin distant ignor├®.
2026-07-12T13:59:36.067+01:00  INFO 17940 --- [fleet-management] [           main] c.y.f.i.c.bootstrap.InitialDataLoader    : Ō£ģ [SEEDER] Toutes les ressources sont pr├¬tes.
2026-07-12T13:59:36.070+01:00  INFO 17940 --- [fleet-management] [           main] c.y.f.i.config.SystemUserInitializer     : ­¤ÜĆ [SYSTEM_USER] Initialisation pour : system@fleetman.cm
2026-07-12T13:59:36.070+01:00  INFO 17940 --- [fleet-management] [           main] c.y.f.i.config.KernelTokenHolder         : ­¤öä [KERNEL TOKEN] Token absent ou expir├® ŌĆö nouveau login en cours...
2026-07-12T13:59:36.070+01:00  INFO 17940 --- [fleet-management] [           main] c.y.f.i.a.o.external.FakeAuthAdapter     : ­¤øĀ MODE FAKE AUTH : Login pour system@fleetman.cm
2026-07-12T13:59:36.110+01:00 ERROR 17940 --- [fleet-management] [actor-tcp-nio-1] c.y.f.i.config.KernelTokenHolder         : ŌØī [KERNEL TOKEN] Impossible d'obtenir un token syst├©me : Identifiants ou mot de passe incorrects.. Les appels Kernel au nom du syst├©me ├®choueront.
2026-07-12T13:59:36.110+01:00 ERROR 17940 --- [fleet-management] [actor-tcp-nio-1] c.y.f.i.config.SystemUserInitializer     : ŌØī [AUTH_CENTRAL] Login du compte syst├©me impossible : Identifiants ou mot de passe incorrects.. V├®rifiez que 'system@fleetman.cm' existe dans Kernel et que le mot de passe dans application.yml est correct.
2026-07-12T13:59:36.110+01:00  INFO 17940 --- [fleet-management] [actor-tcp-nio-1] c.y.f.i.config.SystemUserInitializer     : ­¤Åü [SYSTEM_USER] Fin du processus (Geofence d├®sactiv├®).
[INFO] ------------------------------------------------------------------------
[INFO] BUILD SUCCESS
[INFO] ------------------------------------------------------------------------
[INFO] Total time:  01:43 min
[INFO] Finished at: 2026-07-12T14:00:36+01:00
[INFO] ------------------------------------------------------------------------
Terminer le programme de commandes (O/N) ? 