This is XeTeX, Version 3.141592653-2.6-0.999995 (TeX Live 2023/Debian) (preloaded format=xelatex 2026.1.21)  3 JUN 2026 19:35
entering extended mode
 restricted \write18 enabled.
 %&-line parsing enabled.
**rapport_analyse_conception.tex
(./rapport_analyse_conception.tex
LaTeX2e <2023-11-01> patch level 1
L3 programming layer <2024-01-22>
(/usr/share/texlive/texmf-dist/tex/latex/base/report.cls
Document Class: report 2023/05/17 v1.4n Standard LaTeX document class
(/usr/share/texlive/texmf-dist/tex/latex/base/size12.clo
File: size12.clo 2023/05/17 v1.4n Standard LaTeX file (size option)
)
\c@part=\count183
\c@chapter=\count184
\c@section=\count185
\c@subsection=\count186
\c@subsubsection=\count187
\c@paragraph=\count188
\c@subparagraph=\count189
\c@figure=\count190
\c@table=\count191
\abovecaptionskip=\skip48
\belowcaptionskip=\skip49
\bibindent=\dimen140
)
(/usr/share/texlive/texmf-dist/tex/latex/fontspec/fontspec.sty
(/usr/share/texlive/texmf-dist/tex/latex/l3packages/xparse/xparse.sty
(/usr/share/texlive/texmf-dist/tex/latex/l3kernel/expl3.sty
Package: expl3 2024-01-22 L3 programming layer (loader) 

(/usr/share/texlive/texmf-dist/tex/latex/l3backend/l3backend-xetex.def
File: l3backend-xetex.def 2024-01-04 L3 backend support: XeTeX
\g__graphics_track_int=\count192
\l__pdf_internal_box=\box51
\g__pdf_backend_object_int=\count193
\g__pdf_backend_annotation_int=\count194
\g__pdf_backend_link_int=\count195
))
Package: xparse 2023-10-10 L3 Experimental document command parser
)
Package: fontspec 2022/01/15 v2.8a Font selection for XeLaTeX and LuaLaTeX

(/usr/share/texlive/texmf-dist/tex/latex/fontspec/fontspec-xetex.sty
Package: fontspec-xetex 2022/01/15 v2.8a Font selection for XeLaTeX and LuaLaTe
X
\l__fontspec_script_int=\count196
\l__fontspec_language_int=\count197
\l__fontspec_strnum_int=\count198
\l__fontspec_tmp_int=\count199
\l__fontspec_tmpa_int=\count266
\l__fontspec_tmpb_int=\count267
\l__fontspec_tmpc_int=\count268
\l__fontspec_em_int=\count269
\l__fontspec_emdef_int=\count270
\l__fontspec_strong_int=\count271
\l__fontspec_strongdef_int=\count272
\l__fontspec_tmpa_dim=\dimen141
\l__fontspec_tmpb_dim=\dimen142
\l__fontspec_tmpc_dim=\dimen143

(/usr/share/texlive/texmf-dist/tex/latex/base/fontenc.sty
Package: fontenc 2021/04/29 v2.0v Standard LaTeX package
)
(/usr/share/texlive/texmf-dist/tex/latex/fontspec/fontspec.cfg)))
(/usr/share/texlive/texmf-dist/tex/latex/polyglossia/polyglossia.sty
Package: polyglossia 2023/12/11 v1.66 Modern multilingual typesetting with XeLa
TeX and LuaLaTeX

(/usr/share/texlive/texmf-dist/tex/latex/etoolbox/etoolbox.sty
Package: etoolbox 2020/10/05 v2.5k e-TeX tools for LaTeX (JAW)
\etb@tempcnta=\count273
)
(/usr/share/texlive/texmf-dist/tex/latex/xkeyval/xkeyval.sty
Package: xkeyval 2022/06/16 v2.9 package option processing (HA)

(/usr/share/texlive/texmf-dist/tex/generic/xkeyval/xkeyval.tex
(/usr/share/texlive/texmf-dist/tex/generic/xkeyval/xkvutils.tex
\XKV@toks=\toks17
\XKV@tempa@toks=\toks18

(/usr/share/texlive/texmf-dist/tex/generic/xkeyval/keyval.tex))
\XKV@depth=\count274
File: xkeyval.tex 2014/12/03 v2.7a key=value parser (HA)
))
(/usr/share/texlive/texmf-dist/tex/generic/iftex/iftex.sty
Package: iftex 2022/02/03 v1.0f TeX engine tests
)
\xpg@normalclass=\XeTeXcharclass1

(/usr/share/texlive/texmf-dist/tex/latex/polyglossia/gloss-latex.lde
Package: gloss-latex 2023/12/11 v1.66 polyglossia: module for default language
)
Package polyglossia Info: Default language is latex.
)
(/usr/share/texlive/texmf-dist/tex/latex/polyglossia/gloss-french.ldf
File: gloss-french.ldf polyglossia: module for French
\french@openbrackets=\XeTeXcharclass2
\french@closebrackets=\XeTeXcharclass3
\french@questionexclamation=\XeTeXcharclass4
\french@punctthin=\XeTeXcharclass5
\french@punctthick=\XeTeXcharclass6
\french@punctguillstart=\XeTeXcharclass7
\french@punctguillend=\XeTeXcharclass8
Package polyglossia Info: Option: French, variant=french.
)
Package polyglossia Info: Default language is french.

(/usr/share/texlive/texmf-dist/tex/latex/geometry/geometry.sty
Package: geometry 2020/01/02 v5.9 Page Geometry

(/usr/share/texlive/texmf-dist/tex/generic/iftex/ifvtex.sty
Package: ifvtex 2019/10/25 v1.7 ifvtex legacy package. Use iftex instead.
)
\Gm@cnth=\count275
\Gm@cntv=\count276
\c@Gm@tempcnt=\count277
\Gm@bindingoffset=\dimen144
\Gm@wd@mp=\dimen145
\Gm@odd@mp=\dimen146
\Gm@even@mp=\dimen147
\Gm@layoutwidth=\dimen148
\Gm@layoutheight=\dimen149
\Gm@layouthoffset=\dimen150
\Gm@layoutvoffset=\dimen151
\Gm@dimlist=\toks19
)
(/usr/share/texlive/texmf-dist/tex/latex/setspace/setspace.sty
Package: setspace 2022/12/04 v6.7b set line spacing
)
(/usr/share/texlive/texmf-dist/tex/latex/graphics/lscape.sty
Package: lscape 2020/05/28 v3.02 Landscape Pages (DPC)

(/usr/share/texlive/texmf-dist/tex/latex/graphics/graphics.sty
Package: graphics 2022/03/10 v1.4e Standard LaTeX Graphics (DPC,SPQR)

(/usr/share/texlive/texmf-dist/tex/latex/graphics/trig.sty
Package: trig 2021/08/11 v1.11 sin cos tan (DPC)
)
(/usr/share/texlive/texmf-dist/tex/latex/graphics-cfg/graphics.cfg
File: graphics.cfg 2016/06/04 v1.11 sample graphics configuration
)
Package graphics Info: Driver file: xetex.def on input line 107.

(/usr/share/texlive/texmf-dist/tex/latex/graphics-def/xetex.def
File: xetex.def 2022/09/22 v5.0n Graphics/color driver for xetex
)))
(/usr/share/texlive/texmf-dist/tex/latex/pdflscape/pdflscape.sty
Package: pdflscape 2022-10-27 v0.13 Display of landscape pages in PDF

(/usr/share/texlive/texmf-dist/tex/latex/pdflscape/pdflscape-nometadata.sty
Package: pdflscape-nometadata 2022-10-28 v0.13 Display of landscape pages in PD
F (HO)
Package pdflscape Info: Auto-detected driver: dvipdfm (xetex) on input line 98.

))
(/usr/share/texlive/texmf-dist/tex/latex/microtype/microtype.sty
Package: microtype 2023/03/13 v3.1a Micro-typographical refinements (RS)
\MT@toks=\toks20
\MT@tempbox=\box52
\MT@count=\count278
LaTeX Info: Redefining \noprotrusionifhmode on input line 1059.
LaTeX Info: Redefining \leftprotrusion on input line 1060.
\MT@prot@toks=\toks21
LaTeX Info: Redefining \rightprotrusion on input line 1078.
LaTeX Info: Redefining \textls on input line 1368.
\MT@outer@kern=\dimen152
LaTeX Info: Redefining \textmicrotypecontext on input line 1988.
\MT@listname@count=\count279

(/usr/share/texlive/texmf-dist/tex/latex/microtype/microtype-xetex.def
File: microtype-xetex.def 2023/03/13 v3.1a Definitions specific to xetex (RS)
LaTeX Info: Redefining \lsstyle on input line 238.
)
Package microtype Info: Loading configuration file microtype.cfg.

(/usr/share/texlive/texmf-dist/tex/latex/microtype/microtype.cfg
File: microtype.cfg 2023/03/13 v3.1a microtype main configuration file (RS)
))
(/usr/share/texlive/texmf-dist/tex/latex/parskip/parskip.sty
Package: parskip 2021-03-14 v2.0h non-zero parskip adjustments

(/usr/share/texlive/texmf-dist/tex/latex/kvoptions/kvoptions.sty
Package: kvoptions 2022-06-15 v3.15 Key value format for package options (HO)

(/usr/share/texlive/texmf-dist/tex/generic/ltxcmds/ltxcmds.sty
Package: ltxcmds 2023-12-04 v1.26 LaTeX kernel commands for general use (HO)
)
(/usr/share/texlive/texmf-dist/tex/latex/kvsetkeys/kvsetkeys.sty
Package: kvsetkeys 2022-10-05 v1.19 Key value parser (HO)
)))
(/usr/share/texlive/texmf-dist/tex/latex/xcolor/xcolor.sty
Package: xcolor 2023/11/15 v3.01 LaTeX color extensions (UK)

(/usr/share/texlive/texmf-dist/tex/latex/graphics-cfg/color.cfg
File: color.cfg 2016/01/02 v1.6 sample color configuration
)
Package xcolor Info: Driver file: xetex.def on input line 274.

(/usr/share/texlive/texmf-dist/tex/latex/graphics/mathcolor.ltx)
Package xcolor Info: Model `cmy' substituted by `cmy0' on input line 1350.
Package xcolor Info: Model `RGB' extended on input line 1366.
Package xcolor Info: Model `HTML' substituted by `rgb' on input line 1368.
Package xcolor Info: Model `Hsb' substituted by `hsb' on input line 1369.
Package xcolor Info: Model `tHsb' substituted by `hsb' on input line 1370.
Package xcolor Info: Model `HSB' substituted by `hsb' on input line 1371.
Package xcolor Info: Model `Gray' substituted by `gray' on input line 1372.
Package xcolor Info: Model `wave' substituted by `hsb' on input line 1373.
)
(/usr/share/texlive/texmf-dist/tex/latex/graphics/dvipsnam.def
File: dvipsnam.def 2016/06/17 v3.0m Driver-dependent file (DPC,SPQR)
)
(/usr/share/texlive/texmf-dist/tex/latex/colortbl/colortbl.sty
Package: colortbl 2022/06/20 v1.0f Color table columns (DPC)

(/usr/share/texlive/texmf-dist/tex/latex/tools/array.sty
Package: array 2023/10/16 v2.5g Tabular extension package (FMi)
\col@sep=\dimen153
\ar@mcellbox=\box53
\extrarowheight=\dimen154
\NC@list=\toks22
\extratabsurround=\skip50
\backup@length=\skip51
\ar@cellbox=\box54
)
\everycr=\toks23
\minrowclearance=\skip52
\rownum=\count280
)
(/usr/share/texlive/texmf-dist/tex/latex/graphics/graphicx.sty
Package: graphicx 2021/09/16 v1.2d Enhanced LaTeX Graphics (DPC,SPQR)
\Gin@req@height=\dimen155
\Gin@req@width=\dimen156
)
(/usr/share/texlive/texmf-dist/tex/latex/float/float.sty
Package: float 2001/11/08 v1.3d Float enhancements (AL)
\c@float@type=\count281
\float@exts=\toks24
\float@box=\box55
\@float@everytoks=\toks25
\@floatcapt=\box56
)
(/usr/share/texlive/texmf-dist/tex/latex/caption/caption.sty
Package: caption 2023/08/05 v3.6o Customizing captions (AR)

(/usr/share/texlive/texmf-dist/tex/latex/caption/caption3.sty
Package: caption3 2023/07/31 v2.4d caption3 kernel (AR)
\caption@tempdima=\dimen157
\captionmargin=\dimen158
\caption@leftmargin=\dimen159
\caption@rightmargin=\dimen160
\caption@width=\dimen161
\caption@indent=\dimen162
\caption@parindent=\dimen163
\caption@hangindent=\dimen164
Package caption Info: Standard document class detected.
)
\c@caption@flags=\count282
\c@continuedfloat=\count283
Package caption Info: float package is loaded.
)
(/usr/share/texlive/texmf-dist/tex/latex/caption/subcaption.sty
Package: subcaption 2023/07/28 v1.6b Sub-captions (AR)
Package caption Info: New subtype `subfigure' on input line 238.
\c@subfigure=\count284
Package caption Info: New subtype `subtable' on input line 238.
\c@subtable=\count285
)
(/usr/share/texlive/texmf-dist/tex/latex/graphics/rotating.sty
Package: rotating 2016/08/11 v2.16d rotated objects in LaTeX

(/usr/share/texlive/texmf-dist/tex/latex/base/ifthen.sty
Package: ifthen 2022/04/13 v1.1d Standard LaTeX ifthen package (DPC)
)
\c@r@tfl@t=\count286
\rotFPtop=\skip53
\rotFPbot=\skip54
\rot@float@box=\box57
\rot@mess@toks=\toks26
)
(/usr/share/texlive/texmf-dist/tex/latex/pgf/frontendlayer/tikz.sty
(/usr/share/texlive/texmf-dist/tex/latex/pgf/basiclayer/pgf.sty
(/usr/share/texlive/texmf-dist/tex/latex/pgf/utilities/pgfrcs.sty
(/usr/share/texlive/texmf-dist/tex/generic/pgf/utilities/pgfutil-common.tex
\pgfutil@everybye=\toks27
\pgfutil@tempdima=\dimen165
\pgfutil@tempdimb=\dimen166
)
(/usr/share/texlive/texmf-dist/tex/generic/pgf/utilities/pgfutil-latex.def
\pgfutil@abb=\box58
)
(/usr/share/texlive/texmf-dist/tex/generic/pgf/utilities/pgfrcs.code.tex
(/usr/share/texlive/texmf-dist/tex/generic/pgf/pgf.revision.tex)
Package: pgfrcs 2023-01-15 v3.1.10 (3.1.10)
))
Package: pgf 2023-01-15 v3.1.10 (3.1.10)

(/usr/share/texlive/texmf-dist/tex/latex/pgf/basiclayer/pgfcore.sty
(/usr/share/texlive/texmf-dist/tex/latex/pgf/systemlayer/pgfsys.sty
(/usr/share/texlive/texmf-dist/tex/generic/pgf/systemlayer/pgfsys.code.tex
Package: pgfsys 2023-01-15 v3.1.10 (3.1.10)

(/usr/share/texlive/texmf-dist/tex/generic/pgf/utilities/pgfkeys.code.tex
\pgfkeys@pathtoks=\toks28
\pgfkeys@temptoks=\toks29

(/usr/share/texlive/texmf-dist/tex/generic/pgf/utilities/pgfkeyslibraryfiltered
.code.tex
\pgfkeys@tmptoks=\toks30
))
\pgf@x=\dimen167
\pgf@y=\dimen168
\pgf@xa=\dimen169
\pgf@ya=\dimen170
\pgf@xb=\dimen171
\pgf@yb=\dimen172
\pgf@xc=\dimen173
\pgf@yc=\dimen174
\pgf@xd=\dimen175
\pgf@yd=\dimen176
\w@pgf@writea=\write3
\r@pgf@reada=\read2
\c@pgf@counta=\count287
\c@pgf@countb=\count288
\c@pgf@countc=\count289
\c@pgf@countd=\count290
\t@pgf@toka=\toks31
\t@pgf@tokb=\toks32
\t@pgf@tokc=\toks33
\pgf@sys@id@count=\count291
 (/usr/share/texlive/texmf-dist/tex/generic/pgf/systemlayer/pgf.cfg
File: pgf.cfg 2023-01-15 v3.1.10 (3.1.10)
)
Driver file for pgf: pgfsys-xetex.def
(/usr/share/texlive/texmf-dist/tex/generic/pgf/systemlayer/pgfsys-xetex.def
File: pgfsys-xetex.def 2023-01-15 v3.1.10 (3.1.10)

(/usr/share/texlive/texmf-dist/tex/generic/pgf/systemlayer/pgfsys-dvipdfmx.def
File: pgfsys-dvipdfmx.def 2023-01-15 v3.1.10 (3.1.10)

(/usr/share/texlive/texmf-dist/tex/generic/pgf/systemlayer/pgfsys-common-pdf.de
f
File: pgfsys-common-pdf.def 2023-01-15 v3.1.10 (3.1.10)
)
\pgfsys@objnum=\count292
)))
(/usr/share/texlive/texmf-dist/tex/generic/pgf/systemlayer/pgfsyssoftpath.code.
tex
File: pgfsyssoftpath.code.tex 2023-01-15 v3.1.10 (3.1.10)
\pgfsyssoftpath@smallbuffer@items=\count293
\pgfsyssoftpath@bigbuffer@items=\count294
)
(/usr/share/texlive/texmf-dist/tex/generic/pgf/systemlayer/pgfsysprotocol.code.
tex
File: pgfsysprotocol.code.tex 2023-01-15 v3.1.10 (3.1.10)
))
(/usr/share/texlive/texmf-dist/tex/generic/pgf/basiclayer/pgfcore.code.tex
Package: pgfcore 2023-01-15 v3.1.10 (3.1.10)

(/usr/share/texlive/texmf-dist/tex/generic/pgf/math/pgfmath.code.tex
(/usr/share/texlive/texmf-dist/tex/generic/pgf/math/pgfmathutil.code.tex)
(/usr/share/texlive/texmf-dist/tex/generic/pgf/math/pgfmathparser.code.tex
\pgfmath@dimen=\dimen177
\pgfmath@count=\count295
\pgfmath@box=\box59
\pgfmath@toks=\toks34
\pgfmath@stack@operand=\toks35
\pgfmath@stack@operation=\toks36
)
(/usr/share/texlive/texmf-dist/tex/generic/pgf/math/pgfmathfunctions.code.tex)
(/usr/share/texlive/texmf-dist/tex/generic/pgf/math/pgfmathfunctions.basic.code
.tex)
(/usr/share/texlive/texmf-dist/tex/generic/pgf/math/pgfmathfunctions.trigonomet
ric.code.tex)
(/usr/share/texlive/texmf-dist/tex/generic/pgf/math/pgfmathfunctions.random.cod
e.tex)
(/usr/share/texlive/texmf-dist/tex/generic/pgf/math/pgfmathfunctions.comparison
.code.tex)
(/usr/share/texlive/texmf-dist/tex/generic/pgf/math/pgfmathfunctions.base.code.
tex)
(/usr/share/texlive/texmf-dist/tex/generic/pgf/math/pgfmathfunctions.round.code
.tex)
(/usr/share/texlive/texmf-dist/tex/generic/pgf/math/pgfmathfunctions.misc.code.
tex)
(/usr/share/texlive/texmf-dist/tex/generic/pgf/math/pgfmathfunctions.integerari
thmetics.code.tex)
(/usr/share/texlive/texmf-dist/tex/generic/pgf/math/pgfmathcalc.code.tex)
(/usr/share/texlive/texmf-dist/tex/generic/pgf/math/pgfmathfloat.code.tex
\c@pgfmathroundto@lastzeros=\count296
))
(/usr/share/texlive/texmf-dist/tex/generic/pgf/math/pgfint.code.tex)
(/usr/share/texlive/texmf-dist/tex/generic/pgf/basiclayer/pgfcorepoints.code.te
x
File: pgfcorepoints.code.tex 2023-01-15 v3.1.10 (3.1.10)
\pgf@picminx=\dimen178
\pgf@picmaxx=\dimen179
\pgf@picminy=\dimen180
\pgf@picmaxy=\dimen181
\pgf@pathminx=\dimen182
\pgf@pathmaxx=\dimen183
\pgf@pathminy=\dimen184
\pgf@pathmaxy=\dimen185
\pgf@xx=\dimen186
\pgf@xy=\dimen187
\pgf@yx=\dimen188
\pgf@yy=\dimen189
\pgf@zx=\dimen190
\pgf@zy=\dimen191
)
(/usr/share/texlive/texmf-dist/tex/generic/pgf/basiclayer/pgfcorepathconstruct.
code.tex
File: pgfcorepathconstruct.code.tex 2023-01-15 v3.1.10 (3.1.10)
\pgf@path@lastx=\dimen192
\pgf@path@lasty=\dimen193
)
(/usr/share/texlive/texmf-dist/tex/generic/pgf/basiclayer/pgfcorepathusage.code
.tex
File: pgfcorepathusage.code.tex 2023-01-15 v3.1.10 (3.1.10)
\pgf@shorten@end@additional=\dimen194
\pgf@shorten@start@additional=\dimen195
)
(/usr/share/texlive/texmf-dist/tex/generic/pgf/basiclayer/pgfcorescopes.code.te
x
File: pgfcorescopes.code.tex 2023-01-15 v3.1.10 (3.1.10)
\pgfpic=\box60
\pgf@hbox=\box61
\pgf@layerbox@main=\box62
\pgf@picture@serial@count=\count297
)
(/usr/share/texlive/texmf-dist/tex/generic/pgf/basiclayer/pgfcoregraphicstate.c
ode.tex
File: pgfcoregraphicstate.code.tex 2023-01-15 v3.1.10 (3.1.10)
\pgflinewidth=\dimen196
)
(/usr/share/texlive/texmf-dist/tex/generic/pgf/basiclayer/pgfcoretransformation
s.code.tex
File: pgfcoretransformations.code.tex 2023-01-15 v3.1.10 (3.1.10)
\pgf@pt@x=\dimen197
\pgf@pt@y=\dimen198
\pgf@pt@temp=\dimen199
)
(/usr/share/texlive/texmf-dist/tex/generic/pgf/basiclayer/pgfcorequick.code.tex
File: pgfcorequick.code.tex 2023-01-15 v3.1.10 (3.1.10)
)
(/usr/share/texlive/texmf-dist/tex/generic/pgf/basiclayer/pgfcoreobjects.code.t
ex
File: pgfcoreobjects.code.tex 2023-01-15 v3.1.10 (3.1.10)
)
(/usr/share/texlive/texmf-dist/tex/generic/pgf/basiclayer/pgfcorepathprocessing
.code.tex
File: pgfcorepathprocessing.code.tex 2023-01-15 v3.1.10 (3.1.10)
)
(/usr/share/texlive/texmf-dist/tex/generic/pgf/basiclayer/pgfcorearrows.code.te
x
File: pgfcorearrows.code.tex 2023-01-15 v3.1.10 (3.1.10)
\pgfarrowsep=\dimen256
)
(/usr/share/texlive/texmf-dist/tex/generic/pgf/basiclayer/pgfcoreshade.code.tex
File: pgfcoreshade.code.tex 2023-01-15 v3.1.10 (3.1.10)
\pgf@max=\dimen257
\pgf@sys@shading@range@num=\count298
\pgf@shadingcount=\count299
)
(/usr/share/texlive/texmf-dist/tex/generic/pgf/basiclayer/pgfcoreimage.code.tex
File: pgfcoreimage.code.tex 2023-01-15 v3.1.10 (3.1.10)
)
(/usr/share/texlive/texmf-dist/tex/generic/pgf/basiclayer/pgfcoreexternal.code.
tex
File: pgfcoreexternal.code.tex 2023-01-15 v3.1.10 (3.1.10)
\pgfexternal@startupbox=\box63
)
(/usr/share/texlive/texmf-dist/tex/generic/pgf/basiclayer/pgfcorelayers.code.te
x
File: pgfcorelayers.code.tex 2023-01-15 v3.1.10 (3.1.10)
)
(/usr/share/texlive/texmf-dist/tex/generic/pgf/basiclayer/pgfcoretransparency.c
ode.tex
File: pgfcoretransparency.code.tex 2023-01-15 v3.1.10 (3.1.10)
)
(/usr/share/texlive/texmf-dist/tex/generic/pgf/basiclayer/pgfcorepatterns.code.
tex
File: pgfcorepatterns.code.tex 2023-01-15 v3.1.10 (3.1.10)
)
(/usr/share/texlive/texmf-dist/tex/generic/pgf/basiclayer/pgfcorerdf.code.tex
File: pgfcorerdf.code.tex 2023-01-15 v3.1.10 (3.1.10)
)))
(/usr/share/texlive/texmf-dist/tex/generic/pgf/modules/pgfmoduleshapes.code.tex
File: pgfmoduleshapes.code.tex 2023-01-15 v3.1.10 (3.1.10)
\pgfnodeparttextbox=\box64
) (/usr/share/texlive/texmf-dist/tex/generic/pgf/modules/pgfmoduleplot.code.tex
File: pgfmoduleplot.code.tex 2023-01-15 v3.1.10 (3.1.10)
)
(/usr/share/texlive/texmf-dist/tex/latex/pgf/compatibility/pgfcomp-version-0-65
.sty
Package: pgfcomp-version-0-65 2023-01-15 v3.1.10 (3.1.10)
\pgf@nodesepstart=\dimen258
\pgf@nodesepend=\dimen259
)
(/usr/share/texlive/texmf-dist/tex/latex/pgf/compatibility/pgfcomp-version-1-18
.sty
Package: pgfcomp-version-1-18 2023-01-15 v3.1.10 (3.1.10)
)) (/usr/share/texlive/texmf-dist/tex/latex/pgf/utilities/pgffor.sty
(/usr/share/texlive/texmf-dist/tex/latex/pgf/utilities/pgfkeys.sty
(/usr/share/texlive/texmf-dist/tex/generic/pgf/utilities/pgfkeys.code.tex))
(/usr/share/texlive/texmf-dist/tex/latex/pgf/math/pgfmath.sty
(/usr/share/texlive/texmf-dist/tex/generic/pgf/math/pgfmath.code.tex))
(/usr/share/texlive/texmf-dist/tex/generic/pgf/utilities/pgffor.code.tex
Package: pgffor 2023-01-15 v3.1.10 (3.1.10)
\pgffor@iter=\dimen260
\pgffor@skip=\dimen261
\pgffor@stack=\toks37
\pgffor@toks=\toks38
))
(/usr/share/texlive/texmf-dist/tex/generic/pgf/frontendlayer/tikz/tikz.code.tex
Package: tikz 2023-01-15 v3.1.10 (3.1.10)

(/usr/share/texlive/texmf-dist/tex/generic/pgf/libraries/pgflibraryplothandlers
.code.tex
File: pgflibraryplothandlers.code.tex 2023-01-15 v3.1.10 (3.1.10)
\pgf@plot@mark@count=\count300
\pgfplotmarksize=\dimen262
)
\tikz@lastx=\dimen263
\tikz@lasty=\dimen264
\tikz@lastxsaved=\dimen265
\tikz@lastysaved=\dimen266
\tikz@lastmovetox=\dimen267
\tikz@lastmovetoy=\dimen268
\tikzleveldistance=\dimen269
\tikzsiblingdistance=\dimen270
\tikz@figbox=\box65
\tikz@figbox@bg=\box66
\tikz@tempbox=\box67
\tikz@tempbox@bg=\box68
\tikztreelevel=\count301
\tikznumberofchildren=\count302
\tikznumberofcurrentchild=\count303
\tikz@fig@count=\count304

(/usr/share/texlive/texmf-dist/tex/generic/pgf/modules/pgfmodulematrix.code.tex
File: pgfmodulematrix.code.tex 2023-01-15 v3.1.10 (3.1.10)
\pgfmatrixcurrentrow=\count305
\pgfmatrixcurrentcolumn=\count306
\pgf@matrix@numberofcolumns=\count307
)
\tikz@expandcount=\count308

(/usr/share/texlive/texmf-dist/tex/generic/pgf/frontendlayer/tikz/libraries/tik
zlibrarytopaths.code.tex
File: tikzlibrarytopaths.code.tex 2023-01-15 v3.1.10 (3.1.10)
)))
(/usr/share/texlive/texmf-dist/tex/generic/pgf/frontendlayer/tikz/libraries/tik
zlibraryshapes.geometric.code.tex
File: tikzlibraryshapes.geometric.code.tex 2023-01-15 v3.1.10 (3.1.10)

(/usr/share/texlive/texmf-dist/tex/generic/pgf/libraries/shapes/pgflibraryshape
s.geometric.code.tex
File: pgflibraryshapes.geometric.code.tex 2023-01-15 v3.1.10 (3.1.10)
))
(/usr/share/texlive/texmf-dist/tex/generic/pgf/libraries/pgflibraryarrows.meta.
code.tex
File: pgflibraryarrows.meta.code.tex 2023-01-15 v3.1.10 (3.1.10)
\pgfarrowinset=\dimen271
\pgfarrowlength=\dimen272
\pgfarrowwidth=\dimen273
\pgfarrowlinewidth=\dimen274
)
(/usr/share/texlive/texmf-dist/tex/generic/pgf/frontendlayer/tikz/libraries/tik
zlibrarypositioning.code.tex
File: tikzlibrarypositioning.code.tex 2023-01-15 v3.1.10 (3.1.10)
)
(/usr/share/texlive/texmf-dist/tex/generic/pgf/frontendlayer/tikz/libraries/tik
zlibraryfit.code.tex
File: tikzlibraryfit.code.tex 2023-01-15 v3.1.10 (3.1.10)
)
(/usr/share/texlive/texmf-dist/tex/generic/pgf/frontendlayer/tikz/libraries/tik
zlibrarybackgrounds.code.tex
File: tikzlibrarybackgrounds.code.tex 2023-01-15 v3.1.10 (3.1.10)
\pgf@layerbox@background=\box69
\pgf@layerboxsaved@background=\box70
)
(/usr/share/texlive/texmf-dist/tex/generic/pgf/frontendlayer/tikz/libraries/tik
zlibrarycalc.code.tex
File: tikzlibrarycalc.code.tex 2023-01-15 v3.1.10 (3.1.10)
)
(/usr/share/texlive/texmf-dist/tex/latex/booktabs/booktabs.sty
Package: booktabs 2020/01/12 v1.61803398 Publication quality tables
\heavyrulewidth=\dimen275
\lightrulewidth=\dimen276
\cmidrulewidth=\dimen277
\belowrulesep=\dimen278
\belowbottomsep=\dimen279
\aboverulesep=\dimen280
\abovetopsep=\dimen281
\cmidrulesep=\dimen282
\cmidrulekern=\dimen283
\defaultaddspace=\dimen284
\@cmidla=\count309
\@cmidlb=\count310
\@aboverulesep=\dimen285
\@belowrulesep=\dimen286
\@thisruleclass=\count311
\@lastruleclass=\count312
\@thisrulewidth=\dimen287
)
(/usr/share/texlive/texmf-dist/tex/latex/tools/longtable.sty
Package: longtable 2023-11-01 v4.19 Multi-page Table package (DPC)
\LTleft=\skip55
\LTright=\skip56
\LTpre=\skip57
\LTpost=\skip58
\LTchunksize=\count313
\LTcapwidth=\dimen288
\LT@head=\box71
\LT@firsthead=\box72
\LT@foot=\box73
\LT@lastfoot=\box74
\LT@gbox=\box75
\LT@cols=\count314
\LT@rows=\count315
\c@LT@tables=\count316
\c@LT@chunks=\count317
\LT@p@ftn=\toks39
)
(/usr/share/texlive/texmf-dist/tex/latex/tools/tabularx.sty
Package: tabularx 2023/07/08 v2.11c `tabularx' package (DPC)
\TX@col@width=\dimen289
\TX@old@table=\dimen290
\TX@old@col=\dimen291
\TX@target=\dimen292
\TX@delta=\dimen293
\TX@cols=\count318
\TX@ftn=\toks40
)
(/usr/share/texlive/texmf-dist/tex/latex/multirow/multirow.sty
Package: multirow 2021/03/15 v2.8 Span multiple rows of a table
\multirow@colwidth=\skip59
\multirow@cntb=\count319
\multirow@dima=\skip60
\bigstrutjot=\dimen294
)
(/usr/share/texlive/texmf-dist/tex/latex/algorithms/algorithm.sty
Invalid UTF-8 byte or sequence at line 11 replaced by U+FFFD.
Package: algorithm 2009/08/24 v0.1 Document Style `algorithm' - floating enviro
nment
\@float@every@algorithm=\toks41
\c@algorithm=\count320
)
(/usr/share/texlive/texmf-dist/tex/latex/algorithmicx/algpseudocode.sty
Package: algpseudocode 

(/usr/share/texlive/texmf-dist/tex/latex/algorithmicx/algorithmicx.sty
Package: algorithmicx 2005/04/27 v1.2 Algorithmicx

Document Style algorithmicx 1.2 - a greatly improved `algorithmic' style
\c@ALG@line=\count321
\c@ALG@rem=\count322
\c@ALG@nested=\count323
\ALG@tlm=\skip61
\ALG@thistlm=\skip62
\c@ALG@Lnr=\count324
\c@ALG@blocknr=\count325
\c@ALG@storecount=\count326
\c@ALG@tmpcounter=\count327
\ALG@tmplength=\skip63
)
Document Style - pseudocode environments for use with the `algorithmicx' style
) (/usr/share/texlive/texmf-dist/tex/latex/amsmath/amsmath.sty
Package: amsmath 2023/05/13 v2.17o AMS math features
\@mathmargin=\skip64

For additional information on amsmath, use the `?' option.
(/usr/share/texlive/texmf-dist/tex/latex/amsmath/amstext.sty
Package: amstext 2021/08/26 v2.01 AMS text

(/usr/share/texlive/texmf-dist/tex/latex/amsmath/amsgen.sty
File: amsgen.sty 1999/11/30 v2.0 generic functions
\@emptytoks=\toks42
\ex@=\dimen295
))
(/usr/share/texlive/texmf-dist/tex/latex/amsmath/amsbsy.sty
Package: amsbsy 1999/11/29 v1.2d Bold Symbols
\pmbraise@=\dimen296
)
(/usr/share/texlive/texmf-dist/tex/latex/amsmath/amsopn.sty
Package: amsopn 2022/04/08 v2.04 operator names
)
\inf@bad=\count328
LaTeX Info: Redefining \frac on input line 234.
\uproot@=\count329
\leftroot@=\count330
LaTeX Info: Redefining \overline on input line 399.
LaTeX Info: Redefining \colon on input line 410.
\classnum@=\count331
\DOTSCASE@=\count332
LaTeX Info: Redefining \ldots on input line 496.
LaTeX Info: Redefining \dots on input line 499.
LaTeX Info: Redefining \cdots on input line 620.
\Mathstrutbox@=\box76
\strutbox@=\box77
LaTeX Info: Redefining \big on input line 722.
LaTeX Info: Redefining \Big on input line 723.
LaTeX Info: Redefining \bigg on input line 724.
LaTeX Info: Redefining \Bigg on input line 725.
\big@size=\dimen297
LaTeX Font Info:    Redeclaring font encoding OML on input line 743.
LaTeX Font Info:    Redeclaring font encoding OMS on input line 744.
\macc@depth=\count333
LaTeX Info: Redefining \bmod on input line 905.
LaTeX Info: Redefining \pmod on input line 910.
LaTeX Info: Redefining \smash on input line 940.
LaTeX Info: Redefining \relbar on input line 970.
LaTeX Info: Redefining \Relbar on input line 971.
\c@MaxMatrixCols=\count334
\dotsspace@=\muskip16
\c@parentequation=\count335
\dspbrk@lvl=\count336
\tag@help=\toks43
\row@=\count337
\column@=\count338
\maxfields@=\count339
\andhelp@=\toks44
\eqnshift@=\dimen298
\alignsep@=\dimen299
\tagshift@=\dimen300
\tagwidth@=\dimen301
\totwidth@=\dimen302
\lineht@=\dimen303
\@envbody=\toks45
\multlinegap=\skip65
\multlinetaggap=\skip66
\mathdisplay@stack=\toks46
LaTeX Info: Redefining \[ on input line 2953.
LaTeX Info: Redefining \] on input line 2954.
)
(/usr/share/texlive/texmf-dist/tex/latex/amsfonts/amssymb.sty
Package: amssymb 2013/01/14 v3.01 AMS font symbols

(/usr/share/texlive/texmf-dist/tex/latex/amsfonts/amsfonts.sty
Package: amsfonts 2013/01/14 v3.01 Basic AMSFonts support
\symAMSa=\mathgroup4
\symAMSb=\mathgroup5
LaTeX Font Info:    Redeclaring math symbol \hbar on input line 98.
LaTeX Font Info:    Overwriting math alphabet `\mathfrak' in version `bold'
(Font)                  U/euf/m/n --> U/euf/b/n on input line 106.
))
(/usr/share/texlive/texmf-dist/tex/latex/hyperref/hyperref.sty
Package: hyperref 2024-01-20 v7.01h Hypertext links for LaTeX

(/usr/share/texlive/texmf-dist/tex/generic/kvdefinekeys/kvdefinekeys.sty
Package: kvdefinekeys 2019-12-19 v1.6 Define keys (HO)
)
(/usr/share/texlive/texmf-dist/tex/generic/pdfescape/pdfescape.sty
Package: pdfescape 2019/12/09 v1.15 Implements pdfTeX's escape features (HO)

(/usr/share/texlive/texmf-dist/tex/generic/pdftexcmds/pdftexcmds.sty
Package: pdftexcmds 2020-06-27 v0.33 Utility functions of pdfTeX for LuaTeX (HO
)

(/usr/share/texlive/texmf-dist/tex/generic/infwarerr/infwarerr.sty
Package: infwarerr 2019/12/03 v1.5 Providing info/warning/error messages (HO)
)
Package pdftexcmds Info: \pdf@primitive is available.
Package pdftexcmds Info: \pdf@ifprimitive is available.
Package pdftexcmds Info: \pdfdraftmode not found.
))
(/usr/share/texlive/texmf-dist/tex/latex/hycolor/hycolor.sty
Package: hycolor 2020-01-27 v1.10 Color options for hyperref/bookmark (HO)
)
(/usr/share/texlive/texmf-dist/tex/latex/auxhook/auxhook.sty
Package: auxhook 2019-12-17 v1.6 Hooks for auxiliary files (HO)
)
(/usr/share/texlive/texmf-dist/tex/latex/hyperref/nameref.sty
Package: nameref 2023-11-26 v2.56 Cross-referencing by name of section

(/usr/share/texlive/texmf-dist/tex/latex/refcount/refcount.sty
Package: refcount 2019/12/15 v3.6 Data extraction from label references (HO)
)
(/usr/share/texlive/texmf-dist/tex/generic/gettitlestring/gettitlestring.sty
Package: gettitlestring 2019/12/15 v1.6 Cleanup title references (HO)
)
\c@section@level=\count340
)
\@linkdim=\dimen304
\Hy@linkcounter=\count341
\Hy@pagecounter=\count342

(/usr/share/texlive/texmf-dist/tex/latex/hyperref/pd1enc.def
File: pd1enc.def 2024-01-20 v7.01h Hyperref: PDFDocEncoding definition (HO)
)
(/usr/share/texlive/texmf-dist/tex/generic/intcalc/intcalc.sty
Package: intcalc 2019/12/15 v1.3 Expandable calculations with integers (HO)
)
\Hy@SavedSpaceFactor=\count343

(/usr/share/texlive/texmf-dist/tex/latex/hyperref/puenc.def
File: puenc.def 2024-01-20 v7.01h Hyperref: PDF Unicode definition (HO)
)
Package hyperref Info: Hyper figures OFF on input line 4179.
Package hyperref Info: Link nesting OFF on input line 4184.
Package hyperref Info: Hyper index ON on input line 4187.
Package hyperref Info: Plain pages OFF on input line 4194.
Package hyperref Info: Backreferencing OFF on input line 4199.
Package hyperref Info: Implicit mode ON; LaTeX internals redefined.
Package hyperref Info: Bookmarks ON on input line 4446.
\c@Hy@tempcnt=\count344

(/usr/share/texlive/texmf-dist/tex/latex/url/url.sty
\Urlmuskip=\muskip17
Package: url 2013/09/16  ver 3.4  Verb mode for urls, etc.
)
LaTeX Info: Redefining \url on input line 4784.
\XeTeXLinkMargin=\dimen305

(/usr/share/texlive/texmf-dist/tex/generic/bitset/bitset.sty
Package: bitset 2019/12/09 v1.3 Handle bit-vector datatype (HO)

(/usr/share/texlive/texmf-dist/tex/generic/bigintcalc/bigintcalc.sty
Package: bigintcalc 2019/12/15 v1.5 Expandable calculations on big integers (HO
)
))
\Fld@menulength=\count345
\Field@Width=\dimen306
\Fld@charsize=\dimen307
Package hyperref Info: Hyper figures OFF on input line 6063.
Package hyperref Info: Link nesting OFF on input line 6068.
Package hyperref Info: Hyper index ON on input line 6071.
Package hyperref Info: backreferencing OFF on input line 6078.
Package hyperref Info: Link coloring OFF on input line 6083.
Package hyperref Info: Link coloring with OCG OFF on input line 6088.
Package hyperref Info: PDF/A mode OFF on input line 6093.

(/usr/share/texlive/texmf-dist/tex/latex/base/atbegshi-ltx.sty
Package: atbegshi-ltx 2021/01/10 v1.0c Emulation of the original atbegshi
package with kernel methods
)
\Hy@abspage=\count346
\c@Item=\count347
\c@Hfootnote=\count348
)
Package hyperref Info: Driver (autodetected): hxetex.

(/usr/share/texlive/texmf-dist/tex/latex/hyperref/hxetex.def
File: hxetex.def 2024-01-20 v7.01h Hyperref driver for XeTeX

(/usr/share/texlive/texmf-dist/tex/generic/stringenc/stringenc.sty
Package: stringenc 2019/11/29 v1.12 Convert strings between diff. encodings (HO
)
)
\pdfm@box=\box78
\c@Hy@AnnotLevel=\count349
\HyField@AnnotCount=\count350
\Fld@listcount=\count351
\c@bookmark@seq@number=\count352

(/usr/share/texlive/texmf-dist/tex/latex/rerunfilecheck/rerunfilecheck.sty
Package: rerunfilecheck 2022-07-10 v1.10 Rerun checks for auxiliary files (HO)

(/usr/share/texlive/texmf-dist/tex/latex/base/atveryend-ltx.sty
Package: atveryend-ltx 2020/08/19 v1.0a Emulation of the original atveryend pac
kage
with kernel methods
)
(/usr/share/texlive/texmf-dist/tex/generic/uniquecounter/uniquecounter.sty
Package: uniquecounter 2019/12/15 v1.4 Provide unlimited unique counter (HO)
)
Package uniquecounter Info: New unique counter `rerunfilecheck' on input line 2
85.
)
\Hy@SectionHShift=\skip67
)
(/usr/share/texlive/texmf-dist/tex/latex/fancyhdr/fancyhdr.sty
Package: fancyhdr 2022/11/09 v4.1 Extensive control of page headers and footers

\f@nch@headwidth=\skip68
\f@nch@O@elh=\skip69
\f@nch@O@erh=\skip70
\f@nch@O@olh=\skip71
\f@nch@O@orh=\skip72
\f@nch@O@elf=\skip73
\f@nch@O@erf=\skip74
\f@nch@O@olf=\skip75
\f@nch@O@orf=\skip76
)
(/usr/share/texlive/texmf-dist/tex/latex/emptypage/emptypage.sty
Package: emptypage 2010/05/30 v1.2 Suppress page numbers and headings on empty 
pages
)
(/usr/share/texlive/texmf-dist/tex/latex/tcolorbox/tcolorbox.sty
Package: tcolorbox 2024/01/10 version 6.2.0 text color boxes

(/usr/share/texlive/texmf-dist/tex/latex/tools/verbatim.sty
Package: verbatim 2023-11-06 v1.5v LaTeX2e package for verbatim enhancements
\every@verbatim=\toks47
\verbatim@line=\toks48
\verbatim@in@stream=\read3
)
(/usr/share/texlive/texmf-dist/tex/latex/environ/environ.sty
Package: environ 2014/05/04 v0.3 A new way to define environments

(/usr/share/texlive/texmf-dist/tex/latex/trimspaces/trimspaces.sty
Package: trimspaces 2009/09/17 v1.1 Trim spaces around a token list
))
\tcb@titlebox=\box79
\tcb@upperbox=\box80
\tcb@lowerbox=\box81
\tcb@phantombox=\box82
\c@tcbbreakpart=\count353
\c@tcblayer=\count354
\c@tcolorbox@number=\count355
\l__tcobox_tmpa_box=\box83
\l__tcobox_tmpa_dim=\dimen308
\tcb@temp=\box84
\tcb@temp=\box85
\tcb@temp=\box86
\tcb@temp=\box87
)
(/usr/share/texlive/texmf-dist/tex/latex/tcolorbox/tcbskins.code.tex
Library (tcolorbox): 'tcbskins.code.tex' version '6.2.0'
(/usr/share/texlive/texmf-dist/tex/latex/tikzfill/tikzfill.image.sty
Package: tikzfill.image 2023/08/08 v1.0.1 Image filling library for TikZ

(/usr/share/texlive/texmf-dist/tex/latex/tikzfill/tikzfill-common.sty
Package: tikzfill-common 2023/08/08 v1.0.1 Auxiliary code for tikzfill
)
(/usr/share/texlive/texmf-dist/tex/latex/tikzfill/tikzlibraryfill.image.code.te
x
File: tikzlibraryfill.image.code.tex 2023/08/08 v1.0.1 Image filling library
\l__tikzfill_img_box=\box88
)) (/usr/share/texlive/texmf-dist/tex/latex/tcolorbox/tcbskinsjigsaw.code.tex
Library (tcolorbox): 'tcbskinsjigsaw.code.tex' version '6.2.0'
)) (/usr/share/texlive/texmf-dist/tex/latex/tcolorbox/tcbbreakable.code.tex
Library (tcolorbox): 'tcbbreakable.code.tex' version '6.2.0'
(/usr/share/texlive/texmf-dist/tex/latex/pdfcol/pdfcol.sty
Package: pdfcol 2022-09-21 v1.7 Handle new color stacks for pdfTeX (HO)
Package pdfcol Info: Interface disabled because of missing PDF mode of pdfTeX.
)
Package pdfcol Info: pdfTeX's color stacks are not available.
\tcb@testbox=\box89
\tcb@totalupperbox=\box90
\tcb@totallowerbox=\box91
)
(/usr/share/texlive/texmf-dist/tex/latex/enumitem/enumitem.sty
Package: enumitem 2019/06/20 v3.9 Customized lists
\enitkv@toks@=\toks49
\labelindent=\skip77
\enit@outerparindent=\dimen309
\enit@toks=\toks50
\enit@inbox=\box92
\enit@count@id=\count356
\enitdp@description=\count357
)
(/usr/share/texlive/texmf-dist/tex/latex/titlesec/titlesec.sty
Package: titlesec 2023/10/27 v2.16 Sectioning titles
\ttl@box=\box93
\beforetitleunit=\skip78
\aftertitleunit=\skip79
\ttl@plus=\dimen310
\ttl@minus=\dimen311
\ttl@toksa=\toks51
\titlewidth=\dimen312
\titlewidthlast=\dimen313
\titlewidthfirst=\dimen314
)
(/usr/share/texlive/texmf-dist/tex/latex/biblatex/biblatex.sty
Package: biblatex 2023/03/05 v3.19 programmable bibliographies (PK/MW)

(/usr/share/texlive/texmf-dist/tex/latex/logreq/logreq.sty
Package: logreq 2010/08/04 v1.0 xml request logger
\lrq@indent=\count358

(/usr/share/texlive/texmf-dist/tex/latex/logreq/logreq.def
File: logreq.def 2010/08/04 v1.0 logreq spec v1.0
))
\c@tabx@nest=\count359
\c@listtotal=\count360
\c@listcount=\count361
\c@liststart=\count362
\c@liststop=\count363
\c@citecount=\count364
\c@citetotal=\count365
\c@multicitecount=\count366
\c@multicitetotal=\count367
\c@instcount=\count368
\c@maxnames=\count369
\c@minnames=\count370
\c@maxitems=\count371
\c@minitems=\count372
\c@citecounter=\count373
\c@maxcitecounter=\count374
\c@savedcitecounter=\count375
\c@uniquelist=\count376
\c@uniquename=\count377
\c@refsection=\count378
\c@refsegment=\count379
\c@maxextratitle=\count380
\c@maxextratitleyear=\count381
\c@maxextraname=\count382
\c@maxextradate=\count383
\c@maxextraalpha=\count384
\c@abbrvpenalty=\count385
\c@highnamepenalty=\count386
\c@lownamepenalty=\count387
\c@maxparens=\count388
\c@parenlevel=\count389
\blx@tempcnta=\count390
\blx@tempcntb=\count391
\blx@tempcntc=\count392
\c@blx@maxsection=\count393
\blx@maxsegment@0=\count394
\blx@notetype=\count395
\blx@parenlevel@text=\count396
\blx@parenlevel@foot=\count397
\blx@sectionciteorder@0=\count398
\blx@sectionciteorderinternal@0=\count399
\blx@entrysetcounter=\count400
\blx@biblioinstance=\count401
\labelnumberwidth=\skip80
\labelalphawidth=\skip81
\biblabelsep=\skip82
\bibitemsep=\skip83
\bibnamesep=\skip84
\bibinitsep=\skip85
\bibparsep=\skip86
\bibhang=\skip87
\blx@bcfin=\read4
\blx@bcfout=\write4
\blx@langwohyphens=\language89
\c@mincomprange=\count402
\c@maxcomprange=\count403
\c@mincompwidth=\count404
Package biblatex Info: Trying to load biblatex default data model...
Package biblatex Info: ... file 'blx-dm.def' found.

(/usr/share/texlive/texmf-dist/tex/latex/biblatex/blx-dm.def
File: blx-dm.def 2023/03/05 v3.19 biblatex localization (PK/MW)
)
Package biblatex Info: Trying to load biblatex style data model...
Package biblatex Info: ... file 'authoryear.dbx' not found.
Package biblatex Info: Trying to load biblatex custom data model...
Package biblatex Info: ... file 'biblatex-dm.cfg' not found.
\c@afterword=\count405
\c@savedafterword=\count406
\c@annotator=\count407
\c@savedannotator=\count408
\c@author=\count409
\c@savedauthor=\count410
\c@bookauthor=\count411
\c@savedbookauthor=\count412
\c@commentator=\count413
\c@savedcommentator=\count414
\c@editor=\count415
\c@savededitor=\count416
\c@editora=\count417
\c@savededitora=\count418
\c@editorb=\count419
\c@savededitorb=\count420
\c@editorc=\count421
\c@savededitorc=\count422
\c@foreword=\count423
\c@savedforeword=\count424
\c@holder=\count425
\c@savedholder=\count426
\c@introduction=\count427
\c@savedintroduction=\count428
\c@namea=\count429
\c@savednamea=\count430
\c@nameb=\count431
\c@savednameb=\count432
\c@namec=\count433
\c@savednamec=\count434
\c@translator=\count435
\c@savedtranslator=\count436
\c@shortauthor=\count437
\c@savedshortauthor=\count438
\c@shorteditor=\count439
\c@savedshorteditor=\count440
\c@labelname=\count441
\c@savedlabelname=\count442
\c@institution=\count443
\c@savedinstitution=\count444
\c@lista=\count445
\c@savedlista=\count446
\c@listb=\count447
\c@savedlistb=\count448
\c@listc=\count449
\c@savedlistc=\count450
\c@listd=\count451
\c@savedlistd=\count452
\c@liste=\count453
\c@savedliste=\count454
\c@listf=\count455
\c@savedlistf=\count456
\c@location=\count457
\c@savedlocation=\count458
\c@organization=\count459
\c@savedorganization=\count460
\c@origlocation=\count461
\c@savedoriglocation=\count462
\c@origpublisher=\count463
\c@savedorigpublisher=\count464
\c@publisher=\count465
\c@savedpublisher=\count466
\c@language=\count467
\c@savedlanguage=\count468
\c@origlanguage=\count469
\c@savedoriglanguage=\count470
\c@pageref=\count471
\c@savedpageref=\count472
\shorthandwidth=\skip88
\shortjournalwidth=\skip89
\shortserieswidth=\skip90
\shorttitlewidth=\skip91
\shortauthorwidth=\skip92
\shorteditorwidth=\skip93
\locallabelnumberwidth=\skip94
\locallabelalphawidth=\skip95
\localshorthandwidth=\skip96
\localshortjournalwidth=\skip97
\localshortserieswidth=\skip98
\localshorttitlewidth=\skip99
\localshortauthorwidth=\skip100
\localshorteditorwidth=\skip101
Package biblatex Info: Trying to load enhanced support for Unicode engines...
Package biblatex Info: ... file 'blx-unicode.def' found.

(/usr/share/texlive/texmf-dist/tex/latex/biblatex/blx-unicode.def)
Package biblatex Info: Trying to load compatibility code...
Package biblatex Info: ... file 'blx-compat.def' found.

(/usr/share/texlive/texmf-dist/tex/latex/biblatex/blx-compat.def
File: blx-compat.def 2023/03/05 v3.19 biblatex compatibility (PK/MW)
)
Package biblatex Info: Trying to load generic definitions...
Package biblatex Info: ... file 'biblatex.def' found.

(/usr/share/texlive/texmf-dist/tex/latex/biblatex/biblatex.def
File: biblatex.def 2023/03/05 v3.19 biblatex compatibility (PK/MW)
\c@textcitecount=\count473
\c@textcitetotal=\count474
\c@textcitemaxnames=\count475
\c@biburlbigbreakpenalty=\count476
\c@biburlbreakpenalty=\count477
\c@biburlnumpenalty=\count478
\c@biburlucpenalty=\count479
\c@biburllcpenalty=\count480
\biburlbigskip=\muskip18
\biburlnumskip=\muskip19
\biburlucskip=\muskip20
\biburllcskip=\muskip21
\c@smartand=\count481
)
Package biblatex Info: Trying to load bibliography style 'authoryear'...
Package biblatex Info: ... file 'authoryear.bbx' found.

(/usr/share/texlive/texmf-dist/tex/latex/biblatex/bbx/authoryear.bbx
File: authoryear.bbx 2023/03/05 v3.19 biblatex bibliography style (PK/MW)
Package biblatex Info: Trying to load bibliography style 'standard'...
Package biblatex Info: ... file 'standard.bbx' found.

(/usr/share/texlive/texmf-dist/tex/latex/biblatex/bbx/standard.bbx
File: standard.bbx 2023/03/05 v3.19 biblatex bibliography style (PK/MW)
\c@bbx:relatedcount=\count482
\c@bbx:relatedtotal=\count483
))
Package biblatex Info: Trying to load citation style 'authoryear'...
Package biblatex Info: ... file 'authoryear.cbx' found.

(/usr/share/texlive/texmf-dist/tex/latex/biblatex/cbx/authoryear.cbx
File: authoryear.cbx 2023/03/05 v3.19 biblatex citation style (PK/MW)
Package biblatex Info: Redefining '\cite'.
Package biblatex Info: Redefining '\parencite'.
Package biblatex Info: Redefining '\footcite'.
Package biblatex Info: Redefining '\footcitetext'.
Package biblatex Info: Redefining '\smartcite'.
Package biblatex Info: Redefining '\textcite'.
Package biblatex Info: Redefining '\textcites'.
)
Package biblatex Info: Trying to load configuration file...
Package biblatex Info: ... file 'biblatex.cfg' found.

(/usr/share/texlive/texmf-dist/tex/latex/biblatex/biblatex.cfg
File: biblatex.cfg 
)
Package biblatex Info: XeTeX detected.
(biblatex)             Assuming input encoding 'utf8'.
Package biblatex Info: Document encoding is UTF8 ....
Package biblatex Info: ... and expl3
(biblatex)             2024-01-22 L3 programming layer (loader) 
(biblatex)             is new enough (at least 2020/04/06),
(biblatex)             setting 'casechanger=expl3'.

(/usr/share/texlive/texmf-dist/tex/latex/biblatex/blx-case-expl3.sty
Package: blx-case-expl3 2023/03/05 v3.19 expl3 case changing code for biblatex
))
\@quotelevel=\count484
\@quotereset=\count485

(./rapport_analyse_conception.aux)
\openout1 = `rapport_analyse_conception.aux'.

LaTeX Font Info:    Checking defaults for OML/cmm/m/it on input line 111.
LaTeX Font Info:    ... okay on input line 111.
LaTeX Font Info:    Checking defaults for OMS/cmsy/m/n on input line 111.
LaTeX Font Info:    ... okay on input line 111.
LaTeX Font Info:    Checking defaults for OT1/cmr/m/n on input line 111.
LaTeX Font Info:    ... okay on input line 111.
LaTeX Font Info:    Checking defaults for T1/cmr/m/n on input line 111.
LaTeX Font Info:    ... okay on input line 111.
LaTeX Font Info:    Checking defaults for TS1/cmr/m/n on input line 111.
LaTeX Font Info:    Trying to load font information for TS1+cmr on input line 1
11.

(/usr/share/texlive/texmf-dist/tex/latex/base/ts1cmr.fd
File: ts1cmr.fd 2023/04/13 v2.5m Standard LaTeX font definitions
)
LaTeX Font Info:    ... okay on input line 111.
LaTeX Font Info:    Checking defaults for TU/lmr/m/n on input line 111.
LaTeX Font Info:    ... okay on input line 111.
LaTeX Font Info:    Checking defaults for OMX/cmex/m/n on input line 111.
LaTeX Font Info:    ... okay on input line 111.
LaTeX Font Info:    Checking defaults for U/cmr/m/n on input line 111.
LaTeX Font Info:    ... okay on input line 111.
LaTeX Font Info:    Checking defaults for PD1/pdf/m/n on input line 111.
LaTeX Font Info:    ... okay on input line 111.
LaTeX Font Info:    Checking defaults for PU/pdf/m/n on input line 111.
LaTeX Font Info:    ... okay on input line 111.

Package fontspec Info: Adjusting the maths setup (use [no-math] to avoid
(fontspec)             this).

\symlegacymaths=\mathgroup6
LaTeX Font Info:    Overwriting symbol font `legacymaths' in version `bold'
(Font)                  OT1/cmr/m/n --> OT1/cmr/bx/n on input line 111.
LaTeX Font Info:    Redeclaring math accent \acute on input line 111.
LaTeX Font Info:    Redeclaring math accent \grave on input line 111.
LaTeX Font Info:    Redeclaring math accent \ddot on input line 111.
LaTeX Font Info:    Redeclaring math accent \tilde on input line 111.
LaTeX Font Info:    Redeclaring math accent \bar on input line 111.
LaTeX Font Info:    Redeclaring math accent \breve on input line 111.
LaTeX Font Info:    Redeclaring math accent \check on input line 111.
LaTeX Font Info:    Redeclaring math accent \hat on input line 111.
LaTeX Font Info:    Redeclaring math accent \dot on input line 111.
LaTeX Font Info:    Redeclaring math accent \mathring on input line 111.
LaTeX Font Info:    Redeclaring math symbol \Gamma on input line 111.
LaTeX Font Info:    Redeclaring math symbol \Delta on input line 111.
LaTeX Font Info:    Redeclaring math symbol \Theta on input line 111.
LaTeX Font Info:    Redeclaring math symbol \Lambda on input line 111.
LaTeX Font Info:    Redeclaring math symbol \Xi on input line 111.
LaTeX Font Info:    Redeclaring math symbol \Pi on input line 111.
LaTeX Font Info:    Redeclaring math symbol \Sigma on input line 111.
LaTeX Font Info:    Redeclaring math symbol \Upsilon on input line 111.
LaTeX Font Info:    Redeclaring math symbol \Phi on input line 111.
LaTeX Font Info:    Redeclaring math symbol \Psi on input line 111.
LaTeX Font Info:    Redeclaring math symbol \Omega on input line 111.
LaTeX Font Info:    Redeclaring math symbol \mathdollar on input line 111.
LaTeX Font Info:    Redeclaring symbol font `operators' on input line 111.
LaTeX Font Info:    Encoding `OT1' has changed to `TU' for symbol font
(Font)              `operators' in the math version `normal' on input line 111.

LaTeX Font Info:    Overwriting symbol font `operators' in version `normal'
(Font)                  OT1/cmr/m/n --> TU/lmr/m/n on input line 111.
LaTeX Font Info:    Encoding `OT1' has changed to `TU' for symbol font
(Font)              `operators' in the math version `bold' on input line 111.
LaTeX Font Info:    Overwriting symbol font `operators' in version `bold'
(Font)                  OT1/cmr/bx/n --> TU/lmr/m/n on input line 111.
LaTeX Font Info:    Overwriting symbol font `operators' in version `normal'
(Font)                  TU/lmr/m/n --> TU/lmr/m/n on input line 111.
LaTeX Font Info:    Overwriting math alphabet `\mathit' in version `normal'
(Font)                  OT1/cmr/m/it --> TU/lmr/m/it on input line 111.
LaTeX Font Info:    Overwriting math alphabet `\mathbf' in version `normal'
(Font)                  OT1/cmr/bx/n --> TU/lmr/b/n on input line 111.
LaTeX Font Info:    Overwriting math alphabet `\mathsf' in version `normal'
(Font)                  OT1/cmss/m/n --> TU/lmss/m/n on input line 111.
LaTeX Font Info:    Overwriting math alphabet `\mathtt' in version `normal'
(Font)                  OT1/cmtt/m/n --> TU/lmtt/m/n on input line 111.
LaTeX Font Info:    Overwriting symbol font `operators' in version `bold'
(Font)                  TU/lmr/m/n --> TU/lmr/b/n on input line 111.
LaTeX Font Info:    Overwriting math alphabet `\mathit' in version `bold'
(Font)                  OT1/cmr/bx/it --> TU/lmr/b/it on input line 111.
LaTeX Font Info:    Overwriting math alphabet `\mathsf' in version `bold'
(Font)                  OT1/cmss/bx/n --> TU/lmss/b/n on input line 111.
LaTeX Font Info:    Overwriting math alphabet `\mathtt' in version `bold'
(Font)                  OT1/cmtt/m/n --> TU/lmtt/b/n on input line 111.

*geometry* driver: auto-detecting
*geometry* detected driver: xetex
*geometry* verbose mode - [ preamble ] result:
* driver: xetex
* paper: a4paper
* layout: <same size as paper>
* layoutoffset:(h,v)=(0.0pt,0.0pt)
* modes: 
* h-part:(L,W,R)=(85.35826pt, 441.01773pt, 71.13188pt)
* v-part:(T,H,B)=(71.13188pt, 702.78308pt, 71.13188pt)
* \paperwidth=597.50787pt
* \paperheight=845.04684pt
* \textwidth=441.01773pt
* \textheight=702.78308pt
* \oddsidemargin=13.08827pt
* \evensidemargin=13.08827pt
* \topmargin=-38.1381pt
* \headheight=14.0pt
* \headsep=25.0pt
* \topskip=12.0pt
* \footskip=30.0pt
* \marginparwidth=35.0pt
* \marginparsep=10.0pt
* \columnsep=10.0pt
* \skip\footins=10.8pt plus 4.0pt minus 2.0pt
* \hoffset=0.0pt
* \voffset=0.0pt
* \mag=1000
* \@twocolumnfalse
* \@twosidefalse
* \@mparswitchfalse
* \@reversemarginfalse
* (1in=72.27pt=25.4mm, 1cm=28.453pt)

LaTeX Info: Redefining \microtypecontext on input line 111.
Package microtype Info: Applying patch `item' on input line 111.
Package microtype Info: Applying patch `toc' on input line 111.
Package microtype Info: Applying patch `eqnum' on input line 111.
Package microtype Info: Applying patch `footnote' on input line 111.
Package microtype Info: Applying patch `verbatim' on input line 111.
Package microtype Info: Character protrusion enabled (level 2).
Package microtype Info: Using default protrusion set `alltext'.
Package microtype Info: No adjustment of tracking.
Package microtype Info: No adjustment of spacing.
Package microtype Info: No adjustment of kerning.
(/usr/share/texlive/texmf-dist/tex/latex/microtype/mt-LatinModernRoman.cfg
File: mt-LatinModernRoman.cfg 2021/02/21 v1.1 microtype config. file: Latin Mod
ern Roman (RS)
)
Package caption Info: Begin \AtBeginDocument code.
Package caption Info: hyperref package is loaded.
Package caption Info: longtable package is loaded.

(/usr/share/texlive/texmf-dist/tex/latex/caption/ltcaption.sty
Package: ltcaption 2021/01/08 v1.4c longtable captions (AR)
)
Package caption Info: rotating package is loaded.
Package caption Info: End \AtBeginDocument code.
Package hyperref Info: Link coloring OFF on input line 111.

(./rapport_analyse_conception.out) (./rapport_analyse_conception.out)
\@outlinefile=\write5
\openout5 = `rapport_analyse_conception.out'.

Package biblatex Info: Trying to load language 'french'...
Package biblatex Info: ... file 'french.lbx' found.

(/usr/share/texlive/texmf-dist/tex/latex/biblatex/lbx/french.lbx
File: french.lbx 2023/03/05 v3.19 biblatex localization (PK/MW)
)
Package biblatex Info: XeTeX detected.
(biblatex)             Assuming input encoding 'utf8'.
Package biblatex Info: Automatic encoding selection.
(biblatex)             Assuming data encoding 'utf8'.
\openout4 = `rapport_analyse_conception.bcf'.

Package biblatex Info: Trying to load bibliographic data...
Package biblatex Info: ... file 'rapport_analyse_conception.bbl' not found.

No file rapport_analyse_conception.bbl.
Package biblatex Info: Reference section=0 on input line 111.
Package biblatex Info: Reference segment=0 on input line 111.
LaTeX Info: Redefining \rmfamily on input line 111.
LaTeX Info: Redefining \sffamily on input line 111.
LaTeX Info: Redefining \ttfamily on input line 111.
LaTeX Font Info:    Trying to load font information for U+msa on input line 119
.
(/usr/share/texlive/texmf-dist/tex/latex/amsfonts/umsa.fd
File: umsa.fd 2013/01/14 v3.01 AMS symbols A
)
(/usr/share/texlive/texmf-dist/tex/latex/microtype/mt-msa.cfg
File: mt-msa.cfg 2006/02/04 v1.1 microtype config. file: AMS symbols (a) (RS)
)
LaTeX Font Info:    Trying to load font information for U+msb on input line 119
.

(/usr/share/texlive/texmf-dist/tex/latex/amsfonts/umsb.fd
File: umsb.fd 2013/01/14 v3.01 AMS symbols B
)
(/usr/share/texlive/texmf-dist/tex/latex/microtype/mt-msb.cfg
File: mt-msb.cfg 2005/06/01 v1.0 microtype config. file: AMS symbols (b) (RS)
)
(/usr/share/texlive/texmf-dist/tex/latex/microtype/mt-cmr.cfg
File: mt-cmr.cfg 2013/05/19 v2.2 microtype config. file: Computer Modern Roman 
(RS)
) [1

]
(./rapport_analyse_conception.toc
LaTeX Info: Redefining \rmfamily on input line 2.
LaTeX Info: Redefining \sffamily on input line 2.
LaTeX Info: Redefining \ttfamily on input line 2.
 [1

]

Package fancyhdr Warning: \headheight is too small (14.0pt): 
(fancyhdr)                Make it at least 14.03358pt, for example:
(fancyhdr)                \setlength{\headheight}{14.03358pt}.
(fancyhdr)                You might also make \topmargin smaller to compensate:

(fancyhdr)                \addtolength{\topmargin}{-0.03358pt}.

[2])
\tf@toc=\write6
\openout6 = `rapport_analyse_conception.toc'.



Package fancyhdr Warning: \headheight is too small (14.0pt): 
(fancyhdr)                Make it at least 14.03358pt, for example:
(fancyhdr)                \setlength{\headheight}{14.03358pt}.
(fancyhdr)                You might also make \topmargin smaller to compensate:

(fancyhdr)                \addtolength{\topmargin}{-0.03358pt}.

[3] (./rapport_analyse_conception.lof
LaTeX Info: Redefining \rmfamily on input line 3.
LaTeX Info: Redefining \sffamily on input line 3.
LaTeX Info: Redefining \ttfamily on input line 3.
LaTeX Info: Redefining \rmfamily on input line 5.
LaTeX Info: Redefining \sffamily on input line 5.
LaTeX Info: Redefining \ttfamily on input line 5.
LaTeX Info: Redefining \rmfamily on input line 6.
LaTeX Info: Redefining \sffamily on input line 6.
LaTeX Info: Redefining \ttfamily on input line 6.
LaTeX Info: Redefining \rmfamily on input line 8.
LaTeX Info: Redefining \sffamily on input line 8.
LaTeX Info: Redefining \ttfamily on input line 8.
LaTeX Info: Redefining \rmfamily on input line 9.
LaTeX Info: Redefining \sffamily on input line 9.
LaTeX Info: Redefining \ttfamily on input line 9.
LaTeX Info: Redefining \rmfamily on input line 11.
LaTeX Info: Redefining \sffamily on input line 11.
LaTeX Info: Redefining \ttfamily on input line 11.
LaTeX Info: Redefining \rmfamily on input line 12.
LaTeX Info: Redefining \sffamily on input line 12.
LaTeX Info: Redefining \ttfamily on input line 12.
Package microtype Info: Loading generic protrusion settings for font family
(microtype)             `lmtt' (encoding: TU).
(microtype)             For optimal results, create family-specific settings.
(microtype)             See the microtype manual for details.
LaTeX Info: Redefining \rmfamily on input line 14.
LaTeX Info: Redefining \sffamily on input line 14.
LaTeX Info: Redefining \ttfamily on input line 14.

Overfull \hbox (9.80217pt too wide) in paragraph at lines 15--15
 [][] [][]\TU/lmr/m/n/12 Diagramme de composants de FleetMan. Les composants in
ternes (control- 
 []

LaTeX Info: Redefining \rmfamily on input line 16.
LaTeX Info: Redefining \sffamily on input line 16.
LaTeX Info: Redefining \ttfamily on input line 16.
LaTeX Info: Redefining \rmfamily on input line 18.
LaTeX Info: Redefining \sffamily on input line 18.
LaTeX Info: Redefining \ttfamily on input line 18.
LaTeX Info: Redefining \rmfamily on input line 20.
LaTeX Info: Redefining \sffamily on input line 20.
LaTeX Info: Redefining \ttfamily on input line 20.
LaTeX Info: Redefining \rmfamily on input line 22.
LaTeX Info: Redefining \sffamily on input line 22.
LaTeX Info: Redefining \ttfamily on input line 22.
LaTeX Info: Redefining \rmfamily on input line 23.
LaTeX Info: Redefining \sffamily on input line 23.
LaTeX Info: Redefining \ttfamily on input line 23.
[4

]
LaTeX Info: Redefining \rmfamily on input line 26.
LaTeX Info: Redefining \sffamily on input line 26.
LaTeX Info: Redefining \ttfamily on input line 26.
LaTeX Info: Redefining \rmfamily on input line 28.
LaTeX Info: Redefining \sffamily on input line 28.
LaTeX Info: Redefining \ttfamily on input line 28.
LaTeX Info: Redefining \rmfamily on input line 30.
LaTeX Info: Redefining \sffamily on input line 30.
LaTeX Info: Redefining \ttfamily on input line 30.
LaTeX Info: Redefining \rmfamily on input line 32.
LaTeX Info: Redefining \sffamily on input line 32.
LaTeX Info: Redefining \ttfamily on input line 32.
 [5]
Overfull \hbox (95.25972pt too wide) in paragraph at lines 33--33
 \TU/lmr/m/n/12 nant ; stocke les coordonnees GPS dans Redis (2) avec cle \TU/l
mtt/m/n/12 vehicle:position:<vehicleId> 
 []

LaTeX Info: Redefining \rmfamily on input line 35.
LaTeX Info: Redefining \sffamily on input line 35.
LaTeX Info: Redefining \ttfamily on input line 35.
LaTeX Info: Redefining \rmfamily on input line 37.
LaTeX Info: Redefining \sffamily on input line 37.
LaTeX Info: Redefining \ttfamily on input line 37.

Overfull \hbox (30.35431pt too wide) in paragraph at lines 38--38
 \TU/lmr/m/n/12 un flux en 7 etapes : (1) Verification du vehicule via \TU/lmtt
/m/n/12 VehiclePersistencePort\TU/lmr/m/n/12 , 
 []


Overfull \hbox (37.00899pt too wide) in paragraph at lines 38--38
 \TU/lmr/m/n/12 cite (classe) ; (4) Persistance en base de donnees via \TU/lmtt
/m/n/12 IncidentPersistencePort 
 []

LaTeX Info: Redefining \rmfamily on input line 40.
LaTeX Info: Redefining \sffamily on input line 40.
LaTeX Info: Redefining \ttfamily on input line 40.
LaTeX Info: Redefining \rmfamily on input line 41.
LaTeX Info: Redefining \sffamily on input line 41.
LaTeX Info: Redefining \ttfamily on input line 41.
[6]
LaTeX Info: Redefining \rmfamily on input line 43.
LaTeX Info: Redefining \sffamily on input line 43.
LaTeX Info: Redefining \ttfamily on input line 43.

Overfull \hbox (3.9943pt too wide) in paragraph at lines 44--44
 [][] [][]\TU/lmr/m/n/12 Diagramme de sequence : Creation d’affectation avec de
tection de conflits. 
 []

LaTeX Info: Redefining \rmfamily on input line 45.
LaTeX Info: Redefining \sffamily on input line 45.
LaTeX Info: Redefining \ttfamily on input line 45.
LaTeX Info: Redefining \rmfamily on input line 47.
LaTeX Info: Redefining \sffamily on input line 47.
LaTeX Info: Redefining \ttfamily on input line 47.
LaTeX Info: Redefining \rmfamily on input line 48.
LaTeX Info: Redefining \sffamily on input line 48.
LaTeX Info: Redefining \ttfamily on input line 48.
[7]
Overfull \hbox (5.15442pt too wide) in paragraph at lines 49--49
 \TU/lmr/m/n/12 chrone et non bloquant (\TU/lmtt/m/n/12 .subscribe()\TU/lmr/m/n
/12 ) pour ne pas bloquer l’application. 
 []


Overfull \hbox (104.90358pt too wide) in paragraph at lines 49--49
 \TU/lmr/m/n/12 exposees : \TU/lmtt/m/n/12 fleetman_documents_expired_total\TU/
lmr/m/n/12 , \TU/lmtt/m/n/12 fleetman_documents_alerts_sent_total\TU/lmr/m/n/12
 .[] [][]  
 []

)
\tf@lof=\write7
\openout7 = `rapport_analyse_conception.lof'.

 [8] [9] (./rapport_analyse_conception.lot
LaTeX Info: Redefining \rmfamily on input line 3.
LaTeX Info: Redefining \sffamily on input line 3.
LaTeX Info: Redefining \ttfamily on input line 3.
LaTeX Info: Redefining \rmfamily on input line 6.
LaTeX Info: Redefining \sffamily on input line 6.
LaTeX Info: Redefining \ttfamily on input line 6.
LaTeX Info: Redefining \rmfamily on input line 8.
LaTeX Info: Redefining \sffamily on input line 8.
LaTeX Info: Redefining \ttfamily on input line 8.
LaTeX Info: Redefining \rmfamily on input line 9.
LaTeX Info: Redefining \sffamily on input line 9.
LaTeX Info: Redefining \ttfamily on input line 9.
LaTeX Info: Redefining \rmfamily on input line 11.
LaTeX Info: Redefining \sffamily on input line 11.
LaTeX Info: Redefining \ttfamily on input line 11.
LaTeX Info: Redefining \rmfamily on input line 14.
LaTeX Info: Redefining \sffamily on input line 14.
LaTeX Info: Redefining \ttfamily on input line 14.
LaTeX Info: Redefining \rmfamily on input line 16.
LaTeX Info: Redefining \sffamily on input line 16.
LaTeX Info: Redefining \ttfamily on input line 16.
LaTeX Info: Redefining \rmfamily on input line 17.
LaTeX Info: Redefining \sffamily on input line 17.
LaTeX Info: Redefining \ttfamily on input line 17.
LaTeX Info: Redefining \rmfamily on input line 18.
LaTeX Info: Redefining \sffamily on input line 18.
LaTeX Info: Redefining \ttfamily on input line 18.
LaTeX Info: Redefining \rmfamily on input line 21.
LaTeX Info: Redefining \sffamily on input line 21.
LaTeX Info: Redefining \ttfamily on input line 21.
LaTeX Info: Redefining \rmfamily on input line 22.
LaTeX Info: Redefining \sffamily on input line 22.
LaTeX Info: Redefining \ttfamily on input line 22.
LaTeX Info: Redefining \rmfamily on input line 23.
LaTeX Info: Redefining \sffamily on input line 23.
LaTeX Info: Redefining \ttfamily on input line 23.
LaTeX Info: Redefining \rmfamily on input line 25.
LaTeX Info: Redefining \sffamily on input line 25.
LaTeX Info: Redefining \ttfamily on input line 25.
LaTeX Info: Redefining \rmfamily on input line 27.
LaTeX Info: Redefining \sffamily on input line 27.
LaTeX Info: Redefining \ttfamily on input line 27.
LaTeX Info: Redefining \rmfamily on input line 28.
LaTeX Info: Redefining \sffamily on input line 28.
LaTeX Info: Redefining \ttfamily on input line 28.
LaTeX Info: Redefining \rmfamily on input line 29.
LaTeX Info: Redefining \sffamily on input line 29.
LaTeX Info: Redefining \ttfamily on input line 29.
LaTeX Info: Redefining \rmfamily on input line 30.
LaTeX Info: Redefining \sffamily on input line 30.
LaTeX Info: Redefining \ttfamily on input line 30.
LaTeX Info: Redefining \rmfamily on input line 32.
LaTeX Info: Redefining \sffamily on input line 32.
LaTeX Info: Redefining \ttfamily on input line 32.
LaTeX Info: Redefining \rmfamily on input line 33.
LaTeX Info: Redefining \sffamily on input line 33.
LaTeX Info: Redefining \ttfamily on input line 33.
LaTeX Info: Redefining \rmfamily on input line 35.
LaTeX Info: Redefining \sffamily on input line 35.
LaTeX Info: Redefining \ttfamily on input line 35.
LaTeX Info: Redefining \rmfamily on input line 37.
LaTeX Info: Redefining \sffamily on input line 37.
LaTeX Info: Redefining \ttfamily on input line 37.
LaTeX Info: Redefining \rmfamily on input line 38.
LaTeX Info: Redefining \sffamily on input line 38.
LaTeX Info: Redefining \ttfamily on input line 38.
LaTeX Info: Redefining \rmfamily on input line 39.
LaTeX Info: Redefining \sffamily on input line 39.
LaTeX Info: Redefining \ttfamily on input line 39.
LaTeX Info: Redefining \rmfamily on input line 41.
LaTeX Info: Redefining \sffamily on input line 41.
LaTeX Info: Redefining \ttfamily on input line 41.
LaTeX Info: Redefining \rmfamily on input line 43.
LaTeX Info: Redefining \sffamily on input line 43.
LaTeX Info: Redefining \ttfamily on input line 43.
)
\tf@lot=\write8
\openout8 = `rapport_analyse_conception.lot'.

 [10

]
Overfull \hbox (31.16878pt too wide) in paragraph at lines 164--169
\TU/lmr/bx/n/12 Resultats. \TU/lmr/m/n/12 La plateforme expose \TU/lmr/bx/n/12 
134 endpoints REST \TU/lmr/m/n/12 documentes via Swagger/OpenAPI,
 []

[11

]

LaTeX Warning: Citation 'afdb2022transport' on page 1 undefined on input line 1
90.


LaTeX Warning: Citation 'iru2023costs' on page 1 undefined on input line 193.

[1

] [2] [3

]
Chapitre 1.

Overfull \hbox (2.47433pt too wide) in paragraph at lines 251--253
[]\TU/lmr/bx/n/12 Modules operations terrain \TU/lmr/m/n/12 : maintenance, inci
dents, carburant — postes
 []


LaTeX Font Warning: Font shape `TU/lmr/bx/sc' undefined
(Font)              using `TU/lmr/bx/n' instead on input line 261.


Underfull \hbox (badness 10000) in paragraph at lines 294--294
[]|\TU/lmr/m/n/10.95 Architecture
 []


Underfull \hbox (badness 10000) in paragraph at lines 294--294
[]|\TU/lmr/m/n/10.95 Multi-
 []


Underfull \hbox (badness 10000) in paragraph at lines 294--294
\TU/lmr/m/n/10.95 tenancy
 []


Underfull \hbox (badness 10000) in paragraph at lines 294--294
[]|\TU/lmr/m/n/10.95 Operations
 []


Underfull \hbox (badness 10000) in paragraph at lines 294--294
[]|\TU/lmr/m/n/10.95 Integration
 []

[4

] [5]
Chapitre 2.

Underfull \hbox (badness 3668) in paragraph at lines 325--325
[]|\TU/lmr/m/n/12 Super Administra-
 []


Overfull \hbox (5.01375pt too wide) in paragraph at lines 325--325
[]|\TU/lmr/m/n/12 SUPER_ADMIN| 
 []


Overfull \hbox (4.52174pt too wide) in paragraph at lines 325--325
[]|\TU/lmr/m/n/12 FLEET_ADMIN| 
 []


Underfull \hbox (badness 10000) in paragraph at lines 325--325
[]|\TU/lmr/m/n/12 Gestionnaire de
 []


Overfull \hbox (25.65375pt too wide) in paragraph at lines 325--325
[]|\TU/lmr/m/n/12 FLEET_MANAGER| 
 []


Overfull \hbox (10.24574pt too wide) in paragraph at lines 325--325
[]|\TU/lmr/m/n/12 FLEET_DRIVER| 
 []

[6

] [7] [8]
File: figures/DiagrammeCasUtilisation.pdf Graphic file (type pdf)
<use figures/DiagrammeCasUtilisation.pdf>

Overfull \hbox (9723.74237pt too wide) in paragraph at lines 420--427
 [][][][] 
 []


LaTeX Warning: Float too large for page by 24.74776pt on input line 429.

[9] [10


] [11] [12

]
Chapitre 3.

Overfull \hbox (12.39548pt too wide) in paragraph at lines 495--495
|\TU/lmr/bx/n/24.88 Choix Technologiques et Architecture
 []

[13

]
LaTeX Font Info:    Font shape `TU/lmtt/bx/n' in size <12> not available
(Font)              Font shape `TU/lmtt/b/n' tried instead on input line 541.
 [14]
File: figures/DiagrammePackages.pdf Graphic file (type pdf)
<use figures/DiagrammePackages.pdf>

Overfull \hbox (2263.3249pt too wide) in paragraph at lines 576--584
 [][][][] 
 []


LaTeX Warning: Float too large for page by 16.29553pt on input line 586.

[15]
Overfull \hbox (10.99579pt too wide) in paragraph at lines 604--606
[]\TU/lmr/m/n/12 Le controller delegue au \TU/lmtt/m/n/12 ManageVehicleUseCase 
\TU/lmr/m/n/12 (application/ports/inbound). 
 []


Overfull \hbox (33.01578pt too wide) in paragraph at lines 611--614
[]\TU/lmr/m/n/12 L’adapter \TU/lmtt/m/n/12 VehicleR2dbcAdapter \TU/lmr/m/n/12 (
infrastructure/adapters/outbound/persistence)
 []


Overfull \hbox (8.40381pt too wide) in paragraph at lines 632--636
\TU/lmr/m/n/12 Chaque controller est annote \TU/lmtt/m/n/12 @RestController \TU
/lmr/m/n/12 et documente via \TU/lmtt/m/n/12 @Operation
 []

[16


]
Overfull \hbox (120.33157pt too wide) in paragraph at lines 652--655
\TU/lmr/m/n/12 Kafka en mode fire-and-forget. Le \TU/lmtt/m/n/12 KafkaEventPubl
isher \TU/lmr/m/n/12 utilise \TU/lmtt/m/n/12 ReactiveKafkaProducerTemplate
 []


Overfull \hbox (3.3342pt too wide) in paragraph at lines 656--660
\TU/lmr/m/n/12 externes (Auth, Kernel, maps/geocoding). Chaque adapter utilise 
\TU/lmtt/m/n/12 WebClient
 []

[17]
File: figures/DiagrammeComposants.pdf Graphic file (type pdf)
<use figures/DiagrammeComposants.pdf>

Overfull \hbox (484.39986pt too wide) in paragraph at lines 666--674
 [][][][] 
 []


LaTeX Warning: Float too large for page by 16.29553pt on input line 676.

[18]
Underfull \hbox (badness 10000) in paragraph at lines 708--708
[]|\TU/lmr/m/n/10.95 Circuit Brea-
 []


Underfull \hbox (badness 10000) in paragraph at lines 708--708
[]|\TU/lmr/m/n/10.95 Circuit Brea-
 []


Underfull \hbox (badness 10000) in paragraph at lines 708--708
[]|\TU/lmr/m/n/10.95 Circuit Brea-
 []


Underfull \hbox (badness 10000) in paragraph at lines 708--708
[]|\TU/lmr/m/n/10.95 Fire-and-
 []

[19


]
Chapitre 4.
[20

] [21] [22]
File: figures/DiagrammeClasses_Domaine.pdf Graphic file (type pdf)
<use figures/DiagrammeClasses_Domaine.pdf>


LaTeX Warning: Float too large for page by 16.29553pt on input line 843.

[23] [24


]
Overfull \hbox (83.13034pt too wide) in paragraph at lines 941--944
[]\TU/lmr/bx/n/12 ExternalServicePorts \TU/lmr/m/n/12 : \TU/lmtt/m/n/12 AuthSer
vicePort\TU/lmr/m/n/12 , \TU/lmtt/m/n/12 KernelServicePort\TU/lmr/m/n/12 , \TU/
lmtt/m/n/12 GeocodingServicePort\TU/lmr/m/n/12 .
 []

[25]
File: figures/DiagrammeClasses_Ports.pdf Graphic file (type pdf)
<use figures/DiagrammeClasses_Ports.pdf>

Overfull \hbox (6292.12143pt too wide) in paragraph at lines 950--961
 [][][][] 
 []


LaTeX Warning: Float too large for page by 16.29553pt on input line 963.

[26]
Underfull \hbox (badness 5817) in paragraph at lines 967--976
\TU/lmr/m/n/12 tuent les ports entrants : ce que le domaine offre. Les interfac
es
 []

[27


]
Overfull \hbox (16.30217pt too wide) in paragraph at lines 1047--1047
[]    \TU/lmtt/m/n/12 command: redis-server --maxmemory 512mb --maxmemory-polic
y allkeys-lru[] 
 []


Underfull \hbox (badness 10000) in paragraph at lines 1076--1076
[]|\TU/lmr/m/n/10.95 PostgreSQL
 []


Underfull \hbox (badness 10000) in paragraph at lines 1076--1076
[]|\TU/lmr/m/n/10.95 Kafka (parti-
 []


Underfull \hbox (badness 10000) in paragraph at lines 1076--1076
[]|\TU/lmr/m/n/10.95 Replicas
 []

[28] [29]
File: figures/DiagrammeDeploiement.pdf Graphic file (type pdf)
<use figures/DiagrammeDeploiement.pdf>

Overfull \hbox (189.67365pt too wide) in paragraph at lines 1083--1093
 [][][][] 
 []


LaTeX Warning: Float too large for page by 29.89554pt on input line 1095.

[30] [31


] [32

]
Chapitre 5.

Overfull \hbox (57.55844pt too wide) in paragraph at lines 1182--1184
[]\TU/lmr/bx/n/12 Cle publique \TU/lmr/m/n/12 : Distribuee aux services via end
point JWK (\TU/lmtt/m/n/12 /.well-known/jwks.json\TU/lmr/m/n/12 ). 
 []

[33

] [34]
File: figures/DiagrammeSequence_Auth.pdf Graphic file (type pdf)
<use figures/DiagrammeSequence_Auth.pdf>

Overfull \hbox (153.78009pt too wide) in paragraph at lines 1218--1231
 [][][][] 
 []


LaTeX Warning: Float too large for page by 43.49554pt on input line 1233.

[35] [36


] [37]

LaTeX Warning: Reference `alg:scoring' on page 38 undefined on input line 1367.


File: figures/DiagrammeEtats_Trip.pdf Graphic file (type pdf)
<use figures/DiagrammeEtats_Trip.pdf>
[38] [39]
Overfull \hbox (55.10245pt too wide) in paragraph at lines 1416--1419
[]\TU/lmr/bx/n/12 Kafka (streaming) \TU/lmr/m/n/12 : Tous les points GPS publie
s sur topic \TU/lmtt/m/n/12 fleetman.telemetry.gps
 []


Overfull \hbox (6.22325pt too wide) in paragraph at lines 1429--1429
|[]\TU/lmr/bx/n/17.28 Module Georeperage — Diagramme de sequence| 
 []

LaTeX Font Info:    Font shape `TU/lmtt/bx/n' in size <10.95> not available
(Font)              Font shape `TU/lmtt/b/n' tried instead on input line 1463.
[40]
Overfull \hbox (3.9422pt too wide) in paragraph at lines 1467--1467
[]    \TU/lmtt/m/n/12 (g.fence_type = 'INCLUSION' AND NOT ST_Contains(g.boundar
y, :point))[] 
 []


Overfull \hbox (55.57423pt too wide) in paragraph at lines 1473--1476
[]\TU/lmr/m/n/12 L’index spatial \TU/lmtt/m/n/12 CREATE INDEX idx_geofence_boun
dary ON geofences USING GIST(boundary)
 []

[41]
File: figures/DiagrammeSequence_GPS.pdf Graphic file (type pdf)
<use figures/DiagrammeSequence_GPS.pdf>

Overfull \hbox (391.28604pt too wide) in paragraph at lines 1499--1517
 [][][][] 
 []


LaTeX Warning: Float too large for page by 70.69556pt on input line 1519.

[42]
Underfull \hbox (badness 8151) in paragraph at lines 1523--1539
[]\TU/lmr/m/n/12 Apres reception de la telemetrie (1), l’application stocke les
 coor-
 []


Underfull \hbox (badness 6808) in paragraph at lines 1523--1539
\TU/lmr/m/n/12 donnees GPS dans Redis (2) pour un acces temps reel avec cle
 []


Underfull \hbox (badness 1783) in paragraph at lines 1523--1539
\TU/lmtt/m/n/12 vehicle:position:<vehicleId> \TU/lmr/m/n/12 et TTL de 5 minutes
. L’evenement est
 []

[43


]
Chapitre 6.

Overfull \hbox (11.67421pt too wide) in paragraph at lines 1590--1595
\TU/lmr/m/n/12 probleme corrige). Les champs \TU/lmtt/m/n/12 resolvedAt\TU/lmr/
m/n/12 , \TU/lmtt/m/n/12 resolvedBy\TU/lmr/m/n/12 , et \TU/lmtt/m/n/12 resoluti
onNotes
 []

[44

]
Overfull \hbox (37.11441pt too wide) in paragraph at lines 1615--1618
[]\TU/lmr/bx/n/12 Resolution obligatoire avant cloture \TU/lmr/m/n/12 : La tran
sition OPEN ou IN_PROGRESS
 []


Overfull \hbox (16.91035pt too wide) in paragraph at lines 1619--1622
[]\TU/lmr/bx/n/12 Horodatage automatique \TU/lmr/m/n/12 : Les champs \TU/lmtt/m
/n/12 openedAt\TU/lmr/m/n/12 , \TU/lmtt/m/n/12 assignedAt\TU/lmr/m/n/12 , \TU/l
mtt/m/n/12 resolvedAt\TU/lmr/m/n/12 ,
 []


Overfull \hbox (22.4822pt too wide) in paragraph at lines 1635--1635
[]      \TU/lmtt/m/n/12 throw new InvalidStateException("Cannot assign a resolv
ed incident");[] 
 []


Overfull \hbox (16.30219pt too wide) in paragraph at lines 1644--1644
[]      \TU/lmtt/m/n/12 throw new InvalidStateException("Cannot resolve a close
d incident");[] 
 []


Overfull \hbox (47.20213pt too wide) in paragraph at lines 1646--1646
[]    \TU/lmtt/m/n/12 if ((this.severity == HIGH || this.severity == CRITICAL) 
&& cost == null) {[] 
 []


Overfull \hbox (78.10219pt too wide) in paragraph at lines 1647--1647
[]      \TU/lmtt/m/n/12 throw new ValidationException("Cost is required for hig
h/critical incidents");[] 
 []

[45]
Overfull \hbox (65.74216pt too wide) in paragraph at lines 1657--1657
[]  \TU/lmtt/m/n/12 public boolean isCritical() { return severity == CRITICAL |
| severity == HIGH; }[] 
 []

File: figures/DiagrammeEtats_Incident.pdf Graphic file (type pdf)
<use figures/DiagrammeEtats_Incident.pdf>
[46] [47] [48] [49]
File: figures/DiagrammeSequence_Incident.pdf Graphic file (type pdf)
<use figures/DiagrammeSequence_Incident.pdf>

Overfull \hbox (114.42325pt too wide) in paragraph at lines 1779--1802
 [][][][] 
 []


LaTeX Warning: Float too large for page by 84.29556pt on input line 1804.

[50]
Overfull \hbox (200.7558pt too wide) in paragraph at lines 1835--1838
[]\TU/lmr/m/n/12 Le frontend demande des presigned URLs au backend via \TU/lmtt
/m/n/12 POST /api/v1/operations/incidents/photos/presign
 []

Runaway argument?
{enumerate> 
! Paragraph ended before \end  was complete.
<to be read again> 
                   \par 
l.1851 
       
I suspect you've forgotten a `}', causing me to apply this
control sequence to too much text. How can we recover?
My plan is to forget the whole thing and hope for the best.

[51


]
Chapitre 7.

Underfull \hbox (badness 4096) in paragraph at lines 1907--1907
[]|\TU/lmr/m/n/10.95 Supprimer affecta-
 []

[52

]
Overfull \hbox (6.07724pt too wide) in paragraph at lines 1922--1924
[]\TU/lmr/bx/n/12 Detection conflits conducteurs \TU/lmr/m/n/12 : Verification 
qu’aucun conduc-
 []


Overfull \hbox (6.56522pt too wide) in paragraph at lines 1925--1927
[]\TU/lmr/bx/n/12 Validation disponibilites \TU/lmr/m/n/12 : Tous les conducteu
rs affectes doivent
 []

File: figures/DiagrammeEtats_Schedule.pdf Graphic file (type pdf)
<use figures/DiagrammeEtats_Schedule.pdf>
[53] [54]
Overfull \hbox (60.8477pt too wide) in paragraph at lines 1996--1996
 []    \TU/lmtt/m/n/12 (start_datetime <= :startDatetime AND end_datetime > :st
artDatetime)[] 
 []


Overfull \hbox (54.6677pt too wide) in paragraph at lines 1997--1997
 []    \TU/lmtt/m/n/12 OR (start_datetime < :endDatetime AND end_datetime >= :e
ndDatetime)[] 
 []


Overfull \hbox (73.2077pt too wide) in paragraph at lines 1998--1998
 []    \TU/lmtt/m/n/12 OR (start_datetime >= :startDatetime AND end_datetime <=
 :endDatetime)[] 
 []

[55] [56]
File: figures/DiagrammeSequence_Conflits.pdf Graphic file (type pdf)
<use figures/DiagrammeSequence_Conflits.pdf>


LaTeX Warning: Float too large for page by 97.89557pt on input line 2059.

[57]
Underfull \hbox (badness 1158) in paragraph at lines 2063--2084
\TU/lmr/m/n/12 (1) Verification du vehicule : requete SQL sur les affectations
 []


Underfull \hbox (badness 2073) in paragraph at lines 2063--2084
\TU/lmr/m/n/12 actives (PENDING ou IN_PROGRESS) chevauchant la plage
 []


Underfull \hbox (badness 7308) in paragraph at lines 2063--2084
\TU/lmr/m/n/12 horaire demandee, utilisant un index partiel \TU/lmtt/m/n/12 CRE
ATE INDEX
 []


Underfull \hbox (badness 10000) in paragraph at lines 2063--2084
\TU/lmtt/m/n/12 idx_assignments_active_vehicle ON assignments(vehicle_id,
 []


Underfull \hbox (badness 10000) in paragraph at lines 2063--2084
\TU/lmtt/m/n/12 start_datetime, end_datetime) WHERE status IN ('PENDING',
 []


Overfull \hbox (24.4173pt too wide) in paragraph at lines 2091--2094
\TU/lmr/m/n/12 sont cached 5 minutes avec cle \TU/lmtt/m/n/12 conflict:<vehicle
Id>:<timestamp>\TU/lmr/m/n/12 .
 []


Overfull \hbox (3.25851pt too wide) in paragraph at lines 2095--2098
[]\TU/lmr/bx/n/12 Requetes paralleles \TU/lmr/m/n/12 : Les 4 verifications (con
flit vehicule, conflit
 []


Overfull \hbox (34.09584pt too wide) in paragraph at lines 2103--2106
[]\TU/lmr/bx/n/12 Index composites \TU/lmr/m/n/12 : Index sur (tenant_id, vehic
le_id, start_datetime)
 []

[58


]
Package hyperref Info: bookmark level for unknown algorithm defaults to 0 on in
put line 2114.
 [59]
Chapitre 8.

Overfull \hbox (21.91597pt too wide) in paragraph at lines 2142--2142
|[]\TU/lmr/bx/n/17.28 Job nocturne des documents — Diagramme
 []


Overfull \hbox (9.99709pt too wide) in paragraph at lines 2164--2165
[]\TU/lmr/bx/n/12 CRITICAL_7 \TU/lmr/m/n/12 : \TU/lmtt/m/n/12 expiryDate <= tod
ay + 7 jours \TU/lmr/m/n/12 (orange,
 []


Overfull \hbox (18.15709pt too wide) in paragraph at lines 2165--2166
[]\TU/lmr/bx/n/12 WARNING_15 \TU/lmr/m/n/12 : \TU/lmtt/m/n/12 expiryDate <= tod
ay + 15 jours \TU/lmr/m/n/12 (jaune,
 []

[60

]
Overfull \hbox (72.5852pt too wide) in paragraph at lines 2174--2177
[]\TU/lmr/bx/n/12 Envoi notifications \TU/lmr/m/n/12 : Publication d’evenements
 Kafka \TU/lmtt/m/n/12 DocumentExpiryAlert
 []


Overfull \hbox (18.38928pt too wide) in paragraph at lines 2174--2177
\TU/lmr/m/n/12 consommes par le service de notification pour envoi email/SMS/pu
sh
 []

[61] [62]
File: figures/DiagrammeSequence_JobDocuments.pdf Graphic file (type pdf)
<use figures/DiagrammeSequence_JobDocuments.pdf>

Overfull \hbox (118.82565pt too wide) in paragraph at lines 2224--2249
 [][][][] 
 []


LaTeX Warning: Float too large for page by 97.89557pt on input line 2251.

[63]
Underfull \hbox (badness 2277) in paragraph at lines 2255--2276
[]\TU/lmr/m/n/12 Le job s’execute avec \TU/lmtt/m/n/12 @Scheduled(cron="0 0 2 *
 * *") \TU/lmr/m/n/12 pour
 []


Underfull \hbox (badness 1210) in paragraph at lines 2255--2276
\TU/lmr/m/n/12 une execution quotidienne a 2h00 du matin (heure de charge
 []


Underfull \hbox (badness 1303) in paragraph at lines 2255--2276
\TU/lmr/m/n/12 (WARNING_15), J-7 (CRITICAL_7) et EXPIRED (expiration
 []


Underfull \hbox (badness 2460) in paragraph at lines 2255--2276
\TU/lmr/m/n/12 d’echec de notification. Les metriques Prometheus sont expo-
 []


Underfull \hbox (badness 1199) in paragraph at lines 2255--2276
\TU/lmr/m/n/12 sees pour le monitoring : \TU/lmtt/m/n/12 fleetman_documents_che
cked_total\TU/lmr/m/n/12 ,
 []


Underfull \hbox (badness 10000) in paragraph at lines 2255--2276
\TU/lmtt/m/n/12 fleetman_documents_expired_total\TU/lmr/m/n/12 ,
 []

[64


]

LaTeX Warning: Reference `fig:activity_kpi' on page 65 undefined on input line 
2306.


Overfull \hbox (1.11723pt too wide) in paragraph at lines 2327--2328
[]\TU/lmr/m/n/12 Cout kilometrique moyen (carburant + maintenance + amor-
 []

[65]
Overfull \hbox (85.5677pt too wide) in paragraph at lines 2366--2366
 []\TU/lmtt/m/n/12 public Mono<KpiSnapshot> computeDailyKpis(LocalDate date, St
ring tenantId) { 
 []


Overfull \hbox (5.2277pt too wide) in paragraph at lines 2367--2367
 []  \TU/lmtt/m/n/12 Mono<Long> totalTrips = tripRepo.countByDate(date, tenantI
d);[] 
 []


Overfull \hbox (73.2077pt too wide) in paragraph at lines 2368--2368
 []  \TU/lmtt/m/n/12 Mono<Double> totalDistance = tripRepo.sumDistanceByDate(da
te, tenantId);[] 
 []


Overfull \hbox (73.20772pt too wide) in paragraph at lines 2369--2369
 []  \TU/lmtt/m/n/12 Mono<BigDecimal> totalFuelCost = fuelRepo.sumCostByDate(da
te, tenantId);[] 
 []


Overfull \hbox (54.66771pt too wide) in paragraph at lines 2370--2370
 []  \TU/lmtt/m/n/12 Mono<Long> totalIncidents = incidentRepo.countByDate(date,
 tenantId);[] 
 []


Overfull \hbox (79.3877pt too wide) in paragraph at lines 2372--2372
 []  \TU/lmtt/m/n/12 return Mono.zip(totalTrips, totalDistance, totalFuelCost, 
totalIncidents)[] 
 []


Overfull \hbox (178.26772pt too wide) in paragraph at lines 2377--2377
 []      \TU/lmtt/m/n/12 snapshot.setAverageFuelCost(tuple.getT3().divide(BigDe
cimal.valueOf(tuple.getT2())));[] 
 []


Overfull \hbox (54.66768pt too wide) in paragraph at lines 2378--2378
 []      \TU/lmtt/m/n/12 snapshot.setIncidentRate(tuple.getT4() * 1000.0 / tupl
e.getT2());[] 
 []

[66]
Overfull \hbox (82.0199pt too wide) in paragraph at lines 2402--2405
[]\TU/lmr/bx/n/12 Materialised View \TU/lmr/m/n/12 : Une vue materialisee Postg
reSQL \TU/lmtt/m/n/12 mv_kpis_last_30_days
 []

File: figures/DiagrammeActivite_KPI.pdf Graphic file (type pdf)
<use figures/DiagrammeActivite_KPI.pdf>

LaTeX Warning: Float too large for page by 3.99582pt on input line 2432.

Runaway argument?
{lecture> 
! Paragraph ended before \end  was complete.
<to be read again> 
                   \par 
l.2460 
       
I suspect you've forgotten a `}', causing me to apply this
control sequence to too much text. How can we recover?
My plan is to forget the whole thing and hope for the best.


Underfull \hbox (badness 1314) in paragraph at lines 2435--2460
\TU/lmr/m/n/12 / distance_totale, consommation L/100km = litres / distance
 []


Underfull \hbox (badness 2443) in paragraph at lines 2435--2460
\TU/lmr/m/n/12 (histogram pour analyser les P50, P95, P99). Les KPIs cal-
 []


Underfull \hbox (badness 5036) in paragraph at lines 2435--2460
\TU/lmr/m/n/12 cules sont immediatement disponibles via l’API REST \TU/lmtt/m/n
/12 GET
 []


Underfull \hbox (badness 2644) in paragraph at lines 2435--2460
\TU/lmtt/m/n/12 /api/v1/kpis?granularity=DAILY&from=...&to=... \TU/lmr/m/n/12 a
vec cache
 []

Chapitre 9.

Underfull \hbox (badness 1270) in paragraph at lines 2561--2561
[]|\TU/lmr/m/n/10.95 Framework web reactif
 []


Underfull \hbox (badness 5036) in paragraph at lines 2561--2561
[]|\TU/lmr/m/n/10.95 Migrations de schema
 []


Underfull \hbox (badness 10000) in paragraph at lines 2561--2561
[]|\TU/lmr/m/n/10.95 Documentation Swag-
 []


Underfull \hbox (badness 10000) in paragraph at lines 2561--2561
[]|\TU/lmr/m/n/10.95 Framework frontend
 []


Underfull \hbox (badness 8170) in paragraph at lines 2561--2561
[]|\TU/lmr/m/n/10.95 Framework CSS utili-
 []


Overfull \hbox (59.70862pt too wide) in paragraph at lines 2593--2593
[]|\TU/lmtt/m/n/12 /api/v1/operations/maintenances| 
 []


Overfull \hbox (41.16861pt too wide) in paragraph at lines 2593--2593
[]|\TU/lmtt/m/n/12 /api/v1/operations/incidents| 
 []


Overfull \hbox (72.06862pt too wide) in paragraph at lines 2593--2593
[]|\TU/lmtt/m/n/12 /api/v1/operations/fuel-recharges| 
 []


Overfull \hbox (59.70862pt too wide) in paragraph at lines 2593--2593
[]|\TU/lmtt/m/n/12 /api/v1/vehicles/{id}/documents| 
 []


Overfull \hbox (53.52861pt too wide) in paragraph at lines 2593--2593
[]|\TU/lmtt/m/n/12 /api/v1/drivers/{id}/documents| 
 []


Underfull \hbox (badness 10000) in paragraph at lines 2593--2593
[]|\TU/lmtt/m/n/12 /api/v1/admin,
 []

Chapitre 10.

Underfull \hbox (badness 1509) in paragraph at lines 2600--2600
|\TU/lmr/bx/n/24.88 Integration au Kernel RT-
 []


Overfull \hbox (5.47536pt too wide) in paragraph at lines 2622--2622
[]|\TU/lmtt/m/n/12 organization-core| 
 []


Underfull \hbox (badness 10000) in paragraph at lines 2622--2622
[]|\TU/lmr/m/n/12 BaseEntity, Address,
 []


Underfull \hbox (badness 4899) in paragraph at lines 2622--2622
[]|\TU/lmr/m/n/12 Documents legaux centra-
 []


Overfull \hbox (6.32326pt too wide) in paragraph at lines 2643--2643
[]|\TU/lmr/bx/n/12 Phase| 
 []


Overfull \hbox (40.20525pt too wide) in paragraph at lines 2643--2643
[]|\TU/lmr/bx/n/12 Livrable| 
 []


Underfull \hbox (badness 10000) in paragraph at lines 2643--2643
[]|\TU/lmr/m/n/12 Enregistrement Clien-
 []


Overfull \hbox (40.82924pt too wide) in paragraph at lines 2643--2643
[]|\TU/lmr/m/n/12 FleetMan
 []


Overfull \hbox (5.41725pt too wide) in paragraph at lines 2643--2643
\TU/lmr/m/n/12 de-
 []


Overfull \hbox (15.86925pt too wide) in paragraph at lines 2643--2643
\TU/lmr/m/n/12 clare
 []


Overfull \hbox (15.28125pt too wide) in paragraph at lines 2643--2643
\TU/lmr/m/n/12 dans
 []


Overfull \hbox (12.59325pt too wide) in paragraph at lines 2643--2643
\TU/lmr/m/n/12 Ker-
 []


Overfull \hbox (6.72523pt too wide) in paragraph at lines 2643--2643
\TU/lmr/m/n/12 nel| 
 []


Overfull \hbox (17.88524pt too wide) in paragraph at lines 2643--2643
[]|\TU/lmr/m/n/12 JWT
 []


Overfull \hbox (24.23325pt too wide) in paragraph at lines 2643--2643
\TU/lmr/m/n/12 RS256
 []


Underfull \hbox (badness 10000) in paragraph at lines 2643--2643
\TU/lmr/m/n/12 +
 []


Overfull \hbox (25.64925pt too wide) in paragraph at lines 2643--2643
\TU/lmr/m/n/12 RBAC
 []


Overfull \hbox (10.00125pt too wide) in paragraph at lines 2643--2643
\TU/lmr/m/n/12 gra-
 []


Overfull \hbox (6.40125pt too wide) in paragraph at lines 2643--2643
\TU/lmr/m/n/12 nu-
 []


Overfull \hbox (13.91324pt too wide) in paragraph at lines 2643--2643
\TU/lmr/m/n/12 laire| 
 []


Overfull \hbox (27.52124pt too wide) in paragraph at lines 2643--2643
[]|\TU/lmr/m/n/12 Flottes
 []


Overfull \hbox (11.03325pt too wide) in paragraph at lines 2643--2643
\TU/lmr/m/n/12 syn-
 []


Overfull \hbox (15.54524pt too wide) in paragraph at lines 2643--2643
\TU/lmr/m/n/12 chro-
 []


Overfull \hbox (3.46124pt too wide) in paragraph at lines 2643--2643
\TU/lmr/m/n/12 ni-
 []


Overfull \hbox (11.41724pt too wide) in paragraph at lines 2643--2643
\TU/lmr/m/n/12 sees| 
 []


Overfull \hbox (39.41324pt too wide) in paragraph at lines 2643--2643
[]|\TU/lmr/m/n/12 Vehicules
 []


Overfull \hbox (15.28125pt too wide) in paragraph at lines 2643--2643
\TU/lmr/m/n/12 dans
 []


Overfull \hbox (12.59325pt too wide) in paragraph at lines 2643--2643
\TU/lmr/m/n/12 Ker-
 []


Overfull \hbox (6.72523pt too wide) in paragraph at lines 2643--2643
\TU/lmr/m/n/12 nel| 
 []


Overfull \hbox (56.40524pt too wide) in paragraph at lines 2643--2643
[]|\TU/lmr/m/n/12 Conducteurs
 []


Overfull \hbox (1.18124pt too wide) in paragraph at lines 2643--2643
\TU/lmr/m/n/12 et
 []


Overfull \hbox (24.08925pt too wide) in paragraph at lines 2643--2643
\TU/lmr/m/n/12 clients| 
 []


Overfull \hbox (49.06125pt too wide) in paragraph at lines 2643--2643
[]|\TU/lmr/m/n/12 Documents
 []


Overfull \hbox (1.18124pt too wide) in paragraph at lines 2643--2643
\TU/lmr/m/n/12 et
 []


Overfull \hbox (6.40125pt too wide) in paragraph at lines 2643--2643
\TU/lmr/m/n/12 nu-
 []


Overfull \hbox (8.68124pt too wide) in paragraph at lines 2643--2643
\TU/lmr/m/n/12 me-
 []


Overfull \hbox (4.12125pt too wide) in paragraph at lines 2643--2643
\TU/lmr/m/n/12 ro-
 []


Overfull \hbox (4.12125pt too wide) in paragraph at lines 2643--2643
\TU/lmr/m/n/12 ta-
 []


Overfull \hbox (11.95724pt too wide) in paragraph at lines 2643--2643
\TU/lmr/m/n/12 tion| 
 []


Underfull \hbox (badness 10000) in paragraph at lines 2643--2643
[]|\TU/lmr/m/n/12 common-core, finalisa-
 []


Overfull \hbox (22.78125pt too wide) in paragraph at lines 2643--2643
[]|\TU/lmr/m/n/12 Types
 []


Overfull \hbox (28.01324pt too wide) in paragraph at lines 2643--2643
\TU/lmr/m/n/12 alignes,
 []


Overfull \hbox (15.34125pt too wide) in paragraph at lines 2643--2643
\TU/lmr/m/n/12 tests
 []


Overfull \hbox (8.03325pt too wide) in paragraph at lines 2643--2643
\TU/lmr/m/n/12 e2e| 
 []


Underfull \hbox (badness 7379) in paragraph at lines 2672--2674
[]\TU/lmr/m/n/12 Les modules Depenses/Budget, Clients/Missions et
 []


Underfull \hbox (badness 1117) in paragraph at lines 2682--2683
[]\TU/lmr/m/n/12 Intelligence artificielle pour la prediction des mainte-
 []


LaTeX Warning: Empty bibliography on input line 2689.


! LaTeX Error: \begin{tcb@savebox} on input line 2435 ended by \end{document}.

See the LaTeX manual or LaTeX Companion for explanation.
Type  H <return>  for immediate help.
 ...                                              
                                                  
l.2691 \end{document}
                     
Your command was ignored.
Type  I <command> <return>  to replace it with another command,
or  <return>  to continue without it.

(./rapport_analyse_conception.aux)
 ***********
LaTeX2e <2023-11-01> patch level 1
L3 programming layer <2024-01-22>
 ***********


LaTeX Font Warning: Some font shapes were not available, defaults substituted.


LaTeX Warning: There were undefined references.


LaTeX Warning: Label(s) may have changed. Rerun to get cross-references right.

Package rerunfilecheck Info: File `rapport_analyse_conception.out' has not chan
ged.
(rerunfilecheck)             Checksum: B4EEC226EE659825387EAA3D9E4F4994;19935.

Package biblatex Warning: Please (re)run Biber on the file:
(biblatex)                rapport_analyse_conception
(biblatex)                and rerun LaTeX afterwards.

Package logreq Info: Writing requests to 'rapport_analyse_conception.run.xml'.
\openout1 = `rapport_analyse_conception.run.xml'.

! You can't use `\end' in internal vertical mode.
\enddocument ...cument/end}\deadcycles \z@ \@@end 
                                                  
l.2691 \end{document}
                     
Sorry, but I'm not programmed to handle this case;
I'll just pretend that you didn't ask for it.
If you're in the wrong mode, you might be able to
return to the right one by typing `I}' or `I$' or `I\par'.


! LaTeX Error: \begin{tcb@savebox} on input line 2435 ended by \end{document}.

See the LaTeX manual or LaTeX Companion for explanation.
Type  H <return>  for immediate help.
 ...                                              
                                                  
l.2691 \end{document}
                     
Your command was ignored.
Type  I <command> <return>  to replace it with another command,
or  <return>  to continue without it.

)
! Emergency stop.
<*> rapport_analyse_conception.tex
                                  
*** (job aborted, no legal \end found)

 
Here is how much of TeX's memory you used:
 42005 strings out of 474878
 892170 string characters out of 5762516
 1967627 words of memory out of 5000000
 63429 multiletter control sequences out of 15000+600000
 564806 words of font info for 84 fonts, out of 8000000 for 9000
 1348 hyphenation exceptions out of 8191
 84i,17n,117p,1630b,5424s stack positions out of 10000i,1000n,20000p,200000b,200000s
Output written on rapport_analyse_conception.pdf (78 pages).
