This is XeTeX, Version 3.141592653-2.6-0.999995 (TeX Live 2023/Debian) (preloaded format=xelatex 2026.1.21)  28 MAY 2026 21:59
entering extended mode
 restricted \write18 enabled.
 %&-line parsing enabled.
**cahier_analyse_conception.tex
(./cahier_analyse_conception.tex
LaTeX2e <2023-11-01> patch level 1
L3 programming layer <2024-01-22>
(/usr/share/texlive/texmf-dist/tex/latex/base/report.cls
Document Class: report 2023/05/17 v1.4n Standard LaTeX document class
(/usr/share/texlive/texmf-dist/tex/latex/base/size12.clo
File: size12.clo 2023/05/17 v1.4n Standard LaTeX file (size option)
)
\c@part=\count183
\c@chapter=\count184
\c@section=\count185
\c@subsection=\count186
\c@subsubsection=\count187
\c@paragraph=\count188
\c@subparagraph=\count189
\c@figure=\count190
\c@table=\count191
\abovecaptionskip=\skip48
\belowcaptionskip=\skip49
\bibindent=\dimen140
)
(/usr/share/texlive/texmf-dist/tex/latex/fontspec/fontspec.sty
(/usr/share/texlive/texmf-dist/tex/latex/l3packages/xparse/xparse.sty
(/usr/share/texlive/texmf-dist/tex/latex/l3kernel/expl3.sty
Package: expl3 2024-01-22 L3 programming layer (loader) 

(/usr/share/texlive/texmf-dist/tex/latex/l3backend/l3backend-xetex.def
File: l3backend-xetex.def 2024-01-04 L3 backend support: XeTeX
\g__graphics_track_int=\count192
\l__pdf_internal_box=\box51
\g__pdf_backend_object_int=\count193
\g__pdf_backend_annotation_int=\count194
\g__pdf_backend_link_int=\count195
))
Package: xparse 2023-10-10 L3 Experimental document command parser
)
Package: fontspec 2022/01/15 v2.8a Font selection for XeLaTeX and LuaLaTeX

(/usr/share/texlive/texmf-dist/tex/latex/fontspec/fontspec-xetex.sty
Package: fontspec-xetex 2022/01/15 v2.8a Font selection for XeLaTeX and LuaLaTe
X
\l__fontspec_script_int=\count196
\l__fontspec_language_int=\count197
\l__fontspec_strnum_int=\count198
\l__fontspec_tmp_int=\count199
\l__fontspec_tmpa_int=\count266
\l__fontspec_tmpb_int=\count267
\l__fontspec_tmpc_int=\count268
\l__fontspec_em_int=\count269
\l__fontspec_emdef_int=\count270
\l__fontspec_strong_int=\count271
\l__fontspec_strongdef_int=\count272
\l__fontspec_tmpa_dim=\dimen141
\l__fontspec_tmpb_dim=\dimen142
\l__fontspec_tmpc_dim=\dimen143

(/usr/share/texlive/texmf-dist/tex/latex/base/fontenc.sty
Package: fontenc 2021/04/29 v2.0v Standard LaTeX package
)
(/usr/share/texlive/texmf-dist/tex/latex/fontspec/fontspec.cfg)))
(/usr/share/texlive/texmf-dist/tex/latex/polyglossia/polyglossia.sty
Package: polyglossia 2023/12/11 v1.66 Modern multilingual typesetting with XeLa
TeX and LuaLaTeX

(/usr/share/texlive/texmf-dist/tex/latex/etoolbox/etoolbox.sty
Package: etoolbox 2020/10/05 v2.5k e-TeX tools for LaTeX (JAW)
\etb@tempcnta=\count273
)
(/usr/share/texlive/texmf-dist/tex/latex/xkeyval/xkeyval.sty
Package: xkeyval 2022/06/16 v2.9 package option processing (HA)

(/usr/share/texlive/texmf-dist/tex/generic/xkeyval/xkeyval.tex
(/usr/share/texlive/texmf-dist/tex/generic/xkeyval/xkvutils.tex
\XKV@toks=\toks17
\XKV@tempa@toks=\toks18

(/usr/share/texlive/texmf-dist/tex/generic/xkeyval/keyval.tex))
\XKV@depth=\count274
File: xkeyval.tex 2014/12/03 v2.7a key=value parser (HA)
))
(/usr/share/texlive/texmf-dist/tex/generic/iftex/iftex.sty
Package: iftex 2022/02/03 v1.0f TeX engine tests
)
\xpg@normalclass=\XeTeXcharclass1

(/usr/share/texlive/texmf-dist/tex/latex/polyglossia/gloss-latex.lde
Package: gloss-latex 2023/12/11 v1.66 polyglossia: module for default language
)
Package polyglossia Info: Default language is latex.
)
(/usr/share/texlive/texmf-dist/tex/latex/polyglossia/gloss-french.ldf
File: gloss-french.ldf polyglossia: module for French
\french@openbrackets=\XeTeXcharclass2
\french@closebrackets=\XeTeXcharclass3
\french@questionexclamation=\XeTeXcharclass4
\french@punctthin=\XeTeXcharclass5
\french@punctthick=\XeTeXcharclass6
\french@punctguillstart=\XeTeXcharclass7
\french@punctguillend=\XeTeXcharclass8
Package polyglossia Info: Option: French, variant=french.
)
Package polyglossia Info: Default language is french.

(/usr/share/texlive/texmf-dist/tex/latex/geometry/geometry.sty
Package: geometry 2020/01/02 v5.9 Page Geometry

(/usr/share/texlive/texmf-dist/tex/generic/iftex/ifvtex.sty
Package: ifvtex 2019/10/25 v1.7 ifvtex legacy package. Use iftex instead.
)
\Gm@cnth=\count275
\Gm@cntv=\count276
\c@Gm@tempcnt=\count277
\Gm@bindingoffset=\dimen144
\Gm@wd@mp=\dimen145
\Gm@odd@mp=\dimen146
\Gm@even@mp=\dimen147
\Gm@layoutwidth=\dimen148
\Gm@layoutheight=\dimen149
\Gm@layouthoffset=\dimen150
\Gm@layoutvoffset=\dimen151
\Gm@dimlist=\toks19
)
(/usr/share/texlive/texmf-dist/tex/latex/setspace/setspace.sty
Package: setspace 2022/12/04 v6.7b set line spacing
)
(/usr/share/texlive/texmf-dist/tex/latex/microtype/microtype.sty
Package: microtype 2023/03/13 v3.1a Micro-typographical refinements (RS)
\MT@toks=\toks20
\MT@tempbox=\box52
\MT@count=\count278
LaTeX Info: Redefining \noprotrusionifhmode on input line 1059.
LaTeX Info: Redefining \leftprotrusion on input line 1060.
\MT@prot@toks=\toks21
LaTeX Info: Redefining \rightprotrusion on input line 1078.
LaTeX Info: Redefining \textls on input line 1368.
\MT@outer@kern=\dimen152
LaTeX Info: Redefining \textmicrotypecontext on input line 1988.
\MT@listname@count=\count279

(/usr/share/texlive/texmf-dist/tex/latex/microtype/microtype-xetex.def
File: microtype-xetex.def 2023/03/13 v3.1a Definitions specific to xetex (RS)
LaTeX Info: Redefining \lsstyle on input line 238.
)
Package microtype Info: Loading configuration file microtype.cfg.

(/usr/share/texlive/texmf-dist/tex/latex/microtype/microtype.cfg
File: microtype.cfg 2023/03/13 v3.1a microtype main configuration file (RS)
))
(/usr/share/texlive/texmf-dist/tex/latex/parskip/parskip.sty
Package: parskip 2021-03-14 v2.0h non-zero parskip adjustments

(/usr/share/texlive/texmf-dist/tex/latex/kvoptions/kvoptions.sty
Package: kvoptions 2022-06-15 v3.15 Key value format for package options (HO)

(/usr/share/texlive/texmf-dist/tex/generic/ltxcmds/ltxcmds.sty
Package: ltxcmds 2023-12-04 v1.26 LaTeX kernel commands for general use (HO)
)
(/usr/share/texlive/texmf-dist/tex/latex/kvsetkeys/kvsetkeys.sty
Package: kvsetkeys 2022-10-05 v1.19 Key value parser (HO)
)))
(/usr/share/texlive/texmf-dist/tex/latex/xcolor/xcolor.sty
Package: xcolor 2023/11/15 v3.01 LaTeX color extensions (UK)

(/usr/share/texlive/texmf-dist/tex/latex/graphics-cfg/color.cfg
File: color.cfg 2016/01/02 v1.6 sample color configuration
)
Package xcolor Info: Driver file: xetex.def on input line 274.

(/usr/share/texlive/texmf-dist/tex/latex/graphics-def/xetex.def
File: xetex.def 2022/09/22 v5.0n Graphics/color driver for xetex
)
(/usr/share/texlive/texmf-dist/tex/latex/graphics/mathcolor.ltx)
Package xcolor Info: Model `cmy' substituted by `cmy0' on input line 1350.
Package xcolor Info: Model `RGB' extended on input line 1366.
Package xcolor Info: Model `HTML' substituted by `rgb' on input line 1368.
Package xcolor Info: Model `Hsb' substituted by `hsb' on input line 1369.
Package xcolor Info: Model `tHsb' substituted by `hsb' on input line 1370.
Package xcolor Info: Model `HSB' substituted by `hsb' on input line 1371.
Package xcolor Info: Model `Gray' substituted by `gray' on input line 1372.
Package xcolor Info: Model `wave' substituted by `hsb' on input line 1373.
)
(/usr/share/texlive/texmf-dist/tex/latex/graphics/dvipsnam.def
File: dvipsnam.def 2016/06/17 v3.0m Driver-dependent file (DPC,SPQR)
)
(/usr/share/texlive/texmf-dist/tex/latex/colortbl/colortbl.sty
Package: colortbl 2022/06/20 v1.0f Color table columns (DPC)

(/usr/share/texlive/texmf-dist/tex/latex/tools/array.sty
Package: array 2023/10/16 v2.5g Tabular extension package (FMi)
\col@sep=\dimen153
\ar@mcellbox=\box53
\extrarowheight=\dimen154
\NC@list=\toks22
\extratabsurround=\skip50
\backup@length=\skip51
\ar@cellbox=\box54
)
\everycr=\toks23
\minrowclearance=\skip52
\rownum=\count280
)
(/usr/share/texlive/texmf-dist/tex/latex/graphics/graphicx.sty
Package: graphicx 2021/09/16 v1.2d Enhanced LaTeX Graphics (DPC,SPQR)

(/usr/share/texlive/texmf-dist/tex/latex/graphics/graphics.sty
Package: graphics 2022/03/10 v1.4e Standard LaTeX Graphics (DPC,SPQR)

(/usr/share/texlive/texmf-dist/tex/latex/graphics/trig.sty
Package: trig 2021/08/11 v1.11 sin cos tan (DPC)
)
(/usr/share/texlive/texmf-dist/tex/latex/graphics-cfg/graphics.cfg
File: graphics.cfg 2016/06/04 v1.11 sample graphics configuration
)
Package graphics Info: Driver file: xetex.def on input line 107.
)
\Gin@req@height=\dimen155
\Gin@req@width=\dimen156
)
(/usr/share/texlive/texmf-dist/tex/latex/pgf/frontendlayer/tikz.sty
(/usr/share/texlive/texmf-dist/tex/latex/pgf/basiclayer/pgf.sty
(/usr/share/texlive/texmf-dist/tex/latex/pgf/utilities/pgfrcs.sty
(/usr/share/texlive/texmf-dist/tex/generic/pgf/utilities/pgfutil-common.tex
\pgfutil@everybye=\toks24
\pgfutil@tempdima=\dimen157
\pgfutil@tempdimb=\dimen158
)
(/usr/share/texlive/texmf-dist/tex/generic/pgf/utilities/pgfutil-latex.def
\pgfutil@abb=\box55
)
(/usr/share/texlive/texmf-dist/tex/generic/pgf/utilities/pgfrcs.code.tex
(/usr/share/texlive/texmf-dist/tex/generic/pgf/pgf.revision.tex)
Package: pgfrcs 2023-01-15 v3.1.10 (3.1.10)
))
Package: pgf 2023-01-15 v3.1.10 (3.1.10)

(/usr/share/texlive/texmf-dist/tex/latex/pgf/basiclayer/pgfcore.sty
(/usr/share/texlive/texmf-dist/tex/latex/pgf/systemlayer/pgfsys.sty
(/usr/share/texlive/texmf-dist/tex/generic/pgf/systemlayer/pgfsys.code.tex
Package: pgfsys 2023-01-15 v3.1.10 (3.1.10)

(/usr/share/texlive/texmf-dist/tex/generic/pgf/utilities/pgfkeys.code.tex
\pgfkeys@pathtoks=\toks25
\pgfkeys@temptoks=\toks26

(/usr/share/texlive/texmf-dist/tex/generic/pgf/utilities/pgfkeyslibraryfiltered
.code.tex
\pgfkeys@tmptoks=\toks27
))
\pgf@x=\dimen159
\pgf@y=\dimen160
\pgf@xa=\dimen161
\pgf@ya=\dimen162
\pgf@xb=\dimen163
\pgf@yb=\dimen164
\pgf@xc=\dimen165
\pgf@yc=\dimen166
\pgf@xd=\dimen167
\pgf@yd=\dimen168
\w@pgf@writea=\write3
\r@pgf@reada=\read2
\c@pgf@counta=\count281
\c@pgf@countb=\count282
\c@pgf@countc=\count283
\c@pgf@countd=\count284
\t@pgf@toka=\toks28
\t@pgf@tokb=\toks29
\t@pgf@tokc=\toks30
\pgf@sys@id@count=\count285
 (/usr/share/texlive/texmf-dist/tex/generic/pgf/systemlayer/pgf.cfg
File: pgf.cfg 2023-01-15 v3.1.10 (3.1.10)
)
Driver file for pgf: pgfsys-xetex.def
(/usr/share/texlive/texmf-dist/tex/generic/pgf/systemlayer/pgfsys-xetex.def
File: pgfsys-xetex.def 2023-01-15 v3.1.10 (3.1.10)

(/usr/share/texlive/texmf-dist/tex/generic/pgf/systemlayer/pgfsys-dvipdfmx.def
File: pgfsys-dvipdfmx.def 2023-01-15 v3.1.10 (3.1.10)

(/usr/share/texlive/texmf-dist/tex/generic/pgf/systemlayer/pgfsys-common-pdf.de
f
File: pgfsys-common-pdf.def 2023-01-15 v3.1.10 (3.1.10)
)
\pgfsys@objnum=\count286
)))
(/usr/share/texlive/texmf-dist/tex/generic/pgf/systemlayer/pgfsyssoftpath.code.
tex
File: pgfsyssoftpath.code.tex 2023-01-15 v3.1.10 (3.1.10)
\pgfsyssoftpath@smallbuffer@items=\count287
\pgfsyssoftpath@bigbuffer@items=\count288
)
(/usr/share/texlive/texmf-dist/tex/generic/pgf/systemlayer/pgfsysprotocol.code.
tex
File: pgfsysprotocol.code.tex 2023-01-15 v3.1.10 (3.1.10)
))
(/usr/share/texlive/texmf-dist/tex/generic/pgf/basiclayer/pgfcore.code.tex
Package: pgfcore 2023-01-15 v3.1.10 (3.1.10)

(/usr/share/texlive/texmf-dist/tex/generic/pgf/math/pgfmath.code.tex
(/usr/share/texlive/texmf-dist/tex/generic/pgf/math/pgfmathutil.code.tex)
(/usr/share/texlive/texmf-dist/tex/generic/pgf/math/pgfmathparser.code.tex
\pgfmath@dimen=\dimen169
\pgfmath@count=\count289
\pgfmath@box=\box56
\pgfmath@toks=\toks31
\pgfmath@stack@operand=\toks32
\pgfmath@stack@operation=\toks33
)
(/usr/share/texlive/texmf-dist/tex/generic/pgf/math/pgfmathfunctions.code.tex)
(/usr/share/texlive/texmf-dist/tex/generic/pgf/math/pgfmathfunctions.basic.code
.tex)
(/usr/share/texlive/texmf-dist/tex/generic/pgf/math/pgfmathfunctions.trigonomet
ric.code.tex)
(/usr/share/texlive/texmf-dist/tex/generic/pgf/math/pgfmathfunctions.random.cod
e.tex)
(/usr/share/texlive/texmf-dist/tex/generic/pgf/math/pgfmathfunctions.comparison
.code.tex)
(/usr/share/texlive/texmf-dist/tex/generic/pgf/math/pgfmathfunctions.base.code.
tex)
(/usr/share/texlive/texmf-dist/tex/generic/pgf/math/pgfmathfunctions.round.code
.tex)
(/usr/share/texlive/texmf-dist/tex/generic/pgf/math/pgfmathfunctions.misc.code.
tex)
(/usr/share/texlive/texmf-dist/tex/generic/pgf/math/pgfmathfunctions.integerari
thmetics.code.tex)
(/usr/share/texlive/texmf-dist/tex/generic/pgf/math/pgfmathcalc.code.tex)
(/usr/share/texlive/texmf-dist/tex/generic/pgf/math/pgfmathfloat.code.tex
\c@pgfmathroundto@lastzeros=\count290
))
(/usr/share/texlive/texmf-dist/tex/generic/pgf/math/pgfint.code.tex)
(/usr/share/texlive/texmf-dist/tex/generic/pgf/basiclayer/pgfcorepoints.code.te
x
File: pgfcorepoints.code.tex 2023-01-15 v3.1.10 (3.1.10)
\pgf@picminx=\dimen170
\pgf@picmaxx=\dimen171
\pgf@picminy=\dimen172
\pgf@picmaxy=\dimen173
\pgf@pathminx=\dimen174
\pgf@pathmaxx=\dimen175
\pgf@pathminy=\dimen176
\pgf@pathmaxy=\dimen177
\pgf@xx=\dimen178
\pgf@xy=\dimen179
\pgf@yx=\dimen180
\pgf@yy=\dimen181
\pgf@zx=\dimen182
\pgf@zy=\dimen183
)
(/usr/share/texlive/texmf-dist/tex/generic/pgf/basiclayer/pgfcorepathconstruct.
code.tex
File: pgfcorepathconstruct.code.tex 2023-01-15 v3.1.10 (3.1.10)
\pgf@path@lastx=\dimen184
\pgf@path@lasty=\dimen185
)
(/usr/share/texlive/texmf-dist/tex/generic/pgf/basiclayer/pgfcorepathusage.code
.tex
File: pgfcorepathusage.code.tex 2023-01-15 v3.1.10 (3.1.10)
\pgf@shorten@end@additional=\dimen186
\pgf@shorten@start@additional=\dimen187
)
(/usr/share/texlive/texmf-dist/tex/generic/pgf/basiclayer/pgfcorescopes.code.te
x
File: pgfcorescopes.code.tex 2023-01-15 v3.1.10 (3.1.10)
\pgfpic=\box57
\pgf@hbox=\box58
\pgf@layerbox@main=\box59
\pgf@picture@serial@count=\count291
)
(/usr/share/texlive/texmf-dist/tex/generic/pgf/basiclayer/pgfcoregraphicstate.c
ode.tex
File: pgfcoregraphicstate.code.tex 2023-01-15 v3.1.10 (3.1.10)
\pgflinewidth=\dimen188
)
(/usr/share/texlive/texmf-dist/tex/generic/pgf/basiclayer/pgfcoretransformation
s.code.tex
File: pgfcoretransformations.code.tex 2023-01-15 v3.1.10 (3.1.10)
\pgf@pt@x=\dimen189
\pgf@pt@y=\dimen190
\pgf@pt@temp=\dimen191
)
(/usr/share/texlive/texmf-dist/tex/generic/pgf/basiclayer/pgfcorequick.code.tex
File: pgfcorequick.code.tex 2023-01-15 v3.1.10 (3.1.10)
)
(/usr/share/texlive/texmf-dist/tex/generic/pgf/basiclayer/pgfcoreobjects.code.t
ex
File: pgfcoreobjects.code.tex 2023-01-15 v3.1.10 (3.1.10)
)
(/usr/share/texlive/texmf-dist/tex/generic/pgf/basiclayer/pgfcorepathprocessing
.code.tex
File: pgfcorepathprocessing.code.tex 2023-01-15 v3.1.10 (3.1.10)
)
(/usr/share/texlive/texmf-dist/tex/generic/pgf/basiclayer/pgfcorearrows.code.te
x
File: pgfcorearrows.code.tex 2023-01-15 v3.1.10 (3.1.10)
\pgfarrowsep=\dimen192
)
(/usr/share/texlive/texmf-dist/tex/generic/pgf/basiclayer/pgfcoreshade.code.tex
File: pgfcoreshade.code.tex 2023-01-15 v3.1.10 (3.1.10)
\pgf@max=\dimen193
\pgf@sys@shading@range@num=\count292
\pgf@shadingcount=\count293
)
(/usr/share/texlive/texmf-dist/tex/generic/pgf/basiclayer/pgfcoreimage.code.tex
File: pgfcoreimage.code.tex 2023-01-15 v3.1.10 (3.1.10)
)
(/usr/share/texlive/texmf-dist/tex/generic/pgf/basiclayer/pgfcoreexternal.code.
tex
File: pgfcoreexternal.code.tex 2023-01-15 v3.1.10 (3.1.10)
\pgfexternal@startupbox=\box60
)
(/usr/share/texlive/texmf-dist/tex/generic/pgf/basiclayer/pgfcorelayers.code.te
x
File: pgfcorelayers.code.tex 2023-01-15 v3.1.10 (3.1.10)
)
(/usr/share/texlive/texmf-dist/tex/generic/pgf/basiclayer/pgfcoretransparency.c
ode.tex
File: pgfcoretransparency.code.tex 2023-01-15 v3.1.10 (3.1.10)
)
(/usr/share/texlive/texmf-dist/tex/generic/pgf/basiclayer/pgfcorepatterns.code.
tex
File: pgfcorepatterns.code.tex 2023-01-15 v3.1.10 (3.1.10)
)
(/usr/share/texlive/texmf-dist/tex/generic/pgf/basiclayer/pgfcorerdf.code.tex
File: pgfcorerdf.code.tex 2023-01-15 v3.1.10 (3.1.10)
)))
(/usr/share/texlive/texmf-dist/tex/generic/pgf/modules/pgfmoduleshapes.code.tex
File: pgfmoduleshapes.code.tex 2023-01-15 v3.1.10 (3.1.10)
\pgfnodeparttextbox=\box61
) (/usr/share/texlive/texmf-dist/tex/generic/pgf/modules/pgfmoduleplot.code.tex
File: pgfmoduleplot.code.tex 2023-01-15 v3.1.10 (3.1.10)
)
(/usr/share/texlive/texmf-dist/tex/latex/pgf/compatibility/pgfcomp-version-0-65
.sty
Package: pgfcomp-version-0-65 2023-01-15 v3.1.10 (3.1.10)
\pgf@nodesepstart=\dimen194
\pgf@nodesepend=\dimen195
)
(/usr/share/texlive/texmf-dist/tex/latex/pgf/compatibility/pgfcomp-version-1-18
.sty
Package: pgfcomp-version-1-18 2023-01-15 v3.1.10 (3.1.10)
)) (/usr/share/texlive/texmf-dist/tex/latex/pgf/utilities/pgffor.sty
(/usr/share/texlive/texmf-dist/tex/latex/pgf/utilities/pgfkeys.sty
(/usr/share/texlive/texmf-dist/tex/generic/pgf/utilities/pgfkeys.code.tex))
(/usr/share/texlive/texmf-dist/tex/latex/pgf/math/pgfmath.sty
(/usr/share/texlive/texmf-dist/tex/generic/pgf/math/pgfmath.code.tex))
(/usr/share/texlive/texmf-dist/tex/generic/pgf/utilities/pgffor.code.tex
Package: pgffor 2023-01-15 v3.1.10 (3.1.10)
\pgffor@iter=\dimen196
\pgffor@skip=\dimen197
\pgffor@stack=\toks34
\pgffor@toks=\toks35
))
(/usr/share/texlive/texmf-dist/tex/generic/pgf/frontendlayer/tikz/tikz.code.tex
Package: tikz 2023-01-15 v3.1.10 (3.1.10)

(/usr/share/texlive/texmf-dist/tex/generic/pgf/libraries/pgflibraryplothandlers
.code.tex
File: pgflibraryplothandlers.code.tex 2023-01-15 v3.1.10 (3.1.10)
\pgf@plot@mark@count=\count294
\pgfplotmarksize=\dimen198
)
\tikz@lastx=\dimen199
\tikz@lasty=\dimen256
\tikz@lastxsaved=\dimen257
\tikz@lastysaved=\dimen258
\tikz@lastmovetox=\dimen259
\tikz@lastmovetoy=\dimen260
\tikzleveldistance=\dimen261
\tikzsiblingdistance=\dimen262
\tikz@figbox=\box62
\tikz@figbox@bg=\box63
\tikz@tempbox=\box64
\tikz@tempbox@bg=\box65
\tikztreelevel=\count295
\tikznumberofchildren=\count296
\tikznumberofcurrentchild=\count297
\tikz@fig@count=\count298

(/usr/share/texlive/texmf-dist/tex/generic/pgf/modules/pgfmodulematrix.code.tex
File: pgfmodulematrix.code.tex 2023-01-15 v3.1.10 (3.1.10)
\pgfmatrixcurrentrow=\count299
\pgfmatrixcurrentcolumn=\count300
\pgf@matrix@numberofcolumns=\count301
)
\tikz@expandcount=\count302

(/usr/share/texlive/texmf-dist/tex/generic/pgf/frontendlayer/tikz/libraries/tik
zlibrarytopaths.code.tex
File: tikzlibrarytopaths.code.tex 2023-01-15 v3.1.10 (3.1.10)
)))
(/usr/share/texlive/texmf-dist/tex/generic/pgf/frontendlayer/tikz/libraries/tik
zlibraryshapes.geometric.code.tex
File: tikzlibraryshapes.geometric.code.tex 2023-01-15 v3.1.10 (3.1.10)

(/usr/share/texlive/texmf-dist/tex/generic/pgf/libraries/shapes/pgflibraryshape
s.geometric.code.tex
File: pgflibraryshapes.geometric.code.tex 2023-01-15 v3.1.10 (3.1.10)
))
(/usr/share/texlive/texmf-dist/tex/generic/pgf/libraries/pgflibraryarrows.meta.
code.tex
File: pgflibraryarrows.meta.code.tex 2023-01-15 v3.1.10 (3.1.10)
\pgfarrowinset=\dimen263
\pgfarrowlength=\dimen264
\pgfarrowwidth=\dimen265
\pgfarrowlinewidth=\dimen266
)
(/usr/share/texlive/texmf-dist/tex/generic/pgf/frontendlayer/tikz/libraries/tik
zlibrarypositioning.code.tex
File: tikzlibrarypositioning.code.tex 2023-01-15 v3.1.10 (3.1.10)
)
(/usr/share/texlive/texmf-dist/tex/generic/pgf/frontendlayer/tikz/libraries/tik
zlibraryfit.code.tex
File: tikzlibraryfit.code.tex 2023-01-15 v3.1.10 (3.1.10)
)
(/usr/share/texlive/texmf-dist/tex/generic/pgf/frontendlayer/tikz/libraries/tik
zlibrarybackgrounds.code.tex
File: tikzlibrarybackgrounds.code.tex 2023-01-15 v3.1.10 (3.1.10)
\pgf@layerbox@background=\box66
\pgf@layerboxsaved@background=\box67
)
(/usr/share/texlive/texmf-dist/tex/generic/pgf/frontendlayer/tikz/libraries/tik
zlibrarycalc.code.tex
File: tikzlibrarycalc.code.tex 2023-01-15 v3.1.10 (3.1.10)
)
(/usr/share/texlive/texmf-dist/tex/latex/booktabs/booktabs.sty
Package: booktabs 2020/01/12 v1.61803398 Publication quality tables
\heavyrulewidth=\dimen267
\lightrulewidth=\dimen268
\cmidrulewidth=\dimen269
\belowrulesep=\dimen270
\belowbottomsep=\dimen271
\aboverulesep=\dimen272
\abovetopsep=\dimen273
\cmidrulesep=\dimen274
\cmidrulekern=\dimen275
\defaultaddspace=\dimen276
\@cmidla=\count303
\@cmidlb=\count304
\@aboverulesep=\dimen277
\@belowrulesep=\dimen278
\@thisruleclass=\count305
\@lastruleclass=\count306
\@thisrulewidth=\dimen279
)
(/usr/share/texlive/texmf-dist/tex/latex/tools/longtable.sty
Package: longtable 2023-11-01 v4.19 Multi-page Table package (DPC)
\LTleft=\skip53
\LTright=\skip54
\LTpre=\skip55
\LTpost=\skip56
\LTchunksize=\count307
\LTcapwidth=\dimen280
\LT@head=\box68
\LT@firsthead=\box69
\LT@foot=\box70
\LT@lastfoot=\box71
\LT@gbox=\box72
\LT@cols=\count308
\LT@rows=\count309
\c@LT@tables=\count310
\c@LT@chunks=\count311
\LT@p@ftn=\toks36
)
(/usr/share/texlive/texmf-dist/tex/latex/tools/tabularx.sty
Package: tabularx 2023/07/08 v2.11c `tabularx' package (DPC)
\TX@col@width=\dimen281
\TX@old@table=\dimen282
\TX@old@col=\dimen283
\TX@target=\dimen284
\TX@delta=\dimen285
\TX@cols=\count312
\TX@ftn=\toks37
)
(/usr/share/texlive/texmf-dist/tex/latex/multirow/multirow.sty
Package: multirow 2021/03/15 v2.8 Span multiple rows of a table
\multirow@colwidth=\skip57
\multirow@cntb=\count313
\multirow@dima=\skip58
\bigstrutjot=\dimen286
)
(/usr/share/texlive/texmf-dist/tex/latex/listings/listings.sty
\lst@mode=\count314
\lst@gtempboxa=\box73
\lst@token=\toks38
\lst@length=\count315
\lst@currlwidth=\dimen287
\lst@column=\count316
\lst@pos=\count317
\lst@lostspace=\dimen288
\lst@width=\dimen289
\lst@newlines=\count318
\lst@lineno=\count319
\lst@maxwidth=\dimen290

(/usr/share/texlive/texmf-dist/tex/latex/listings/lstmisc.sty
File: lstmisc.sty 2023/02/27 1.9 (Carsten Heinz)
\c@lstnumber=\count320
\lst@skipnumbers=\count321
\lst@framebox=\box74
)
(/usr/share/texlive/texmf-dist/tex/latex/listings/listings.cfg
File: listings.cfg 2023/02/27 1.9 listings configuration
))
Package: listings 2023/02/27 1.9 (Carsten Heinz)

(/usr/share/texlive/texmf-dist/tex/latex/lstaddons/lstautogobble.sty
Package: lstautogobble 2012/05/03 v0.1 Implements 'autogobble' option for 'list
ings'
\lstag@spacecount=\count322
)
(/usr/share/texlive/texmf-dist/tex/latex/hyperref/hyperref.sty
Package: hyperref 2024-01-20 v7.01h Hypertext links for LaTeX

(/usr/share/texlive/texmf-dist/tex/generic/kvdefinekeys/kvdefinekeys.sty
Package: kvdefinekeys 2019-12-19 v1.6 Define keys (HO)
)
(/usr/share/texlive/texmf-dist/tex/generic/pdfescape/pdfescape.sty
Package: pdfescape 2019/12/09 v1.15 Implements pdfTeX's escape features (HO)

(/usr/share/texlive/texmf-dist/tex/generic/pdftexcmds/pdftexcmds.sty
Package: pdftexcmds 2020-06-27 v0.33 Utility functions of pdfTeX for LuaTeX (HO
)

(/usr/share/texlive/texmf-dist/tex/generic/infwarerr/infwarerr.sty
Package: infwarerr 2019/12/03 v1.5 Providing info/warning/error messages (HO)
)
Package pdftexcmds Info: \pdf@primitive is available.
Package pdftexcmds Info: \pdf@ifprimitive is available.
Package pdftexcmds Info: \pdfdraftmode not found.
))
(/usr/share/texlive/texmf-dist/tex/latex/hycolor/hycolor.sty
Package: hycolor 2020-01-27 v1.10 Color options for hyperref/bookmark (HO)
)
(/usr/share/texlive/texmf-dist/tex/latex/auxhook/auxhook.sty
Package: auxhook 2019-12-17 v1.6 Hooks for auxiliary files (HO)
)
(/usr/share/texlive/texmf-dist/tex/latex/hyperref/nameref.sty
Package: nameref 2023-11-26 v2.56 Cross-referencing by name of section

(/usr/share/texlive/texmf-dist/tex/latex/refcount/refcount.sty
Package: refcount 2019/12/15 v3.6 Data extraction from label references (HO)
)
(/usr/share/texlive/texmf-dist/tex/generic/gettitlestring/gettitlestring.sty
Package: gettitlestring 2019/12/15 v1.6 Cleanup title references (HO)
)
\c@section@level=\count323
)
\@linkdim=\dimen291
\Hy@linkcounter=\count324
\Hy@pagecounter=\count325

(/usr/share/texlive/texmf-dist/tex/latex/hyperref/pd1enc.def
File: pd1enc.def 2024-01-20 v7.01h Hyperref: PDFDocEncoding definition (HO)
)
(/usr/share/texlive/texmf-dist/tex/generic/intcalc/intcalc.sty
Package: intcalc 2019/12/15 v1.3 Expandable calculations with integers (HO)
)
\Hy@SavedSpaceFactor=\count326

(/usr/share/texlive/texmf-dist/tex/latex/hyperref/puenc.def
File: puenc.def 2024-01-20 v7.01h Hyperref: PDF Unicode definition (HO)
)
Package hyperref Info: Hyper figures OFF on input line 4179.
Package hyperref Info: Link nesting OFF on input line 4184.
Package hyperref Info: Hyper index ON on input line 4187.
Package hyperref Info: Plain pages OFF on input line 4194.
Package hyperref Info: Backreferencing OFF on input line 4199.
Package hyperref Info: Implicit mode ON; LaTeX internals redefined.
Package hyperref Info: Bookmarks ON on input line 4446.
\c@Hy@tempcnt=\count327

(/usr/share/texlive/texmf-dist/tex/latex/url/url.sty
\Urlmuskip=\muskip16
Package: url 2013/09/16  ver 3.4  Verb mode for urls, etc.
)
LaTeX Info: Redefining \url on input line 4784.
\XeTeXLinkMargin=\dimen292

(/usr/share/texlive/texmf-dist/tex/generic/bitset/bitset.sty
Package: bitset 2019/12/09 v1.3 Handle bit-vector datatype (HO)

(/usr/share/texlive/texmf-dist/tex/generic/bigintcalc/bigintcalc.sty
Package: bigintcalc 2019/12/15 v1.5 Expandable calculations on big integers (HO
)
))
\Fld@menulength=\count328
\Field@Width=\dimen293
\Fld@charsize=\dimen294
Package hyperref Info: Hyper figures OFF on input line 6063.
Package hyperref Info: Link nesting OFF on input line 6068.
Package hyperref Info: Hyper index ON on input line 6071.
Package hyperref Info: backreferencing OFF on input line 6078.
Package hyperref Info: Link coloring OFF on input line 6083.
Package hyperref Info: Link coloring with OCG OFF on input line 6088.
Package hyperref Info: PDF/A mode OFF on input line 6093.

(/usr/share/texlive/texmf-dist/tex/latex/base/atbegshi-ltx.sty
Package: atbegshi-ltx 2021/01/10 v1.0c Emulation of the original atbegshi
package with kernel methods
)
\Hy@abspage=\count329
\c@Item=\count330
\c@Hfootnote=\count331
)
Package hyperref Info: Driver (autodetected): hxetex.

(/usr/share/texlive/texmf-dist/tex/latex/hyperref/hxetex.def
File: hxetex.def 2024-01-20 v7.01h Hyperref driver for XeTeX

(/usr/share/texlive/texmf-dist/tex/generic/stringenc/stringenc.sty
Package: stringenc 2019/11/29 v1.12 Convert strings between diff. encodings (HO
)
)
\pdfm@box=\box75
\c@Hy@AnnotLevel=\count332
\HyField@AnnotCount=\count333
\Fld@listcount=\count334
\c@bookmark@seq@number=\count335

(/usr/share/texlive/texmf-dist/tex/latex/rerunfilecheck/rerunfilecheck.sty
Package: rerunfilecheck 2022-07-10 v1.10 Rerun checks for auxiliary files (HO)

(/usr/share/texlive/texmf-dist/tex/latex/base/atveryend-ltx.sty
Package: atveryend-ltx 2020/08/19 v1.0a Emulation of the original atveryend pac
kage
with kernel methods
)
(/usr/share/texlive/texmf-dist/tex/generic/uniquecounter/uniquecounter.sty
Package: uniquecounter 2019/12/15 v1.4 Provide unlimited unique counter (HO)
)
Package uniquecounter Info: New unique counter `rerunfilecheck' on input line 2
85.
)
\Hy@SectionHShift=\skip59
)
(/usr/share/texlive/texmf-dist/tex/latex/amsmath/amsmath.sty
Package: amsmath 2023/05/13 v2.17o AMS math features
\@mathmargin=\skip60

For additional information on amsmath, use the `?' option.
(/usr/share/texlive/texmf-dist/tex/latex/amsmath/amstext.sty
Package: amstext 2021/08/26 v2.01 AMS text

(/usr/share/texlive/texmf-dist/tex/latex/amsmath/amsgen.sty
File: amsgen.sty 1999/11/30 v2.0 generic functions
\@emptytoks=\toks39
\ex@=\dimen295
))
(/usr/share/texlive/texmf-dist/tex/latex/amsmath/amsbsy.sty
Package: amsbsy 1999/11/29 v1.2d Bold Symbols
\pmbraise@=\dimen296
)
(/usr/share/texlive/texmf-dist/tex/latex/amsmath/amsopn.sty
Package: amsopn 2022/04/08 v2.04 operator names
)
\inf@bad=\count336
LaTeX Info: Redefining \frac on input line 234.
\uproot@=\count337
\leftroot@=\count338
LaTeX Info: Redefining \overline on input line 399.
LaTeX Info: Redefining \colon on input line 410.
\classnum@=\count339
\DOTSCASE@=\count340
LaTeX Info: Redefining \ldots on input line 496.
LaTeX Info: Redefining \dots on input line 499.
LaTeX Info: Redefining \cdots on input line 620.
\Mathstrutbox@=\box76
\strutbox@=\box77
LaTeX Info: Redefining \big on input line 722.
LaTeX Info: Redefining \Big on input line 723.
LaTeX Info: Redefining \bigg on input line 724.
LaTeX Info: Redefining \Bigg on input line 725.
\big@size=\dimen297
LaTeX Font Info:    Redeclaring font encoding OML on input line 743.
LaTeX Font Info:    Redeclaring font encoding OMS on input line 744.
\macc@depth=\count341
LaTeX Info: Redefining \bmod on input line 905.
LaTeX Info: Redefining \pmod on input line 910.
LaTeX Info: Redefining \smash on input line 940.
LaTeX Info: Redefining \relbar on input line 970.
LaTeX Info: Redefining \Relbar on input line 971.
\c@MaxMatrixCols=\count342
\dotsspace@=\muskip17
\c@parentequation=\count343
\dspbrk@lvl=\count344
\tag@help=\toks40
\row@=\count345
\column@=\count346
\maxfields@=\count347
\andhelp@=\toks41
\eqnshift@=\dimen298
\alignsep@=\dimen299
\tagshift@=\dimen300
\tagwidth@=\dimen301
\totwidth@=\dimen302
\lineht@=\dimen303
\@envbody=\toks42
\multlinegap=\skip61
\multlinetaggap=\skip62
\mathdisplay@stack=\toks43
LaTeX Info: Redefining \[ on input line 2953.
LaTeX Info: Redefining \] on input line 2954.
)
(/usr/share/texlive/texmf-dist/tex/latex/cleveref/cleveref.sty
Package: cleveref 2018/03/27 v0.21.4 Intelligent cross-referencing
Package cleveref Info: `hyperref' support loaded on input line 2370.
LaTeX Info: Redefining \cref on input line 2370.
LaTeX Info: Redefining \Cref on input line 2370.
LaTeX Info: Redefining \crefrange on input line 2370.
LaTeX Info: Redefining \Crefrange on input line 2370.
LaTeX Info: Redefining \cpageref on input line 2370.
LaTeX Info: Redefining \Cpageref on input line 2370.
LaTeX Info: Redefining \cpagerefrange on input line 2370.
LaTeX Info: Redefining \Cpagerefrange on input line 2370.
LaTeX Info: Redefining \labelcref on input line 2370.
LaTeX Info: Redefining \labelcpageref on input line 2370.
Package cleveref Info: `listings' support loaded on input line 3131.
)
(/usr/share/texlive/texmf-dist/tex/latex/fancyhdr/fancyhdr.sty
Package: fancyhdr 2022/11/09 v4.1 Extensive control of page headers and footers

\f@nch@headwidth=\skip63
\f@nch@O@elh=\skip64
\f@nch@O@erh=\skip65
\f@nch@O@olh=\skip66
\f@nch@O@orh=\skip67
\f@nch@O@elf=\skip68
\f@nch@O@erf=\skip69
\f@nch@O@olf=\skip70
\f@nch@O@orf=\skip71
)
(/usr/share/texlive/texmf-dist/tex/latex/emptypage/emptypage.sty
Package: emptypage 2010/05/30 v1.2 Suppress page numbers and headings on empty 
pages
)
(/usr/share/texlive/texmf-dist/tex/latex/tcolorbox/tcolorbox.sty
Package: tcolorbox 2024/01/10 version 6.2.0 text color boxes

(/usr/share/texlive/texmf-dist/tex/latex/tools/verbatim.sty
Package: verbatim 2023-11-06 v1.5v LaTeX2e package for verbatim enhancements
\every@verbatim=\toks44
\verbatim@line=\toks45
\verbatim@in@stream=\read3
)
(/usr/share/texlive/texmf-dist/tex/latex/environ/environ.sty
Package: environ 2014/05/04 v0.3 A new way to define environments

(/usr/share/texlive/texmf-dist/tex/latex/trimspaces/trimspaces.sty
Package: trimspaces 2009/09/17 v1.1 Trim spaces around a token list
))
\tcb@titlebox=\box78
\tcb@upperbox=\box79
\tcb@lowerbox=\box80
\tcb@phantombox=\box81
\c@tcbbreakpart=\count348
\c@tcblayer=\count349
\c@tcolorbox@number=\count350
\l__tcobox_tmpa_box=\box82
\l__tcobox_tmpa_dim=\dimen304
\tcb@temp=\box83
\tcb@temp=\box84
\tcb@temp=\box85
\tcb@temp=\box86
)
(/usr/share/texlive/texmf-dist/tex/latex/tcolorbox/tcbskins.code.tex
Library (tcolorbox): 'tcbskins.code.tex' version '6.2.0'
(/usr/share/texlive/texmf-dist/tex/latex/tikzfill/tikzfill.image.sty
Package: tikzfill.image 2023/08/08 v1.0.1 Image filling library for TikZ

(/usr/share/texlive/texmf-dist/tex/latex/tikzfill/tikzfill-common.sty
Package: tikzfill-common 2023/08/08 v1.0.1 Auxiliary code for tikzfill
)
(/usr/share/texlive/texmf-dist/tex/latex/tikzfill/tikzlibraryfill.image.code.te
x
File: tikzlibraryfill.image.code.tex 2023/08/08 v1.0.1 Image filling library
\l__tikzfill_img_box=\box87
)) (/usr/share/texlive/texmf-dist/tex/latex/tcolorbox/tcbskinsjigsaw.code.tex
Library (tcolorbox): 'tcbskinsjigsaw.code.tex' version '6.2.0'
)) (/usr/share/texlive/texmf-dist/tex/latex/tcolorbox/tcbbreakable.code.tex
Library (tcolorbox): 'tcbbreakable.code.tex' version '6.2.0'
(/usr/share/texlive/texmf-dist/tex/latex/pdfcol/pdfcol.sty
Package: pdfcol 2022-09-21 v1.7 Handle new color stacks for pdfTeX (HO)
Package pdfcol Info: Interface disabled because of missing PDF mode of pdfTeX.
)
Package pdfcol Info: pdfTeX's color stacks are not available.
\tcb@testbox=\box88
\tcb@totalupperbox=\box89
\tcb@totallowerbox=\box90
)
(/usr/share/texlive/texmf-dist/tex/latex/tcolorbox/tcblistings.code.tex
Library (tcolorbox): 'tcblistings.code.tex' version '6.2.0'
(/usr/share/texlive/texmf-dist/tex/latex/tcolorbox/tcblistingscore.code.tex
Library (tcolorbox): 'tcblistingscore.code.tex' version '6.2.0'
(/usr/share/texlive/texmf-dist/tex/latex/tcolorbox/tcbprocessing.code.tex
Library (tcolorbox): 'tcbprocessing.code.tex' version '6.2.0'
)
\c@tcblisting=\count351
)) (/usr/share/texlive/texmf-dist/tex/latex/enumitem/enumitem.sty
Package: enumitem 2019/06/20 v3.9 Customized lists
\enitkv@toks@=\toks46
\labelindent=\skip72
\enit@outerparindent=\dimen305
\enit@toks=\toks47
\enit@inbox=\box91
\enit@count@id=\count352
\enitdp@description=\count353
)
(/usr/share/texlive/texmf-dist/tex/latex/titlesec/titlesec.sty
Package: titlesec 2023/10/27 v2.16 Sectioning titles
\ttl@box=\box92
\beforetitleunit=\skip73
\aftertitleunit=\skip74
\ttl@plus=\dimen306
\ttl@minus=\dimen307
\ttl@toksa=\toks48
\titlewidth=\dimen308
\titlewidthlast=\dimen309
\titlewidthfirst=\dimen310
)
(/usr/share/texlive/texmf-dist/tex/latex/psnfss/pifont.sty
Package: pifont 2020/03/25 PSNFSS-v9.3 Pi font support (SPQR) 
LaTeX Font Info:    Trying to load font information for U+pzd on input line 63.


(/usr/share/texlive/texmf-dist/tex/latex/psnfss/upzd.fd
File: upzd.fd 2001/06/04 font definitions for U/pzd.
)
LaTeX Font Info:    Trying to load font information for U+psy on input line 64.


(/usr/share/texlive/texmf-dist/tex/latex/psnfss/upsy.fd
File: upsy.fd 2001/06/04 font definitions for U/psy.
))
(./cahier_analyse_conception.aux)
\openout1 = `cahier_analyse_conception.aux'.

LaTeX Font Info:    Checking defaults for OML/cmm/m/it on input line 176.
LaTeX Font Info:    ... okay on input line 176.
LaTeX Font Info:    Checking defaults for OMS/cmsy/m/n on input line 176.
LaTeX Font Info:    ... okay on input line 176.
LaTeX Font Info:    Checking defaults for OT1/cmr/m/n on input line 176.
LaTeX Font Info:    ... okay on input line 176.
LaTeX Font Info:    Checking defaults for T1/cmr/m/n on input line 176.
LaTeX Font Info:    ... okay on input line 176.
LaTeX Font Info:    Checking defaults for TS1/cmr/m/n on input line 176.
LaTeX Font Info:    Trying to load font information for TS1+cmr on input line 1
76.

(/usr/share/texlive/texmf-dist/tex/latex/base/ts1cmr.fd
File: ts1cmr.fd 2023/04/13 v2.5m Standard LaTeX font definitions
)
LaTeX Font Info:    ... okay on input line 176.
LaTeX Font Info:    Checking defaults for TU/lmr/m/n on input line 176.
LaTeX Font Info:    ... okay on input line 176.
LaTeX Font Info:    Checking defaults for OMX/cmex/m/n on input line 176.
LaTeX Font Info:    ... okay on input line 176.
LaTeX Font Info:    Checking defaults for U/cmr/m/n on input line 176.
LaTeX Font Info:    ... okay on input line 176.
LaTeX Font Info:    Checking defaults for PD1/pdf/m/n on input line 176.
LaTeX Font Info:    ... okay on input line 176.
LaTeX Font Info:    Checking defaults for PU/pdf/m/n on input line 176.
LaTeX Font Info:    ... okay on input line 176.

Package fontspec Info: Adjusting the maths setup (use [no-math] to avoid
(fontspec)             this).

\symlegacymaths=\mathgroup4
LaTeX Font Info:    Overwriting symbol font `legacymaths' in version `bold'
(Font)                  OT1/cmr/m/n --> OT1/cmr/bx/n on input line 176.
LaTeX Font Info:    Redeclaring math accent \acute on input line 176.
LaTeX Font Info:    Redeclaring math accent \grave on input line 176.
LaTeX Font Info:    Redeclaring math accent \ddot on input line 176.
LaTeX Font Info:    Redeclaring math accent \tilde on input line 176.
LaTeX Font Info:    Redeclaring math accent \bar on input line 176.
LaTeX Font Info:    Redeclaring math accent \breve on input line 176.
LaTeX Font Info:    Redeclaring math accent \check on input line 176.
LaTeX Font Info:    Redeclaring math accent \hat on input line 176.
LaTeX Font Info:    Redeclaring math accent \dot on input line 176.
LaTeX Font Info:    Redeclaring math accent \mathring on input line 176.
LaTeX Font Info:    Redeclaring math symbol \Gamma on input line 176.
LaTeX Font Info:    Redeclaring math symbol \Delta on input line 176.
LaTeX Font Info:    Redeclaring math symbol \Theta on input line 176.
LaTeX Font Info:    Redeclaring math symbol \Lambda on input line 176.
LaTeX Font Info:    Redeclaring math symbol \Xi on input line 176.
LaTeX Font Info:    Redeclaring math symbol \Pi on input line 176.
LaTeX Font Info:    Redeclaring math symbol \Sigma on input line 176.
LaTeX Font Info:    Redeclaring math symbol \Upsilon on input line 176.
LaTeX Font Info:    Redeclaring math symbol \Phi on input line 176.
LaTeX Font Info:    Redeclaring math symbol \Psi on input line 176.
LaTeX Font Info:    Redeclaring math symbol \Omega on input line 176.
LaTeX Font Info:    Redeclaring math symbol \mathdollar on input line 176.
LaTeX Font Info:    Redeclaring symbol font `operators' on input line 176.
LaTeX Font Info:    Encoding `OT1' has changed to `TU' for symbol font
(Font)              `operators' in the math version `normal' on input line 176.

LaTeX Font Info:    Overwriting symbol font `operators' in version `normal'
(Font)                  OT1/cmr/m/n --> TU/lmr/m/n on input line 176.
LaTeX Font Info:    Encoding `OT1' has changed to `TU' for symbol font
(Font)              `operators' in the math version `bold' on input line 176.
LaTeX Font Info:    Overwriting symbol font `operators' in version `bold'
(Font)                  OT1/cmr/bx/n --> TU/lmr/m/n on input line 176.
LaTeX Font Info:    Overwriting symbol font `operators' in version `normal'
(Font)                  TU/lmr/m/n --> TU/lmr/m/n on input line 176.
LaTeX Font Info:    Overwriting math alphabet `\mathit' in version `normal'
(Font)                  OT1/cmr/m/it --> TU/lmr/m/it on input line 176.
LaTeX Font Info:    Overwriting math alphabet `\mathbf' in version `normal'
(Font)                  OT1/cmr/bx/n --> TU/lmr/b/n on input line 176.
LaTeX Font Info:    Overwriting math alphabet `\mathsf' in version `normal'
(Font)                  OT1/cmss/m/n --> TU/lmss/m/n on input line 176.
LaTeX Font Info:    Overwriting math alphabet `\mathtt' in version `normal'
(Font)                  OT1/cmtt/m/n --> TU/lmtt/m/n on input line 176.
LaTeX Font Info:    Overwriting symbol font `operators' in version `bold'
(Font)                  TU/lmr/m/n --> TU/lmr/b/n on input line 176.
LaTeX Font Info:    Overwriting math alphabet `\mathit' in version `bold'
(Font)                  OT1/cmr/bx/it --> TU/lmr/b/it on input line 176.
LaTeX Font Info:    Overwriting math alphabet `\mathsf' in version `bold'
(Font)                  OT1/cmss/bx/n --> TU/lmss/b/n on input line 176.
LaTeX Font Info:    Overwriting math alphabet `\mathtt' in version `bold'
(Font)                  OT1/cmtt/m/n --> TU/lmtt/b/n on input line 176.

*geometry* driver: auto-detecting
*geometry* detected driver: xetex
*geometry* verbose mode - [ preamble ] result:
* driver: xetex
* paper: a4paper
* layout: <same size as paper>
* layoutoffset:(h,v)=(0.0pt,0.0pt)
* modes: 
* h-part:(L,W,R)=(85.35826pt, 441.01773pt, 71.13188pt)
* v-part:(T,H,B)=(71.13188pt, 702.78308pt, 71.13188pt)
* \paperwidth=597.50787pt
* \paperheight=845.04684pt
* \textwidth=441.01773pt
* \textheight=702.78308pt
* \oddsidemargin=13.08827pt
* \evensidemargin=13.08827pt
* \topmargin=-38.1381pt
* \headheight=15.0pt
* \headsep=25.0pt
* \topskip=12.0pt
* \footskip=30.0pt
* \marginparwidth=35.0pt
* \marginparsep=10.0pt
* \columnsep=10.0pt
* \skip\footins=10.8pt plus 4.0pt minus 2.0pt
* \hoffset=0.0pt
* \voffset=0.0pt
* \mag=1000
* \@twocolumnfalse
* \@twosidefalse
* \@mparswitchfalse
* \@reversemarginfalse
* (1in=72.27pt=25.4mm, 1cm=28.453pt)

LaTeX Info: Redefining \microtypecontext on input line 176.
Package microtype Info: Applying patch `item' on input line 176.
Package microtype Info: Applying patch `toc' on input line 176.
Package microtype Info: Applying patch `eqnum' on input line 176.
Package microtype Info: Applying patch `footnote' on input line 176.
Package microtype Info: Applying patch `verbatim' on input line 176.
Package microtype Info: Character protrusion enabled (level 2).
Package microtype Info: Using default protrusion set `alltext'.
Package microtype Info: No adjustment of tracking.
Package microtype Info: No adjustment of spacing.
Package microtype Info: No adjustment of kerning.
(/usr/share/texlive/texmf-dist/tex/latex/microtype/mt-LatinModernRoman.cfg
File: mt-LatinModernRoman.cfg 2021/02/21 v1.1 microtype config. file: Latin Mod
ern Roman (RS)
)
\c@lstlisting=\count354
Package hyperref Info: Link coloring OFF on input line 176.

(./cahier_analyse_conception.out) (./cahier_analyse_conception.out)
\@outlinefile=\write4
\openout4 = `cahier_analyse_conception.out'.

LaTeX Info: Redefining \rmfamily on input line 176.
LaTeX Info: Redefining \sffamily on input line 176.
LaTeX Info: Redefining \ttfamily on input line 176.

(/usr/share/texlive/texmf-dist/tex/latex/microtype/mt-cmr.cfg
File: mt-cmr.cfg 2013/05/19 v2.2 microtype config. file: Computer Modern Roman 
(RS)
) [1

]
(./cahier_analyse_conception.toc
LaTeX Info: Redefining \rmfamily on input line 2.
LaTeX Info: Redefining \sffamily on input line 2.
LaTeX Info: Redefining \ttfamily on input line 2.
 [1

] [2])
\tf@toc=\write5
\openout5 = `cahier_analyse_conception.toc'.

 [3]
Overfull \hbox (3.09442pt too wide) in alignment at lines 238--242
 [] [] [] [] [] 
 []


Underfull \hbox (badness 1694) in paragraph at lines 244--244
[]|\TU/lmr/m/n/12 Conformité légale et alertes
 []


Underfull \hbox (badness 3168) in paragraph at lines 245--245
[]|\TU/lmr/m/n/12 Pilotage de la performance
 []


Underfull \hbox (badness 10000) in paragraph at lines 246--246
[]|[]\TU/lmr/bx/n/12 P2 —
 []


Underfull \hbox (badness 10000) in paragraph at lines 247--247
[]|\TU/lmr/m/n/12 Sécurité routière et éco-
 []


Underfull \hbox (badness 10000) in paragraph at lines 247--247
[]|[]\TU/lmr/bx/n/12 P2 —
 []


Underfull \hbox (badness 5091) in paragraph at lines 248--248
[]|\TU/lmr/m/n/12 Maintenance Préven-
 []


Underfull \hbox (badness 10000) in paragraph at lines 248--248
[]|[]\TU/lmr/bx/n/12 P2 —
 []


Underfull \hbox (badness 10000) in paragraph at lines 249--249
[]|[]\TU/lmr/bx/n/12 P3 —
 []


Underfull \hbox (badness 10000) in paragraph at lines 250--250
[]|[]\TU/lmr/bx/n/12 P3 —
 []


Underfull \hbox (badness 1484) in paragraph at lines 252--252
[]\TU/lmr/m/sc/12 Tab. \TU/lmr/m/n/12 1 : Vue d’ensemble des 8 modules proposés

 []


Overfull \hbox (3.09442pt too wide) in alignment at lines 242--253
 [] [] [] [] [] 
 []

[4

] [5]
Chapitre 1.

Overfull \hbox (2.36887pt too wide) in paragraph at lines 260--260
|\TU/lmr/bx/n/24.88 Exigences Globales du Système Éten-
 []

Package microtype Info: Loading generic protrusion settings for font family
(microtype)             `lmtt' (encoding: TU).
(microtype)             For optimal results, create family-specific settings.
(microtype)             See the microtype manual for details.

Overfull \hbox (1.03537pt too wide) in paragraph at lines 301--301
[]|\TU/lmr/m/n/12 Internationalisation| 
 []

[6

]
Underfull \hbox (badness 10000) in paragraph at lines 316--317
[]|\TU/lmr/m/n/12 Affectations véhicule-
 []


Underfull \hbox (badness 1735) in paragraph at lines 317--318
[]|\TU/lmr/m/n/12 Documents légaux des véhi-
 []


Underfull \hbox (badness 4181) in paragraph at lines 320--321
[]|\TU/lmr/m/n/12 Instantanés de KPIs pério-
 []


Overfull \hbox (6.05623pt too wide) in paragraph at lines 321--321
[]|\TU/lmtt/m/n/12 fleet.expense_categories| 
 []

[7] [8]
Chapitre 2.
[9

] (/usr/share/texlive/texmf-dist/tex/latex/listings/lstlang1.sty
File: lstlang1.sty 2023/02/27 1.9 listings language file
)
Package hyperref Info: bookmark level for unknown lstlisting defaults to 0 on i
nput line 371.
LaTeX Font Info:    Font shape `TU/lmtt/bx/n' in size <10> not available
(Font)              Font shape `TU/lmtt/b/n' tried instead on input line 373.
LaTeX Font Info:    Font shape `TU/lmtt/bx/n' in size <10.95> not available
(Font)              Font shape `TU/lmtt/b/n' tried instead on input line 400.
 [10]
Overfull \hbox (9.82088pt too wide) in paragraph at lines 423--423
[]|\TU/lmr/bx/n/12 Méthode| 
 []


Overfull \hbox (6.10088pt too wide) in paragraph at lines 430--430
[]|\TU/lmr/m/n/12 DELETE| 
 []


Overfull \hbox (6.6371pt too wide) in paragraph at lines 434--434
[]|\TU/lmtt/m/n/12 /api/v1/assignments/{id}/status| 
 []


Overfull \hbox (44.78812pt too wide) in paragraph at lines 434--434
[]|\TU/lmr/m/n/12 MANAGER/DRIVER| 
 []


Overfull \hbox (43.7171pt too wide) in paragraph at lines 435--435
[]|\TU/lmtt/m/n/12 /api/v1/assignments/driver/{id}/today| 
 []


Overfull \hbox (93.1571pt too wide) in paragraph at lines 436--436
[]|\TU/lmtt/m/n/12 /api/v1/assignments/vehicle/{id}/availability| 
 []

[11]
Chapitre 3.
[12

] [13]
Overfull \hbox (9.82088pt too wide) in paragraph at lines 552--552
[]|\TU/lmr/bx/n/12 Méthode| 
 []


Overfull \hbox (41.85072pt too wide) in paragraph at lines 557--557
[]|\TU/lmtt/m/n/12 /api/v1/vehicles/{id}/documents/{docId}| 
 []


Overfull \hbox (6.10088pt too wide) in paragraph at lines 558--558
[]|\TU/lmr/m/n/12 DELETE| 
 []


Overfull \hbox (41.85072pt too wide) in paragraph at lines 558--558
[]|\TU/lmtt/m/n/12 /api/v1/vehicles/{id}/documents/{docId}| 
 []


Overfull \hbox (17.13072pt too wide) in paragraph at lines 562--562
[]|\TU/lmtt/m/n/12 /api/v1/documents/compliance-report| 
 []

[14] [15]
Chapitre 4.

Underfull \hbox (badness 1953) in paragraph at lines 591--591
[]|\TU/lmr/m/n/12 Véhicules disponibles
 []


Underfull \hbox (badness 10000) in paragraph at lines 593--593
[]|\TU/lmr/m/n/12 Dépenses totales /
 []


Underfull \hbox (badness 10000) in paragraph at lines 594--594
[]|\TU/lmr/bx/n/12 Consommation
 []


Underfull \hbox (badness 10000) in paragraph at lines 596--596
[]|\TU/lmr/bx/n/12 Coût maintenan-
 []


Underfull \hbox (badness 10000) in paragraph at lines 598--598
[]|\TU/lmr/bx/n/12 Score moyen
 []


Underfull \hbox (badness 1005) in paragraph at lines 600--600
[]|\TU/lmr/bx/n/12 Revenus par véhi-
 []

[16

] [17]
Overfull \hbox (9.82088pt too wide) in paragraph at lines 676--676
[]|\TU/lmr/bx/n/12 Méthode| 
 []


Overfull \hbox (23.31071pt too wide) in paragraph at lines 683--683
[]|\TU/lmtt/m/n/12 /api/v1/kpis/fleet/{id}/top-vehicles| 
 []


Overfull \hbox (17.13072pt too wide) in paragraph at lines 684--684
[]|\TU/lmtt/m/n/12 /api/v1/kpis/fleet/{id}/top-drivers| 
 []

[18] [19]
Chapitre 5.
[20

] [21]
Overfull \hbox (9.82088pt too wide) in paragraph at lines 781--781
[]|\TU/lmr/bx/n/12 Méthode| 
 []


Overfull \hbox (44.78812pt too wide) in paragraph at lines 784--784
[]|\TU/lmr/m/n/12 MANAGER/DRIVER| 
 []

[22]
Chapitre 6.
[23

] [24]
Overfull \hbox (9.82088pt too wide) in paragraph at lines 915--915
[]|\TU/lmr/bx/n/12 Méthode| 
 []


Overfull \hbox (4.77072pt too wide) in paragraph at lines 918--918
[]|\TU/lmtt/m/n/12 /api/v1/trips/{id}/driving-events| 
 []


Overfull \hbox (44.78812pt too wide) in paragraph at lines 919--919
[]|\TU/lmr/m/n/12 MANAGER/DRIVER| 
 []


Overfull \hbox (10.95071pt too wide) in paragraph at lines 920--920
[]|\TU/lmtt/m/n/12 /api/v1/drivers/{id}/score/history| 
 []


Overfull \hbox (17.13072pt too wide) in paragraph at lines 921--921
[]|\TU/lmtt/m/n/12 /api/v1/drivers/{id}/driving-events| 
 []


Overfull \hbox (10.95071pt too wide) in paragraph at lines 922--922
[]|\TU/lmtt/m/n/12 /api/v1/fleets/{id}/driver-ranking| 
 []


Overfull \hbox (4.77072pt too wide) in paragraph at lines 923--923
[]|\TU/lmtt/m/n/12 /api/v1/fleets/{id}/score-summary| 
 []

[25] [26]
Chapitre 7.
[27

] [28]
Overfull \hbox (9.82088pt too wide) in paragraph at lines 1015--1015
[]|\TU/lmr/bx/n/12 Méthode| 
 []


Overfull \hbox (4.77072pt too wide) in paragraph at lines 1022--1022
[]|\TU/lmtt/m/n/12 /api/v1/maintenance-tasks/overdue| 
 []


Overfull \hbox (10.95071pt too wide) in paragraph at lines 1023--1023
[]|\TU/lmtt/m/n/12 /api/v1/maintenance-tasks/upcoming| 
 []


Overfull \hbox (41.85072pt too wide) in paragraph at lines 1024--1024
[]|\TU/lmtt/m/n/12 /api/v1/maintenance-tasks/{id}/complete| 
 []


Overfull \hbox (60.39072pt too wide) in paragraph at lines 1025--1025
[]|\TU/lmtt/m/n/12 /api/v1/vehicles/{id}/maintenance-schedule| 
 []

[29]
Chapitre 8.
[30

] [31] [32]
Overfull \hbox (9.82088pt too wide) in paragraph at lines 1182--1182
[]|\TU/lmr/bx/n/12 Méthode| 
 []


Overfull \hbox (48.03072pt too wide) in paragraph at lines 1195--1195
[]|\TU/lmtt/m/n/12 /api/v1/missions/{id}/available-vehicles| 
 []


Overfull \hbox (29.49072pt too wide) in paragraph at lines 1197--1197
[]|\TU/lmtt/m/n/12 /api/v1/invoices/generate/{missionId}| 
 []

[33] [34]
Chapitre 9.
[35

] [36]
Overfull \hbox (9.82088pt too wide) in paragraph at lines 1301--1301
[]|\TU/lmr/bx/n/12 Méthode| 
 []


Overfull \hbox (6.10088pt too wide) in paragraph at lines 1308--1308
[]|\TU/lmr/m/n/12 DELETE| 
 []

[37]
Chapitre 10.
[38

] [39] [40]
Underfull \hbox (badness 10000) in paragraph at lines 1480--1481
[]\TU/lmr/m/n/12 Controllers : \TU/lmtt/m/n/12 MaintenancePlanController\TU/lmr
/m/n/12 ,
 []

[41]
Underfull \hbox (badness 10000) in paragraph at lines 1500--1501
[]\TU/lmr/m/n/12 Controllers : \TU/lmtt/m/n/12 ClientController\TU/lmr/m/n/12 ,
 \TU/lmtt/m/n/12 MissionController\TU/lmr/m/n/12 ,
 []

[42]
Overfull \hbox (8.20726pt too wide) in paragraph at lines 1528--1528
[]|\TU/lmr/bx/n/12 Sprint| 
 []


Overfull \hbox (20.1705pt too wide) in paragraph at lines 1528--1529
[]|\TU/lmr/bx/n/12 Dépendances| 
 []


Overfull \hbox (0.86804pt too wide) in alignment at lines 1526--1530
 [] [] [] [] [] [] 
 []


Underfull \hbox (badness 10000) in paragraph at lines 1534--1534
[]|[]\TU/lmr/bx/n/12 P2 —
 []


Underfull \hbox (badness 10000) in paragraph at lines 1536--1536
[]|[]\TU/lmr/bx/n/12 P2 —
 []


Underfull \hbox (badness 10000) in paragraph at lines 1537--1537
[]|[]\TU/lmr/bx/n/12 P2 —
 []


Underfull \hbox (badness 10000) in paragraph at lines 1538--1538
[]|[]\TU/lmr/bx/n/12 P3 —
 []


Underfull \hbox (badness 10000) in paragraph at lines 1539--1539
[]|[]\TU/lmr/bx/n/12 P3 —
 []


Overfull \hbox (0.86804pt too wide) in alignment at lines 1530--1542
 [] [] [] [] [] [] 
 []

[43]
Overfull \hbox (65.6215pt too wide) in paragraph at lines 1578--1579
 [][][][] 
 []

[44]
Chapitre 11.

Overfull \hbox (16.30165pt too wide) in paragraph at lines 1583--1583
|\TU/lmr/bx/n/24.88 Architecture Technique des Nouveaux
 []


Overfull \hbox (6.32326pt too wide) in paragraph at lines 1592--1592
[]|\TU/lmr/bx/n/12 Phase| 
 []

(/usr/share/texlive/texmf-dist/tex/latex/listings/lstlang1.sty
File: lstlang1.sty 2023/02/27 1.9 listings language file
) [45

]
Package microtype Info: Loading generic protrusion settings for font family
(microtype)             `cmtt' (encoding: OT1).
(microtype)             For optimal results, create family-specific settings.
(microtype)             See the microtype manual for details.

Overfull \hbox (14.1026pt too wide) in paragraph at lines 1654--1654
[]|\TU/lmtt/m/n/12 011-add-soft-delete.sql| 
 []


Overfull \hbox (14.1026pt too wide) in paragraph at lines 1655--1655
[]|\TU/lmtt/m/n/12 012-document-tables.sql| 
 []


Underfull \hbox (badness 10000) in paragraph at lines 1655--1656
[]|\TU/lmtt/m/n/12 vehicle_documents\TU/lmr/m/n/12 ,
 []


Underfull \hbox (badness 10000) in paragraph at lines 1655--1656
\TU/lmtt/m/n/12 driver_documents\TU/lmr/m/n/12 ,
 []


Overfull \hbox (7.9226pt too wide) in paragraph at lines 1657--1657
[]|\TU/lmtt/m/n/12 014-expense-tables.sql| 
 []


Underfull \hbox (badness 10000) in paragraph at lines 1657--1658
[]|\TU/lmtt/m/n/12 expense_categories\TU/lmr/m/n/12 , \TU/lmtt/m/n/12 expenses\
TU/lmr/m/n/12 ,
 []


Overfull \hbox (14.1026pt too wide) in paragraph at lines 1658--1658
[]|\TU/lmtt/m/n/12 015-planning-tables.sql| 
 []


Overfull \hbox (7.9106pt too wide) in paragraph at lines 1659--1659
[]|\TU/lmtt/m/n/12 016-scoring-tables.sql| 
 []


Overfull \hbox (57.3626pt too wide) in paragraph at lines 1660--1660
[]|\TU/lmtt/m/n/12 017-preventive-maintenance.sql| 
 []


Underfull \hbox (badness 10000) in paragraph at lines 1660--1661
[]|\TU/lmtt/m/n/12 maintenance_plans\TU/lmr/m/n/12 ,
 []


Overfull \hbox (20.28261pt too wide) in paragraph at lines 1661--1661
[]|\TU/lmtt/m/n/12 018-clients-missions.sql| 
 []

[46] [47]
Chapitre 12.

Underfull \hbox (badness 3724) in paragraph at lines 1756--1757
[]|\TU/lmr/m/n/12 Réduction pannes 40%, coûts
 []

[48

] [49]
Overfull \hbox (1.87311pt too wide) in paragraph at lines 1777--1778
[]\TU/lmr/bx/n/12 Efficacité opérationnelle \TU/lmr/m/n/12 (Planification, Aler
tes) — réduction de la charge
 []

[50

]
Annexe A.

Overfull \hbox (30.20958pt too wide) in paragraph at lines 1801--1801
|\TU/lmr/bx/n/24.88 Récapitulatif des Nouvelles Tables SQL| 
 []


Underfull \hbox (badness 10000) in paragraph at lines 1809--1810
[]|\TU/lmtt/m/n/12 schedule_id\TU/lmr/m/n/12 , \TU/lmtt/m/n/12 vehicle_id\TU/lm
r/m/n/12 ,
 []


Overfull \hbox (6.05623pt too wide) in paragraph at lines 1814--1814
[]|\TU/lmtt/m/n/12 fleet.expense_categories| 
 []


Underfull \hbox (badness 10000) in paragraph at lines 1815--1816
[]|\TU/lmtt/m/n/12 fleet_id\TU/lmr/m/n/12 , \TU/lmtt/m/n/12 vehicle_id\TU/lmr/m
/n/12 ,
 []


Underfull \hbox (badness 10000) in paragraph at lines 1818--1819
[]|\TU/lmtt/m/n/12 trip_id\TU/lmr/m/n/12 , \TU/lmtt/m/n/12 driver_id\TU/lmr/m/n
/12 ,
 []


Underfull \hbox (badness 10000) in paragraph at lines 1822--1823
[]|\TU/lmtt/m/n/12 fleet_id\TU/lmr/m/n/12 , \TU/lmtt/m/n/12 client_id\TU/lmr/m/
n/12 ,
 []


Underfull \hbox (badness 10000) in paragraph at lines 1823--1824
[]|\TU/lmtt/m/n/12 fleet_id\TU/lmr/m/n/12 , \TU/lmtt/m/n/12 client_id\TU/lmr/m/
n/12 ,
 []


Underfull \hbox (badness 10000) in paragraph at lines 1825--1826
[]|\TU/lmtt/m/n/12 rule_id\TU/lmr/m/n/12 , \TU/lmtt/m/n/12 fleet_id\TU/lmr/m/n/
12 ,
 []

[51

]
Annexe B.

Overfull \hbox (21.57622pt too wide) in paragraph at lines 1830--1830
|\TU/lmr/bx/n/24.88 Récapitulatif des Nouveaux Endpoints
 []


Overfull \hbox (9.82088pt too wide) in paragraph at lines 1834--1834
[]|\TU/lmr/bx/n/12 Méthode| 
 []


Overfull \hbox (5.8185pt too wide) in paragraph at lines 1837--1838
[]|\TU/lmr/m/n/12 MANAGER| 
 []


Overfull \hbox (5.8185pt too wide) in paragraph at lines 1838--1839
[]|\TU/lmr/m/n/12 MANAGER| 
 []


Overfull \hbox (29.49072pt too wide) in paragraph at lines 1839--1839
[]|\TU/lmtt/m/n/12 /api/v1/assignments/driver/{id}/today| 
 []


Overfull \hbox (5.8185pt too wide) in paragraph at lines 1840--1841
[]|\TU/lmr/m/n/12 MANAGER| 
 []


Overfull \hbox (5.8185pt too wide) in paragraph at lines 1841--1842
[]|\TU/lmr/m/n/12 MANAGER| 
 []


Overfull \hbox (17.13072pt too wide) in paragraph at lines 1842--1842
[]|\TU/lmtt/m/n/12 /api/v1/documents/compliance-report| 
 []


Overfull \hbox (5.8185pt too wide) in paragraph at lines 1842--1843
[]|\TU/lmr/m/n/12 MANAGER| 
 []


Overfull \hbox (5.8185pt too wide) in paragraph at lines 1843--1844
[]|\TU/lmr/m/n/12 MANAGER| 
 []


Overfull \hbox (5.8185pt too wide) in paragraph at lines 1844--1845
[]|\TU/lmr/m/n/12 MANAGER| 
 []


Overfull \hbox (17.13072pt too wide) in paragraph at lines 1845--1845
[]|\TU/lmtt/m/n/12 /api/v1/kpis/fleet/{id}/top-drivers| 
 []


Overfull \hbox (5.8185pt too wide) in paragraph at lines 1845--1846
[]|\TU/lmr/m/n/12 MANAGER| 
 []


Overfull \hbox (59.0145pt too wide) in paragraph at lines 1846--1847
[]|\TU/lmr/m/n/12 MANAGER/DRIVER| 
 []


Overfull \hbox (5.8185pt too wide) in paragraph at lines 1847--1848
[]|\TU/lmr/m/n/12 MANAGER| 
 []


Overfull \hbox (5.8185pt too wide) in paragraph at lines 1848--1849
[]|\TU/lmr/m/n/12 MANAGER| 
 []


Overfull \hbox (5.8185pt too wide) in paragraph at lines 1849--1850
[]|\TU/lmr/m/n/12 MANAGER| 
 []


Overfull \hbox (10.95071pt too wide) in paragraph at lines 1850--1850
[]|\TU/lmtt/m/n/12 /api/v1/fleets/{id}/driver-ranking| 
 []


Overfull \hbox (5.8185pt too wide) in paragraph at lines 1850--1851
[]|\TU/lmr/m/n/12 MANAGER| 
 []


Overfull \hbox (4.77072pt too wide) in paragraph at lines 1851--1851
[]|\TU/lmtt/m/n/12 /api/v1/trips/{id}/driving-events| 
 []


Overfull \hbox (4.77072pt too wide) in paragraph at lines 1852--1852
[]|\TU/lmtt/m/n/12 /api/v1/maintenance-tasks/overdue| 
 []


Overfull \hbox (5.8185pt too wide) in paragraph at lines 1852--1853
[]|\TU/lmr/m/n/12 MANAGER| 
 []


Overfull \hbox (60.39072pt too wide) in paragraph at lines 1853--1853
[]|\TU/lmtt/m/n/12 /api/v1/vehicles/{id}/maintenance-schedule| 
 []


Overfull \hbox (5.8185pt too wide) in paragraph at lines 1853--1854
[]|\TU/lmr/m/n/12 MANAGER| 
 []


Overfull \hbox (5.8185pt too wide) in paragraph at lines 1854--1855
[]|\TU/lmr/m/n/12 MANAGER| 
 []


Overfull \hbox (5.8185pt too wide) in paragraph at lines 1855--1856
[]|\TU/lmr/m/n/12 MANAGER| 
 []


Overfull \hbox (48.03072pt too wide) in paragraph at lines 1856--1856
[]|\TU/lmtt/m/n/12 /api/v1/missions/{id}/available-vehicles| 
 []


Overfull \hbox (5.8185pt too wide) in paragraph at lines 1856--1857
[]|\TU/lmr/m/n/12 MANAGER| 
 []


Overfull \hbox (29.49072pt too wide) in paragraph at lines 1858--1858
[]|\TU/lmtt/m/n/12 /api/v1/invoices/generate/{missionId}| 
 []


Overfull \hbox (5.8185pt too wide) in paragraph at lines 1858--1859
[]|\TU/lmr/m/n/12 MANAGER| 
 []


Overfull \hbox (5.8185pt too wide) in paragraph at lines 1859--1860
[]|\TU/lmr/m/n/12 MANAGER| 
 []


Overfull \hbox (5.8185pt too wide) in paragraph at lines 1860--1861
[]|\TU/lmr/m/n/12 MANAGER| 
 []


Overfull \hbox (5.8185pt too wide) in paragraph at lines 1861--1862
[]|\TU/lmr/m/n/12 MANAGER| 
 []


Overfull \hbox (5.8185pt too wide) in paragraph at lines 1862--1863
[]|\TU/lmr/m/n/12 MANAGER| 
 []

[52

] [53] (./cahier_analyse_conception.aux)
 ***********
LaTeX2e <2023-11-01> patch level 1
L3 programming layer <2024-01-22>
 ***********
Package rerunfilecheck Info: File `cahier_analyse_conception.out' has not chang
ed.
(rerunfilecheck)             Checksum: 10C3BA02795D3C54DA79C84903AC7A09;14259.
 ) 
Here is how much of TeX's memory you used:
 35428 strings out of 474878
 755082 string characters out of 5762516
 2241627 words of memory out of 5000000
 56920 multiletter control sequences out of 15000+600000
 562905 words of font info for 78 fonts, out of 8000000 for 9000
 1348 hyphenation exceptions out of 8191
 84i,13n,97p,1214b,2310s stack positions out of 10000i,1000n,20000p,200000b,200000s

Output written on cahier_analyse_conception.pdf (54 pages).
