\BOOKMARK [0][-]{chapter*.2}{\376\377\000I\000n\000t\000r\000o\000d\000u\000c\000t\000i\000o\000n}{}% 1
\BOOKMARK [0][-]{chapter.1}{\376\377\000E\000x\000i\000g\000e\000n\000c\000e\000s\000\040\000G\000l\000o\000b\000a\000l\000e\000s\000\040\000d\000u\000\040\000S\000y\000s\000t\000\350\000m\000e\000\040\000\311\000t\000e\000n\000d\000u}{}% 2
\BOOKMARK [1][-]{section.1.1}{\376\377\000E\000x\000i\000g\000e\000n\000c\000e\000s\000\040\000F\000o\000n\000c\000t\000i\000o\000n\000n\000e\000l\000l\000e\000s\000\040\000T\000r\000a\000n\000s\000v\000e\000r\000s\000a\000l\000e\000s}{chapter.1}% 3
\BOOKMARK [1][-]{section.1.2}{\376\377\000E\000x\000i\000g\000e\000n\000c\000e\000s\000\040\000N\000o\000n\000-\000F\000o\000n\000c\000t\000i\000o\000n\000n\000e\000l\000l\000e\000s}{chapter.1}% 4
\BOOKMARK [1][-]{section.1.3}{\376\377\000S\000c\000h\000\351\000m\000a\000\040\000d\000'\000E\000x\000t\000e\000n\000s\000i\000o\000n\000\040\000d\000e\000\040\000l\000a\000\040\000B\000a\000s\000e\000\040\000d\000e\000\040\000D\000o\000n\000n\000\351\000e\000s}{chapter.1}% 5
\BOOKMARK [0][-]{chapter.2}{\376\377\000M\000o\000d\000u\000l\000e\000\040\0001\000\040\040\024\000\040\000P\000l\000a\000n\000i\000f\000i\000c\000a\000t\000i\000o\000n\000\040\000e\000t\000\040\000O\000r\000d\000o\000n\000n\000a\000n\000c\000e\000m\000e\000n\000t}{}% 6
\BOOKMARK [1][-]{section.2.1}{\376\377\000E\000x\000i\000g\000e\000n\000c\000e\000s\000\040\000F\000o\000n\000c\000t\000i\000o\000n\000n\000e\000l\000l\000e\000s}{chapter.2}% 7
\BOOKMARK [1][-]{section.2.2}{\376\377\000M\000o\000d\000\350\000l\000e\000\040\000d\000e\000\040\000D\000o\000n\000n\000\351\000e\000s}{chapter.2}% 8
\BOOKMARK [1][-]{section.2.3}{\376\377\000E\000n\000d\000p\000o\000i\000n\000t\000s\000\040\000R\000E\000S\000T\000\040\000P\000r\000o\000p\000o\000s\000\351\000s}{chapter.2}% 9
\BOOKMARK [0][-]{chapter.3}{\376\377\000M\000o\000d\000u\000l\000e\000\040\0002\000\040\040\024\000\040\000G\000e\000s\000t\000i\000o\000n\000\040\000d\000e\000s\000\040\000C\000o\000n\000t\000r\000a\000t\000s\000\040\000e\000t\000\040\000D\000o\000c\000u\000m\000e\000n\000t\000s\000\040\000L\000\351\000g\000a\000u\000x}{}% 10
\BOOKMARK [1][-]{section.3.1}{\376\377\000E\000x\000i\000g\000e\000n\000c\000e\000s\000\040\000F\000o\000n\000c\000t\000i\000o\000n\000n\000e\000l\000l\000e\000s}{chapter.3}% 11
\BOOKMARK [1][-]{section.3.2}{\376\377\000M\000o\000d\000\350\000l\000e\000\040\000d\000e\000\040\000D\000o\000n\000n\000\351\000e\000s}{chapter.3}% 12
\BOOKMARK [1][-]{section.3.3}{\376\377\000E\000n\000d\000p\000o\000i\000n\000t\000s\000\040\000R\000E\000S\000T\000\040\000P\000r\000o\000p\000o\000s\000\351\000s}{chapter.3}% 13
\BOOKMARK [0][-]{chapter.4}{\376\377\000M\000o\000d\000u\000l\000e\000\040\0003\000\040\040\024\000\040\000T\000a\000b\000l\000e\000a\000u\000\040\000d\000e\000\040\000B\000o\000r\000d\000\040\000K\000P\000I\000\040\000e\000t\000\040\000R\000a\000p\000p\000o\000r\000t\000s\000\040\000A\000v\000a\000n\000c\000\351\000s}{}% 14
\BOOKMARK [1][-]{section.4.1}{\376\377\000K\000P\000I\000s\000\040\000M\000\351\000t\000i\000e\000r\000\040\000I\000d\000e\000n\000t\000i\000f\000i\000\351\000s}{chapter.4}% 15
\BOOKMARK [1][-]{section.4.2}{\376\377\000E\000x\000i\000g\000e\000n\000c\000e\000s\000\040\000F\000o\000n\000c\000t\000i\000o\000n\000n\000e\000l\000l\000e\000s}{chapter.4}% 16
\BOOKMARK [1][-]{section.4.3}{\376\377\000M\000o\000d\000\350\000l\000e\000\040\000d\000e\000\040\000D\000o\000n\000n\000\351\000e\000s}{chapter.4}% 17
\BOOKMARK [1][-]{section.4.4}{\376\377\000E\000n\000d\000p\000o\000i\000n\000t\000s\000\040\000R\000E\000S\000T\000\040\000P\000r\000o\000p\000o\000s\000\351\000s}{chapter.4}% 18
\BOOKMARK [0][-]{chapter.5}{\376\377\000M\000o\000d\000u\000l\000e\000\040\0004\000\040\040\024\000\040\000G\000e\000s\000t\000i\000o\000n\000\040\000d\000e\000s\000\040\000D\000\351\000p\000e\000n\000s\000e\000s\000\040\000e\000t\000\040\000B\000u\000d\000g\000e\000t}{}% 19
\BOOKMARK [1][-]{section.5.1}{\376\377\000E\000x\000i\000g\000e\000n\000c\000e\000s\000\040\000F\000o\000n\000c\000t\000i\000o\000n\000n\000e\000l\000l\000e\000s}{chapter.5}% 20
\BOOKMARK [1][-]{section.5.2}{\376\377\000M\000o\000d\000\350\000l\000e\000\040\000d\000e\000\040\000D\000o\000n\000n\000\351\000e\000s}{chapter.5}% 21
\BOOKMARK [1][-]{section.5.3}{\376\377\000E\000n\000d\000p\000o\000i\000n\000t\000s\000\040\000R\000E\000S\000T\000\040\000P\000r\000o\000p\000o\000s\000\351\000s}{chapter.5}% 22
\BOOKMARK [0][-]{chapter.6}{\376\377\000M\000o\000d\000u\000l\000e\000\040\0005\000\040\040\024\000\040\000S\000c\000o\000r\000i\000n\000g\000\040\000C\000o\000n\000d\000u\000c\000t\000e\000u\000r\000\040\000e\000t\000\040\000\311\000c\000o\000-\000c\000o\000n\000d\000u\000i\000t\000e}{}% 23
\BOOKMARK [1][-]{section.6.1}{\376\377\000E\000x\000i\000g\000e\000n\000c\000e\000s\000\040\000F\000o\000n\000c\000t\000i\000o\000n\000n\000e\000l\000l\000e\000s}{chapter.6}% 24
\BOOKMARK [1][-]{section.6.2}{\376\377\000A\000l\000g\000o\000r\000i\000t\000h\000m\000e\000\040\000d\000e\000\040\000S\000c\000o\000r\000i\000n\000g}{chapter.6}% 25
\BOOKMARK [1][-]{section.6.3}{\376\377\000M\000o\000d\000\350\000l\000e\000\040\000d\000e\000\040\000D\000o\000n\000n\000\351\000e\000s}{chapter.6}% 26
\BOOKMARK [1][-]{section.6.4}{\376\377\000E\000n\000d\000p\000o\000i\000n\000t\000s\000\040\000R\000E\000S\000T\000\040\000P\000r\000o\000p\000o\000s\000\351\000s}{chapter.6}% 27
\BOOKMARK [0][-]{chapter.7}{\376\377\000M\000o\000d\000u\000l\000e\000\040\0006\000\040\040\024\000\040\000M\000a\000i\000n\000t\000e\000n\000a\000n\000c\000e\000\040\000P\000r\000\351\000v\000e\000n\000t\000i\000v\000e\000\040\000I\000n\000t\000e\000l\000l\000i\000g\000e\000n\000t\000e}{}% 28
\BOOKMARK [1][-]{section.7.1}{\376\377\000E\000x\000i\000g\000e\000n\000c\000e\000s\000\040\000F\000o\000n\000c\000t\000i\000o\000n\000n\000e\000l\000l\000e\000s}{chapter.7}% 29
\BOOKMARK [1][-]{section.7.2}{\376\377\000M\000o\000d\000\350\000l\000e\000\040\000d\000e\000\040\000D\000o\000n\000n\000\351\000e\000s}{chapter.7}% 30
\BOOKMARK [1][-]{section.7.3}{\376\377\000E\000n\000d\000p\000o\000i\000n\000t\000s\000\040\000R\000E\000S\000T\000\040\000P\000r\000o\000p\000o\000s\000\351\000s}{chapter.7}% 31
\BOOKMARK [0][-]{chapter.8}{\376\377\000M\000o\000d\000u\000l\000e\000\040\0007\000\040\040\024\000\040\000G\000e\000s\000t\000i\000o\000n\000\040\000d\000e\000s\000\040\000C\000l\000i\000e\000n\000t\000s\000\040\000e\000t\000\040\000M\000i\000s\000s\000i\000o\000n\000s}{}% 32
\BOOKMARK [1][-]{section.8.1}{\376\377\000E\000x\000i\000g\000e\000n\000c\000e\000s\000\040\000F\000o\000n\000c\000t\000i\000o\000n\000n\000e\000l\000l\000e\000s}{chapter.8}% 33
\BOOKMARK [1][-]{section.8.2}{\376\377\000M\000o\000d\000\350\000l\000e\000\040\000d\000e\000\040\000D\000o\000n\000n\000\351\000e\000s}{chapter.8}% 34
\BOOKMARK [1][-]{section.8.3}{\376\377\000E\000n\000d\000p\000o\000i\000n\000t\000s\000\040\000R\000E\000S\000T\000\040\000P\000r\000o\000p\000o\000s\000\351\000s}{chapter.8}% 35
\BOOKMARK [0][-]{chapter.9}{\376\377\000M\000o\000d\000u\000l\000e\000\040\0008\000\040\040\024\000\040\000A\000l\000e\000r\000t\000e\000s\000\040\000e\000t\000\040\000R\000\350\000g\000l\000e\000s\000\040\000M\000\351\000t\000i\000e\000r\000\040\000C\000o\000n\000f\000i\000g\000u\000r\000a\000b\000l\000e\000s}{}% 36
\BOOKMARK [1][-]{section.9.1}{\376\377\000E\000x\000i\000g\000e\000n\000c\000e\000s\000\040\000F\000o\000n\000c\000t\000i\000o\000n\000n\000e\000l\000l\000e\000s}{chapter.9}% 37
\BOOKMARK [1][-]{section.9.2}{\376\377\000M\000o\000d\000\350\000l\000e\000\040\000d\000e\000\040\000D\000o\000n\000n\000\351\000e\000s}{chapter.9}% 38
\BOOKMARK [1][-]{section.9.3}{\376\377\000E\000n\000d\000p\000o\000i\000n\000t\000s\000\040\000R\000E\000S\000T\000\040\000P\000r\000o\000p\000o\000s\000\351\000s}{chapter.9}% 39
\BOOKMARK [0][-]{chapter.10}{\376\377\000P\000l\000a\000n\000\040\000d\000'\000I\000m\000p\000l\000\351\000m\000e\000n\000t\000a\000t\000i\000o\000n\000\040\000D\000\351\000t\000a\000i\000l\000l\000\351}{}% 40
\BOOKMARK [1][-]{section.10.1}{\376\377\000P\000r\000i\000n\000c\000i\000p\000e\000s\000\040\000D\000i\000r\000e\000c\000t\000e\000u\000r\000s}{chapter.10}% 41
\BOOKMARK [1][-]{section.10.2}{\376\377\000R\000o\000a\000d\000m\000a\000p\000\040\000p\000a\000r\000\040\000S\000p\000r\000i\000n\000t\000s}{chapter.10}% 42
\BOOKMARK [2][-]{subsection.10.2.1}{\376\377\000S\000p\000r\000i\000n\000t\000\040\0001\000\040\040\024\000\040\000F\000o\000n\000d\000a\000t\000i\000o\000n\000s\000\040\000T\000r\000a\000n\000s\000v\000e\000r\000s\000a\000l\000e\000s\000\040\000\050\000S\000e\000m\000a\000i\000n\000e\000\040\0001\000-\0002\000\051}{section.10.2}% 43
\BOOKMARK [2][-]{subsection.10.2.2}{\376\377\000S\000p\000r\000i\000n\000t\000\040\0002\000\040\040\024\000\040\000M\000o\000d\000u\000l\000e\000\040\000D\000o\000c\000u\000m\000e\000n\000t\000s\000\040\000L\000\351\000g\000a\000u\000x\000\040\000\050\000S\000e\000m\000a\000i\000n\000e\000\040\0003\000-\0004\000\051}{section.10.2}% 44
\BOOKMARK [2][-]{subsection.10.2.3}{\376\377\000S\000p\000r\000i\000n\000t\000\040\0003\000\040\040\024\000\040\000M\000o\000d\000u\000l\000e\000\040\000K\000P\000I\000\040\000e\000t\000\040\000R\000a\000p\000p\000o\000r\000t\000s\000\040\000\050\000S\000e\000m\000a\000i\000n\000e\000\040\0005\000-\0006\000\051}{section.10.2}% 45
\BOOKMARK [2][-]{subsection.10.2.4}{\376\377\000S\000p\000r\000i\000n\000t\000\040\0004\000\040\040\024\000\040\000M\000o\000d\000u\000l\000e\000\040\000D\000\351\000p\000e\000n\000s\000e\000s\000\040\000e\000t\000\040\000B\000u\000d\000g\000e\000t\000\040\000\050\000S\000e\000m\000a\000i\000n\000e\000\040\0007\000-\0008\000\051}{section.10.2}% 46
\BOOKMARK [2][-]{subsection.10.2.5}{\376\377\000S\000p\000r\000i\000n\000t\000\040\0005\000\040\040\024\000\040\000M\000o\000d\000u\000l\000e\000\040\000P\000l\000a\000n\000i\000f\000i\000c\000a\000t\000i\000o\000n\000\040\000\050\000S\000e\000m\000a\000i\000n\000e\000\040\0009\000-\0001\0001\000\051}{section.10.2}% 47
\BOOKMARK [2][-]{subsection.10.2.6}{\376\377\000S\000p\000r\000i\000n\000t\000\040\0006\000\040\040\024\000\040\000M\000o\000d\000u\000l\000e\000\040\000S\000c\000o\000r\000i\000n\000g\000\040\000C\000o\000n\000d\000u\000c\000t\000e\000u\000r\000\040\000\050\000S\000e\000m\000a\000i\000n\000e\000\040\0001\0002\000-\0001\0004\000\051}{section.10.2}% 48
\BOOKMARK [2][-]{subsection.10.2.7}{\376\377\000S\000p\000r\000i\000n\000t\000\040\0007\000\040\040\024\000\040\000M\000o\000d\000u\000l\000e\000\040\000M\000a\000i\000n\000t\000e\000n\000a\000n\000c\000e\000\040\000P\000r\000\351\000v\000e\000n\000t\000i\000v\000e\000\040\000\050\000S\000e\000m\000a\000i\000n\000e\000\040\0001\0005\000-\0001\0006\000\051}{section.10.2}% 49
\BOOKMARK [2][-]{subsection.10.2.8}{\376\377\000S\000p\000r\000i\000n\000t\000\040\0008\000\040\040\024\000\040\000M\000o\000d\000u\000l\000e\000\040\000C\000l\000i\000e\000n\000t\000s\000\040\000e\000t\000\040\000M\000i\000s\000s\000i\000o\000n\000s\000\040\000\050\000S\000e\000m\000a\000i\000n\000e\000\040\0001\0007\000-\0002\0000\000\051}{section.10.2}% 50
\BOOKMARK [2][-]{subsection.10.2.9}{\376\377\000S\000p\000r\000i\000n\000t\000\040\0009\000\040\040\024\000\040\000M\000o\000d\000u\000l\000e\000\040\000A\000l\000e\000r\000t\000e\000s\000\040\000C\000o\000n\000f\000i\000g\000u\000r\000a\000b\000l\000e\000s\000\040\000\050\000S\000e\000m\000a\000i\000n\000e\000\040\0002\0001\000\051}{section.10.2}% 51
\BOOKMARK [1][-]{section.10.3}{\376\377\000T\000a\000b\000l\000e\000a\000u\000\040\000R\000\351\000c\000a\000p\000i\000t\000u\000l\000a\000t\000i\000f\000\040\000d\000u\000\040\000P\000l\000a\000n}{chapter.10}% 52
\BOOKMARK [1][-]{section.10.4}{\376\377\000D\000i\000a\000g\000r\000a\000m\000m\000e\000\040\000d\000e\000\040\000D\000\351\000p\000e\000n\000d\000a\000n\000c\000e\000s}{chapter.10}% 53
\BOOKMARK [0][-]{chapter.11}{\376\377\000A\000r\000c\000h\000i\000t\000e\000c\000t\000u\000r\000e\000\040\000T\000e\000c\000h\000n\000i\000q\000u\000e\000\040\000d\000e\000s\000\040\000N\000o\000u\000v\000e\000a\000u\000x\000\040\000M\000o\000d\000u\000l\000e\000s}{}% 54
\BOOKMARK [1][-]{section.11.1}{\376\377\000P\000a\000t\000r\000o\000n\000\040\000d\000'\000I\000m\000p\000l\000\351\000m\000e\000n\000t\000a\000t\000i\000o\000n\000\040\000S\000t\000a\000n\000d\000a\000r\000d}{chapter.11}% 55
\BOOKMARK [1][-]{section.11.2}{\376\377\000J\000o\000b\000s\000\040\000P\000l\000a\000n\000i\000f\000i\000\351\000s\000\040\040\024\000\040\000A\000r\000c\000h\000i\000t\000e\000c\000t\000u\000r\000e}{chapter.11}% 56
\BOOKMARK [1][-]{section.11.3}{\376\377\000N\000o\000u\000v\000e\000l\000l\000e\000s\000\040\000M\000i\000g\000r\000a\000t\000i\000o\000n\000s\000\040\000L\000i\000q\000u\000i\000b\000a\000s\000e}{chapter.11}% 57
\BOOKMARK [1][-]{section.11.4}{\376\377\000N\000o\000u\000v\000e\000a\000u\000x\000\040\000T\000a\000g\000s\000\040\000S\000w\000a\000g\000g\000e\000r}{chapter.11}% 58
\BOOKMARK [0][-]{chapter.12}{\376\377\000A\000n\000a\000l\000y\000s\000e\000\040\000d\000e\000\040\000V\000a\000l\000e\000u\000r\000\040\000e\000t\000\040\000P\000r\000i\000o\000r\000i\000s\000a\000t\000i\000o\000n}{}% 59
\BOOKMARK [1][-]{section.12.1}{\376\377\000M\000a\000t\000r\000i\000c\000e\000\040\000V\000a\000l\000e\000u\000r\000\040\000/\000\040\000E\000f\000f\000o\000r\000t}{chapter.12}% 60
\BOOKMARK [1][-]{section.12.2}{\376\377\000R\000e\000t\000o\000u\000r\000\040\000s\000u\000r\000\040\000I\000n\000v\000e\000s\000t\000i\000s\000s\000e\000m\000e\000n\000t\000\040\000E\000s\000t\000i\000m\000\351}{chapter.12}% 61
\BOOKMARK [0][-]{chapter*.3}{\376\377\000C\000o\000n\000c\000l\000u\000s\000i\000o\000n}{}% 62
\BOOKMARK [0][-]{appendix.A}{\376\377\000R\000\351\000c\000a\000p\000i\000t\000u\000l\000a\000t\000i\000f\000\040\000d\000e\000s\000\040\000N\000o\000u\000v\000e\000l\000l\000e\000s\000\040\000T\000a\000b\000l\000e\000s\000\040\000S\000Q\000L}{}% 63
\BOOKMARK [0][-]{appendix.B}{\376\377\000R\000\351\000c\000a\000p\000i\000t\000u\000l\000a\000t\000i\000f\000\040\000d\000e\000s\000\040\000N\000o\000u\000v\000e\000a\000u\000x\000\040\000E\000n\000d\000p\000o\000i\000n\000t\000s\000\040\000R\000E\000S\000T}{}% 64
