\BOOKMARK [0][-]{chapter*.2}{\376\377\000I\000n\000t\000r\000o\000d\000u\000c\000t\000i\000o\000n\000\040\000G\000\351\000n\000\351\000r\000a\000l\000e}{}% 1
\BOOKMARK [0][-]{chapter.1}{\376\377\000A\000n\000a\000l\000y\000s\000e\000\040\000D\000\351\000t\000a\000i\000l\000l\000\351\000e\000\040\000d\000e\000s\000\040\0002\0000\000\040\000C\000o\000r\000e\000s\000\040\000d\000u\000\040\000K\000e\000r\000n\000e\000l}{}% 2
\BOOKMARK [1][-]{section.1.1}{\376\377\000k\000e\000r\000n\000e\000l\000-\000c\000o\000r\000e\000\040\040\024\000\040\000L\000a\000\040\000C\000o\000l\000o\000n\000n\000e\000\040\000V\000e\000r\000t\000\351\000b\000r\000a\000l\000e\000\040\000T\000e\000c\000h\000n\000i\000q\000u\000e}{chapter.1}% 3
\BOOKMARK [2][-]{subsection.1.1.1}{\376\377\000D\000e\000s\000c\000r\000i\000p\000t\000i\000o\000n\000\040\000e\000t\000\040\000R\000\364\000l\000e\000\040\000P\000r\000i\000n\000c\000i\000p\000a\000l}{section.1.1}% 4
\BOOKMARK [2][-]{subsection.1.1.2}{\376\377\000C\000o\000n\000t\000r\000a\000t\000\040\000d\000'\000A\000p\000p\000e\000l\000\040\000M\000i\000n\000i\000m\000a\000l}{section.1.1}% 5
\BOOKMARK [2][-]{subsection.1.1.3}{\376\377\000C\000a\000t\000a\000l\000o\000g\000u\000e\000\040\000d\000e\000s\000\040\000S\000e\000r\000v\000i\000c\000e\000s\000\040\000A\000u\000t\000o\000r\000i\000s\000\351\000s}{section.1.1}% 6
\BOOKMARK [1][-]{section.1.2}{\376\377\000c\000o\000m\000m\000o\000n\000-\000c\000o\000r\000e\000\040\040\024\000\040\000S\000o\000c\000l\000e\000\040\000d\000e\000\040\000T\000y\000p\000e\000s\000\040\000P\000a\000r\000t\000a\000g\000\351\000s}{chapter.1}% 7
\BOOKMARK [2][-]{subsection.1.2.1}{\376\377\000D\000e\000s\000c\000r\000i\000p\000t\000i\000o\000n}{section.1.2}% 8
\BOOKMARK [2][-]{subsection.1.2.2}{\376\377\000I\000n\000v\000a\000r\000i\000a\000n\000t\000s\000\040\000C\000l\000\351\000s}{section.1.2}% 9
\BOOKMARK [1][-]{section.1.3}{\376\377\000a\000c\000t\000o\000r\000-\000c\000o\000r\000e\000\040\040\024\000\040\000G\000e\000s\000t\000i\000o\000n\000\040\000d\000e\000s\000\040\000A\000c\000t\000e\000u\000r\000s}{chapter.1}% 10
\BOOKMARK [2][-]{subsection.1.3.1}{\376\377\000D\000e\000s\000c\000r\000i\000p\000t\000i\000o\000n}{section.1.3}% 11
\BOOKMARK [1][-]{section.1.4}{\376\377\000a\000u\000t\000h\000-\000c\000o\000r\000e\000\040\040\024\000\040\000A\000u\000t\000h\000e\000n\000t\000i\000f\000i\000c\000a\000t\000i\000o\000n\000\040\000e\000t\000\040\000I\000d\000e\000n\000t\000i\000t\000\351}{chapter.1}% 12
\BOOKMARK [2][-]{subsection.1.4.1}{\376\377\000D\000e\000s\000c\000r\000i\000p\000t\000i\000o\000n}{section.1.4}% 13
\BOOKMARK [2][-]{subsection.1.4.2}{\376\377\000F\000l\000o\000w\000\040\000J\000W\000T\000\040\000R\000S\0002\0005\0006}{section.1.4}% 14
\BOOKMARK [1][-]{section.1.5}{\376\377\000r\000o\000l\000e\000s\000-\000c\000o\000r\000e\000\040\040\024\000\040\000R\000\364\000l\000e\000s\000\040\000e\000t\000\040\000P\000e\000r\000m\000i\000s\000s\000i\000o\000n\000s\000\040\000R\000B\000A\000C}{chapter.1}% 15
\BOOKMARK [2][-]{subsection.1.5.1}{\376\377\000D\000e\000s\000c\000r\000i\000p\000t\000i\000o\000n}{section.1.5}% 16
\BOOKMARK [1][-]{section.1.6}{\376\377\000o\000r\000g\000a\000n\000i\000z\000a\000t\000i\000o\000n\000-\000c\000o\000r\000e\000\040\040\024\000\040\000O\000r\000g\000a\000n\000i\000s\000a\000t\000i\000o\000n\000s\000\040\000e\000t\000\040\000A\000g\000e\000n\000c\000e\000s}{chapter.1}% 17
\BOOKMARK [2][-]{subsection.1.6.1}{\376\377\000D\000e\000s\000c\000r\000i\000p\000t\000i\000o\000n}{section.1.6}% 18
\BOOKMARK [1][-]{section.1.7}{\376\377\000t\000p\000-\000c\000o\000r\000e\000\040\040\024\000\040\000G\000e\000s\000t\000i\000o\000n\000\040\000d\000e\000s\000\040\000T\000i\000e\000r\000s}{chapter.1}% 19
\BOOKMARK [2][-]{subsection.1.7.1}{\376\377\000D\000e\000s\000c\000r\000i\000p\000t\000i\000o\000n}{section.1.7}% 20
\BOOKMARK [1][-]{section.1.8}{\376\377\000s\000e\000t\000t\000i\000n\000g\000s\000-\000c\000o\000r\000e\000\040\040\024\000\040\000P\000a\000r\000a\000m\000\350\000t\000r\000e\000s\000\040\000M\000\351\000t\000i\000e\000r}{chapter.1}% 21
\BOOKMARK [2][-]{subsection.1.8.1}{\376\377\000D\000e\000s\000c\000r\000i\000p\000t\000i\000o\000n}{section.1.8}% 22
\BOOKMARK [1][-]{section.1.9}{\376\377\000r\000e\000s\000o\000u\000r\000c\000e\000-\000c\000o\000r\000e\000\040\040\024\000\040\000R\000e\000s\000s\000o\000u\000r\000c\000e\000s\000\040\000M\000a\000t\000\351\000r\000i\000e\000l\000l\000e\000s}{chapter.1}% 23
\BOOKMARK [2][-]{subsection.1.9.1}{\376\377\000D\000e\000s\000c\000r\000i\000p\000t\000i\000o\000n}{section.1.9}% 24
\BOOKMARK [1][-]{section.1.10}{\376\377\000f\000i\000l\000e\000-\000c\000o\000r\000e\000\040\040\024\000\040\000G\000e\000s\000t\000i\000o\000n\000\040\000d\000e\000s\000\040\000F\000i\000c\000h\000i\000e\000r\000s}{chapter.1}% 25
\BOOKMARK [2][-]{subsection.1.10.1}{\376\377\000D\000e\000s\000c\000r\000i\000p\000t\000i\000o\000n}{section.1.10}% 26
\BOOKMARK [1][-]{section.1.11}{\376\377\000a\000c\000c\000o\000u\000n\000t\000i\000n\000g\000-\000c\000o\000r\000e\000,\000\040\000b\000i\000l\000l\000i\000n\000g\000-\000c\000o\000r\000e\000,\000\040\000t\000r\000e\000a\000s\000u\000r\000y\000-\000c\000o\000r\000e\000\040\040\024\000\040\000F\000i\000n\000a\000n\000c\000e}{chapter.1}% 27
\BOOKMARK [1][-]{section.1.12}{\376\377\000h\000r\000m\000-\000c\000o\000r\000e\000\040\040\024\000\040\000R\000e\000s\000s\000o\000u\000r\000c\000e\000s\000\040\000H\000u\000m\000a\000i\000n\000e\000s}{chapter.1}% 28
\BOOKMARK [1][-]{section.1.13}{\376\377\000b\000l\000o\000c\000k\000c\000h\000a\000i\000n\000-\000c\000o\000r\000e\000\040\040\024\000\040\000A\000n\000c\000r\000a\000g\000e\000\040\000e\000t\000\040\000W\000a\000l\000l\000e\000t\000s}{chapter.1}% 29
\BOOKMARK [1][-]{section.1.14}{\376\377\000a\000d\000m\000i\000n\000i\000s\000t\000r\000a\000t\000i\000o\000n\000-\000c\000o\000r\000e\000\040\040\024\000\040\000G\000o\000u\000v\000e\000r\000n\000a\000n\000c\000e}{chapter.1}% 30
\BOOKMARK [0][-]{chapter.2}{\376\377\000I\000d\000e\000n\000t\000i\000f\000i\000c\000a\000t\000i\000o\000n\000\040\000d\000e\000s\000\040\000M\000o\000d\000u\000l\000e\000s\000\040\000K\000e\000r\000n\000e\000l\000\040\000A\000p\000p\000l\000i\000c\000a\000b\000l\000e\000s\000\040\000\340\000\040\000F\000l\000e\000e\000t\000M\000a\000n}{}% 31
\BOOKMARK [1][-]{section.2.1}{\376\377\000M\000\351\000t\000h\000o\000d\000o\000l\000o\000g\000i\000e\000\040\000d\000e\000\040\000S\000\351\000l\000e\000c\000t\000i\000o\000n}{chapter.2}% 32
\BOOKMARK [1][-]{section.2.2}{\376\377\000T\000a\000b\000l\000e\000a\000u\000\040\000d\000e\000\040\000S\000\351\000l\000e\000c\000t\000i\000o\000n\000\040\000d\000e\000s\000\040\000M\000o\000d\000u\000l\000e\000s}{chapter.2}% 33
\BOOKMARK [1][-]{section.2.3}{\376\377\000L\000e\000s\000\040\0009\000\040\000M\000o\000d\000u\000l\000e\000s\000\040\000R\000e\000t\000e\000n\000u\000s}{chapter.2}% 34
\BOOKMARK [0][-]{chapter.3}{\376\377\000A\000n\000a\000l\000y\000s\000e\000\040\000D\000\351\000t\000a\000i\000l\000l\000\351\000e\000\040\000d\000e\000\040\000C\000h\000a\000q\000u\000e\000\040\000I\000n\000t\000\351\000g\000r\000a\000t\000i\000o\000n}{}% 35
\BOOKMARK [1][-]{section.3.1}{\376\377\000I\000n\000t\000\351\000g\000r\000a\000t\000i\000o\000n\000\040\0001\000\040\040\024\000\040\000k\000e\000r\000n\000e\000l\000-\000c\000o\000r\000e\000\040\000:\000\040\000F\000o\000n\000d\000a\000t\000i\000o\000n\000\040\000M\000u\000l\000t\000i\000-\000T\000e\000n\000a\000n\000t}{chapter.3}% 36
\BOOKMARK [2][-]{subsection.3.1.1}{\376\377\000S\000i\000t\000u\000a\000t\000i\000o\000n\000\040\000A\000c\000t\000u\000e\000l\000l\000e\000\040\000d\000a\000n\000s\000\040\000F\000l\000e\000e\000t\000M\000a\000n}{section.3.1}% 37
\BOOKMARK [2][-]{subsection.3.1.2}{\376\377\000C\000e\000\040\000q\000u\000e\000\040\000l\000e\000\040\000k\000e\000r\000n\000e\000l\000-\000c\000o\000r\000e\000\040\000A\000p\000p\000o\000r\000t\000e}{section.3.1}% 38
\BOOKMARK [2][-]{subsection.3.1.3}{\376\377\000M\000a\000p\000p\000i\000n\000g\000\040\000C\000o\000n\000c\000e\000p\000t\000u\000e\000l}{section.3.1}% 39
\BOOKMARK [2][-]{subsection.3.1.4}{\376\377\000I\000m\000p\000l\000\351\000m\000e\000n\000t\000a\000t\000i\000o\000n\000\040\000T\000e\000c\000h\000n\000i\000q\000u\000e}{section.3.1}% 40
\BOOKMARK [1][-]{section.3.2}{\376\377\000I\000n\000t\000\351\000g\000r\000a\000t\000i\000o\000n\000\040\0002\000\040\040\024\000\040\000c\000o\000m\000m\000o\000n\000-\000c\000o\000r\000e\000\040\000:\000\040\000T\000y\000p\000e\000s\000\040\000P\000a\000r\000t\000a\000g\000\351\000s}{chapter.3}% 41
\BOOKMARK [2][-]{subsection.3.2.1}{\376\377\000S\000i\000t\000u\000a\000t\000i\000o\000n\000\040\000A\000c\000t\000u\000e\000l\000l\000e}{section.3.2}% 42
\BOOKMARK [2][-]{subsection.3.2.2}{\376\377\000C\000e\000\040\000q\000u\000e\000\040\000l\000e\000\040\000c\000o\000m\000m\000o\000n\000-\000c\000o\000r\000e\000\040\000A\000p\000p\000o\000r\000t\000e}{section.3.2}% 43
\BOOKMARK [2][-]{subsection.3.2.3}{\376\377\000M\000a\000p\000p\000i\000n\000g\000\040\000C\000o\000n\000c\000e\000p\000t\000u\000e\000l}{section.3.2}% 44
\BOOKMARK [1][-]{section.3.3}{\376\377\000I\000n\000t\000\351\000g\000r\000a\000t\000i\000o\000n\000\040\0003\000\040\040\024\000\040\000a\000u\000t\000h\000-\000c\000o\000r\000e\000\040\000:\000\040\000A\000u\000t\000h\000e\000n\000t\000i\000f\000i\000c\000a\000t\000i\000o\000n\000\040\000C\000e\000n\000t\000r\000a\000l\000i\000s\000\351\000e}{chapter.3}% 45
\BOOKMARK [2][-]{subsection.3.3.1}{\376\377\000S\000i\000t\000u\000a\000t\000i\000o\000n\000\040\000A\000c\000t\000u\000e\000l\000l\000e}{section.3.3}% 46
\BOOKMARK [2][-]{subsection.3.3.2}{\376\377\000C\000e\000\040\000q\000u\000e\000\040\000l\000'\000a\000u\000t\000h\000-\000c\000o\000r\000e\000\040\000A\000p\000p\000o\000r\000t\000e}{section.3.3}% 47
\BOOKMARK [2][-]{subsection.3.3.3}{\376\377\000M\000a\000p\000p\000i\000n\000g\000\040\000d\000e\000s\000\040\000R\000\364\000l\000e\000s}{section.3.3}% 48
\BOOKMARK [2][-]{subsection.3.3.4}{\376\377\000A\000d\000a\000p\000t\000a\000t\000i\000o\000n\000\040\000d\000u\000\040\000S\000e\000c\000u\000r\000i\000t\000y\000C\000o\000n\000f\000i\000g}{section.3.3}% 49
\BOOKMARK [1][-]{section.3.4}{\376\377\000I\000n\000t\000\351\000g\000r\000a\000t\000i\000o\000n\000\040\0004\000\040\040\024\000\040\000r\000o\000l\000e\000s\000-\000c\000o\000r\000e\000\040\000:\000\040\000R\000B\000A\000C\000\040\000C\000e\000n\000t\000r\000a\000l\000i\000s\000\351}{chapter.3}% 50
\BOOKMARK [2][-]{subsection.3.4.1}{\376\377\000S\000i\000t\000u\000a\000t\000i\000o\000n\000\040\000A\000c\000t\000u\000e\000l\000l\000e}{section.3.4}% 51
\BOOKMARK [2][-]{subsection.3.4.2}{\376\377\000C\000e\000\040\000q\000u\000e\000\040\000l\000e\000\040\000r\000o\000l\000e\000s\000-\000c\000o\000r\000e\000\040\000A\000p\000p\000o\000r\000t\000e}{section.3.4}% 52
\BOOKMARK [2][-]{subsection.3.4.3}{\376\377\000D\000\351\000f\000i\000n\000i\000t\000i\000o\000n\000\040\000d\000e\000s\000\040\000R\000\364\000l\000e\000s\000\040\000F\000l\000e\000e\000t\000M\000a\000n\000\040\000d\000a\000n\000s\000\040\000l\000e\000\040\000K\000e\000r\000n\000e\000l}{section.3.4}% 53
\BOOKMARK [1][-]{section.3.5}{\376\377\000I\000n\000t\000\351\000g\000r\000a\000t\000i\000o\000n\000\040\0005\000\040\040\024\000\040\000o\000r\000g\000a\000n\000i\000z\000a\000t\000i\000o\000n\000-\000c\000o\000r\000e\000\040\000:\000\040\000F\000l\000o\000t\000t\000e\000\040\000=\000\040\000O\000r\000g\000a\000n\000i\000s\000a\000t\000i\000o\000n}{chapter.3}% 54
\BOOKMARK [2][-]{subsection.3.5.1}{\376\377\000M\000a\000p\000p\000i\000n\000g\000\040\000C\000o\000n\000c\000e\000p\000t\000u\000e\000l\000\040\000C\000l\000\351}{section.3.5}% 55
\BOOKMARK [2][-]{subsection.3.5.2}{\376\377\000C\000o\000n\000s\000\351\000q\000u\000e\000n\000c\000e\000s\000\040\000A\000r\000c\000h\000i\000t\000e\000c\000t\000u\000r\000a\000l\000e\000s}{section.3.5}% 56
\BOOKMARK [2][-]{subsection.3.5.3}{\376\377\000S\000y\000n\000c\000h\000r\000o\000n\000i\000s\000a\000t\000i\000o\000n\000\040\000v\000i\000a\000\040\000O\000u\000t\000b\000o\000x}{section.3.5}% 57
\BOOKMARK [1][-]{section.3.6}{\376\377\000I\000n\000t\000\351\000g\000r\000a\000t\000i\000o\000n\000\040\0006\000\040\040\024\000\040\000t\000p\000-\000c\000o\000r\000e\000\040\000:\000\040\000C\000l\000i\000e\000n\000t\000s\000\040\000d\000e\000s\000\040\000M\000i\000s\000s\000i\000o\000n\000s}{chapter.3}% 58
\BOOKMARK [2][-]{subsection.3.6.1}{\376\377\000S\000i\000t\000u\000a\000t\000i\000o\000n\000\040\000A\000c\000t\000u\000e\000l\000l\000e}{section.3.6}% 59
\BOOKMARK [2][-]{subsection.3.6.2}{\376\377\000C\000e\000\040\000q\000u\000e\000\040\000l\000e\000\040\000t\000p\000-\000c\000o\000r\000e\000\040\000A\000p\000p\000o\000r\000t\000e}{section.3.6}% 60
\BOOKMARK [2][-]{subsection.3.6.3}{\376\377\000A\000d\000a\000p\000t\000a\000t\000i\000o\000n\000\040\000d\000u\000\040\000M\000o\000d\000u\000l\000e\000\040\0007}{section.3.6}% 61
\BOOKMARK [1][-]{section.3.7}{\376\377\000I\000n\000t\000\351\000g\000r\000a\000t\000i\000o\000n\000\040\0007\000\040\040\024\000\040\000s\000e\000t\000t\000i\000n\000g\000s\000-\000c\000o\000r\000e\000\040\000:\000\040\000P\000a\000r\000a\000m\000\350\000t\000r\000e\000s\000\040\000e\000t\000\040\000N\000u\000m\000\351\000r\000o\000t\000a\000t\000i\000o\000n}{chapter.3}% 62
\BOOKMARK [2][-]{subsection.3.7.1}{\376\377\000C\000e\000\040\000q\000u\000e\000\040\000l\000e\000\040\000s\000e\000t\000t\000i\000n\000g\000s\000-\000c\000o\000r\000e\000\040\000A\000p\000p\000o\000r\000t\000e\000\040\000\340\000\040\000F\000l\000e\000e\000t\000M\000a\000n}{section.3.7}% 63
\BOOKMARK [2][-]{subsection.3.7.2}{\376\377\000U\000t\000i\000l\000i\000s\000a\000t\000i\000o\000n\000\040\000d\000a\000n\000s\000\040\000F\000l\000e\000e\000t\000M\000a\000n}{section.3.7}% 64
\BOOKMARK [1][-]{section.3.8}{\376\377\000I\000n\000t\000\351\000g\000r\000a\000t\000i\000o\000n\000\040\0008\000\040\040\024\000\040\000r\000e\000s\000o\000u\000r\000c\000e\000-\000c\000o\000r\000e\000\040\000:\000\040\000V\000\351\000h\000i\000c\000u\000l\000e\000s\000\040\000c\000o\000m\000m\000e\000\040\000R\000e\000s\000s\000o\000u\000r\000c\000e\000s}{chapter.3}% 65
\BOOKMARK [2][-]{subsection.3.8.1}{\376\377\000S\000i\000t\000u\000a\000t\000i\000o\000n\000\040\000A\000c\000t\000u\000e\000l\000l\000e}{section.3.8}% 66
\BOOKMARK [2][-]{subsection.3.8.2}{\376\377\000C\000e\000\040\000q\000u\000e\000\040\000l\000e\000\040\000r\000e\000s\000o\000u\000r\000c\000e\000-\000c\000o\000r\000e\000\040\000A\000p\000p\000o\000r\000t\000e}{section.3.8}% 67
\BOOKMARK [2][-]{subsection.3.8.3}{\376\377\000M\000a\000p\000p\000i\000n\000g\000\040\000T\000e\000c\000h\000n\000i\000q\000u\000e}{section.3.8}% 68
\BOOKMARK [2][-]{subsection.3.8.4}{\376\377\000A\000d\000a\000p\000t\000a\000t\000i\000o\000n\000\040\000d\000u\000\040\000V\000e\000h\000i\000c\000l\000e\000S\000e\000r\000v\000i\000c\000e}{section.3.8}% 69
\BOOKMARK [1][-]{section.3.9}{\376\377\000I\000n\000t\000\351\000g\000r\000a\000t\000i\000o\000n\000\040\0009\000\040\040\024\000\040\000f\000i\000l\000e\000-\000c\000o\000r\000e\000\040\000:\000\040\000D\000o\000c\000u\000m\000e\000n\000t\000s\000\040\000L\000\351\000g\000a\000u\000x}{chapter.3}% 70
\BOOKMARK [2][-]{subsection.3.9.1}{\376\377\000S\000i\000t\000u\000a\000t\000i\000o\000n\000\040\000A\000c\000t\000u\000e\000l\000l\000e}{section.3.9}% 71
\BOOKMARK [2][-]{subsection.3.9.2}{\376\377\000C\000e\000\040\000q\000u\000e\000\040\000l\000e\000\040\000f\000i\000l\000e\000-\000c\000o\000r\000e\000\040\000A\000p\000p\000o\000r\000t\000e}{section.3.9}% 72
\BOOKMARK [2][-]{subsection.3.9.3}{\376\377\000A\000d\000a\000p\000t\000a\000t\000i\000o\000n\000\040\000d\000u\000\040\000D\000o\000c\000u\000m\000e\000n\000t\000S\000e\000r\000v\000i\000c\000e}{section.3.9}% 73
\BOOKMARK [0][-]{chapter.4}{\376\377\000A\000r\000c\000h\000i\000t\000e\000c\000t\000u\000r\000e\000\040\000d\000'\000I\000n\000t\000\351\000g\000r\000a\000t\000i\000o\000n\000\040\000F\000l\000e\000e\000t\000M\000a\000n\000\040\040\024\000\040\000K\000e\000r\000n\000e\000l}{}% 74
\BOOKMARK [1][-]{section.4.1}{\376\377\000V\000u\000e\000\040\000d\000'\000E\000n\000s\000e\000m\000b\000l\000e\000\040\000d\000e\000\040\000l\000'\000A\000r\000c\000h\000i\000t\000e\000c\000t\000u\000r\000e\000\040\000C\000i\000b\000l\000e}{chapter.4}% 75
\BOOKMARK [1][-]{section.4.2}{\376\377\000C\000o\000u\000c\000h\000e\000\040\000d\000'\000I\000n\000t\000\351\000g\000r\000a\000t\000i\000o\000n\000\040\000:\000\040\000k\000s\000m\000-\000k\000e\000r\000n\000e\000l\000-\000c\000l\000i\000e\000n\000t}{chapter.4}% 76
\BOOKMARK [1][-]{section.4.3}{\376\377\000G\000e\000s\000t\000i\000o\000n\000\040\000d\000e\000s\000\040\000E\000r\000r\000e\000u\000r\000s\000\040\000K\000e\000r\000n\000e\000l\000\040\000d\000a\000n\000s\000\040\000F\000l\000e\000e\000t\000M\000a\000n}{chapter.4}% 77
\BOOKMARK [0][-]{chapter.5}{\376\377\000P\000a\000t\000t\000e\000r\000n\000s\000\040\000d\000'\000I\000n\000t\000\351\000g\000r\000a\000t\000i\000o\000n\000\040\000D\000\351\000t\000a\000i\000l\000l\000\351\000s}{}% 78
\BOOKMARK [1][-]{section.5.1}{\376\377\000P\000a\000t\000t\000e\000r\000n\000\040\0001\000\040\040\024\000\040\000A\000n\000t\000i\000-\000C\000o\000r\000r\000u\000p\000t\000i\000o\000n\000\040\000L\000a\000y\000e\000r\000\040\000\050\000A\000C\000L\000\051}{chapter.5}% 79
\BOOKMARK [1][-]{section.5.2}{\376\377\000P\000a\000t\000t\000e\000r\000n\000\040\0002\000\040\040\024\000\040\000S\000y\000n\000c\000h\000r\000o\000n\000i\000s\000a\000t\000i\000o\000n\000\040\000p\000a\000r\000\040\000\311\000v\000\351\000n\000e\000m\000e\000n\000t\000s\000\040\000K\000a\000f\000k\000a}{chapter.5}% 80
\BOOKMARK [1][-]{section.5.3}{\376\377\000P\000a\000t\000t\000e\000r\000n\000\040\0003\000\040\040\024\000\040\000D\000o\000n\000n\000\351\000e\000s\000\040\000D\000\351\000n\000o\000r\000m\000a\000l\000i\000s\000\351\000e\000s\000\040\000p\000o\000u\000r\000\040\000l\000a\000\040\000P\000e\000r\000f\000o\000r\000m\000a\000n\000c\000e}{chapter.5}% 81
\BOOKMARK [1][-]{section.5.4}{\376\377\000P\000a\000t\000t\000e\000r\000n\000\040\0004\000\040\040\024\000\040\000F\000a\000l\000l\000b\000a\000c\000k\000\040\000G\000r\000a\000c\000i\000e\000u\000x}{chapter.5}% 82
\BOOKMARK [0][-]{chapter.6}{\376\377\000B\000\351\000n\000\351\000f\000i\000c\000e\000s\000\040\000e\000t\000\040\000R\000i\000s\000q\000u\000e\000s\000\040\000d\000e\000\040\000l\000'\000I\000n\000t\000\351\000g\000r\000a\000t\000i\000o\000n}{}% 83
\BOOKMARK [1][-]{section.6.1}{\376\377\000B\000\351\000n\000\351\000f\000i\000c\000e\000s\000\040\000A\000t\000t\000e\000n\000d\000u\000s}{chapter.6}% 84
\BOOKMARK [2][-]{subsection.6.1.1}{\376\377\000B\000\351\000n\000\351\000f\000i\000c\000e\000s\000\040\000F\000o\000n\000c\000t\000i\000o\000n\000n\000e\000l\000s}{section.6.1}% 85
\BOOKMARK [2][-]{subsection.6.1.2}{\376\377\000B\000\351\000n\000\351\000f\000i\000c\000e\000s\000\040\000T\000e\000c\000h\000n\000i\000q\000u\000e\000s}{section.6.1}% 86
\BOOKMARK [1][-]{section.6.2}{\376\377\000R\000i\000s\000q\000u\000e\000s\000\040\000e\000t\000\040\000M\000i\000t\000i\000g\000a\000t\000i\000o\000n\000s}{chapter.6}% 87
\BOOKMARK [1][-]{section.6.3}{\376\377\000M\000\351\000t\000r\000i\000q\000u\000e\000s\000\040\000d\000e\000\040\000S\000u\000c\000c\000\350\000s}{chapter.6}% 88
\BOOKMARK [0][-]{chapter.7}{\376\377\000S\000p\000\351\000c\000i\000f\000i\000c\000a\000t\000i\000o\000n\000s\000\040\000T\000e\000c\000h\000n\000i\000q\000u\000e\000s\000\040\000d\000e\000s\000\040\000A\000d\000a\000p\000t\000e\000r\000s}{}% 89
\BOOKMARK [1][-]{section.7.1}{\376\377\000S\000t\000r\000u\000c\000t\000u\000r\000e\000\040\000d\000u\000\040\000P\000a\000c\000k\000a\000g\000e\000\040\000d\000'\000I\000n\000t\000\351\000g\000r\000a\000t\000i\000o\000n}{chapter.7}% 90
\BOOKMARK [1][-]{section.7.2}{\376\377\000I\000n\000t\000e\000r\000f\000a\000c\000e\000\040\000C\000o\000m\000m\000u\000n\000e\000\040\000d\000e\000s\000\040\000A\000d\000a\000p\000t\000e\000r\000s\000\040\000K\000e\000r\000n\000e\000l}{chapter.7}% 91
\BOOKMARK [1][-]{section.7.3}{\376\377\000C\000o\000n\000f\000i\000g\000u\000r\000a\000t\000i\000o\000n\000\040\000a\000p\000p\000l\000i\000c\000a\000t\000i\000o\000n\000.\000y\000m\000l\000\040\000E\000n\000r\000i\000c\000h\000i\000e}{chapter.7}% 92
\BOOKMARK [0][-]{chapter.8}{\376\377\000S\000y\000n\000t\000h\000\350\000s\000e\000\040\000e\000t\000\040\000R\000e\000c\000o\000m\000m\000a\000n\000d\000a\000t\000i\000o\000n\000s}{}% 93
\BOOKMARK [1][-]{section.8.1}{\376\377\000S\000y\000n\000t\000h\000\350\000s\000e\000\040\000d\000e\000s\000\040\000M\000o\000d\000u\000l\000e\000s\000\040\000K\000e\000r\000n\000e\000l\000\040\000R\000e\000t\000e\000n\000u\000s}{chapter.8}% 94
\BOOKMARK [1][-]{section.8.2}{\376\377\000R\000e\000c\000o\000m\000m\000a\000n\000d\000a\000t\000i\000o\000n\000s\000\040\000F\000i\000n\000a\000l\000e\000s}{chapter.8}% 95
\BOOKMARK [1][-]{section.8.3}{\376\377\000R\000o\000a\000d\000m\000a\000p\000\040\000R\000e\000c\000o\000m\000m\000a\000n\000d\000\351\000e}{chapter.8}% 96
\BOOKMARK [0][-]{chapter*.3}{\376\377\000C\000o\000n\000c\000l\000u\000s\000i\000o\000n}{}% 97
\BOOKMARK [0][-]{appendix.A}{\376\377\000G\000l\000o\000s\000s\000a\000i\000r\000e\000\040\000d\000e\000s\000\040\000T\000e\000r\000m\000e\000s\000\040\000K\000e\000r\000n\000e\000l}{}% 98
\BOOKMARK [0][-]{appendix.B}{\376\377\000C\000h\000e\000c\000k\000l\000i\000s\000t\000\040\000d\000'\000I\000n\000t\000\351\000g\000r\000a\000t\000i\000o\000n}{}% 99
