\BOOKMARK [0][-]{chapter*.1}{\376\377\000R\000\351\000s\000u\000m\000\351\000\040\000E\000x\000\351\000c\000u\000t\000i\000f}{}% 1
\BOOKMARK [0][-]{chapter*.5}{\376\377\000I\000n\000t\000r\000o\000d\000u\000c\000t\000i\000o\000n\000\040\000G\000\351\000n\000\351\000r\000a\000l\000e}{}% 2
\BOOKMARK [-1][-]{part.1}{\376\377\000I\000\040\000L\000'\000A\000r\000c\000h\000i\000t\000e\000c\000t\000u\000r\000e\000\040\000E\000x\000i\000s\000t\000a\000n\000t\000e\000\040\000d\000u\000\040\000B\000a\000c\000k\000e\000n\000d\000\040\000F\000l\000e\000e\000t\000M\000a\000n}{}% 3
\BOOKMARK [0][-]{chapter.1}{\376\377\000F\000o\000n\000d\000e\000m\000e\000n\000t\000s\000\040\000T\000e\000c\000h\000n\000o\000l\000o\000g\000i\000q\000u\000e\000s\000\040\000e\000t\000\040\000C\000h\000o\000i\000x\000\040\000d\000'\000A\000r\000c\000h\000i\000t\000e\000c\000t\000u\000r\000e}{part.1}% 4
\BOOKMARK [1][-]{section.1.1}{\376\377\000P\000r\000\351\000s\000e\000n\000t\000a\000t\000i\000o\000n\000\040\000G\000\351\000n\000\351\000r\000a\000l\000e\000\040\000d\000u\000\040\000P\000r\000o\000j\000e\000t}{chapter.1}% 5
\BOOKMARK [1][-]{section.1.2}{\376\377\000S\000t\000a\000c\000k\000\040\000T\000e\000c\000h\000n\000o\000l\000o\000g\000i\000q\000u\000e}{chapter.1}% 6
\BOOKMARK [2][-]{subsection.1.2.1}{\376\377\000T\000e\000c\000h\000n\000o\000l\000o\000g\000i\000e\000s\000\040\000P\000r\000i\000n\000c\000i\000p\000a\000l\000e\000s}{section.1.2}% 7
\BOOKMARK [2][-]{subsection.1.2.2}{\376\377\000J\000u\000s\000t\000i\000f\000i\000c\000a\000t\000i\000o\000n\000\040\000d\000e\000s\000\040\000C\000h\000o\000i\000x\000\040\000T\000e\000c\000h\000n\000o\000l\000o\000g\000i\000q\000u\000e\000s}{section.1.2}% 8
\BOOKMARK [0][-]{chapter.2}{\376\377\000L\000'\000A\000r\000c\000h\000i\000t\000e\000c\000t\000u\000r\000e\000\040\000H\000e\000x\000a\000g\000o\000n\000a\000l\000e\000\040\000R\000\351\000a\000c\000t\000i\000v\000e}{part.1}% 9
\BOOKMARK [1][-]{section.2.1}{\376\377\000P\000r\000\351\000s\000e\000n\000t\000a\000t\000i\000o\000n\000\040\000d\000u\000\040\000P\000a\000t\000t\000e\000r\000n\000\040\000H\000e\000x\000a\000g\000o\000n\000a\000l}{chapter.2}% 10
\BOOKMARK [1][-]{section.2.2}{\376\377\000S\000t\000r\000u\000c\000t\000u\000r\000e\000\040\000d\000e\000s\000\040\000P\000a\000c\000k\000a\000g\000e\000s}{chapter.2}% 11
\BOOKMARK [1][-]{section.2.3}{\376\377\000L\000a\000\040\000R\000\350\000g\000l\000e\000\040\000d\000e\000\040\000D\000\351\000p\000e\000n\000d\000a\000n\000c\000e}{chapter.2}% 12
\BOOKMARK [1][-]{section.2.4}{\376\377\000L\000e\000s\000\040\000P\000o\000r\000t\000s\000\040\000:\000\040\000C\000o\000n\000t\000r\000a\000t\000s\000\040\000d\000u\000\040\000D\000o\000m\000a\000i\000n\000e}{chapter.2}% 13
\BOOKMARK [2][-]{subsection.2.4.1}{\376\377\000P\000o\000r\000t\000s\000\040\000E\000n\000t\000r\000a\000n\000t\000s\000\040\000\050\000U\000s\000e\000\040\000C\000a\000s\000e\000s\000\051}{section.2.4}% 14
\BOOKMARK [2][-]{subsection.2.4.2}{\376\377\000P\000o\000r\000t\000s\000\040\000S\000o\000r\000t\000a\000n\000t\000s}{section.2.4}% 15
\BOOKMARK [0][-]{chapter.3}{\376\377\000L\000e\000s\000\040\000M\000o\000d\000u\000l\000e\000s\000\040\000M\000\351\000t\000i\000e\000r\000\040\000E\000x\000i\000s\000t\000a\000n\000t\000s}{part.1}% 16
\BOOKMARK [1][-]{section.3.1}{\376\377\000L\000e\000s\000\040\000A\000c\000t\000e\000u\000r\000s\000\040\000d\000u\000\040\000S\000y\000s\000t\000\350\000m\000e}{chapter.3}% 17
\BOOKMARK [1][-]{section.3.2}{\376\377\000M\000o\000d\000u\000l\000e\000\040\000d\000'\000A\000u\000t\000h\000e\000n\000t\000i\000f\000i\000c\000a\000t\000i\000o\000n}{chapter.3}% 18
\BOOKMARK [2][-]{subsection.3.2.1}{\376\377\000A\000r\000c\000h\000i\000t\000e\000c\000t\000u\000r\000e\000\040\000d\000u\000\040\000M\000o\000d\000u\000l\000e\000\040\000A\000u\000t\000h}{section.3.2}% 19
\BOOKMARK [2][-]{subsection.3.2.2}{\376\377\000S\000\351\000c\000u\000r\000i\000t\000\351\000\040\000J\000W\000T\000\040\000R\000\351\000a\000c\000t\000i\000v\000e}{section.3.2}% 20
\BOOKMARK [2][-]{subsection.3.2.3}{\376\377\000C\000o\000n\000f\000i\000g\000u\000r\000a\000t\000i\000o\000n\000\040\000d\000e\000\040\000S\000\351\000c\000u\000r\000i\000t\000\351}{section.3.2}% 21
\BOOKMARK [2][-]{subsection.3.2.4}{\376\377\000C\000O\000R\000S}{section.3.2}% 22
\BOOKMARK [1][-]{section.3.3}{\376\377\000M\000o\000d\000u\000l\000e\000\040\000d\000e\000\040\000G\000e\000s\000t\000i\000o\000n\000\040\000d\000e\000s\000\040\000V\000\351\000h\000i\000c\000u\000l\000e\000s}{chapter.3}% 23
\BOOKMARK [2][-]{subsection.3.3.1}{\376\377\000M\000o\000d\000\350\000l\000e\000\040\000d\000e\000\040\000D\000o\000m\000a\000i\000n\000e}{section.3.3}% 24
\BOOKMARK [2][-]{subsection.3.3.2}{\376\377\000P\000a\000r\000a\000m\000\350\000t\000r\000e\000s\000\040\000d\000u\000\040\000V\000\351\000h\000i\000c\000u\000l\000e}{section.3.3}% 25
\BOOKMARK [2][-]{subsection.3.3.3}{\376\377\000R\000\351\000f\000\351\000r\000e\000n\000t\000i\000e\000l\000s\000\040\000V\000\351\000h\000i\000c\000u\000l\000e}{section.3.3}% 26
\BOOKMARK [2][-]{subsection.3.3.4}{\376\377\000E\000n\000d\000p\000o\000i\000n\000t\000s\000\040\000R\000E\000S\000T\000\040\000d\000u\000\040\000M\000o\000d\000u\000l\000e\000\040\000V\000\351\000h\000i\000c\000u\000l\000e}{section.3.3}% 27
\BOOKMARK [1][-]{section.3.4}{\376\377\000M\000o\000d\000u\000l\000e\000\040\000d\000e\000\040\000G\000e\000s\000t\000i\000o\000n\000\040\000d\000e\000s\000\040\000C\000o\000n\000d\000u\000c\000t\000e\000u\000r\000s}{chapter.3}% 28
\BOOKMARK [2][-]{subsection.3.4.1}{\376\377\000M\000o\000d\000\350\000l\000e\000\040\000d\000e\000\040\000D\000o\000m\000a\000i\000n\000e}{section.3.4}% 29
\BOOKMARK [2][-]{subsection.3.4.2}{\376\377\000F\000o\000n\000c\000t\000i\000o\000n\000n\000a\000l\000i\000t\000\351\000s\000\040\000d\000u\000\040\000M\000o\000d\000u\000l\000e\000\040\000C\000o\000n\000d\000u\000c\000t\000e\000u\000r}{section.3.4}% 30
\BOOKMARK [2][-]{subsection.3.4.3}{\376\377\000E\000n\000d\000p\000o\000i\000n\000t\000s\000\040\000R\000E\000S\000T\000\040\000d\000u\000\040\000M\000o\000d\000u\000l\000e\000\040\000C\000o\000n\000d\000u\000c\000t\000e\000u\000r}{section.3.4}% 31
\BOOKMARK [1][-]{section.3.5}{\376\377\000M\000o\000d\000u\000l\000e\000\040\000d\000e\000\040\000G\000e\000s\000t\000i\000o\000n\000\040\000d\000e\000s\000\040\000F\000l\000o\000t\000t\000e\000s}{chapter.3}% 32
\BOOKMARK [2][-]{subsection.3.5.1}{\376\377\000M\000o\000d\000\350\000l\000e\000\040\000d\000e\000\040\000D\000o\000m\000a\000i\000n\000e}{section.3.5}% 33
\BOOKMARK [2][-]{subsection.3.5.2}{\376\377\000F\000o\000n\000c\000t\000i\000o\000n\000n\000a\000l\000i\000t\000\351\000s\000\040\000d\000u\000\040\000M\000o\000d\000u\000l\000e\000\040\000F\000l\000o\000t\000t\000e}{section.3.5}% 34
\BOOKMARK [1][-]{section.3.6}{\376\377\000M\000o\000d\000u\000l\000e\000\040\000d\000e\000\040\000G\000e\000s\000t\000i\000o\000n\000\040\000d\000e\000s\000\040\000T\000r\000a\000j\000e\000t\000s}{chapter.3}% 35
\BOOKMARK [2][-]{subsection.3.6.1}{\376\377\000M\000o\000d\000\350\000l\000e\000\040\000d\000e\000\040\000D\000o\000m\000a\000i\000n\000e}{section.3.6}% 36
\BOOKMARK [2][-]{subsection.3.6.2}{\376\377\000C\000y\000c\000l\000e\000\040\000d\000e\000\040\000V\000i\000e\000\040\000d\000'\000u\000n\000\040\000T\000r\000a\000j\000e\000t}{section.3.6}% 37
\BOOKMARK [2][-]{subsection.3.6.3}{\376\377\000T\000\351\000l\000\351\000m\000\351\000t\000r\000i\000e\000\040\000G\000P\000S}{section.3.6}% 38
\BOOKMARK [2][-]{subsection.3.6.4}{\376\377\000E\000n\000d\000p\000o\000i\000n\000t\000s\000\040\000R\000E\000S\000T\000\040\000d\000u\000\040\000M\000o\000d\000u\000l\000e\000\040\000T\000r\000a\000j\000e\000t}{section.3.6}% 39
\BOOKMARK [1][-]{section.3.7}{\376\377\000M\000o\000d\000u\000l\000e\000\040\000d\000e\000\040\000G\000\351\000o\000r\000e\000p\000\351\000r\000a\000g\000e\000\040\000\050\000G\000e\000o\000f\000e\000n\000c\000i\000n\000g\000\051}{chapter.3}% 40
\BOOKMARK [2][-]{subsection.3.7.1}{\376\377\000P\000r\000\351\000s\000e\000n\000t\000a\000t\000i\000o\000n}{section.3.7}% 41
\BOOKMARK [2][-]{subsection.3.7.2}{\376\377\000A\000r\000c\000h\000i\000t\000e\000c\000t\000u\000r\000e\000\040\000d\000u\000\040\000M\000o\000d\000u\000l\000e\000\040\000G\000e\000o\000f\000e\000n\000c\000e}{section.3.7}% 42
\BOOKMARK [2][-]{subsection.3.7.3}{\376\377\000M\000o\000d\000\350\000l\000e\000s\000\040\000d\000e\000\040\000D\000o\000m\000a\000i\000n\000e}{section.3.7}% 43
\BOOKMARK [2][-]{subsection.3.7.4}{\376\377\000E\000n\000d\000p\000o\000i\000n\000t\000s\000\040\000R\000E\000S\000T\000\040\000d\000u\000\040\000M\000o\000d\000u\000l\000e\000\040\000G\000e\000o\000f\000e\000n\000c\000e}{section.3.7}% 44
\BOOKMARK [1][-]{section.3.8}{\376\377\000M\000o\000d\000u\000l\000e\000\040\000d\000e\000\040\000N\000o\000t\000i\000f\000i\000c\000a\000t\000i\000o\000n\000s}{chapter.3}% 45
\BOOKMARK [1][-]{section.3.9}{\376\377\000M\000o\000d\000u\000l\000e\000\040\000d\000'\000A\000d\000m\000i\000n\000i\000s\000t\000r\000a\000t\000i\000o\000n}{chapter.3}% 46
\BOOKMARK [2][-]{subsection.3.9.1}{\376\377\000A\000d\000m\000i\000n\000i\000s\000t\000r\000a\000t\000e\000u\000r}{section.3.9}% 47
\BOOKMARK [2][-]{subsection.3.9.2}{\376\377\000S\000u\000p\000e\000r\000\040\000A\000d\000m\000i\000n\000i\000s\000t\000r\000a\000t\000e\000u\000r}{section.3.9}% 48
\BOOKMARK [2][-]{subsection.3.9.3}{\376\377\000I\000n\000i\000t\000i\000a\000l\000i\000s\000a\000t\000i\000o\000n\000\040\000A\000u\000t\000o\000m\000a\000t\000i\000q\000u\000e}{section.3.9}% 49
\BOOKMARK [0][-]{chapter.4}{\376\377\000L\000a\000\040\000C\000o\000u\000c\000h\000e\000\040\000I\000n\000f\000r\000a\000s\000t\000r\000u\000c\000t\000u\000r\000e\000\040\000E\000x\000i\000s\000t\000a\000n\000t\000e}{part.1}% 50
\BOOKMARK [1][-]{section.4.1}{\376\377\000L\000a\000\040\000B\000a\000s\000e\000\040\000d\000e\000\040\000D\000o\000n\000n\000\351\000e\000s\000\040\000P\000o\000s\000t\000g\000r\000e\000S\000Q\000L}{chapter.4}% 51
\BOOKMARK [2][-]{subsection.4.1.1}{\376\377\000O\000r\000g\000a\000n\000i\000s\000a\000t\000i\000o\000n\000\040\000e\000n\000\040\000S\000c\000h\000\351\000m\000a\000s}{section.4.1}% 52
\BOOKMARK [2][-]{subsection.4.1.2}{\376\377\000M\000i\000g\000r\000a\000t\000i\000o\000n\000s\000\040\000L\000i\000q\000u\000i\000b\000a\000s\000e}{section.4.1}% 53
\BOOKMARK [2][-]{subsection.4.1.3}{\376\377\000S\000c\000h\000\351\000m\000a\000\040\000d\000e\000\040\000l\000a\000\040\000B\000a\000s\000e\000\040\000d\000e\000\040\000D\000o\000n\000n\000\351\000e\000s\000\040\000P\000r\000i\000n\000c\000i\000p\000a\000l\000e}{section.4.1}% 54
\BOOKMARK [1][-]{section.4.2}{\376\377\000L\000e\000s\000\040\000A\000d\000a\000p\000t\000e\000r\000s\000\040\000d\000e\000\040\000P\000e\000r\000s\000i\000s\000t\000a\000n\000c\000e\000\040\000R\0002\000D\000B\000C}{chapter.4}% 55
\BOOKMARK [2][-]{subsection.4.2.1}{\376\377\000P\000a\000t\000t\000e\000r\000n\000\040\000A\000d\000a\000p\000t\000e\000r\000\040\000d\000e\000\040\000P\000e\000r\000s\000i\000s\000t\000a\000n\000c\000e}{section.4.2}% 56
\BOOKMARK [2][-]{subsection.4.2.2}{\376\377\000R\000e\000p\000o\000s\000i\000t\000o\000r\000i\000e\000s\000\040\000S\000p\000r\000i\000n\000g\000\040\000D\000a\000t\000a\000\040\000R\0002\000D\000B\000C}{section.4.2}% 57
\BOOKMARK [1][-]{section.4.3}{\376\377\000L\000e\000s\000\040\000A\000d\000a\000p\000t\000e\000r\000s\000\040\000E\000x\000t\000e\000r\000n\000e\000s\000\040\000\050\000H\000T\000T\000P\000\040\000C\000l\000i\000e\000n\000t\000s\000\051}{chapter.4}% 58
\BOOKMARK [2][-]{subsection.4.3.1}{\376\377\000A\000r\000c\000h\000i\000t\000e\000c\000t\000u\000r\000e\000\040\000d\000e\000s\000\040\000C\000l\000i\000e\000n\000t\000s\000\040\000H\000T\000T\000P}{section.4.3}% 59
\BOOKMARK [2][-]{subsection.4.3.2}{\376\377\000A\000d\000a\000p\000t\000e\000r\000s\000\040\000E\000x\000t\000e\000r\000n\000e\000s}{section.4.3}% 60
\BOOKMARK [1][-]{section.4.4}{\376\377\000L\000e\000s\000\040\000A\000d\000a\000p\000t\000e\000r\000s\000\040\000K\000a\000f\000k\000a}{chapter.4}% 61
\BOOKMARK [2][-]{subsection.4.4.1}{\376\377\000C\000o\000n\000f\000i\000g\000u\000r\000a\000t\000i\000o\000n\000\040\000K\000a\000f\000k\000a}{section.4.4}% 62
\BOOKMARK [2][-]{subsection.4.4.2}{\376\377\000P\000r\000o\000d\000u\000c\000t\000e\000u\000r\000s\000\040\000e\000t\000\040\000C\000o\000n\000s\000o\000m\000m\000a\000t\000e\000u\000r\000s}{section.4.4}% 63
\BOOKMARK [1][-]{section.4.5}{\376\377\000L\000e\000s\000\040\000M\000a\000p\000p\000e\000r\000s\000\040\000M\000a\000p\000S\000t\000r\000u\000c\000t}{chapter.4}% 64
\BOOKMARK [1][-]{section.4.6}{\376\377\000C\000o\000n\000f\000i\000g\000u\000r\000a\000t\000i\000o\000n\000\040\000d\000u\000\040\000M\000o\000n\000i\000t\000o\000r\000i\000n\000g}{chapter.4}% 65
\BOOKMARK [2][-]{subsection.4.6.1}{\376\377\000S\000p\000r\000i\000n\000g\000\040\000A\000c\000t\000u\000a\000t\000o\000r}{section.4.6}% 66
\BOOKMARK [2][-]{subsection.4.6.2}{\376\377\000M\000\351\000t\000r\000i\000q\000u\000e\000s\000\040\000P\000r\000o\000m\000e\000t\000h\000e\000u\000s}{section.4.6}% 67
\BOOKMARK [2][-]{subsection.4.6.3}{\376\377\000C\000i\000r\000c\000u\000i\000t\000\040\000B\000r\000e\000a\000k\000e\000r\000\040\000R\000e\000s\000i\000l\000i\000e\000n\000c\000e\0004\000j}{section.4.6}% 68
\BOOKMARK [0][-]{chapter.5}{\376\377\000C\000o\000n\000f\000i\000g\000u\000r\000a\000t\000i\000o\000n\000\040\000S\000y\000s\000t\000\350\000m\000e\000\040\000e\000t\000\040\000D\000\351\000p\000l\000o\000i\000e\000m\000e\000n\000t}{part.1}% 69
\BOOKMARK [1][-]{section.5.1}{\376\377\000C\000o\000n\000f\000i\000g\000u\000r\000a\000t\000i\000o\000n\000\040\000d\000e\000\040\000l\000'\000A\000p\000p\000l\000i\000c\000a\000t\000i\000o\000n}{chapter.5}% 70
\BOOKMARK [2][-]{subsection.5.1.1}{\376\377\000P\000r\000o\000f\000i\000l\000s\000\040\000S\000p\000r\000i\000n\000g}{section.5.1}% 71
\BOOKMARK [2][-]{subsection.5.1.2}{\376\377\000C\000o\000n\000f\000i\000g\000u\000r\000a\000t\000i\000o\000n\000\040\000d\000e\000s\000\040\000S\000e\000r\000v\000i\000c\000e\000s\000\040\000E\000x\000t\000e\000r\000n\000e\000s}{section.5.1}% 72
\BOOKMARK [1][-]{section.5.2}{\376\377\000C\000o\000n\000t\000a\000i\000n\000e\000r\000i\000s\000a\000t\000i\000o\000n\000\040\000D\000o\000c\000k\000e\000r}{chapter.5}% 73
\BOOKMARK [2][-]{subsection.5.2.1}{\376\377\000D\000o\000c\000k\000e\000r\000f\000i\000l\000e}{section.5.2}% 74
\BOOKMARK [2][-]{subsection.5.2.2}{\376\377\000D\000o\000c\000k\000e\000r\000\040\000C\000o\000m\000p\000o\000s\000e}{section.5.2}% 75
\BOOKMARK [1][-]{section.5.3}{\376\377\000C\000I\000/\000C\000D}{chapter.5}% 76
\BOOKMARK [1][-]{section.5.4}{\376\377\000D\000o\000c\000u\000m\000e\000n\000t\000a\000t\000i\000o\000n\000\040\000A\000P\000I}{chapter.5}% 77
\BOOKMARK [-1][-]{part.2}{\376\377\000I\000I\000\040\000L\000e\000s\000\040\000A\000p\000p\000o\000r\000t\000s\000\040\000:\000\040\000M\000o\000d\000u\000l\000e\000\040\000O\000p\000\351\000r\000a\000t\000i\000o\000n\000s\000\040\000T\000e\000r\000r\000a\000i\000n}{}% 78
\BOOKMARK [0][-]{chapter.6}{\376\377\000A\000n\000a\000l\000y\000s\000e\000\040\000d\000e\000s\000\040\000B\000e\000s\000o\000i\000n\000s\000\040\000e\000t\000\040\000C\000o\000n\000c\000e\000p\000t\000i\000o\000n\000\040\000d\000u\000\040\000M\000o\000d\000u\000l\000e\000\040\000O\000p\000\351\000r\000a\000t\000i\000o\000n\000s}{part.2}% 79
\BOOKMARK [1][-]{section.6.1}{\376\377\000C\000o\000n\000t\000e\000x\000t\000e\000\040\000e\000t\000\040\000M\000o\000t\000i\000v\000a\000t\000i\000o\000n}{chapter.6}% 80
\BOOKMARK [1][-]{section.6.2}{\376\377\000A\000n\000a\000l\000y\000s\000e\000\040\000d\000e\000s\000\040\000B\000e\000s\000o\000i\000n\000s\000\040\000F\000o\000n\000c\000t\000i\000o\000n\000n\000e\000l\000s}{chapter.6}% 81
\BOOKMARK [2][-]{subsection.6.2.1}{\376\377\000B\000e\000s\000o\000i\000n\000s\000\040\000l\000i\000\351\000s\000\040\000a\000u\000x\000\040\000M\000a\000i\000n\000t\000e\000n\000a\000n\000c\000e\000s}{section.6.2}% 82
\BOOKMARK [2][-]{subsection.6.2.2}{\376\377\000B\000e\000s\000o\000i\000n\000s\000\040\000l\000i\000\351\000s\000\040\000a\000u\000x\000\040\000I\000n\000c\000i\000d\000e\000n\000t\000s}{section.6.2}% 83
\BOOKMARK [2][-]{subsection.6.2.3}{\376\377\000B\000e\000s\000o\000i\000n\000s\000\040\000l\000i\000\351\000s\000\040\000a\000u\000x\000\040\000R\000e\000c\000h\000a\000r\000g\000e\000s\000\040\000C\000a\000r\000b\000u\000r\000a\000n\000t}{section.6.2}% 84
\BOOKMARK [1][-]{section.6.3}{\376\377\000A\000n\000a\000l\000y\000s\000e\000\040\000d\000e\000s\000\040\000B\000e\000s\000o\000i\000n\000s\000\040\000N\000o\000n\000-\000F\000o\000n\000c\000t\000i\000o\000n\000n\000e\000l\000s}{chapter.6}% 85
\BOOKMARK [1][-]{section.6.4}{\376\377\000I\000d\000e\000n\000t\000i\000f\000i\000c\000a\000t\000i\000o\000n\000\040\000d\000e\000s\000\040\000A\000g\000r\000\351\000g\000a\000t\000s\000\040\000D\000D\000D}{chapter.6}% 86
\BOOKMARK [1][-]{section.6.5}{\376\377\000S\000t\000r\000a\000t\000\351\000g\000i\000e\000\040\000d\000'\000I\000n\000t\000\351\000g\000r\000a\000t\000i\000o\000n}{chapter.6}% 87
\BOOKMARK [0][-]{chapter.7}{\376\377\000I\000m\000p\000l\000\351\000m\000e\000n\000t\000a\000t\000i\000o\000n\000\040\040\024\000\040\000C\000o\000u\000c\000h\000e\000\040\000D\000o\000m\000a\000i\000n\000e}{part.2}% 88
\BOOKMARK [1][-]{section.7.1}{\376\377\000L\000e\000\040\000V\000a\000l\000u\000e\000\040\000O\000b\000j\000e\000c\000t\000\040\000C\000o\000o\000r\000d\000i\000n\000a\000t\000e\000s}{chapter.7}% 89
\BOOKMARK [2][-]{subsection.7.1.1}{\376\377\000C\000o\000n\000c\000e\000p\000t\000i\000o\000n}{section.7.1}% 90
\BOOKMARK [2][-]{subsection.7.1.2}{\376\377\000C\000a\000r\000a\000c\000t\000\351\000r\000i\000s\000t\000i\000q\000u\000e\000s\000\040\000T\000e\000c\000h\000n\000i\000q\000u\000e\000s}{section.7.1}% 91
\BOOKMARK [1][-]{section.7.2}{\376\377\000L\000'\000E\000n\000t\000i\000t\000\351\000\040\000M\000a\000i\000n\000t\000e\000n\000a\000n\000c\000e}{chapter.7}% 92
\BOOKMARK [2][-]{subsection.7.2.1}{\376\377\000C\000o\000n\000c\000e\000p\000t\000i\000o\000n}{section.7.2}% 93
\BOOKMARK [2][-]{subsection.7.2.2}{\376\377\000I\000n\000v\000a\000r\000i\000a\000n\000t\000s\000\040\000M\000\351\000t\000i\000e\000r}{section.7.2}% 94
\BOOKMARK [2][-]{subsection.7.2.3}{\376\377\000M\000\351\000t\000h\000o\000d\000e\000s\000\040\000M\000\351\000t\000i\000e\000r}{section.7.2}% 95
\BOOKMARK [2][-]{subsection.7.2.4}{\376\377\000D\000o\000n\000n\000\351\000e\000s\000\040\000D\000\351\000n\000o\000r\000m\000a\000l\000i\000s\000\351\000e\000s}{section.7.2}% 96
\BOOKMARK [1][-]{section.7.3}{\376\377\000L\000'\000E\000n\000t\000i\000t\000\351\000\040\000I\000n\000c\000i\000d\000e\000n\000t\000\040\040\024\000\040\000M\000a\000c\000h\000i\000n\000e\000\040\000\340\000\040\000\311\000t\000a\000t\000s}{chapter.7}% 97
\BOOKMARK [2][-]{subsection.7.3.1}{\376\377\000C\000o\000n\000c\000e\000p\000t\000i\000o\000n}{section.7.3}% 98
\BOOKMARK [2][-]{subsection.7.3.2}{\376\377\000E\000n\000u\000m\000s\000\040\000d\000u\000\040\000D\000o\000m\000a\000i\000n\000e}{section.7.3}% 99
\BOOKMARK [2][-]{subsection.7.3.3}{\376\377\000M\000a\000c\000h\000i\000n\000e\000\040\000\340\000\040\000\311\000t\000a\000t\000s}{section.7.3}% 100
\BOOKMARK [2][-]{subsection.7.3.4}{\376\377\000M\000\351\000t\000h\000o\000d\000e\000s\000\040\000M\000\351\000t\000i\000e\000r}{section.7.3}% 101
\BOOKMARK [1][-]{section.7.4}{\376\377\000L\000'\000E\000n\000t\000i\000t\000\351\000\040\000F\000u\000e\000l\000R\000e\000c\000h\000a\000r\000g\000e}{chapter.7}% 102
\BOOKMARK [2][-]{subsection.7.4.1}{\376\377\000C\000o\000n\000c\000e\000p\000t\000i\000o\000n}{section.7.4}% 103
\BOOKMARK [2][-]{subsection.7.4.2}{\376\377\000M\000\351\000t\000h\000o\000d\000e\000\040\000M\000\351\000t\000i\000e\000r\000\040\000u\000n\000i\000t\000C\000o\000s\000t\000\050\000\051}{section.7.4}% 104
\BOOKMARK [2][-]{subsection.7.4.3}{\376\377\000E\000n\000u\000m\000\040\000S\000t\000a\000t\000i\000o\000n\000N\000a\000m\000e}{section.7.4}% 105
\BOOKMARK [1][-]{section.7.5}{\376\377\000L\000'\000E\000x\000c\000e\000p\000t\000i\000o\000n\000\040\000M\000\351\000t\000i\000e\000r\000\040\000O\000p\000e\000r\000a\000t\000i\000o\000n\000E\000x\000c\000e\000p\000t\000i\000o\000n}{chapter.7}% 106
\BOOKMARK [2][-]{subsection.7.5.1}{\376\377\000C\000o\000n\000c\000e\000p\000t\000i\000o\000n}{section.7.5}% 107
\BOOKMARK [0][-]{chapter.8}{\376\377\000I\000m\000p\000l\000\351\000m\000e\000n\000t\000a\000t\000i\000o\000n\000\040\040\024\000\040\000P\000o\000r\000t\000s\000\040\000e\000t\000\040\000S\000e\000r\000v\000i\000c\000e\000s\000\040\000A\000p\000p\000l\000i\000c\000a\000t\000i\000f\000s}{part.2}% 108
\BOOKMARK [1][-]{section.8.1}{\376\377\000L\000e\000s\000\040\000P\000o\000r\000t\000s\000\040\000E\000n\000t\000r\000a\000n\000t\000s\000\040\000\050\000U\000s\000e\000\040\000C\000a\000s\000e\000s\000\051}{chapter.8}% 109
\BOOKMARK [2][-]{subsection.8.1.1}{\376\377\000M\000a\000n\000a\000g\000e\000M\000a\000i\000n\000t\000e\000n\000a\000n\000c\000e\000U\000s\000e\000C\000a\000s\000e}{section.8.1}% 110
\BOOKMARK [2][-]{subsection.8.1.2}{\376\377\000M\000a\000n\000a\000g\000e\000I\000n\000c\000i\000d\000e\000n\000t\000U\000s\000e\000C\000a\000s\000e}{section.8.1}% 111
\BOOKMARK [2][-]{subsection.8.1.3}{\376\377\000M\000a\000n\000a\000g\000e\000F\000u\000e\000l\000R\000e\000c\000h\000a\000r\000g\000e\000U\000s\000e\000C\000a\000s\000e}{section.8.1}% 112
\BOOKMARK [1][-]{section.8.2}{\376\377\000L\000e\000s\000\040\000P\000o\000r\000t\000s\000\040\000S\000o\000r\000t\000a\000n\000t\000s}{chapter.8}% 113
\BOOKMARK [2][-]{subsection.8.2.1}{\376\377\000O\000p\000e\000r\000a\000t\000i\000o\000n\000E\000v\000e\000n\000t\000P\000o\000r\000t\000\040\040\024\000\040\000P\000o\000r\000t\000\040\000\311\000v\000\351\000n\000e\000m\000e\000n\000t\000i\000e\000l}{section.8.2}% 114
\BOOKMARK [1][-]{section.8.3}{\376\377\000L\000e\000s\000\040\000S\000e\000r\000v\000i\000c\000e\000s\000\040\000A\000p\000p\000l\000i\000c\000a\000t\000i\000f\000s}{chapter.8}% 115
\BOOKMARK [2][-]{subsection.8.3.1}{\376\377\000M\000a\000i\000n\000t\000e\000n\000a\000n\000c\000e\000S\000e\000r\000v\000i\000c\000e}{section.8.3}% 116
\BOOKMARK [2][-]{subsection.8.3.2}{\376\377\000S\000y\000n\000c\000h\000r\000o\000n\000i\000s\000a\000t\000i\000o\000n\000\040\000I\000n\000t\000e\000r\000-\000M\000o\000d\000u\000l\000e\000s}{section.8.3}% 117
\BOOKMARK [2][-]{subsection.8.3.3}{\376\377\000I\000n\000c\000i\000d\000e\000n\000t\000S\000e\000r\000v\000i\000c\000e\000\040\040\024\000\040\000G\000e\000s\000t\000i\000o\000n\000\040\000d\000u\000\040\000C\000y\000c\000l\000e\000\040\000d\000e\000\040\000V\000i\000e}{section.8.3}% 118
\BOOKMARK [2][-]{subsection.8.3.4}{\376\377\000F\000u\000e\000l\000R\000e\000c\000h\000a\000r\000g\000e\000S\000e\000r\000v\000i\000c\000e\000\040\040\024\000\040\000S\000y\000n\000c\000h\000r\000o\000n\000i\000s\000a\000t\000i\000o\000n\000\040\000d\000u\000\040\000N\000i\000v\000e\000a\000u\000\040\000C\000a\000r\000b\000u\000r\000a\000n\000t}{section.8.3}% 119
\BOOKMARK [0][-]{chapter.9}{\376\377\000I\000m\000p\000l\000\351\000m\000e\000n\000t\000a\000t\000i\000o\000n\000\040\040\024\000\040\000C\000o\000u\000c\000h\000e\000\040\000I\000n\000f\000r\000a\000s\000t\000r\000u\000c\000t\000u\000r\000e}{part.2}% 120
\BOOKMARK [1][-]{section.9.1}{\376\377\000M\000i\000g\000r\000a\000t\000i\000o\000n\000\040\000L\000i\000q\000u\000i\000b\000a\000s\000e\000\040\040\024\000\040\000C\000h\000a\000n\000g\000e\000s\000e\000t\000\040\0000\0001\0000}{chapter.9}% 121
\BOOKMARK [2][-]{subsection.9.1.1}{\376\377\000T\000a\000b\000l\000e\000\040\000f\000l\000e\000e\000t\000.\000m\000a\000i\000n\000t\000e\000n\000a\000n\000c\000e\000s}{section.9.1}% 122
\BOOKMARK [2][-]{subsection.9.1.2}{\376\377\000T\000a\000b\000l\000e\000\040\000f\000l\000e\000e\000t\000.\000i\000n\000c\000i\000d\000e\000n\000t\000s}{section.9.1}% 123
\BOOKMARK [2][-]{subsection.9.1.3}{\376\377\000T\000a\000b\000l\000e\000\040\000f\000l\000e\000e\000t\000.\000f\000u\000e\000l\000\137\000r\000e\000c\000h\000a\000r\000g\000e\000s}{section.9.1}% 124
\BOOKMARK [2][-]{subsection.9.1.4}{\376\377\000D\000\351\000c\000i\000s\000i\000o\000n\000s\000\040\000d\000e\000\040\000C\000o\000n\000c\000e\000p\000t\000i\000o\000n\000\040\000d\000e\000s\000\040\000T\000a\000b\000l\000e\000s}{section.9.1}% 125
\BOOKMARK [1][-]{section.9.2}{\376\377\000L\000e\000s\000\040\000E\000n\000t\000i\000t\000\351\000s\000\040\000R\0002\000D\000B\000C}{chapter.9}% 126
\BOOKMARK [2][-]{subsection.9.2.1}{\376\377\000P\000a\000t\000t\000e\000r\000n\000\040\000d\000e\000s\000\040\000E\000n\000t\000i\000t\000\351\000s}{section.9.2}% 127
\BOOKMARK [1][-]{section.9.3}{\376\377\000L\000e\000s\000\040\000R\000e\000p\000o\000s\000i\000t\000o\000r\000i\000e\000s\000\040\000R\0002\000D\000B\000C}{chapter.9}% 128
\BOOKMARK [2][-]{subsection.9.3.1}{\376\377\000I\000n\000c\000i\000d\000e\000n\000t\000R\0002\000d\000b\000c\000R\000e\000p\000o\000s\000i\000t\000o\000r\000y\000\040\040\024\000\040\000L\000e\000\040\000P\000l\000u\000s\000\040\000R\000i\000c\000h\000e}{section.9.3}% 129
\BOOKMARK [1][-]{section.9.4}{\376\377\000L\000e\000s\000\040\000A\000d\000a\000p\000t\000e\000r\000s\000\040\000d\000e\000\040\000P\000e\000r\000s\000i\000s\000t\000a\000n\000c\000e}{chapter.9}% 130
\BOOKMARK [2][-]{subsection.9.4.1}{\376\377\000C\000o\000n\000v\000e\000r\000s\000i\000o\000n\000\040\000E\000n\000t\000i\000t\000y\000\040\000\040\000D\000o\000m\000a\000i\000n}{section.9.4}% 131
\BOOKMARK [1][-]{section.9.5}{\376\377\000L\000'\000A\000d\000a\000p\000t\000e\000r\000\040\000K\000a\000f\000k\000a\000\040\040\024\000\040\000K\000a\000f\000k\000a\000O\000p\000e\000r\000a\000t\000i\000o\000n\000E\000v\000e\000n\000t\000A\000d\000a\000p\000t\000e\000r}{chapter.9}% 132
\BOOKMARK [0][-]{chapter.10}{\376\377\000I\000m\000p\000l\000\351\000m\000e\000n\000t\000a\000t\000i\000o\000n\000\040\040\024\000\040\000A\000P\000I\000\040\000R\000E\000S\000T\000\040\000e\000t\000\040\000R\000\351\000s\000u\000l\000t\000a\000t\000s}{part.2}% 133
\BOOKMARK [1][-]{section.10.1}{\376\377\000L\000e\000s\000\040\000D\000T\000O\000s\000\040\000d\000e\000\040\000R\000e\000q\000u\000\352\000t\000e\000\040\000e\000t\000\040\000R\000\351\000p\000o\000n\000s\000e}{chapter.10}% 134
\BOOKMARK [2][-]{subsection.10.1.1}{\376\377\000D\000T\000O\000s\000\040\000d\000e\000\040\000R\000e\000q\000u\000\352\000t\000e}{section.10.1}% 135
\BOOKMARK [2][-]{subsection.10.1.2}{\376\377\000D\000T\000O\000s\000\040\000d\000e\000\040\000R\000\351\000p\000o\000n\000s\000e}{section.10.1}% 136
\BOOKMARK [1][-]{section.10.2}{\376\377\000L\000e\000s\000\040\000C\000o\000n\000t\000r\000o\000l\000l\000e\000r\000s\000\040\000W\000e\000b\000F\000l\000u\000x}{chapter.10}% 137
\BOOKMARK [2][-]{subsection.10.2.1}{\376\377\000M\000a\000i\000n\000t\000e\000n\000a\000n\000c\000e\000C\000o\000n\000t\000r\000o\000l\000l\000e\000r}{section.10.2}% 138
\BOOKMARK [2][-]{subsection.10.2.2}{\376\377\000R\000\351\000c\000a\000p\000i\000t\000u\000l\000a\000t\000i\000f\000\040\000d\000e\000s\000\040\000E\000n\000d\000p\000o\000i\000n\000t\000s\000\040\000d\000u\000\040\000M\000o\000d\000u\000l\000e\000\040\000O\000p\000\351\000r\000a\000t\000i\000o\000n\000s}{section.10.2}% 139
\BOOKMARK [1][-]{section.10.3}{\376\377\000B\000i\000l\000a\000n\000\040\000d\000e\000s\000\040\000F\000i\000c\000h\000i\000e\000r\000s\000\040\000C\000r\000\351\000\351\000s}{chapter.10}% 140
\BOOKMARK [2][-]{subsection.10.3.1}{\376\377\000R\000\351\000c\000a\000p\000i\000t\000u\000l\000a\000t\000i\000f\000\040\000G\000l\000o\000b\000a\000l}{section.10.3}% 141
\BOOKMARK [2][-]{subsection.10.3.2}{\376\377\000F\000i\000c\000h\000i\000e\000r\000s\000\040\000M\000o\000d\000i\000f\000i\000\351\000s}{section.10.3}% 142
\BOOKMARK [0][-]{chapter.11}{\376\377\000D\000\351\000c\000i\000s\000i\000o\000n\000s\000\040\000T\000e\000c\000h\000n\000i\000q\000u\000e\000s\000\040\000e\000t\000\040\000B\000i\000l\000a\000n}{part.2}% 143
\BOOKMARK [1][-]{section.11.1}{\376\377\000D\000\351\000c\000i\000s\000i\000o\000n\000s\000\040\000T\000e\000c\000h\000n\000i\000q\000u\000e\000s\000\040\000M\000a\000j\000e\000u\000r\000e\000s}{chapter.11}% 144
\BOOKMARK [2][-]{subsection.11.1.1}{\376\377\000P\000a\000s\000\040\000d\000e\000\040\000R\000e\000c\000o\000r\000d\000s\000\040\000p\000o\000u\000r\000\040\000l\000e\000s\000\040\000E\000n\000t\000i\000t\000\351\000s\000\040\000M\000u\000t\000a\000b\000l\000e\000s}{section.11.1}% 145
\BOOKMARK [2][-]{subsection.11.1.2}{\376\377\000F\000i\000r\000e\000\040\000\046\000\040\000F\000o\000r\000g\000e\000t\000\040\000p\000o\000u\000r\000\040\000l\000e\000s\000\040\000\311\000v\000\351\000n\000e\000m\000e\000n\000t\000s}{section.11.1}% 146
\BOOKMARK [2][-]{subsection.11.1.3}{\376\377\000S\000y\000n\000c\000h\000r\000o\000n\000i\000s\000a\000t\000i\000o\000n\000\040\000I\000n\000t\000e\000r\000-\000M\000o\000d\000u\000l\000e\000s\000\040\000v\000i\000a\000\040\000R\000e\000p\000o\000s\000i\000t\000o\000r\000i\000e\000s\000\040\000D\000i\000r\000e\000c\000t\000s}{section.11.1}% 147
\BOOKMARK [2][-]{subsection.11.1.4}{\376\377\000E\000n\000u\000m\000s\000\040\000e\000n\000\040\000V\000A\000R\000C\000H\000A\000R}{section.11.1}% 148
\BOOKMARK [2][-]{subsection.11.1.5}{\376\377\000C\000o\000o\000r\000d\000o\000n\000n\000\351\000e\000s\000\040\000e\000n\000\040\000D\000e\000u\000x\000\040\000C\000o\000l\000o\000n\000n\000e\000s}{section.11.1}% 149
\BOOKMARK [1][-]{section.11.2}{\376\377\000R\000e\000s\000p\000e\000c\000t\000\040\000d\000e\000s\000\040\000R\000\350\000g\000l\000e\000s\000\040\000A\000r\000c\000h\000i\000t\000e\000c\000t\000u\000r\000a\000l\000e\000s}{chapter.11}% 150
\BOOKMARK [1][-]{section.11.3}{\376\377\000B\000i\000l\000a\000n\000\040\000Q\000u\000a\000n\000t\000i\000t\000a\000t\000i\000f}{chapter.11}% 151
\BOOKMARK [1][-]{section.11.4}{\376\377\000I\000n\000t\000\351\000g\000r\000a\000t\000i\000o\000n\000\040\000a\000v\000e\000c\000\040\000l\000e\000s\000\040\000M\000o\000d\000u\000l\000e\000s\000\040\000E\000x\000i\000s\000t\000a\000n\000t\000s}{chapter.11}% 152
\BOOKMARK [0][-]{chapter*.6}{\376\377\000C\000o\000n\000c\000l\000u\000s\000i\000o\000n\000\040\000G\000\351\000n\000\351\000r\000a\000l\000e}{part.2}% 153
\BOOKMARK [0][-]{appendix.A}{\376\377\000G\000l\000o\000s\000s\000a\000i\000r\000e\000\040\000T\000e\000c\000h\000n\000i\000q\000u\000e}{part.2}% 154
\BOOKMARK [0][-]{appendix.B}{\376\377\000R\000\351\000c\000a\000p\000i\000t\000u\000l\000a\000t\000i\000f\000\040\000d\000e\000s\000\040\000E\000n\000d\000p\000o\000i\000n\000t\000s\000\040\000R\000E\000S\000T}{part.2}% 155
