This is XeTeX, Version 3.141592653-2.6-0.999995 (TeX Live 2023/Debian) (preloaded format=xelatex 2026.1.21)  28 MAY 2026 20:29
entering extended mode
 restricted \write18 enabled.
 %&-line parsing enabled.
**rapport_evolution_backend.tex
(./rapport_evolution_backend.tex
LaTeX2e <2023-11-01> patch level 1
L3 programming layer <2024-01-22>
(/usr/share/texlive/texmf-dist/tex/latex/base/report.cls
Document Class: report 2023/05/17 v1.4n Standard LaTeX document class
(/usr/share/texlive/texmf-dist/tex/latex/base/size12.clo
File: size12.clo 2023/05/17 v1.4n Standard LaTeX file (size option)
)
\c@part=\count183
\c@chapter=\count184
\c@section=\count185
\c@subsection=\count186
\c@subsubsection=\count187
\c@paragraph=\count188
\c@subparagraph=\count189
\c@figure=\count190
\c@table=\count191
\abovecaptionskip=\skip48
\belowcaptionskip=\skip49
\bibindent=\dimen140
)
(/usr/share/texlive/texmf-dist/tex/latex/fontspec/fontspec.sty
(/usr/share/texlive/texmf-dist/tex/latex/l3packages/xparse/xparse.sty
(/usr/share/texlive/texmf-dist/tex/latex/l3kernel/expl3.sty
Package: expl3 2024-01-22 L3 programming layer (loader) 

(/usr/share/texlive/texmf-dist/tex/latex/l3backend/l3backend-xetex.def
File: l3backend-xetex.def 2024-01-04 L3 backend support: XeTeX
\g__graphics_track_int=\count192
\l__pdf_internal_box=\box51
\g__pdf_backend_object_int=\count193
\g__pdf_backend_annotation_int=\count194
\g__pdf_backend_link_int=\count195
))
Package: xparse 2023-10-10 L3 Experimental document command parser
)
Package: fontspec 2022/01/15 v2.8a Font selection for XeLaTeX and LuaLaTeX

(/usr/share/texlive/texmf-dist/tex/latex/fontspec/fontspec-xetex.sty
Package: fontspec-xetex 2022/01/15 v2.8a Font selection for XeLaTeX and LuaLaTe
X
\l__fontspec_script_int=\count196
\l__fontspec_language_int=\count197
\l__fontspec_strnum_int=\count198
\l__fontspec_tmp_int=\count199
\l__fontspec_tmpa_int=\count266
\l__fontspec_tmpb_int=\count267
\l__fontspec_tmpc_int=\count268
\l__fontspec_em_int=\count269
\l__fontspec_emdef_int=\count270
\l__fontspec_strong_int=\count271
\l__fontspec_strongdef_int=\count272
\l__fontspec_tmpa_dim=\dimen141
\l__fontspec_tmpb_dim=\dimen142
\l__fontspec_tmpc_dim=\dimen143

(/usr/share/texlive/texmf-dist/tex/latex/base/fontenc.sty
Package: fontenc 2021/04/29 v2.0v Standard LaTeX package
)
(/usr/share/texlive/texmf-dist/tex/latex/fontspec/fontspec.cfg)))
(/usr/share/texlive/texmf-dist/tex/latex/polyglossia/polyglossia.sty
Package: polyglossia 2023/12/11 v1.66 Modern multilingual typesetting with XeLa
TeX and LuaLaTeX

(/usr/share/texlive/texmf-dist/tex/latex/etoolbox/etoolbox.sty
Package: etoolbox 2020/10/05 v2.5k e-TeX tools for LaTeX (JAW)
\etb@tempcnta=\count273
)
(/usr/share/texlive/texmf-dist/tex/latex/xkeyval/xkeyval.sty
Package: xkeyval 2022/06/16 v2.9 package option processing (HA)

(/usr/share/texlive/texmf-dist/tex/generic/xkeyval/xkeyval.tex
(/usr/share/texlive/texmf-dist/tex/generic/xkeyval/xkvutils.tex
\XKV@toks=\toks17
\XKV@tempa@toks=\toks18

(/usr/share/texlive/texmf-dist/tex/generic/xkeyval/keyval.tex))
\XKV@depth=\count274
File: xkeyval.tex 2014/12/03 v2.7a key=value parser (HA)
))
(/usr/share/texlive/texmf-dist/tex/generic/iftex/iftex.sty
Package: iftex 2022/02/03 v1.0f TeX engine tests
)
\xpg@normalclass=\XeTeXcharclass1

(/usr/share/texlive/texmf-dist/tex/latex/polyglossia/gloss-latex.lde
Package: gloss-latex 2023/12/11 v1.66 polyglossia: module for default language
)
Package polyglossia Info: Default language is latex.
)
(/usr/share/texlive/texmf-dist/tex/latex/polyglossia/gloss-french.ldf
File: gloss-french.ldf polyglossia: module for French
\french@openbrackets=\XeTeXcharclass2
\french@closebrackets=\XeTeXcharclass3
\french@questionexclamation=\XeTeXcharclass4
\french@punctthin=\XeTeXcharclass5
\french@punctthick=\XeTeXcharclass6
\french@punctguillstart=\XeTeXcharclass7
\french@punctguillend=\XeTeXcharclass8
Package polyglossia Info: Option: French, variant=french.
)
Package polyglossia Info: Default language is french.

(/usr/share/texlive/texmf-dist/tex/latex/geometry/geometry.sty
Package: geometry 2020/01/02 v5.9 Page Geometry

(/usr/share/texlive/texmf-dist/tex/generic/iftex/ifvtex.sty
Package: ifvtex 2019/10/25 v1.7 ifvtex legacy package. Use iftex instead.
)
\Gm@cnth=\count275
\Gm@cntv=\count276
\c@Gm@tempcnt=\count277
\Gm@bindingoffset=\dimen144
\Gm@wd@mp=\dimen145
\Gm@odd@mp=\dimen146
\Gm@even@mp=\dimen147
\Gm@layoutwidth=\dimen148
\Gm@layoutheight=\dimen149
\Gm@layouthoffset=\dimen150
\Gm@layoutvoffset=\dimen151
\Gm@dimlist=\toks19
)
(/usr/share/texlive/texmf-dist/tex/latex/setspace/setspace.sty
Package: setspace 2022/12/04 v6.7b set line spacing
)
(/usr/share/texlive/texmf-dist/tex/latex/microtype/microtype.sty
Package: microtype 2023/03/13 v3.1a Micro-typographical refinements (RS)
\MT@toks=\toks20
\MT@tempbox=\box52
\MT@count=\count278
LaTeX Info: Redefining \noprotrusionifhmode on input line 1059.
LaTeX Info: Redefining \leftprotrusion on input line 1060.
\MT@prot@toks=\toks21
LaTeX Info: Redefining \rightprotrusion on input line 1078.
LaTeX Info: Redefining \textls on input line 1368.
\MT@outer@kern=\dimen152
LaTeX Info: Redefining \textmicrotypecontext on input line 1988.
\MT@listname@count=\count279

(/usr/share/texlive/texmf-dist/tex/latex/microtype/microtype-xetex.def
File: microtype-xetex.def 2023/03/13 v3.1a Definitions specific to xetex (RS)
LaTeX Info: Redefining \lsstyle on input line 238.
)
Package microtype Info: Loading configuration file microtype.cfg.

(/usr/share/texlive/texmf-dist/tex/latex/microtype/microtype.cfg
File: microtype.cfg 2023/03/13 v3.1a microtype main configuration file (RS)
))
(/usr/share/texlive/texmf-dist/tex/latex/parskip/parskip.sty
Package: parskip 2021-03-14 v2.0h non-zero parskip adjustments

(/usr/share/texlive/texmf-dist/tex/latex/kvoptions/kvoptions.sty
Package: kvoptions 2022-06-15 v3.15 Key value format for package options (HO)

(/usr/share/texlive/texmf-dist/tex/generic/ltxcmds/ltxcmds.sty
Package: ltxcmds 2023-12-04 v1.26 LaTeX kernel commands for general use (HO)
)
(/usr/share/texlive/texmf-dist/tex/latex/kvsetkeys/kvsetkeys.sty
Package: kvsetkeys 2022-10-05 v1.19 Key value parser (HO)
)))
(/usr/share/texlive/texmf-dist/tex/latex/xcolor/xcolor.sty
Package: xcolor 2023/11/15 v3.01 LaTeX color extensions (UK)

(/usr/share/texlive/texmf-dist/tex/latex/graphics-cfg/color.cfg
File: color.cfg 2016/01/02 v1.6 sample color configuration
)
Package xcolor Info: Driver file: xetex.def on input line 274.

(/usr/share/texlive/texmf-dist/tex/latex/graphics-def/xetex.def
File: xetex.def 2022/09/22 v5.0n Graphics/color driver for xetex
)
(/usr/share/texlive/texmf-dist/tex/latex/graphics/mathcolor.ltx)
Package xcolor Info: Model `cmy' substituted by `cmy0' on input line 1350.
Package xcolor Info: Model `RGB' extended on input line 1366.
Package xcolor Info: Model `HTML' substituted by `rgb' on input line 1368.
Package xcolor Info: Model `Hsb' substituted by `hsb' on input line 1369.
Package xcolor Info: Model `tHsb' substituted by `hsb' on input line 1370.
Package xcolor Info: Model `HSB' substituted by `hsb' on input line 1371.
Package xcolor Info: Model `Gray' substituted by `gray' on input line 1372.
Package xcolor Info: Model `wave' substituted by `hsb' on input line 1373.
)
(/usr/share/texlive/texmf-dist/tex/latex/graphics/dvipsnam.def
File: dvipsnam.def 2016/06/17 v3.0m Driver-dependent file (DPC,SPQR)
)
(/usr/share/texlive/texmf-dist/tex/latex/colortbl/colortbl.sty
Package: colortbl 2022/06/20 v1.0f Color table columns (DPC)

(/usr/share/texlive/texmf-dist/tex/latex/tools/array.sty
Package: array 2023/10/16 v2.5g Tabular extension package (FMi)
\col@sep=\dimen153
\ar@mcellbox=\box53
\extrarowheight=\dimen154
\NC@list=\toks22
\extratabsurround=\skip50
\backup@length=\skip51
\ar@cellbox=\box54
)
\everycr=\toks23
\minrowclearance=\skip52
\rownum=\count280
)
(/usr/share/texlive/texmf-dist/tex/latex/graphics/graphicx.sty
Package: graphicx 2021/09/16 v1.2d Enhanced LaTeX Graphics (DPC,SPQR)

(/usr/share/texlive/texmf-dist/tex/latex/graphics/graphics.sty
Package: graphics 2022/03/10 v1.4e Standard LaTeX Graphics (DPC,SPQR)

(/usr/share/texlive/texmf-dist/tex/latex/graphics/trig.sty
Package: trig 2021/08/11 v1.11 sin cos tan (DPC)
)
(/usr/share/texlive/texmf-dist/tex/latex/graphics-cfg/graphics.cfg
File: graphics.cfg 2016/06/04 v1.11 sample graphics configuration
)
Package graphics Info: Driver file: xetex.def on input line 107.
)
\Gin@req@height=\dimen155
\Gin@req@width=\dimen156
)
(/usr/share/texlive/texmf-dist/tex/latex/pgf/frontendlayer/tikz.sty
(/usr/share/texlive/texmf-dist/tex/latex/pgf/basiclayer/pgf.sty
(/usr/share/texlive/texmf-dist/tex/latex/pgf/utilities/pgfrcs.sty
(/usr/share/texlive/texmf-dist/tex/generic/pgf/utilities/pgfutil-common.tex
\pgfutil@everybye=\toks24
\pgfutil@tempdima=\dimen157
\pgfutil@tempdimb=\dimen158
)
(/usr/share/texlive/texmf-dist/tex/generic/pgf/utilities/pgfutil-latex.def
\pgfutil@abb=\box55
)
(/usr/share/texlive/texmf-dist/tex/generic/pgf/utilities/pgfrcs.code.tex
(/usr/share/texlive/texmf-dist/tex/generic/pgf/pgf.revision.tex)
Package: pgfrcs 2023-01-15 v3.1.10 (3.1.10)
))
Package: pgf 2023-01-15 v3.1.10 (3.1.10)

(/usr/share/texlive/texmf-dist/tex/latex/pgf/basiclayer/pgfcore.sty
(/usr/share/texlive/texmf-dist/tex/latex/pgf/systemlayer/pgfsys.sty
(/usr/share/texlive/texmf-dist/tex/generic/pgf/systemlayer/pgfsys.code.tex
Package: pgfsys 2023-01-15 v3.1.10 (3.1.10)

(/usr/share/texlive/texmf-dist/tex/generic/pgf/utilities/pgfkeys.code.tex
\pgfkeys@pathtoks=\toks25
\pgfkeys@temptoks=\toks26

(/usr/share/texlive/texmf-dist/tex/generic/pgf/utilities/pgfkeyslibraryfiltered
.code.tex
\pgfkeys@tmptoks=\toks27
))
\pgf@x=\dimen159
\pgf@y=\dimen160
\pgf@xa=\dimen161
\pgf@ya=\dimen162
\pgf@xb=\dimen163
\pgf@yb=\dimen164
\pgf@xc=\dimen165
\pgf@yc=\dimen166
\pgf@xd=\dimen167
\pgf@yd=\dimen168
\w@pgf@writea=\write3
\r@pgf@reada=\read2
\c@pgf@counta=\count281
\c@pgf@countb=\count282
\c@pgf@countc=\count283
\c@pgf@countd=\count284
\t@pgf@toka=\toks28
\t@pgf@tokb=\toks29
\t@pgf@tokc=\toks30
\pgf@sys@id@count=\count285
 (/usr/share/texlive/texmf-dist/tex/generic/pgf/systemlayer/pgf.cfg
File: pgf.cfg 2023-01-15 v3.1.10 (3.1.10)
)
Driver file for pgf: pgfsys-xetex.def
(/usr/share/texlive/texmf-dist/tex/generic/pgf/systemlayer/pgfsys-xetex.def
File: pgfsys-xetex.def 2023-01-15 v3.1.10 (3.1.10)

(/usr/share/texlive/texmf-dist/tex/generic/pgf/systemlayer/pgfsys-dvipdfmx.def
File: pgfsys-dvipdfmx.def 2023-01-15 v3.1.10 (3.1.10)

(/usr/share/texlive/texmf-dist/tex/generic/pgf/systemlayer/pgfsys-common-pdf.de
f
File: pgfsys-common-pdf.def 2023-01-15 v3.1.10 (3.1.10)
)
\pgfsys@objnum=\count286
)))
(/usr/share/texlive/texmf-dist/tex/generic/pgf/systemlayer/pgfsyssoftpath.code.
tex
File: pgfsyssoftpath.code.tex 2023-01-15 v3.1.10 (3.1.10)
\pgfsyssoftpath@smallbuffer@items=\count287
\pgfsyssoftpath@bigbuffer@items=\count288
)
(/usr/share/texlive/texmf-dist/tex/generic/pgf/systemlayer/pgfsysprotocol.code.
tex
File: pgfsysprotocol.code.tex 2023-01-15 v3.1.10 (3.1.10)
))
(/usr/share/texlive/texmf-dist/tex/generic/pgf/basiclayer/pgfcore.code.tex
Package: pgfcore 2023-01-15 v3.1.10 (3.1.10)

(/usr/share/texlive/texmf-dist/tex/generic/pgf/math/pgfmath.code.tex
(/usr/share/texlive/texmf-dist/tex/generic/pgf/math/pgfmathutil.code.tex)
(/usr/share/texlive/texmf-dist/tex/generic/pgf/math/pgfmathparser.code.tex
\pgfmath@dimen=\dimen169
\pgfmath@count=\count289
\pgfmath@box=\box56
\pgfmath@toks=\toks31
\pgfmath@stack@operand=\toks32
\pgfmath@stack@operation=\toks33
)
(/usr/share/texlive/texmf-dist/tex/generic/pgf/math/pgfmathfunctions.code.tex)
(/usr/share/texlive/texmf-dist/tex/generic/pgf/math/pgfmathfunctions.basic.code
.tex)
(/usr/share/texlive/texmf-dist/tex/generic/pgf/math/pgfmathfunctions.trigonomet
ric.code.tex)
(/usr/share/texlive/texmf-dist/tex/generic/pgf/math/pgfmathfunctions.random.cod
e.tex)
(/usr/share/texlive/texmf-dist/tex/generic/pgf/math/pgfmathfunctions.comparison
.code.tex)
(/usr/share/texlive/texmf-dist/tex/generic/pgf/math/pgfmathfunctions.base.code.
tex)
(/usr/share/texlive/texmf-dist/tex/generic/pgf/math/pgfmathfunctions.round.code
.tex)
(/usr/share/texlive/texmf-dist/tex/generic/pgf/math/pgfmathfunctions.misc.code.
tex)
(/usr/share/texlive/texmf-dist/tex/generic/pgf/math/pgfmathfunctions.integerari
thmetics.code.tex)
(/usr/share/texlive/texmf-dist/tex/generic/pgf/math/pgfmathcalc.code.tex)
(/usr/share/texlive/texmf-dist/tex/generic/pgf/math/pgfmathfloat.code.tex
\c@pgfmathroundto@lastzeros=\count290
))
(/usr/share/texlive/texmf-dist/tex/generic/pgf/math/pgfint.code.tex)
(/usr/share/texlive/texmf-dist/tex/generic/pgf/basiclayer/pgfcorepoints.code.te
x
File: pgfcorepoints.code.tex 2023-01-15 v3.1.10 (3.1.10)
\pgf@picminx=\dimen170
\pgf@picmaxx=\dimen171
\pgf@picminy=\dimen172
\pgf@picmaxy=\dimen173
\pgf@pathminx=\dimen174
\pgf@pathmaxx=\dimen175
\pgf@pathminy=\dimen176
\pgf@pathmaxy=\dimen177
\pgf@xx=\dimen178
\pgf@xy=\dimen179
\pgf@yx=\dimen180
\pgf@yy=\dimen181
\pgf@zx=\dimen182
\pgf@zy=\dimen183
)
(/usr/share/texlive/texmf-dist/tex/generic/pgf/basiclayer/pgfcorepathconstruct.
code.tex
File: pgfcorepathconstruct.code.tex 2023-01-15 v3.1.10 (3.1.10)
\pgf@path@lastx=\dimen184
\pgf@path@lasty=\dimen185
)
(/usr/share/texlive/texmf-dist/tex/generic/pgf/basiclayer/pgfcorepathusage.code
.tex
File: pgfcorepathusage.code.tex 2023-01-15 v3.1.10 (3.1.10)
\pgf@shorten@end@additional=\dimen186
\pgf@shorten@start@additional=\dimen187
)
(/usr/share/texlive/texmf-dist/tex/generic/pgf/basiclayer/pgfcorescopes.code.te
x
File: pgfcorescopes.code.tex 2023-01-15 v3.1.10 (3.1.10)
\pgfpic=\box57
\pgf@hbox=\box58
\pgf@layerbox@main=\box59
\pgf@picture@serial@count=\count291
)
(/usr/share/texlive/texmf-dist/tex/generic/pgf/basiclayer/pgfcoregraphicstate.c
ode.tex
File: pgfcoregraphicstate.code.tex 2023-01-15 v3.1.10 (3.1.10)
\pgflinewidth=\dimen188
)
(/usr/share/texlive/texmf-dist/tex/generic/pgf/basiclayer/pgfcoretransformation
s.code.tex
File: pgfcoretransformations.code.tex 2023-01-15 v3.1.10 (3.1.10)
\pgf@pt@x=\dimen189
\pgf@pt@y=\dimen190
\pgf@pt@temp=\dimen191
)
(/usr/share/texlive/texmf-dist/tex/generic/pgf/basiclayer/pgfcorequick.code.tex
File: pgfcorequick.code.tex 2023-01-15 v3.1.10 (3.1.10)
)
(/usr/share/texlive/texmf-dist/tex/generic/pgf/basiclayer/pgfcoreobjects.code.t
ex
File: pgfcoreobjects.code.tex 2023-01-15 v3.1.10 (3.1.10)
)
(/usr/share/texlive/texmf-dist/tex/generic/pgf/basiclayer/pgfcorepathprocessing
.code.tex
File: pgfcorepathprocessing.code.tex 2023-01-15 v3.1.10 (3.1.10)
)
(/usr/share/texlive/texmf-dist/tex/generic/pgf/basiclayer/pgfcorearrows.code.te
x
File: pgfcorearrows.code.tex 2023-01-15 v3.1.10 (3.1.10)
\pgfarrowsep=\dimen192
)
(/usr/share/texlive/texmf-dist/tex/generic/pgf/basiclayer/pgfcoreshade.code.tex
File: pgfcoreshade.code.tex 2023-01-15 v3.1.10 (3.1.10)
\pgf@max=\dimen193
\pgf@sys@shading@range@num=\count292
\pgf@shadingcount=\count293
)
(/usr/share/texlive/texmf-dist/tex/generic/pgf/basiclayer/pgfcoreimage.code.tex
File: pgfcoreimage.code.tex 2023-01-15 v3.1.10 (3.1.10)
)
(/usr/share/texlive/texmf-dist/tex/generic/pgf/basiclayer/pgfcoreexternal.code.
tex
File: pgfcoreexternal.code.tex 2023-01-15 v3.1.10 (3.1.10)
\pgfexternal@startupbox=\box60
)
(/usr/share/texlive/texmf-dist/tex/generic/pgf/basiclayer/pgfcorelayers.code.te
x
File: pgfcorelayers.code.tex 2023-01-15 v3.1.10 (3.1.10)
)
(/usr/share/texlive/texmf-dist/tex/generic/pgf/basiclayer/pgfcoretransparency.c
ode.tex
File: pgfcoretransparency.code.tex 2023-01-15 v3.1.10 (3.1.10)
)
(/usr/share/texlive/texmf-dist/tex/generic/pgf/basiclayer/pgfcorepatterns.code.
tex
File: pgfcorepatterns.code.tex 2023-01-15 v3.1.10 (3.1.10)
)
(/usr/share/texlive/texmf-dist/tex/generic/pgf/basiclayer/pgfcorerdf.code.tex
File: pgfcorerdf.code.tex 2023-01-15 v3.1.10 (3.1.10)
)))
(/usr/share/texlive/texmf-dist/tex/generic/pgf/modules/pgfmoduleshapes.code.tex
File: pgfmoduleshapes.code.tex 2023-01-15 v3.1.10 (3.1.10)
\pgfnodeparttextbox=\box61
) (/usr/share/texlive/texmf-dist/tex/generic/pgf/modules/pgfmoduleplot.code.tex
File: pgfmoduleplot.code.tex 2023-01-15 v3.1.10 (3.1.10)
)
(/usr/share/texlive/texmf-dist/tex/latex/pgf/compatibility/pgfcomp-version-0-65
.sty
Package: pgfcomp-version-0-65 2023-01-15 v3.1.10 (3.1.10)
\pgf@nodesepstart=\dimen194
\pgf@nodesepend=\dimen195
)
(/usr/share/texlive/texmf-dist/tex/latex/pgf/compatibility/pgfcomp-version-1-18
.sty
Package: pgfcomp-version-1-18 2023-01-15 v3.1.10 (3.1.10)
)) (/usr/share/texlive/texmf-dist/tex/latex/pgf/utilities/pgffor.sty
(/usr/share/texlive/texmf-dist/tex/latex/pgf/utilities/pgfkeys.sty
(/usr/share/texlive/texmf-dist/tex/generic/pgf/utilities/pgfkeys.code.tex))
(/usr/share/texlive/texmf-dist/tex/latex/pgf/math/pgfmath.sty
(/usr/share/texlive/texmf-dist/tex/generic/pgf/math/pgfmath.code.tex))
(/usr/share/texlive/texmf-dist/tex/generic/pgf/utilities/pgffor.code.tex
Package: pgffor 2023-01-15 v3.1.10 (3.1.10)
\pgffor@iter=\dimen196
\pgffor@skip=\dimen197
\pgffor@stack=\toks34
\pgffor@toks=\toks35
))
(/usr/share/texlive/texmf-dist/tex/generic/pgf/frontendlayer/tikz/tikz.code.tex
Package: tikz 2023-01-15 v3.1.10 (3.1.10)

(/usr/share/texlive/texmf-dist/tex/generic/pgf/libraries/pgflibraryplothandlers
.code.tex
File: pgflibraryplothandlers.code.tex 2023-01-15 v3.1.10 (3.1.10)
\pgf@plot@mark@count=\count294
\pgfplotmarksize=\dimen198
)
\tikz@lastx=\dimen199
\tikz@lasty=\dimen256
\tikz@lastxsaved=\dimen257
\tikz@lastysaved=\dimen258
\tikz@lastmovetox=\dimen259
\tikz@lastmovetoy=\dimen260
\tikzleveldistance=\dimen261
\tikzsiblingdistance=\dimen262
\tikz@figbox=\box62
\tikz@figbox@bg=\box63
\tikz@tempbox=\box64
\tikz@tempbox@bg=\box65
\tikztreelevel=\count295
\tikznumberofchildren=\count296
\tikznumberofcurrentchild=\count297
\tikz@fig@count=\count298

(/usr/share/texlive/texmf-dist/tex/generic/pgf/modules/pgfmodulematrix.code.tex
File: pgfmodulematrix.code.tex 2023-01-15 v3.1.10 (3.1.10)
\pgfmatrixcurrentrow=\count299
\pgfmatrixcurrentcolumn=\count300
\pgf@matrix@numberofcolumns=\count301
)
\tikz@expandcount=\count302

(/usr/share/texlive/texmf-dist/tex/generic/pgf/frontendlayer/tikz/libraries/tik
zlibrarytopaths.code.tex
File: tikzlibrarytopaths.code.tex 2023-01-15 v3.1.10 (3.1.10)
)))
(/usr/share/texlive/texmf-dist/tex/generic/pgf/frontendlayer/tikz/libraries/tik
zlibraryshapes.geometric.code.tex
File: tikzlibraryshapes.geometric.code.tex 2023-01-15 v3.1.10 (3.1.10)

(/usr/share/texlive/texmf-dist/tex/generic/pgf/libraries/shapes/pgflibraryshape
s.geometric.code.tex
File: pgflibraryshapes.geometric.code.tex 2023-01-15 v3.1.10 (3.1.10)
))
(/usr/share/texlive/texmf-dist/tex/generic/pgf/libraries/pgflibraryarrows.meta.
code.tex
File: pgflibraryarrows.meta.code.tex 2023-01-15 v3.1.10 (3.1.10)
\pgfarrowinset=\dimen263
\pgfarrowlength=\dimen264
\pgfarrowwidth=\dimen265
\pgfarrowlinewidth=\dimen266
)
(/usr/share/texlive/texmf-dist/tex/generic/pgf/frontendlayer/tikz/libraries/tik
zlibrarypositioning.code.tex
File: tikzlibrarypositioning.code.tex 2023-01-15 v3.1.10 (3.1.10)
)
(/usr/share/texlive/texmf-dist/tex/generic/pgf/frontendlayer/tikz/libraries/tik
zlibraryfit.code.tex
File: tikzlibraryfit.code.tex 2023-01-15 v3.1.10 (3.1.10)
)
(/usr/share/texlive/texmf-dist/tex/generic/pgf/frontendlayer/tikz/libraries/tik
zlibrarybackgrounds.code.tex
File: tikzlibrarybackgrounds.code.tex 2023-01-15 v3.1.10 (3.1.10)
\pgf@layerbox@background=\box66
\pgf@layerboxsaved@background=\box67
)
(/usr/share/texlive/texmf-dist/tex/latex/booktabs/booktabs.sty
Package: booktabs 2020/01/12 v1.61803398 Publication quality tables
\heavyrulewidth=\dimen267
\lightrulewidth=\dimen268
\cmidrulewidth=\dimen269
\belowrulesep=\dimen270
\belowbottomsep=\dimen271
\aboverulesep=\dimen272
\abovetopsep=\dimen273
\cmidrulesep=\dimen274
\cmidrulekern=\dimen275
\defaultaddspace=\dimen276
\@cmidla=\count303
\@cmidlb=\count304
\@aboverulesep=\dimen277
\@belowrulesep=\dimen278
\@thisruleclass=\count305
\@lastruleclass=\count306
\@thisrulewidth=\dimen279
)
(/usr/share/texlive/texmf-dist/tex/latex/tools/longtable.sty
Package: longtable 2023-11-01 v4.19 Multi-page Table package (DPC)
\LTleft=\skip53
\LTright=\skip54
\LTpre=\skip55
\LTpost=\skip56
\LTchunksize=\count307
\LTcapwidth=\dimen280
\LT@head=\box68
\LT@firsthead=\box69
\LT@foot=\box70
\LT@lastfoot=\box71
\LT@gbox=\box72
\LT@cols=\count308
\LT@rows=\count309
\c@LT@tables=\count310
\c@LT@chunks=\count311
\LT@p@ftn=\toks36
)
(/usr/share/texlive/texmf-dist/tex/latex/tools/tabularx.sty
Package: tabularx 2023/07/08 v2.11c `tabularx' package (DPC)
\TX@col@width=\dimen281
\TX@old@table=\dimen282
\TX@old@col=\dimen283
\TX@target=\dimen284
\TX@delta=\dimen285
\TX@cols=\count312
\TX@ftn=\toks37
)
(/usr/share/texlive/texmf-dist/tex/latex/multirow/multirow.sty
Package: multirow 2021/03/15 v2.8 Span multiple rows of a table
\multirow@colwidth=\skip57
\multirow@cntb=\count313
\multirow@dima=\skip58
\bigstrutjot=\dimen286
)
(/usr/share/texlive/texmf-dist/tex/latex/listings/listings.sty
\lst@mode=\count314
\lst@gtempboxa=\box73
\lst@token=\toks38
\lst@length=\count315
\lst@currlwidth=\dimen287
\lst@column=\count316
\lst@pos=\count317
\lst@lostspace=\dimen288
\lst@width=\dimen289
\lst@newlines=\count318
\lst@lineno=\count319
\lst@maxwidth=\dimen290

(/usr/share/texlive/texmf-dist/tex/latex/listings/lstmisc.sty
File: lstmisc.sty 2023/02/27 1.9 (Carsten Heinz)
\c@lstnumber=\count320
\lst@skipnumbers=\count321
\lst@framebox=\box74
)
(/usr/share/texlive/texmf-dist/tex/latex/listings/listings.cfg
File: listings.cfg 2023/02/27 1.9 listings configuration
))
Package: listings 2023/02/27 1.9 (Carsten Heinz)

(/usr/share/texlive/texmf-dist/tex/latex/lstaddons/lstautogobble.sty
Package: lstautogobble 2012/05/03 v0.1 Implements 'autogobble' option for 'list
ings'
\lstag@spacecount=\count322
)
(/usr/share/texlive/texmf-dist/tex/latex/hyperref/hyperref.sty
Package: hyperref 2024-01-20 v7.01h Hypertext links for LaTeX

(/usr/share/texlive/texmf-dist/tex/generic/kvdefinekeys/kvdefinekeys.sty
Package: kvdefinekeys 2019-12-19 v1.6 Define keys (HO)
)
(/usr/share/texlive/texmf-dist/tex/generic/pdfescape/pdfescape.sty
Package: pdfescape 2019/12/09 v1.15 Implements pdfTeX's escape features (HO)

(/usr/share/texlive/texmf-dist/tex/generic/pdftexcmds/pdftexcmds.sty
Package: pdftexcmds 2020-06-27 v0.33 Utility functions of pdfTeX for LuaTeX (HO
)

(/usr/share/texlive/texmf-dist/tex/generic/infwarerr/infwarerr.sty
Package: infwarerr 2019/12/03 v1.5 Providing info/warning/error messages (HO)
)
Package pdftexcmds Info: \pdf@primitive is available.
Package pdftexcmds Info: \pdf@ifprimitive is available.
Package pdftexcmds Info: \pdfdraftmode not found.
))
(/usr/share/texlive/texmf-dist/tex/latex/hycolor/hycolor.sty
Package: hycolor 2020-01-27 v1.10 Color options for hyperref/bookmark (HO)
)
(/usr/share/texlive/texmf-dist/tex/latex/auxhook/auxhook.sty
Package: auxhook 2019-12-17 v1.6 Hooks for auxiliary files (HO)
)
(/usr/share/texlive/texmf-dist/tex/latex/hyperref/nameref.sty
Package: nameref 2023-11-26 v2.56 Cross-referencing by name of section

(/usr/share/texlive/texmf-dist/tex/latex/refcount/refcount.sty
Package: refcount 2019/12/15 v3.6 Data extraction from label references (HO)
)
(/usr/share/texlive/texmf-dist/tex/generic/gettitlestring/gettitlestring.sty
Package: gettitlestring 2019/12/15 v1.6 Cleanup title references (HO)
)
\c@section@level=\count323
)
\@linkdim=\dimen291
\Hy@linkcounter=\count324
\Hy@pagecounter=\count325

(/usr/share/texlive/texmf-dist/tex/latex/hyperref/pd1enc.def
File: pd1enc.def 2024-01-20 v7.01h Hyperref: PDFDocEncoding definition (HO)
)
(/usr/share/texlive/texmf-dist/tex/generic/intcalc/intcalc.sty
Package: intcalc 2019/12/15 v1.3 Expandable calculations with integers (HO)
)
\Hy@SavedSpaceFactor=\count326

(/usr/share/texlive/texmf-dist/tex/latex/hyperref/puenc.def
File: puenc.def 2024-01-20 v7.01h Hyperref: PDF Unicode definition (HO)
)
Package hyperref Info: Hyper figures OFF on input line 4179.
Package hyperref Info: Link nesting OFF on input line 4184.
Package hyperref Info: Hyper index ON on input line 4187.
Package hyperref Info: Plain pages OFF on input line 4194.
Package hyperref Info: Backreferencing OFF on input line 4199.
Package hyperref Info: Implicit mode ON; LaTeX internals redefined.
Package hyperref Info: Bookmarks ON on input line 4446.
\c@Hy@tempcnt=\count327

(/usr/share/texlive/texmf-dist/tex/latex/url/url.sty
\Urlmuskip=\muskip16
Package: url 2013/09/16  ver 3.4  Verb mode for urls, etc.
)
LaTeX Info: Redefining \url on input line 4784.
\XeTeXLinkMargin=\dimen292

(/usr/share/texlive/texmf-dist/tex/generic/bitset/bitset.sty
Package: bitset 2019/12/09 v1.3 Handle bit-vector datatype (HO)

(/usr/share/texlive/texmf-dist/tex/generic/bigintcalc/bigintcalc.sty
Package: bigintcalc 2019/12/15 v1.5 Expandable calculations on big integers (HO
)
))
\Fld@menulength=\count328
\Field@Width=\dimen293
\Fld@charsize=\dimen294
Package hyperref Info: Hyper figures OFF on input line 6063.
Package hyperref Info: Link nesting OFF on input line 6068.
Package hyperref Info: Hyper index ON on input line 6071.
Package hyperref Info: backreferencing OFF on input line 6078.
Package hyperref Info: Link coloring OFF on input line 6083.
Package hyperref Info: Link coloring with OCG OFF on input line 6088.
Package hyperref Info: PDF/A mode OFF on input line 6093.

(/usr/share/texlive/texmf-dist/tex/latex/base/atbegshi-ltx.sty
Package: atbegshi-ltx 2021/01/10 v1.0c Emulation of the original atbegshi
package with kernel methods
)
\Hy@abspage=\count329
\c@Item=\count330
\c@Hfootnote=\count331
)
Package hyperref Info: Driver (autodetected): hxetex.

(/usr/share/texlive/texmf-dist/tex/latex/hyperref/hxetex.def
File: hxetex.def 2024-01-20 v7.01h Hyperref driver for XeTeX

(/usr/share/texlive/texmf-dist/tex/generic/stringenc/stringenc.sty
Package: stringenc 2019/11/29 v1.12 Convert strings between diff. encodings (HO
)
)
\pdfm@box=\box75
\c@Hy@AnnotLevel=\count332
\HyField@AnnotCount=\count333
\Fld@listcount=\count334
\c@bookmark@seq@number=\count335

(/usr/share/texlive/texmf-dist/tex/latex/rerunfilecheck/rerunfilecheck.sty
Package: rerunfilecheck 2022-07-10 v1.10 Rerun checks for auxiliary files (HO)

(/usr/share/texlive/texmf-dist/tex/latex/base/atveryend-ltx.sty
Package: atveryend-ltx 2020/08/19 v1.0a Emulation of the original atveryend pac
kage
with kernel methods
)
(/usr/share/texlive/texmf-dist/tex/generic/uniquecounter/uniquecounter.sty
Package: uniquecounter 2019/12/15 v1.4 Provide unlimited unique counter (HO)
)
Package uniquecounter Info: New unique counter `rerunfilecheck' on input line 2
85.
)
\Hy@SectionHShift=\skip59
)
(/usr/share/texlive/texmf-dist/tex/latex/fancyhdr/fancyhdr.sty
Package: fancyhdr 2022/11/09 v4.1 Extensive control of page headers and footers

\f@nch@headwidth=\skip60
\f@nch@O@elh=\skip61
\f@nch@O@erh=\skip62
\f@nch@O@olh=\skip63
\f@nch@O@orh=\skip64
\f@nch@O@elf=\skip65
\f@nch@O@erf=\skip66
\f@nch@O@olf=\skip67
\f@nch@O@orf=\skip68
)
(/usr/share/texlive/texmf-dist/tex/latex/emptypage/emptypage.sty
Package: emptypage 2010/05/30 v1.2 Suppress page numbers and headings on empty 
pages
)
(/usr/share/texlive/texmf-dist/tex/latex/tcolorbox/tcolorbox.sty
Package: tcolorbox 2024/01/10 version 6.2.0 text color boxes

(/usr/share/texlive/texmf-dist/tex/latex/tools/verbatim.sty
Package: verbatim 2023-11-06 v1.5v LaTeX2e package for verbatim enhancements
\every@verbatim=\toks39
\verbatim@line=\toks40
\verbatim@in@stream=\read3
)
(/usr/share/texlive/texmf-dist/tex/latex/environ/environ.sty
Package: environ 2014/05/04 v0.3 A new way to define environments

(/usr/share/texlive/texmf-dist/tex/latex/trimspaces/trimspaces.sty
Package: trimspaces 2009/09/17 v1.1 Trim spaces around a token list
)
\@envbody=\toks41
)
\tcb@titlebox=\box76
\tcb@upperbox=\box77
\tcb@lowerbox=\box78
\tcb@phantombox=\box79
\c@tcbbreakpart=\count336
\c@tcblayer=\count337
\c@tcolorbox@number=\count338
\l__tcobox_tmpa_box=\box80
\l__tcobox_tmpa_dim=\dimen295
\tcb@temp=\box81
\tcb@temp=\box82
\tcb@temp=\box83
\tcb@temp=\box84
)
(/usr/share/texlive/texmf-dist/tex/latex/tcolorbox/tcbskins.code.tex
Library (tcolorbox): 'tcbskins.code.tex' version '6.2.0'
(/usr/share/texlive/texmf-dist/tex/latex/tikzfill/tikzfill.image.sty
Package: tikzfill.image 2023/08/08 v1.0.1 Image filling library for TikZ

(/usr/share/texlive/texmf-dist/tex/latex/tikzfill/tikzfill-common.sty
Package: tikzfill-common 2023/08/08 v1.0.1 Auxiliary code for tikzfill
)
(/usr/share/texlive/texmf-dist/tex/latex/tikzfill/tikzlibraryfill.image.code.te
x
File: tikzlibraryfill.image.code.tex 2023/08/08 v1.0.1 Image filling library
\l__tikzfill_img_box=\box85
)) (/usr/share/texlive/texmf-dist/tex/latex/tcolorbox/tcbskinsjigsaw.code.tex
Library (tcolorbox): 'tcbskinsjigsaw.code.tex' version '6.2.0'
)) (/usr/share/texlive/texmf-dist/tex/latex/tcolorbox/tcbbreakable.code.tex
Library (tcolorbox): 'tcbbreakable.code.tex' version '6.2.0'
(/usr/share/texlive/texmf-dist/tex/latex/pdfcol/pdfcol.sty
Package: pdfcol 2022-09-21 v1.7 Handle new color stacks for pdfTeX (HO)
Package pdfcol Info: Interface disabled because of missing PDF mode of pdfTeX.
)
Package pdfcol Info: pdfTeX's color stacks are not available.
\tcb@testbox=\box86
\tcb@totalupperbox=\box87
\tcb@totallowerbox=\box88
)
(/usr/share/texlive/texmf-dist/tex/latex/tcolorbox/tcblistings.code.tex
Library (tcolorbox): 'tcblistings.code.tex' version '6.2.0'
(/usr/share/texlive/texmf-dist/tex/latex/tcolorbox/tcblistingscore.code.tex
Library (tcolorbox): 'tcblistingscore.code.tex' version '6.2.0'
(/usr/share/texlive/texmf-dist/tex/latex/tcolorbox/tcbprocessing.code.tex
Library (tcolorbox): 'tcbprocessing.code.tex' version '6.2.0'
)
\c@tcblisting=\count339
)) (/usr/share/texlive/texmf-dist/tex/latex/enumitem/enumitem.sty
Package: enumitem 2019/06/20 v3.9 Customized lists
\enitkv@toks@=\toks42
\labelindent=\skip69
\enit@outerparindent=\dimen296
\enit@toks=\toks43
\enit@inbox=\box89
\enit@count@id=\count340
\enitdp@description=\count341
)
(/usr/share/texlive/texmf-dist/tex/latex/titlesec/titlesec.sty
Package: titlesec 2023/10/27 v2.16 Sectioning titles
\ttl@box=\box90
\beforetitleunit=\skip70
\aftertitleunit=\skip71
\ttl@plus=\dimen297
\ttl@minus=\dimen298
\ttl@toksa=\toks44
\titlewidth=\dimen299
\titlewidthlast=\dimen300
\titlewidthfirst=\dimen301
)
(/usr/share/texlive/texmf-dist/tex/latex/amsmath/amsmath.sty
Package: amsmath 2023/05/13 v2.17o AMS math features
\@mathmargin=\skip72

For additional information on amsmath, use the `?' option.
(/usr/share/texlive/texmf-dist/tex/latex/amsmath/amstext.sty
Package: amstext 2021/08/26 v2.01 AMS text

(/usr/share/texlive/texmf-dist/tex/latex/amsmath/amsgen.sty
File: amsgen.sty 1999/11/30 v2.0 generic functions
\@emptytoks=\toks45
\ex@=\dimen302
))
(/usr/share/texlive/texmf-dist/tex/latex/amsmath/amsbsy.sty
Package: amsbsy 1999/11/29 v1.2d Bold Symbols
\pmbraise@=\dimen303
)
(/usr/share/texlive/texmf-dist/tex/latex/amsmath/amsopn.sty
Package: amsopn 2022/04/08 v2.04 operator names
)
\inf@bad=\count342
LaTeX Info: Redefining \frac on input line 234.
\uproot@=\count343
\leftroot@=\count344
LaTeX Info: Redefining \overline on input line 399.
LaTeX Info: Redefining \colon on input line 410.
\classnum@=\count345
\DOTSCASE@=\count346
LaTeX Info: Redefining \ldots on input line 496.
LaTeX Info: Redefining \dots on input line 499.
LaTeX Info: Redefining \cdots on input line 620.
\Mathstrutbox@=\box91
\strutbox@=\box92
LaTeX Info: Redefining \big on input line 722.
LaTeX Info: Redefining \Big on input line 723.
LaTeX Info: Redefining \bigg on input line 724.
LaTeX Info: Redefining \Bigg on input line 725.
\big@size=\dimen304
LaTeX Font Info:    Redeclaring font encoding OML on input line 743.
LaTeX Font Info:    Redeclaring font encoding OMS on input line 744.
\macc@depth=\count347
LaTeX Info: Redefining \bmod on input line 905.
LaTeX Info: Redefining \pmod on input line 910.
LaTeX Info: Redefining \smash on input line 940.
LaTeX Info: Redefining \relbar on input line 970.
LaTeX Info: Redefining \Relbar on input line 971.
\c@MaxMatrixCols=\count348
\dotsspace@=\muskip17
\c@parentequation=\count349
\dspbrk@lvl=\count350
\tag@help=\toks46
\row@=\count351
\column@=\count352
\maxfields@=\count353
\andhelp@=\toks47
\eqnshift@=\dimen305
\alignsep@=\dimen306
\tagshift@=\dimen307
\tagwidth@=\dimen308
\totwidth@=\dimen309
\lineht@=\dimen310
\@envbody=\toks48
\multlinegap=\skip73
\multlinetaggap=\skip74
\mathdisplay@stack=\toks49
LaTeX Info: Redefining \[ on input line 2953.
LaTeX Info: Redefining \] on input line 2954.
)
(/usr/share/texlive/texmf-dist/tex/latex/cleveref/cleveref.sty
Package: cleveref 2018/03/27 v0.21.4 Intelligent cross-referencing
Package cleveref Info: `hyperref' support loaded on input line 2370.
LaTeX Info: Redefining \cref on input line 2370.
LaTeX Info: Redefining \Cref on input line 2370.
LaTeX Info: Redefining \crefrange on input line 2370.
LaTeX Info: Redefining \Crefrange on input line 2370.
LaTeX Info: Redefining \cpageref on input line 2370.
LaTeX Info: Redefining \Cpageref on input line 2370.
LaTeX Info: Redefining \cpagerefrange on input line 2370.
LaTeX Info: Redefining \Cpagerefrange on input line 2370.
LaTeX Info: Redefining \labelcref on input line 2370.
LaTeX Info: Redefining \labelcpageref on input line 2370.
Package cleveref Info: `listings' support loaded on input line 3131.
)
(./rapport_evolution_backend.aux)
\openout1 = `rapport_evolution_backend.aux'.

LaTeX Font Info:    Checking defaults for OML/cmm/m/it on input line 195.
LaTeX Font Info:    ... okay on input line 195.
LaTeX Font Info:    Checking defaults for OMS/cmsy/m/n on input line 195.
LaTeX Font Info:    ... okay on input line 195.
LaTeX Font Info:    Checking defaults for OT1/cmr/m/n on input line 195.
LaTeX Font Info:    ... okay on input line 195.
LaTeX Font Info:    Checking defaults for T1/cmr/m/n on input line 195.
LaTeX Font Info:    ... okay on input line 195.
LaTeX Font Info:    Checking defaults for TS1/cmr/m/n on input line 195.
LaTeX Font Info:    Trying to load font information for TS1+cmr on input line 1
95.

(/usr/share/texlive/texmf-dist/tex/latex/base/ts1cmr.fd
File: ts1cmr.fd 2023/04/13 v2.5m Standard LaTeX font definitions
)
LaTeX Font Info:    ... okay on input line 195.
LaTeX Font Info:    Checking defaults for TU/lmr/m/n on input line 195.
LaTeX Font Info:    ... okay on input line 195.
LaTeX Font Info:    Checking defaults for OMX/cmex/m/n on input line 195.
LaTeX Font Info:    ... okay on input line 195.
LaTeX Font Info:    Checking defaults for U/cmr/m/n on input line 195.
LaTeX Font Info:    ... okay on input line 195.
LaTeX Font Info:    Checking defaults for PD1/pdf/m/n on input line 195.
LaTeX Font Info:    ... okay on input line 195.
LaTeX Font Info:    Checking defaults for PU/pdf/m/n on input line 195.
LaTeX Font Info:    ... okay on input line 195.

Package fontspec Info: Adjusting the maths setup (use [no-math] to avoid
(fontspec)             this).

\symlegacymaths=\mathgroup4
LaTeX Font Info:    Overwriting symbol font `legacymaths' in version `bold'
(Font)                  OT1/cmr/m/n --> OT1/cmr/bx/n on input line 195.
LaTeX Font Info:    Redeclaring math accent \acute on input line 195.
LaTeX Font Info:    Redeclaring math accent \grave on input line 195.
LaTeX Font Info:    Redeclaring math accent \ddot on input line 195.
LaTeX Font Info:    Redeclaring math accent \tilde on input line 195.
LaTeX Font Info:    Redeclaring math accent \bar on input line 195.
LaTeX Font Info:    Redeclaring math accent \breve on input line 195.
LaTeX Font Info:    Redeclaring math accent \check on input line 195.
LaTeX Font Info:    Redeclaring math accent \hat on input line 195.
LaTeX Font Info:    Redeclaring math accent \dot on input line 195.
LaTeX Font Info:    Redeclaring math accent \mathring on input line 195.
LaTeX Font Info:    Redeclaring math symbol \Gamma on input line 195.
LaTeX Font Info:    Redeclaring math symbol \Delta on input line 195.
LaTeX Font Info:    Redeclaring math symbol \Theta on input line 195.
LaTeX Font Info:    Redeclaring math symbol \Lambda on input line 195.
LaTeX Font Info:    Redeclaring math symbol \Xi on input line 195.
LaTeX Font Info:    Redeclaring math symbol \Pi on input line 195.
LaTeX Font Info:    Redeclaring math symbol \Sigma on input line 195.
LaTeX Font Info:    Redeclaring math symbol \Upsilon on input line 195.
LaTeX Font Info:    Redeclaring math symbol \Phi on input line 195.
LaTeX Font Info:    Redeclaring math symbol \Psi on input line 195.
LaTeX Font Info:    Redeclaring math symbol \Omega on input line 195.
LaTeX Font Info:    Redeclaring math symbol \mathdollar on input line 195.
LaTeX Font Info:    Redeclaring symbol font `operators' on input line 195.
LaTeX Font Info:    Encoding `OT1' has changed to `TU' for symbol font
(Font)              `operators' in the math version `normal' on input line 195.

LaTeX Font Info:    Overwriting symbol font `operators' in version `normal'
(Font)                  OT1/cmr/m/n --> TU/lmr/m/n on input line 195.
LaTeX Font Info:    Encoding `OT1' has changed to `TU' for symbol font
(Font)              `operators' in the math version `bold' on input line 195.
LaTeX Font Info:    Overwriting symbol font `operators' in version `bold'
(Font)                  OT1/cmr/bx/n --> TU/lmr/m/n on input line 195.
LaTeX Font Info:    Overwriting symbol font `operators' in version `normal'
(Font)                  TU/lmr/m/n --> TU/lmr/m/n on input line 195.
LaTeX Font Info:    Overwriting math alphabet `\mathit' in version `normal'
(Font)                  OT1/cmr/m/it --> TU/lmr/m/it on input line 195.
LaTeX Font Info:    Overwriting math alphabet `\mathbf' in version `normal'
(Font)                  OT1/cmr/bx/n --> TU/lmr/b/n on input line 195.
LaTeX Font Info:    Overwriting math alphabet `\mathsf' in version `normal'
(Font)                  OT1/cmss/m/n --> TU/lmss/m/n on input line 195.
LaTeX Font Info:    Overwriting math alphabet `\mathtt' in version `normal'
(Font)                  OT1/cmtt/m/n --> TU/lmtt/m/n on input line 195.
LaTeX Font Info:    Overwriting symbol font `operators' in version `bold'
(Font)                  TU/lmr/m/n --> TU/lmr/b/n on input line 195.
LaTeX Font Info:    Overwriting math alphabet `\mathit' in version `bold'
(Font)                  OT1/cmr/bx/it --> TU/lmr/b/it on input line 195.
LaTeX Font Info:    Overwriting math alphabet `\mathsf' in version `bold'
(Font)                  OT1/cmss/bx/n --> TU/lmss/b/n on input line 195.
LaTeX Font Info:    Overwriting math alphabet `\mathtt' in version `bold'
(Font)                  OT1/cmtt/m/n --> TU/lmtt/b/n on input line 195.

*geometry* driver: auto-detecting
*geometry* detected driver: xetex
*geometry* verbose mode - [ preamble ] result:
* driver: xetex
* paper: a4paper
* layout: <same size as paper>
* layoutoffset:(h,v)=(0.0pt,0.0pt)
* modes: 
* h-part:(L,W,R)=(85.35826pt, 441.01773pt, 71.13188pt)
* v-part:(T,H,B)=(71.13188pt, 702.78308pt, 71.13188pt)
* \paperwidth=597.50787pt
* \paperheight=845.04684pt
* \textwidth=441.01773pt
* \textheight=702.78308pt
* \oddsidemargin=13.08827pt
* \evensidemargin=13.08827pt
* \topmargin=-38.1381pt
* \headheight=15.0pt
* \headsep=25.0pt
* \topskip=12.0pt
* \footskip=30.0pt
* \marginparwidth=35.0pt
* \marginparsep=10.0pt
* \columnsep=10.0pt
* \skip\footins=10.8pt plus 4.0pt minus 2.0pt
* \hoffset=0.0pt
* \voffset=0.0pt
* \mag=1000
* \@twocolumnfalse
* \@twosidefalse
* \@mparswitchfalse
* \@reversemarginfalse
* (1in=72.27pt=25.4mm, 1cm=28.453pt)

LaTeX Info: Redefining \microtypecontext on input line 195.
Package microtype Info: Applying patch `item' on input line 195.
Package microtype Info: Applying patch `toc' on input line 195.
Package microtype Info: Applying patch `eqnum' on input line 195.
Package microtype Info: Applying patch `footnote' on input line 195.
Package microtype Info: Applying patch `verbatim' on input line 195.
Package microtype Info: Character protrusion enabled (level 2).
Package microtype Info: Using default protrusion set `alltext'.
Package microtype Info: No adjustment of tracking.
Package microtype Info: No adjustment of spacing.
Package microtype Info: No adjustment of kerning.
(/usr/share/texlive/texmf-dist/tex/latex/microtype/mt-LatinModernRoman.cfg
File: mt-LatinModernRoman.cfg 2021/02/21 v1.1 microtype config. file: Latin Mod
ern Roman (RS)
)
\c@lstlisting=\count354
Package hyperref Info: Link coloring OFF on input line 195.

(./rapport_evolution_backend.out) (./rapport_evolution_backend.out)
\@outlinefile=\write4
\openout4 = `rapport_evolution_backend.out'.



Package hyperref Warning: Rerun to get /PageLabels entry.

LaTeX Info: Redefining \rmfamily on input line 195.
LaTeX Info: Redefining \sffamily on input line 195.
LaTeX Info: Redefining \ttfamily on input line 195.
(/usr/share/texlive/texmf-dist/tex/latex/microtype/mt-cmr.cfg
File: mt-cmr.cfg 2013/05/19 v2.2 microtype config. file: Computer Modern Roman 
(RS)
) [1

]
Package microtype Info: Loading generic protrusion settings for font family
(microtype)             `lmtt' (encoding: TU).
(microtype)             For optimal results, create family-specific settings.
(microtype)             See the microtype manual for details.
 [1

]
(./rapport_evolution_backend.toc
! Undefined control sequence.
l.1 \babel@toc
               {french}{}\relax
The control sequence at the end of the top line
of your error message was never \def'ed. If you have
misspelled it (e.g., `\hobx'), type `I' and the correct
spelling (e.g., `I\hbox'). Otherwise just continue,
and I'll forget about whatever was undefined.


! LaTeX Error: Something's wrong--perhaps a missing \item.

See the LaTeX manual or LaTeX Companion for explanation.
Type  H <return>  for immediate help.
 ...                                              
                                                  
l.2 ...e {chapter}{Résumé Exécutif}{1}{chapter*.1}
                                                  %
Try typing  <return>  to proceed.
If that doesn't work, type  X <return>  to quit.

[2

] [3] [4] [5])
\tf@toc=\write5
\openout5 = `rapport_evolution_backend.toc'.

 [6] (./rapport_evolution_backend.lot
! Undefined control sequence.
l.1 \babel@toc
               {french}{}\relax
The control sequence at the end of the top line
of your error message was never \def'ed. If you have
misspelled it (e.g., `\hobx'), type `I' and the correct
spelling (e.g., `I\hbox'). Otherwise just continue,
and I'll forget about whatever was undefined.


! LaTeX Error: Something's wrong--perhaps a missing \item.

See the LaTeX manual or LaTeX Companion for explanation.
Type  H <return>  for immediate help.
 ...                                              
                                                  
l.2 \addvspace {10\p@ }
                       
Try typing  <return>  to proceed.
If that doesn't work, type  X <return>  to quit.

)
\tf@lot=\write6
\openout6 = `rapport_evolution_backend.lot'.

 [7

] (./rapport_evolution_backend.lof
! Undefined control sequence.
l.1 \babel@toc
               {french}{}\relax
The control sequence at the end of the top line
of your error message was never \def'ed. If you have
misspelled it (e.g., `\hobx'), type `I' and the correct
spelling (e.g., `I\hbox'). Otherwise just continue,
and I'll forget about whatever was undefined.


! LaTeX Error: Something's wrong--perhaps a missing \item.

See the LaTeX manual or LaTeX Companion for explanation.
Type  H <return>  for immediate help.
 ...                                              
                                                  
l.2 \addvspace {10\p@ }
                       
Try typing  <return>  to proceed.
If that doesn't work, type  X <return>  to quit.


! LaTeX Error: Something's wrong--perhaps a missing \item.

See the LaTeX manual or LaTeX Companion for explanation.
Type  H <return>  for immediate help.
 ...                                              
                                                  
l.3 \addvspace {10\p@ }
                       
Try typing  <return>  to proceed.
If that doesn't work, type  X <return>  to quit.

)
\tf@lof=\write7
\openout7 = `rapport_evolution_backend.lof'.

 [8

] [9

] [10] [11

]
Chapitre 1.

Overfull \hbox (3.23964pt too wide) in paragraph at lines 308--308
|\TU/lmr/bx/n/24.88 Fondements Technologiques et Choix
 []


Underfull \hbox (badness 7116) in paragraph at lines 341--342
[]|\TU/lmr/m/n/12 Framework web réactif (non-
 []


Underfull \hbox (badness 10000) in paragraph at lines 354--354
[]|\TU/lmr/m/n/12 Micrometer Prome-
 []

[12

] [13] [14]
Chapitre 2.
(/usr/share/texlive/texmf-dist/tex/latex/listings/lstlang1.sty
File: lstlang1.sty 2023/02/27 1.9 listings language file
)
(/usr/share/texlive/texmf-dist/tex/latex/listings/lstlang1.sty
File: lstlang1.sty 2023/02/27 1.9 listings language file
)
Package hyperref Info: bookmark level for unknown lstlisting defaults to 0 on i
nput line 424.
 [15

]
Overfull \hbox (43.86914pt too wide) in paragraph at lines 463--464
[]\TU/lmr/m/n/12 Le package \TU/lmtt/m/n/12 domain \TU/lmr/m/n/12 ne contient \
TU/lmr/bx/n/12 aucune \TU/lmr/m/n/12 annotation Spring (\TU/lmtt/m/n/12 @Servic
e\TU/lmr/m/n/12 , \TU/lmtt/m/n/12 @Repository\TU/lmr/m/n/12 ),
 []

[16]
Overfull \hbox (10.36986pt too wide) in paragraph at lines 510--510
[]|\TU/lmtt/m/n/12 FleetManagerPersistencePort| 
 []


Overfull \hbox (4.18985pt too wide) in paragraph at lines 511--511
[]|\TU/lmtt/m/n/12 MaintenancePersistencePort| 
 []


Overfull \hbox (10.36986pt too wide) in paragraph at lines 513--513
[]|\TU/lmtt/m/n/12 FuelRechargePersistencePort| 
 []


Underfull \hbox (badness 1708) in paragraph at lines 519--520
[]|\TU/lmr/m/n/12 Publication d’événements opérationnels
 []


Overfull \hbox (47.44986pt too wide) in paragraph at lines 523--523
[]|\TU/lmtt/m/n/12 NotificationHistoryRepositoryPort| 
 []


Overfull \hbox (53.62985pt too wide) in paragraph at lines 524--524
[]|\TU/lmtt/m/n/12 NotificationSettingsRepositoryPort| 
 []

[17] [18]
Chapitre 3.

Underfull \hbox (badness 3668) in paragraph at lines 542--542
[]|\TU/lmr/m/n/12 Super Administra-
 []


Underfull \hbox (badness 10000) in paragraph at lines 544--544
[]|\TU/lmr/m/n/12 Gestionnaire de
 []

(/usr/share/texlive/texmf-dist/tex/latex/listings/lstlang1.sty
File: lstlang1.sty 2023/02/27 1.9 listings language file
)
LaTeX Font Info:    Font shape `TU/lmtt/bx/n' in size <10> not available
(Font)              Font shape `TU/lmtt/b/n' tried instead on input line 557.
 [19

]
Overfull \hbox (50.7223pt too wide) in paragraph at lines 574--575
[]\TU/lmr/m/n/12 La sécurité est implémentée via deux composants clés dans \TU/
lmtt/m/n/12 infrastructure/config/security/ \TU/lmr/m/n/12 : 
 []

LaTeX Font Info:    Font shape `TU/lmtt/bx/n' in size <12> not available
(Font)              Font shape `TU/lmtt/b/n' tried instead on input line 577.
LaTeX Font Info:    Font shape `TU/lmtt/bx/n' in size <10.95> not available
(Font)              Font shape `TU/lmtt/b/n' tried instead on input line 600.
[20] [21]
Underfull \hbox (badness 10000) in paragraph at lines 655--656
[]|\TU/lmtt/m/n/12 insuranceNumber\TU/lmr/m/n/12 , \TU/lmtt/m/n/12 insuranceExp
iredAt\TU/lmr/m/n/12 ,
 []


Underfull \hbox (badness 10000) in paragraph at lines 656--657
[]|\TU/lmtt/m/n/12 lastMaintenanceAt\TU/lmr/m/n/12 , \TU/lmtt/m/n/12 nextMainte
nanceDue\TU/lmr/m/n/12 ,
 []


Underfull \hbox (badness 10000) in paragraph at lines 656--657
\TU/lmtt/m/n/12 engineStatus \TU/lmr/m/n/12 (OK/-
 []


Underfull \hbox (badness 10000) in paragraph at lines 656--657
\TU/lmr/m/n/12 NEEDS_SERVICE/OUT_OF_SERVICE),
 []


Underfull \hbox (badness 10000) in paragraph at lines 656--657
\TU/lmtt/m/n/12 batteryHealth\TU/lmr/m/n/12 , \TU/lmtt/m/n/12 maintenanceStatus

 []


Underfull \hbox (badness 5832) in paragraph at lines 657--658
[]|\TU/lmtt/m/n/12 status\TU/lmr/m/n/12 , \TU/lmtt/m/n/12 currentSpeed\TU/lmr/m
/n/12 , \TU/lmtt/m/n/12 fuelLevel\TU/lmr/m/n/12 , \TU/lmtt/m/n/12 mileage\TU/lm
r/m/n/12 ,
 []

[22]
Overfull \hbox (9.82088pt too wide) in paragraph at lines 682--682
[]|\TU/lmr/bx/n/12 Méthode| 
 []


Overfull \hbox (39.06412pt too wide) in paragraph at lines 687--687
[]|\TU/lmr/m/n/12 MANAGER/ADMIN| 
 []


Underfull \hbox (badness 10000) in paragraph at lines 687--688
[]|\TU/lmr/m/n/12 Détails com-
 []


Underfull \hbox (badness 3838) in paragraph at lines 688--689
[]|\TU/lmr/m/n/12 Mise à jour
 []


Overfull \hbox (88.84348pt too wide) in paragraph at lines 689--689
[]|\TU/lmtt/m/n/12 /api/v1/vehicles/{id}/financial-parameters| 
 []


Overfull \hbox (101.20349pt too wide) in paragraph at lines 690--690
[]|\TU/lmtt/m/n/12 /api/v1/vehicles/{id}/maintenance-parameters| 
 []


Underfull \hbox (badness 10000) in paragraph at lines 690--691
[]|\TU/lmr/m/n/12 Paramètres
 []


Overfull \hbox (33.22348pt too wide) in paragraph at lines 691--691
[]|\TU/lmtt/m/n/12 /api/v1/vehicles/{id}/operational| 
 []


Overfull \hbox (44.78812pt too wide) in paragraph at lines 691--691
[]|\TU/lmr/m/n/12 DRIVER/MANAGER| 
 []


Underfull \hbox (badness 10000) in paragraph at lines 691--692
[]|\TU/lmr/m/n/12 Télémétrie
 []


Overfull \hbox (33.22348pt too wide) in paragraph at lines 692--692
[]|\TU/lmtt/m/n/12 /api/v1/vehicles/{id}/operational| 
 []


Underfull \hbox (badness 3838) in paragraph at lines 692--693
[]|\TU/lmr/m/n/12 Mise à jour
 []


Overfull \hbox (6.10088pt too wide) in paragraph at lines 693--693
[]|\TU/lmr/m/n/12 DELETE| 
 []


Overfull \hbox (39.40347pt too wide) in paragraph at lines 694--694
[]|\TU/lmtt/m/n/12 /api/v1/vehicles/lookup/{resource}| 
 []


Overfull \hbox (14.68347pt too wide) in paragraph at lines 695--695
[]|\TU/lmtt/m/n/12 /api/v1/vehicles/resources/all| 
 []


Underfull \hbox (badness 10000) in paragraph at lines 695--696
[]|\TU/lmr/m/n/12 Catalogue
 []

[23]
Overfull \hbox (9.82088pt too wide) in paragraph at lines 733--733
[]|\TU/lmr/bx/n/12 Méthode| 
 []


Overfull \hbox (10.9665pt too wide) in paragraph at lines 733--734
[]|\TU/lmr/bx/n/12 Description| 
 []


Overfull \hbox (54.21072pt too wide) in paragraph at lines 736--736
[]|\TU/lmtt/m/n/12 /api/v1/fleets/{fleetId}/drivers/register| 
 []


Underfull \hbox (badness 10000) in paragraph at lines 736--737
[]|\TU/lmr/m/n/12 Créer un
 []


Underfull \hbox (badness 10000) in paragraph at lines 737--738
[]|\TU/lmr/m/n/12 Lister les
 []


Underfull \hbox (badness 10000) in paragraph at lines 737--738
\TU/lmr/m/n/12 conduc-
 []


Underfull \hbox (badness 10000) in paragraph at lines 738--739
[]|\TU/lmr/m/n/12 Rechercher
 []


Underfull \hbox (badness 1675) in paragraph at lines 738--739
\TU/lmr/m/n/12 par identi-
 []


Overfull \hbox (41.85072pt too wide) in paragraph at lines 739--739
[]|\TU/lmtt/m/n/12 /api/v1/drivers/{userId}/assign-vehicle| 
 []


Underfull \hbox (badness 10000) in paragraph at lines 739--740
[]|\TU/lmr/m/n/12 Assigner
 []


Overfull \hbox (54.21072pt too wide) in paragraph at lines 740--740
[]|\TU/lmtt/m/n/12 /api/v1/drivers/{userId}/unassign-vehicle| 
 []


Overfull \hbox (2.5305pt too wide) in paragraph at lines 740--741
[]|\TU/lmr/m/n/12 Désassigner| 
 []

[24] [25]
Overfull \hbox (9.82088pt too wide) in paragraph at lines 819--819
[]|\TU/lmr/bx/n/12 Méthode| 
 []


Overfull \hbox (16.54985pt too wide) in paragraph at lines 823--823
[]|\TU/lmtt/m/n/12 /api/v1/trips/{id}/telemetry| 
 []


Underfull \hbox (badness 4467) in paragraph at lines 825--826
[]|\TU/lmr/m/n/12 Mon trajet en
 []

[26]
Overfull \hbox (44.4661pt too wide) in paragraph at lines 840--841
\TU/lmr/m/n/12 l’écosystème TraEnSys). Cette délégation est réalisée via le por
t sortant \TU/lmtt/m/n/12 ExternalGeofencePort\TU/lmr/m/n/12 . 
 []


Overfull \hbox (9.82088pt too wide) in paragraph at lines 869--869
[]|\TU/lmr/bx/n/12 Méthode| 
 []


Overfull \hbox (39.06412pt too wide) in paragraph at lines 872--872
[]|\TU/lmr/m/n/12 MANAGER/ADMIN| 
 []


Underfull \hbox (badness 10000) in paragraph at lines 872--873
[]|\TU/lmr/m/n/12 Créer une
 []


Underfull \hbox (badness 10000) in paragraph at lines 873--874
[]|\TU/lmr/m/n/12 Zones circu-
 []


Overfull \hbox (27.04347pt too wide) in paragraph at lines 876--876
[]|\TU/lmtt/m/n/12 /api/v1/geofence/fleet/{fleetId}| 
 []


Underfull \hbox (badness 10000) in paragraph at lines 876--877
[]|\TU/lmr/m/n/12 Zones d’une
 []


Overfull \hbox (2.32347pt too wide) in paragraph at lines 878--878
[]|\TU/lmtt/m/n/12 /api/v1/geofence/{type}/{id}| 
 []


Overfull \hbox (39.06412pt too wide) in paragraph at lines 878--878
[]|\TU/lmr/m/n/12 MANAGER/ADMIN| 
 []


Underfull \hbox (badness 2689) in paragraph at lines 878--879
[]|\TU/lmr/m/n/12 Modifier une
 []


Overfull \hbox (101.20349pt too wide) in paragraph at lines 879--879
[]|\TU/lmtt/m/n/12 /api/v1/geofence/{id}/assign-fleet/{fleetId}| 
 []


Underfull \hbox (badness 10000) in paragraph at lines 879--880
[]|\TU/lmr/m/n/12 Assigner à
 []


Overfull \hbox (6.10088pt too wide) in paragraph at lines 880--880
[]|\TU/lmr/m/n/12 DELETE| 
 []


Overfull \hbox (2.32347pt too wide) in paragraph at lines 880--880
[]|\TU/lmtt/m/n/12 /api/v1/geofence/{type}/{id}| 
 []


Overfull \hbox (39.06412pt too wide) in paragraph at lines 880--880
[]|\TU/lmr/m/n/12 MANAGER/ADMIN| 
 []


Underfull \hbox (badness 10000) in paragraph at lines 880--881
[]|\TU/lmr/m/n/12 Supprimer
 []


Underfull \hbox (badness 10000) in paragraph at lines 882--883
[]|\TU/lmr/m/n/12 Toutes les
 []

[27] [28]
Overfull \hbox (12.41829pt too wide) in paragraph at lines 935--936
[]\TU/lmr/m/n/12 La classe \TU/lmtt/m/n/12 SystemUserInitializer \TU/lmr/m/n/12
 crée automatiquement le compte super-administrateur
 []

[29]
Chapitre 4.

Overfull \hbox (15.4303pt too wide) in paragraph at lines 966--967
[]\TU/lmr/m/n/12 Les migrations sont gérées par Liquibase via un fichier maître
 \TU/lmtt/m/n/12 db.changelog-master.yaml
 []


Overfull \hbox (9.78899pt too wide) in paragraph at lines 973--973
[]|\TU/lmtt/m/n/12 001-init-schemas.sql| 
 []


Overfull \hbox (9.78899pt too wide) in paragraph at lines 974--974
[]|\TU/lmtt/m/n/12 002-fleet-tables.sql| 
 []


Overfull \hbox (108.66898pt too wide) in paragraph at lines 975--975
[]|\TU/lmtt/m/n/12 003-create-notification-settings.sql| 
 []


Overfull \hbox (71.58897pt too wide) in paragraph at lines 976--976
[]|\TU/lmtt/m/n/12 004-update_geofence_tables.sql| 
 []


Overfull \hbox (53.04898pt too wide) in paragraph at lines 977--977
[]|\TU/lmtt/m/n/12 005-move-users-to-fleet.sql| 
 []


Overfull \hbox (71.57698pt too wide) in paragraph at lines 978--978
[]|\TU/lmtt/m/n/12 006-add-photo-url-to-users.sql| 
 []


Overfull \hbox (71.58897pt too wide) in paragraph at lines 979--979
[]|\TU/lmtt/m/n/12 007-add-geofence-remote-id.sql| 
 []


Overfull \hbox (65.40898pt too wide) in paragraph at lines 980--980
[]|\TU/lmtt/m/n/12 008-add-vehicle-resources.sql| 
 []


Overfull \hbox (59.21698pt too wide) in paragraph at lines 981--981
[]|\TU/lmtt/m/n/12 009-add-geofence-details.sql| 
 []


Overfull \hbox (40.68898pt too wide) in paragraph at lines 982--982
[]|\TU/lmtt/m/n/12 010-operations-tables.sql| 
 []


Overfull \hbox (75.9026pt too wide) in paragraph at lines 1001--1001
[]|\TU/lmtt/m/n/12 fleet.vehicle_illustration_images| 
 []


Overfull \hbox (45.0026pt too wide) in paragraph at lines 1002--1002
[]|\TU/lmtt/m/n/12 fleet.operational_parameters| 
 []


Overfull \hbox (32.6426pt too wide) in paragraph at lines 1003--1003
[]|\TU/lmtt/m/n/12 fleet.financial_parameters| 
 []


Overfull \hbox (45.0026pt too wide) in paragraph at lines 1004--1004
[]|\TU/lmtt/m/n/12 fleet.maintenance_parameters| 
 []


Overfull \hbox (1.7426pt too wide) in paragraph at lines 1007--1007
[]|\TU/lmtt/m/n/12 fleet.geofence_points| 
 []


Overfull \hbox (82.0826pt too wide) in paragraph at lines 1008--1008
[]|\TU/lmtt/m/n/12 fleet.geofence_point_zone_linkages| 
 []


Overfull \hbox (1.7426pt too wide) in paragraph at lines 1009--1009
[]|\TU/lmtt/m/n/12 fleet.geofence_events| 
 []

[30

] [31]
Underfull \hbox (badness 10000) in paragraph at lines 1077--1078
[]|\TU/lmr/m/n/12 Authentification, gestion
 []


Underfull \hbox (badness 10000) in paragraph at lines 1080--1081
[]|\TU/lmr/m/n/12 Authentification pour le
 []


Overfull \hbox (1.7426pt too wide) in paragraph at lines 1081--1081
[]|\TU/lmtt/m/n/12 NotificationApiClient| 
 []

[32] [33] [34] [35]
Chapitre 5.

Overfull \hbox (24.51204pt too wide) in paragraph at lines 1157--1157
|\TU/lmr/bx/n/24.88 Configuration Système et Déploiement| 
 []

[36

] [37] [38

]
Chapitre 6.
[39

]
Overfull \hbox (68.31044pt too wide) in paragraph at lines 1254--1255
[]\TU/lmr/m/n/12 Gérer le cycle de vie complet d’un incident : REPORTED → UNDER
_INVESTIGATION
 []


Package fancyhdr Warning: \headheight is too small (15.0pt): 
(fancyhdr)                Make it at least 25.52023pt, for example:
(fancyhdr)                \setlength{\headheight}{25.52023pt}.
(fancyhdr)                You might also make \topmargin smaller to compensate:

(fancyhdr)                \addtolength{\topmargin}{-10.52023pt}.

[40]
Underfull \hbox (badness 10000) in paragraph at lines 1307--1307
[]|\TU/lmr/m/n/12 Package
 []


Package fancyhdr Warning: \headheight is too small (15.0pt): 
(fancyhdr)                Make it at least 25.52023pt, for example:
(fancyhdr)                \setlength{\headheight}{25.52023pt}.
(fancyhdr)                You might also make \topmargin smaller to compensate:

(fancyhdr)                \addtolength{\topmargin}{-10.52023pt}.

[41]

Package fancyhdr Warning: \headheight is too small (15.0pt): 
(fancyhdr)                Make it at least 25.52023pt, for example:
(fancyhdr)                \setlength{\headheight}{25.52023pt}.
(fancyhdr)                You might also make \topmargin smaller to compensate:

(fancyhdr)                \addtolength{\topmargin}{-10.52023pt}.

[42]
Chapitre 7.
LaTeX Font Info:    Font shape `TU/lmtt/bx/n' in size <17.28> not available
(Font)              Font shape `TU/lmtt/b/n' tried instead on input line 1318.
[43

]
Overfull \hbox (21.51222pt too wide) in paragraph at lines 1394--1394
[]|\TU/lmtt/m/n/12 updateLocation(Coordinates,
 []

[44]
Overfull \hbox (10.99031pt too wide) in paragraph at lines 1401--1402
[]\TU/lmr/m/n/12 L’entité stocke des données dénormalisées pour l’affichage (\T
U/lmtt/m/n/12 vehicleRegistrationNumber\TU/lmr/m/n/12 ,
 []

[45] [46]
LaTeX Font Info:    Font shape `TU/lmtt/bx/n' in size <14.4> not available
(Font)              Font shape `TU/lmtt/b/n' tried instead on input line 1492.
 [47] [48]
Chapitre 8.
[49

] [50] [51] [52] [53]
Chapitre 9.

Overfull \hbox (14.51027pt too wide) in paragraph at lines 1741--1741
|\TU/lmr/bx/n/24.88 Implémentation — Couche Infrastruc-
 []

(/usr/share/texlive/texmf-dist/tex/latex/listings/lstlang1.sty
File: lstlang1.sty 2023/02/27 1.9 listings language file
) [54

] [55]
Overfull \hbox (0.63033pt too wide) in paragraph at lines 1845--1846
\TU/lmr/m/n/12 guer les insertions des mises à jour (pattern identique aux enti
tés existantes \TU/lmtt/m/n/12 TripEntity\TU/lmr/m/n/12 ,
 []

[56] [57]

Package hyperref Warning: Token not allowed in a PDF string (Unicode):
(hyperref)                removing `math shift' on input line 1912.


Package hyperref Warning: Token not allowed in a PDF string (Unicode):
(hyperref)                removing `\leftrightarrow' on input line 1912.


Package hyperref Warning: Token not allowed in a PDF string (Unicode):
(hyperref)                removing `math shift' on input line 1912.

[58]
Overfull \hbox (6.41331pt too wide) in paragraph at lines 1956--1956
|[]\TU/lmr/bx/n/17.28 L’Adapter Kafka — \TU/lmtt/b/n/17.28 KafkaOperationEventA
dapter| 
 []


Overfull \hbox (21.6183pt too wide) in paragraph at lines 1958--1959
[]\TU/lmr/m/n/12 L’adapter Kafka implémente \TU/lmtt/m/n/12 OperationEventPort 
\TU/lmr/m/n/12 via \TU/lmtt/m/n/12 ReactiveKafkaProducerTemplate \TU/lmr/m/n/12
 : 
 []

[59]
Overfull \hbox (231.0982pt too wide) in paragraph at lines 1989--1990
[]\TU/lmr/bx/n/12 Décision technique \TU/lmr/m/n/12 : Le topic est configurable
 via \TU/lmtt/m/n/12 ${application.kafka.topics.operation-events:operation-even
ts-topic}
 []

[60]
Chapitre 10.
[61

] [62]
Overfull \hbox (9.82088pt too wide) in paragraph at lines 2109--2109
[]|\TU/lmr/bx/n/12 Méthode| 
 []


Overfull \hbox (6.6371pt too wide) in paragraph at lines 2112--2112
[]|\TU/lmtt/m/n/12 /api/v1/operations/maintenances| 
 []


Overfull \hbox (44.78812pt too wide) in paragraph at lines 2112--2112
[]|\TU/lmr/m/n/12 MANAGER/DRIVER| 
 []


Overfull \hbox (6.6371pt too wide) in paragraph at lines 2113--2113
[]|\TU/lmtt/m/n/12 /api/v1/operations/maintenances| 
 []


Overfull \hbox (37.5371pt too wide) in paragraph at lines 2114--2114
[]|\TU/lmtt/m/n/12 /api/v1/operations/maintenances/{id}| 
 []


Overfull \hbox (44.78812pt too wide) in paragraph at lines 2114--2114
[]|\TU/lmr/m/n/12 MANAGER/DRIVER| 
 []


Overfull \hbox (130.23709pt too wide) in paragraph at lines 2115--2115
[]|\TU/lmtt/m/n/12 /api/v1/operations/maintenances/vehicle/{vehicleId}| 
 []


Overfull \hbox (117.8771pt too wide) in paragraph at lines 2116--2116
[]|\TU/lmtt/m/n/12 /api/v1/operations/maintenances/driver/{driverId}| 
 []


Overfull \hbox (43.7171pt too wide) in paragraph at lines 2117--2117
[]|\TU/lmtt/m/n/12 /api/v1/operations/maintenances/range| 
 []


Overfull \hbox (37.5371pt too wide) in paragraph at lines 2118--2118
[]|\TU/lmtt/m/n/12 /api/v1/operations/maintenances/{id}| 
 []


Overfull \hbox (6.10088pt too wide) in paragraph at lines 2119--2119
[]|\TU/lmr/m/n/12 DELETE| 
 []


Overfull \hbox (37.5371pt too wide) in paragraph at lines 2119--2119
[]|\TU/lmtt/m/n/12 /api/v1/operations/maintenances/{id}| 
 []

[63]
Overfull \hbox (9.82088pt too wide) in paragraph at lines 2128--2128
[]|\TU/lmr/bx/n/12 Méthode| 
 []


Overfull \hbox (44.78812pt too wide) in paragraph at lines 2131--2131
[]|\TU/lmr/m/n/12 MANAGER/DRIVER| 
 []


Overfull \hbox (18.9971pt too wide) in paragraph at lines 2133--2133
[]|\TU/lmtt/m/n/12 /api/v1/operations/incidents/{id}| 
 []


Overfull \hbox (44.78812pt too wide) in paragraph at lines 2133--2133
[]|\TU/lmr/m/n/12 MANAGER/DRIVER| 
 []


Overfull \hbox (111.69711pt too wide) in paragraph at lines 2134--2134
[]|\TU/lmtt/m/n/12 /api/v1/operations/incidents/vehicle/{vehicleId}| 
 []


Overfull \hbox (99.3371pt too wide) in paragraph at lines 2135--2135
[]|\TU/lmtt/m/n/12 /api/v1/operations/incidents/driver/{driverId}| 
 []


Overfull \hbox (18.9971pt too wide) in paragraph at lines 2136--2136
[]|\TU/lmtt/m/n/12 /api/v1/operations/incidents/open| 
 []


Overfull \hbox (31.3571pt too wide) in paragraph at lines 2137--2137
[]|\TU/lmtt/m/n/12 /api/v1/operations/incidents/filter| 
 []


Overfull \hbox (25.1771pt too wide) in paragraph at lines 2138--2138
[]|\TU/lmtt/m/n/12 /api/v1/operations/incidents/range| 
 []


Overfull \hbox (99.3371pt too wide) in paragraph at lines 2139--2139
[]|\TU/lmtt/m/n/12 /api/v1/operations/incidents/vehicle/{id}/cost| 
 []


Overfull \hbox (18.9971pt too wide) in paragraph at lines 2140--2140
[]|\TU/lmtt/m/n/12 /api/v1/operations/incidents/{id}| 
 []


Overfull \hbox (62.2571pt too wide) in paragraph at lines 2141--2141
[]|\TU/lmtt/m/n/12 /api/v1/operations/incidents/{id}/status| 
 []


Overfull \hbox (6.10088pt too wide) in paragraph at lines 2142--2142
[]|\TU/lmr/m/n/12 DELETE| 
 []


Overfull \hbox (18.9971pt too wide) in paragraph at lines 2142--2142
[]|\TU/lmtt/m/n/12 /api/v1/operations/incidents/{id}| 
 []


Overfull \hbox (9.82088pt too wide) in paragraph at lines 2151--2151
[]|\TU/lmr/bx/n/12 Méthode| 
 []


Overfull \hbox (18.9971pt too wide) in paragraph at lines 2154--2154
[]|\TU/lmtt/m/n/12 /api/v1/operations/fuel-recharges| 
 []


Overfull \hbox (18.9971pt too wide) in paragraph at lines 2155--2155
[]|\TU/lmtt/m/n/12 /api/v1/operations/fuel-recharges| 
 []


Overfull \hbox (49.8971pt too wide) in paragraph at lines 2156--2156
[]|\TU/lmtt/m/n/12 /api/v1/operations/fuel-recharges/{id}| 
 []


Overfull \hbox (44.78812pt too wide) in paragraph at lines 2156--2156
[]|\TU/lmr/m/n/12 MANAGER/DRIVER| 
 []


Overfull \hbox (142.5971pt too wide) in paragraph at lines 2157--2157
[]|\TU/lmtt/m/n/12 /api/v1/operations/fuel-recharges/vehicle/{vehicleId}| 
 []


Overfull \hbox (130.23709pt too wide) in paragraph at lines 2158--2158
[]|\TU/lmtt/m/n/12 /api/v1/operations/fuel-recharges/driver/{driverId}| 
 []


Overfull \hbox (56.0771pt too wide) in paragraph at lines 2159--2159
[]|\TU/lmtt/m/n/12 /api/v1/operations/fuel-recharges/range| 
 []


Overfull \hbox (49.8971pt too wide) in paragraph at lines 2160--2160
[]|\TU/lmtt/m/n/12 /api/v1/operations/fuel-recharges/{id}| 
 []


Overfull \hbox (6.10088pt too wide) in paragraph at lines 2161--2161
[]|\TU/lmr/m/n/12 DELETE| 
 []


Overfull \hbox (49.8971pt too wide) in paragraph at lines 2161--2161
[]|\TU/lmtt/m/n/12 /api/v1/operations/fuel-recharges/{id}| 
 []

[64]
Overfull \hbox (48.03072pt too wide) in paragraph at lines 2181--2181
[]|\TU/lmtt/m/n/12 domain/exception/OperationException.java| 
 []


Overfull \hbox (78.93073pt too wide) in paragraph at lines 2182--2182
[]|\TU/lmtt/m/n/12 domain/ports/in/ManageMaintenanceUseCase.java| 
 []


Overfull \hbox (60.39072pt too wide) in paragraph at lines 2183--2183
[]|\TU/lmtt/m/n/12 domain/ports/in/ManageIncidentUseCase.java| 
 []


Overfull \hbox (85.11072pt too wide) in paragraph at lines 2184--2184
[]|\TU/lmtt/m/n/12 domain/ports/in/ManageFuelRechargeUseCase.java| 
 []


Overfull \hbox (97.47073pt too wide) in paragraph at lines 2185--2185
[]|\TU/lmtt/m/n/12 domain/ports/out/MaintenancePersistencePort.java| 
 []


Overfull \hbox (78.93073pt too wide) in paragraph at lines 2186--2186
[]|\TU/lmtt/m/n/12 domain/ports/out/IncidentPersistencePort.java| 
 []


Overfull \hbox (103.65073pt too wide) in paragraph at lines 2187--2187
[]|\TU/lmtt/m/n/12 domain/ports/out/FuelRechargePersistencePort.java| 
 []


Overfull \hbox (48.03072pt too wide) in paragraph at lines 2188--2188
[]|\TU/lmtt/m/n/12 domain/ports/out/OperationEventPort.java| 
 []


Overfull \hbox (66.57071pt too wide) in paragraph at lines 2189--2189
[]|\TU/lmtt/m/n/12 application/service/MaintenanceService.java| 
 []


Overfull \hbox (2.8305pt too wide) in paragraph at lines 2189--2189
[]|\TU/lmr/m/n/12 Application| 
 []


Overfull \hbox (48.03072pt too wide) in paragraph at lines 2190--2190
[]|\TU/lmtt/m/n/12 application/service/IncidentService.java| 
 []


Overfull \hbox (2.8305pt too wide) in paragraph at lines 2190--2190
[]|\TU/lmr/m/n/12 Application| 
 []


Overfull \hbox (72.75073pt too wide) in paragraph at lines 2191--2191
[]|\TU/lmtt/m/n/12 application/service/FuelRechargeService.java| 
 []


Overfull \hbox (2.8305pt too wide) in paragraph at lines 2191--2191
[]|\TU/lmr/m/n/12 Application| 
 []


Overfull \hbox (54.21072pt too wide) in paragraph at lines 2192--2192
[]|\TU/lmtt/m/n/12 persistence/entity/MaintenanceEntity.java| 
 []


Overfull \hbox (14.3145pt too wide) in paragraph at lines 2192--2192
[]|\TU/lmr/m/n/12 Infrastructure| 
 []


Overfull \hbox (35.67072pt too wide) in paragraph at lines 2193--2193
[]|\TU/lmtt/m/n/12 persistence/entity/IncidentEntity.java| 
 []


Overfull \hbox (14.3145pt too wide) in paragraph at lines 2193--2193
[]|\TU/lmr/m/n/12 Infrastructure| 
 []


Overfull \hbox (60.39072pt too wide) in paragraph at lines 2194--2194
[]|\TU/lmtt/m/n/12 persistence/entity/FuelRechargeEntity.java| 
 []


Overfull \hbox (14.3145pt too wide) in paragraph at lines 2194--2194
[]|\TU/lmr/m/n/12 Infrastructure| 
 []


Overfull \hbox (134.55072pt too wide) in paragraph at lines 2195--2195
[]|\TU/lmtt/m/n/12 persistence/repository/MaintenanceR2dbcRepository.java| 
 []


Overfull \hbox (14.3145pt too wide) in paragraph at lines 2195--2195
[]|\TU/lmr/m/n/12 Infrastructure| 
 []


Overfull \hbox (116.01071pt too wide) in paragraph at lines 2196--2196
[]|\TU/lmtt/m/n/12 persistence/repository/IncidentR2dbcRepository.java| 
 []


Overfull \hbox (14.3145pt too wide) in paragraph at lines 2196--2196
[]|\TU/lmr/m/n/12 Infrastructure| 
 []


Overfull \hbox (140.73071pt too wide) in paragraph at lines 2197--2197
[]|\TU/lmtt/m/n/12 persistence/repository/FuelRechargeR2dbcRepository.java| 
 []


Overfull \hbox (14.3145pt too wide) in paragraph at lines 2197--2197
[]|\TU/lmr/m/n/12 Infrastructure| 
 []


Overfull \hbox (85.11072pt too wide) in paragraph at lines 2198--2198
[]|\TU/lmtt/m/n/12 persistence/MaintenancePersistenceAdapter.java| 
 []


Overfull \hbox (14.3145pt too wide) in paragraph at lines 2198--2198
[]|\TU/lmr/m/n/12 Infrastructure| 
 []


Overfull \hbox (66.57071pt too wide) in paragraph at lines 2199--2199
[]|\TU/lmtt/m/n/12 persistence/IncidentPersistenceAdapter.java| 
 []


Overfull \hbox (14.3145pt too wide) in paragraph at lines 2199--2199
[]|\TU/lmr/m/n/12 Infrastructure| 
 []


Overfull \hbox (91.29071pt too wide) in paragraph at lines 2200--2200
[]|\TU/lmtt/m/n/12 persistence/FuelRechargePersistenceAdapter.java| 
 []


Overfull \hbox (14.3145pt too wide) in paragraph at lines 2200--2200
[]|\TU/lmr/m/n/12 Infrastructure| 
 []


Overfull \hbox (54.21072pt too wide) in paragraph at lines 2201--2201
[]|\TU/lmtt/m/n/12 messaging/KafkaOperationEventAdapter.java| 
 []


Overfull \hbox (14.3145pt too wide) in paragraph at lines 2201--2201
[]|\TU/lmr/m/n/12 Infrastructure| 
 []


Overfull \hbox (14.3145pt too wide) in paragraph at lines 2202--2202
[]|\TU/lmr/m/n/12 Infrastructure| 
 []


Overfull \hbox (4.77072pt too wide) in paragraph at lines 2203--2203
[]|\TU/lmtt/m/n/12 rest/dto/MaintenanceResponse.java| 
 []


Overfull \hbox (14.3145pt too wide) in paragraph at lines 2203--2203
[]|\TU/lmr/m/n/12 Infrastructure| 
 []


Overfull \hbox (14.3145pt too wide) in paragraph at lines 2204--2204
[]|\TU/lmr/m/n/12 Infrastructure| 
 []


Overfull \hbox (17.13072pt too wide) in paragraph at lines 2205--2205
[]|\TU/lmtt/m/n/12 rest/dto/IncidentUpdateRequest.java| 
 []


Overfull \hbox (14.3145pt too wide) in paragraph at lines 2205--2205
[]|\TU/lmr/m/n/12 Infrastructure| 
 []


Overfull \hbox (17.13072pt too wide) in paragraph at lines 2206--2206
[]|\TU/lmtt/m/n/12 rest/dto/IncidentStatusRequest.java| 
 []


Overfull \hbox (14.3145pt too wide) in paragraph at lines 2206--2206
[]|\TU/lmr/m/n/12 Infrastructure| 
 []


Overfull \hbox (14.3145pt too wide) in paragraph at lines 2207--2207
[]|\TU/lmr/m/n/12 Infrastructure| 
 []


Overfull \hbox (4.77072pt too wide) in paragraph at lines 2208--2208
[]|\TU/lmtt/m/n/12 rest/dto/FuelRechargeRequest.java| 
 []


Overfull \hbox (14.3145pt too wide) in paragraph at lines 2208--2208
[]|\TU/lmr/m/n/12 Infrastructure| 
 []


Overfull \hbox (10.95071pt too wide) in paragraph at lines 2209--2209
[]|\TU/lmtt/m/n/12 rest/dto/FuelRechargeResponse.java| 
 []


Overfull \hbox (14.3145pt too wide) in paragraph at lines 2209--2209
[]|\TU/lmr/m/n/12 Infrastructure| 
 []


Overfull \hbox (14.3145pt too wide) in paragraph at lines 2210--2210
[]|\TU/lmr/m/n/12 Infrastructure| 
 []


Overfull \hbox (14.3145pt too wide) in paragraph at lines 2211--2211
[]|\TU/lmr/m/n/12 Infrastructure| 
 []


Overfull \hbox (14.3145pt too wide) in paragraph at lines 2212--2212
[]|\TU/lmr/m/n/12 Infrastructure| 
 []


Overfull \hbox (85.11072pt too wide) in paragraph at lines 2213--2213
[]|\TU/lmtt/m/n/12 db/changelog/changes/010-operations-tables.sql| 
 []


Underfull \hbox (badness 10000) in paragraph at lines 2213--2213
[]|\TU/lmr/m/n/12 Base de
 []

[65]
Overfull \hbox (29.49072pt too wide) in paragraph at lines 2225--2225
[]|\TU/lmtt/m/n/12 db/changelog/db.changelog-master.yaml| 
 []


Underfull \hbox (badness 10000) in paragraph at lines 2225--2226
[]|\TU/lmr/m/n/12 Ajout de l’entrée
 []


Overfull \hbox (72.75073pt too wide) in paragraph at lines 2226--2226
[]|\TU/lmtt/m/n/12 application/service/FleetManagerService.java| 
 []


Overfull \hbox (196.35071pt too wide) in paragraph at lines 2227--2227
[]|\TU/lmtt/m/n/12 infrastructure/adapters/inbound/rest/FleetManagerController.
java| 
 []

[66]
Chapitre 11.

Overfull \hbox (28.6638pt too wide) in paragraph at lines 2244--2245
[]\TU/lmtt/m/n/12 Maintenance \TU/lmr/m/n/12 dispose de méthodes métier qui mod
ifient ses champs (\TU/lmtt/m/n/12 addReport()\TU/lmr/m/n/12 ,
 []


Overfull \hbox (8.94235pt too wide) in paragraph at lines 2250--2251
[]\TU/lmr/m/n/12 La publication des événements Kafka est réalisée en mode \TU/l
mr/m/it/12 fire & forget \TU/lmr/m/n/12 via \TU/lmtt/m/n/12 .subscribe() \TU/lm
r/m/n/12 : 
 []


Overfull \hbox (1.49416pt too wide) in paragraph at lines 2264--2264
|[]\TU/lmr/bx/n/14.4 Synchronisation Inter-Modules via Repositories Directs| 
 []


Overfull \hbox (23.90363pt too wide) in paragraph at lines 2266--2267
[]\TU/lmr/m/n/12 Les synchronisations inter-modules (\TU/lmtt/m/n/12 maintenanc
e_parameters\TU/lmr/m/n/12 , \TU/lmtt/m/n/12 operational_parameters\TU/lmr/m/n/
12 )
 []

[67

]
Overfull \hbox (2.2425pt too wide) in paragraph at lines 2280--2280
[]|\TU/lmr/bx/n/12 Respectée| 
 []


Underfull \hbox (badness 10000) in paragraph at lines 2283--2284
[]|\TU/lmr/m/n/12 Aucune annotation
 []


Underfull \hbox (badness 10000) in paragraph at lines 2283--2284
\TU/lmr/m/n/12 Spring/JPA dans
 []


Underfull \hbox (badness 7379) in paragraph at lines 2286--2287
[]|\TU/lmr/m/n/12 Validation dans les
 []


Underfull \hbox (badness 10000) in paragraph at lines 2288--2289
[]|\TU/lmtt/m/n/12 OperationException
 []


Underfull \hbox (badness 6204) in paragraph at lines 2289--2290
[]|\TU/lmr/m/n/12 Adapters = conver-
 []


Underfull \hbox (badness 2970) in paragraph at lines 2290--2291
[]|\TU/lmr/m/n/12 Toutes les nouvelles
 []

[68] [69]
Overfull \hbox (3.2478pt too wide) in paragraph at lines 2348--2349
[]\TU/lmr/m/n/12 L’intégration du module \TU/lmr/m/it/12 Opérations Terrain \TU
/lmr/m/n/12 avec trois agrégats métier (Main-
 []

[70

] [71] [72]
Annexe A.
[73

] [74]
Annexe B.

Overfull \hbox (9.82088pt too wide) in paragraph at lines 2421--2421
[]|\TU/lmr/bx/n/12 Méthode| 
 []


Overfull \hbox (6.10088pt too wide) in paragraph at lines 2431--2431
[]|\TU/lmr/m/n/12 DELETE| 
 []


Overfull \hbox (10.95071pt too wide) in paragraph at lines 2432--2432
[]|\TU/lmtt/m/n/12 /api/v1/vehicles/lookup/{resource}| 
 []


Overfull \hbox (23.31071pt too wide) in paragraph at lines 2433--2433
[]|\TU/lmtt/m/n/12 /api/v1/fleets/{id}/drivers/register| 
 []


Overfull \hbox (17.13072pt too wide) in paragraph at lines 2435--2435
[]|\TU/lmtt/m/n/12 /api/v1/drivers/{id}/assign-vehicle| 
 []


Overfull \hbox (6.10088pt too wide) in paragraph at lines 2442--2442
[]|\TU/lmr/m/n/12 DELETE| 
 []


Overfull \hbox (4.25212pt too wide) in paragraph at lines 2443--2443
[]|\TU/lmr/bx/n/12 Maintenance| 
 []


Overfull \hbox (4.25212pt too wide) in paragraph at lines 2444--2444
[]|\TU/lmr/bx/n/12 Maintenance| 
 []


Overfull \hbox (23.31071pt too wide) in paragraph at lines 2445--2445
[]|\TU/lmtt/m/n/12 /api/v1/operations/maintenances/{id}| 
 []


Overfull \hbox (4.25212pt too wide) in paragraph at lines 2445--2445
[]|\TU/lmr/bx/n/12 Maintenance| 
 []


Overfull \hbox (23.31071pt too wide) in paragraph at lines 2446--2446
[]|\TU/lmtt/m/n/12 /api/v1/operations/maintenances/{id}| 
 []


Overfull \hbox (4.25212pt too wide) in paragraph at lines 2446--2446
[]|\TU/lmr/bx/n/12 Maintenance| 
 []


Overfull \hbox (6.10088pt too wide) in paragraph at lines 2447--2447
[]|\TU/lmr/m/n/12 DELETE| 
 []


Overfull \hbox (23.31071pt too wide) in paragraph at lines 2447--2447
[]|\TU/lmtt/m/n/12 /api/v1/operations/maintenances/{id}| 
 []


Overfull \hbox (4.25212pt too wide) in paragraph at lines 2447--2447
[]|\TU/lmr/bx/n/12 Maintenance| 
 []


Overfull \hbox (4.77072pt too wide) in paragraph at lines 2450--2450
[]|\TU/lmtt/m/n/12 /api/v1/operations/incidents/open| 
 []


Overfull \hbox (17.13072pt too wide) in paragraph at lines 2451--2451
[]|\TU/lmtt/m/n/12 /api/v1/operations/incidents/filter| 
 []


Overfull \hbox (48.03072pt too wide) in paragraph at lines 2452--2452
[]|\TU/lmtt/m/n/12 /api/v1/operations/incidents/{id}/status| 
 []


Overfull \hbox (6.10088pt too wide) in paragraph at lines 2453--2453
[]|\TU/lmr/m/n/12 DELETE| 
 []


Overfull \hbox (4.77072pt too wide) in paragraph at lines 2453--2453
[]|\TU/lmtt/m/n/12 /api/v1/operations/incidents/{id}| 
 []


Overfull \hbox (4.77072pt too wide) in paragraph at lines 2454--2454
[]|\TU/lmtt/m/n/12 /api/v1/operations/fuel-recharges| 
 []


Overfull \hbox (4.77072pt too wide) in paragraph at lines 2455--2455
[]|\TU/lmtt/m/n/12 /api/v1/operations/fuel-recharges| 
 []


Overfull \hbox (6.10088pt too wide) in paragraph at lines 2456--2456
[]|\TU/lmr/m/n/12 DELETE| 
 []


Overfull \hbox (35.67072pt too wide) in paragraph at lines 2456--2456
[]|\TU/lmtt/m/n/12 /api/v1/operations/fuel-recharges/{id}| 
 []

[75

] [76] (./rapport_evolution_backend.aux)
 ***********
LaTeX2e <2023-11-01> patch level 1
L3 programming layer <2024-01-22>
 ***********
Package rerunfilecheck Info: File `rapport_evolution_backend.out' has not chang
ed.
(rerunfilecheck)             Checksum: FBBB4EEA24E70A748FE5B51A449A5BE3;30727.
 ) 
Here is how much of TeX's memory you used:
 35688 strings out of 474878
 758624 string characters out of 5762516
 2162627 words of memory out of 5000000
 57174 multiletter control sequences out of 15000+600000
 563459 words of font info for 86 fonts, out of 8000000 for 9000
 1348 hyphenation exceptions out of 8191
 84i,13n,122p,1214b,2066s stack positions out of 10000i,1000n,20000p,200000b,200000s

Output written on rapport_evolution_backend.pdf (77 pages).
